2024-07-11 11:26:32,033 [INFO] Activator:176 - 


2024-07-11 11:26:32,038 [INFO] Activator:177 - !SESSION log4j initialized
2024-07-11 11:26:37,677 [INFO] LogOutputStream:77 - [STDOUT_REDIRECT] 
2024-07-11 11:26:39,754 [INFO] ApplicationProperties:184 - Using Application install path: C:\ST\STM32CubeIDE_1.13.1\STM32CubeIDE\plugins\com.st.stm32cube.common.mx_6.9.1.202307191849
2024-07-11 11:26:39,768 [INFO] DbMcusXml:78 - Set database path to: C:\ST\STM32CubeIDE_1.13.1\STM32CubeIDE\plugins\com.st.stm32cube.common.mx_6.9.1.202307191849\\db\/mcu/
2024-07-11 11:26:39,769 [INFO] ApiDb:274 - Set plugin database path to: C:\ST\STM32CubeIDE_1.13.1\STM32CubeIDE\plugins\com.st.stm32cube.common.mx_6.9.1.202307191849\\db\/plugins/boardmanager/
2024-07-11 11:26:39,769 [WARN] ApiDb:259 - Overriding images path with different value:  => C:\ST\STM32CubeIDE_1.13.1\STM32CubeIDE\plugins\com.st.stm32cube.common.mx_6.9.1.202307191849\\db\/plugins/mcufinder/images/
2024-07-11 11:26:39,779 [INFO] ApiDb:250 - Set database path to: C:\Users\kunal\.stmcufinder\plugins\mcufinder//mcu/
2024-07-11 11:26:39,780 [INFO] DbMcusAds:125 - Set database path to: C:\Users\kunal\.stmcufinder\plugins\mcufinder//mcu/
2024-07-11 11:26:39,781 [INFO] CrossReferenceDbSqlite:203 - Set database path to: C:\Users\kunal\.stmcufinder\plugins\mcufinder//mcu/cs/
2024-07-11 11:26:39,915 [INFO] RulesReader:64 - Compatibility file has been processed (293 Rules)
2024-07-11 11:26:39,995 [INFO] DbMcusXml:78 - Set database path to: C:\ST\STM32CubeIDE_1.13.1\STM32CubeIDE\plugins\com.st.stm32cube.common.mx_6.9.1.202307191849\\db\/mcu/
2024-07-11 11:26:39,995 [INFO] ApiDb:274 - Set plugin database path to: C:\ST\STM32CubeIDE_1.13.1\STM32CubeIDE\plugins\com.st.stm32cube.common.mx_6.9.1.202307191849\\db\/plugins/boardmanager/
2024-07-11 11:26:39,995 [INFO] ApiDb:261 - Set plugin images path to: C:\ST\STM32CubeIDE_1.13.1\STM32CubeIDE\plugins\com.st.stm32cube.common.mx_6.9.1.202307191849\\db\/plugins/mcufinder/images/
2024-07-11 11:26:39,996 [WARN] DbFile:41 - Overriding database path with different value: C:\Users\kunal\.stmcufinder\plugins\mcufinder/ => C:\Users\kunal\.stmcufinder\plugins\mcufinder
2024-07-11 11:26:39,996 [INFO] ApiDb:250 - Set database path to: C:\Users\kunal\.stmcufinder\plugins\mcufinder//mcu/
2024-07-11 11:26:39,996 [WARN] DbFile:41 - Overriding database path with different value: C:\Users\kunal\.stmcufinder\plugins\mcufinder/ => C:\Users\kunal\.stmcufinder\plugins\mcufinder
2024-07-11 11:26:39,996 [INFO] DbMcusAds:125 - Set database path to: C:\Users\kunal\.stmcufinder\plugins\mcufinder//mcu/
2024-07-11 11:26:39,996 [WARN] DbFile:41 - Overriding database path with different value: C:\Users\kunal\.stmcufinder\plugins\mcufinder/ => C:\Users\kunal\.stmcufinder\plugins\mcufinder
2024-07-11 11:26:39,996 [WARN] DbFile:41 - Overriding database path with different value: C:\Users\kunal\.stmcufinder\plugins\mcufinder/ => C:\Users\kunal\.stmcufinder\plugins\mcufinder
2024-07-11 11:26:39,996 [INFO] CrossReferenceDbSqlite:203 - Set database path to: C:\Users\kunal\.stmcufinder\plugins\mcufinder//mcu/cs/
2024-07-11 11:26:40,077 [INFO] MainPanel:262 - HeapMemory: 268435456
2024-07-11 11:26:40,164 [INFO] DbMcusXml:78 - Set database path to: C:\ST\STM32CubeIDE_1.13.1\STM32CubeIDE\plugins\com.st.stm32cube.common.mx_6.9.1.202307191849\\db\/mcu/
2024-07-11 11:26:40,164 [INFO] ApiDb:274 - Set plugin database path to: C:\ST\STM32CubeIDE_1.13.1\STM32CubeIDE\plugins\com.st.stm32cube.common.mx_6.9.1.202307191849\\db\/plugins/boardmanager/
2024-07-11 11:26:40,164 [INFO] ApiDb:261 - Set plugin images path to: C:\ST\STM32CubeIDE_1.13.1\STM32CubeIDE\plugins\com.st.stm32cube.common.mx_6.9.1.202307191849\\db\/plugins/mcufinder/images/
2024-07-11 11:26:40,165 [WARN] DbFile:41 - Overriding database path with different value: C:\Users\kunal\.stmcufinder\plugins\mcufinder/ => C:\Users\kunal\.stmcufinder\plugins\mcufinder
2024-07-11 11:26:40,165 [INFO] ApiDb:250 - Set database path to: C:\Users\kunal\.stmcufinder\plugins\mcufinder//mcu/
2024-07-11 11:26:40,165 [WARN] DbFile:41 - Overriding database path with different value: C:\Users\kunal\.stmcufinder\plugins\mcufinder/ => C:\Users\kunal\.stmcufinder\plugins\mcufinder
2024-07-11 11:26:40,165 [INFO] DbMcusAds:125 - Set database path to: C:\Users\kunal\.stmcufinder\plugins\mcufinder//mcu/
2024-07-11 11:26:40,165 [WARN] DbFile:41 - Overriding database path with different value: C:\Users\kunal\.stmcufinder\plugins\mcufinder/ => C:\Users\kunal\.stmcufinder\plugins\mcufinder
2024-07-11 11:26:40,165 [WARN] DbFile:41 - Overriding database path with different value: C:\Users\kunal\.stmcufinder\plugins\mcufinder/ => C:\Users\kunal\.stmcufinder\plugins\mcufinder
2024-07-11 11:26:40,165 [INFO] CrossReferenceDbSqlite:203 - Set database path to: C:\Users\kunal\.stmcufinder\plugins\mcufinder//mcu/cs/
2024-07-11 11:26:40,181 [INFO] ApplicationProperties:184 - Using Application install path: C:\ST\STM32CubeIDE_1.13.1\STM32CubeIDE\plugins\com.st.stm32cube.common.mx_6.9.1.202307191849
2024-07-11 11:26:40,182 [INFO] PluginManage:196 - Search for loadable plugins [exclusion list=, ]
2024-07-11 11:26:40,183 [INFO] PluginManage:310 - Check plugin analytics
2024-07-11 11:26:40,321 [INFO] AnalyticsPlugin:253 - Accepted Software Licenses: 
2024-07-11 11:26:40,321 [INFO] AnalyticsPlugin:255 - Accepted CMSIS Pack Licenses: 
2024-07-11 11:26:40,321 [INFO] AnalyticsPlugin:257 - Accepted Firmware Licenses: FW.F4.1.27.0
2024-07-11 11:26:40,322 [INFO] PluginManage:359 - Loaded plugin analytics (category:tool,tabindex:-1)
2024-07-11 11:26:40,324 [INFO] PluginManage:310 - Check plugin cadmodel
2024-07-11 11:26:40,340 [INFO] CADModel:105 - Init CAD model plugin
2024-07-11 11:26:40,340 [INFO] PluginManage:359 - Loaded plugin cadmodel (category:power,tabindex:5)
2024-07-11 11:26:40,341 [INFO] PluginManage:310 - Check plugin clock
2024-07-11 11:26:40,357 [INFO] PluginManage:359 - Loaded plugin clock (category:base,tabindex:2)
2024-07-11 11:26:40,357 [INFO] PluginManage:310 - Check plugin ddr
2024-07-11 11:26:40,359 [INFO] PluginManage:359 - Loaded plugin ddr (category:tool,tabindex:6)
2024-07-11 11:26:40,359 [INFO] PluginManage:310 - Check plugin filemanager
2024-07-11 11:26:40,472 [INFO] PluginManage:359 - Loaded plugin filemanager (category:base,tabindex:10)
2024-07-11 11:26:40,472 [INFO] PluginManage:310 - Check plugin ipmanager
2024-07-11 11:26:40,477 [INFO] PluginManage:359 - Loaded plugin ipmanager (category:base,tabindex:5)
2024-07-11 11:26:40,477 [INFO] PluginManage:310 - Check plugin lpbam
2024-07-11 11:26:40,491 [INFO] PluginManage:359 - Loaded plugin lpbam (category:base,tabindex:0)
2024-07-11 11:26:40,491 [INFO] PluginManage:310 - Check plugin memorymap
2024-07-11 11:26:40,509 [INFO] PluginManage:359 - Loaded plugin memorymap (category:base,tabindex:4)
2024-07-11 11:26:40,511 [INFO] PluginManage:310 - Check plugin pinoutandconfiguration
2024-07-11 11:26:40,525 [INFO] PluginManage:359 - Loaded plugin pinoutandconfiguration (category:base,tabindex:1)
2024-07-11 11:26:40,525 [INFO] PluginManage:310 - Check plugin pinoutconfig
2024-07-11 11:26:40,602 [WARN] SupportedApi:132 - Cannot load RTOS API schema: s4s-elt-must-match.1: The content of 'definitions' must match (annotation?, (simpleType | complexType)?, (unique | key | keyref)*)). A problem was found starting at: attribute.
2024-07-11 11:26:40,705 [INFO] PluginManage:359 - Loaded plugin pinoutconfig (category:base,tabindex:0)
2024-07-11 11:26:40,705 [INFO] PluginManage:310 - Check plugin power
2024-07-11 11:26:40,721 [INFO] PluginManage:359 - Loaded plugin power (category:power,tabindex:4)
2024-07-11 11:26:40,721 [INFO] PluginManage:310 - Check plugin projectmanager
2024-07-11 11:26:40,733 [INFO] PluginManage:359 - Loaded plugin projectmanager (category:projectmanager,tabindex:3)
2024-07-11 11:26:40,733 [INFO] PluginManage:310 - Check plugin thirdparty
2024-07-11 11:26:40,957 [INFO] PluginManage:359 - Loaded plugin thirdparty (category:base,tabindex:-1)
2024-07-11 11:26:40,957 [WARN] IntegrityCheckThread:84 - waiting for thirdparty lock release [integrity check]
2024-07-11 11:26:40,957 [INFO] PluginManage:310 - Check plugin tools
2024-07-11 11:26:40,957 [INFO] IntegrityCheckThread:86 - entering critical section [integrity check]
2024-07-11 11:26:40,957 [INFO] ThirdPartyUpdaterWithRetryManager:70 - Updater plugin not ready yet. [1/15]
2024-07-11 11:26:40,984 [INFO] PluginManage:359 - Loaded plugin tools (category:base,tabindex:7)
2024-07-11 11:26:40,984 [INFO] PluginManage:310 - Check plugin tutovideos
2024-07-11 11:26:41,146 [INFO] PluginManage:359 - Loaded plugin tutovideos (category:base,tabindex:-1)
2024-07-11 11:26:41,146 [INFO] PluginManage:310 - Check plugin updater
2024-07-11 11:26:41,155 [INFO] PluginManage:359 - Loaded plugin updater (category:base,tabindex:12)
2024-07-11 11:26:41,155 [INFO] PluginManage:310 - Check plugin userauth
2024-07-11 11:26:41,159 [INFO] UserAuth:113 - Init User Auth plugin
2024-07-11 11:26:41,159 [INFO] PluginManage:359 - Loaded plugin userauth (category:base,tabindex:14)
2024-07-11 11:26:41,160 [INFO] PluginManage:283 - PluginManage : Loaded plugins [17]
2024-07-11 11:26:41,336 [INFO] PinOutPanel:1499 - setPackage(No Configuration,No Configuration)
2024-07-11 11:26:41,420 [INFO] CADModel:165 - CPN selected for project level
2024-07-11 11:26:41,420 [INFO] CADModel:114 - Register for checkConnection events
2024-07-11 11:26:41,443 [INFO] IPUIPlugin:80 - create IPUIPlugin
2024-07-11 11:26:41,443 [INFO] PluginManager:220 - loadIPPluginJar : add adc
2024-07-11 11:26:41,470 [INFO] IPUIPlugin:80 - create IPUIPlugin
2024-07-11 11:26:41,470 [INFO] PluginManager:220 - loadIPPluginJar : add aes
2024-07-11 11:26:41,500 [INFO] IPUIPlugin:80 - create IPUIPlugin
2024-07-11 11:26:41,500 [INFO] PluginManager:220 - loadIPPluginJar : add can
2024-07-11 11:26:41,517 [INFO] IPUIPlugin:80 - create IPUIPlugin
2024-07-11 11:26:41,517 [INFO] PluginManager:220 - loadIPPluginJar : add comp
2024-07-11 11:26:41,542 [INFO] IPUIPlugin:80 - create IPUIPlugin
2024-07-11 11:26:41,543 [INFO] PluginManager:220 - loadIPPluginJar : add cryp
2024-07-11 11:26:41,565 [INFO] IPUIPlugin:80 - create IPUIPlugin
2024-07-11 11:26:41,565 [INFO] PluginManager:220 - loadIPPluginJar : add dfsdm
2024-07-11 11:26:41,577 [INFO] IPUIPlugin:80 - create IPUIPlugin
2024-07-11 11:26:41,577 [INFO] PluginManager:220 - loadIPPluginJar : add dma
2024-07-11 11:26:41,608 [INFO] IPUIPlugin:80 - create IPUIPlugin
2024-07-11 11:26:41,609 [INFO] PluginManager:220 - loadIPPluginJar : add dma3
2024-07-11 11:26:41,624 [INFO] IPUIPlugin:80 - create IPUIPlugin
2024-07-11 11:26:41,624 [INFO] PluginManager:220 - loadIPPluginJar : add fatfs
2024-07-11 11:26:41,660 [INFO] IPUIPlugin:80 - create IPUIPlugin
2024-07-11 11:26:41,660 [INFO] PluginManager:220 - loadIPPluginJar : add fmc
2024-07-11 11:26:41,674 [INFO] IPUIPlugin:80 - create IPUIPlugin
2024-07-11 11:26:41,674 [INFO] PluginManager:220 - loadIPPluginJar : add freertos
2024-07-11 11:26:41,691 [INFO] IPUIPlugin:80 - create IPUIPlugin
2024-07-11 11:26:41,691 [INFO] PluginManager:220 - loadIPPluginJar : add genericplugin
2024-07-11 11:26:41,758 [INFO] IPUIPlugin:80 - create IPUIPlugin
2024-07-11 11:26:41,758 [INFO] PluginManager:220 - loadIPPluginJar : add gfxmmu
2024-07-11 11:26:41,850 [INFO] IPUIPlugin:80 - create IPUIPlugin
2024-07-11 11:26:41,850 [INFO] PluginManager:220 - loadIPPluginJar : add gic
2024-07-11 11:26:41,860 [INFO] IPUIPlugin:80 - create IPUIPlugin
2024-07-11 11:26:41,860 [INFO] PluginManager:220 - loadIPPluginJar : add gpio
2024-07-11 11:26:41,935 [INFO] IPUIPlugin:80 - create IPUIPlugin
2024-07-11 11:26:41,936 [INFO] PluginManager:220 - loadIPPluginJar : add gtzc
2024-07-11 11:26:41,959 [INFO] IPUIPlugin:80 - create IPUIPlugin
2024-07-11 11:26:41,959 [INFO] PluginManager:220 - loadIPPluginJar : add hash
2024-07-11 11:26:41,999 [INFO] IPUIPlugin:80 - create IPUIPlugin
2024-07-11 11:26:41,999 [INFO] PluginManager:220 - loadIPPluginJar : add i2c
2024-07-11 11:26:42,028 [INFO] IPUIPlugin:80 - create IPUIPlugin
2024-07-11 11:26:42,028 [INFO] PluginManager:220 - loadIPPluginJar : add i2s
2024-07-11 11:26:42,063 [INFO] IPUIPlugin:80 - create IPUIPlugin
2024-07-11 11:26:42,063 [INFO] PluginManager:220 - loadIPPluginJar : add i3c
2024-07-11 11:26:42,140 [INFO] IPUIPlugin:80 - create IPUIPlugin
2024-07-11 11:26:42,140 [INFO] PluginManager:220 - loadIPPluginJar : add ipddr
2024-07-11 11:26:42,208 [INFO] IPUIPlugin:80 - create IPUIPlugin
2024-07-11 11:26:42,208 [INFO] PluginManager:220 - loadIPPluginJar : add linkedlist
2024-07-11 11:26:42,235 [INFO] IPUIPlugin:80 - create IPUIPlugin
2024-07-11 11:26:42,235 [INFO] PluginManager:220 - loadIPPluginJar : add lorawan
2024-07-11 11:26:42,263 [INFO] IPUIPlugin:80 - create IPUIPlugin
2024-07-11 11:26:42,263 [INFO] PluginManager:220 - loadIPPluginJar : add ltdc
2024-07-11 11:26:42,274 [INFO] IPUIPlugin:80 - create IPUIPlugin
2024-07-11 11:26:42,274 [INFO] PluginManager:220 - loadIPPluginJar : add mdma
2024-07-11 11:26:42,283 [INFO] IPUIPlugin:80 - create IPUIPlugin
2024-07-11 11:26:42,283 [INFO] PluginManager:220 - loadIPPluginJar : add nvic
2024-07-11 11:26:42,309 [INFO] IPUIPlugin:80 - create IPUIPlugin
2024-07-11 11:26:42,310 [INFO] PluginManager:220 - loadIPPluginJar : add opamp
2024-07-11 11:26:42,359 [INFO] IPUIPlugin:80 - create IPUIPlugin
2024-07-11 11:26:42,359 [INFO] PluginManager:220 - loadIPPluginJar : add openamp
2024-07-11 11:26:42,391 [INFO] IPUIPlugin:80 - create IPUIPlugin
2024-07-11 11:26:42,391 [INFO] PluginManager:220 - loadIPPluginJar : add pdm2pcm
2024-07-11 11:26:42,402 [INFO] IPUIPlugin:80 - create IPUIPlugin
2024-07-11 11:26:42,404 [INFO] PluginManager:220 - loadIPPluginJar : add plateformsettings
2024-07-11 11:26:42,422 [INFO] IPUIPlugin:80 - create IPUIPlugin
2024-07-11 11:26:42,422 [INFO] PluginManager:220 - loadIPPluginJar : add quadspi
2024-07-11 11:26:42,431 [INFO] IPUIPlugin:80 - create IPUIPlugin
2024-07-11 11:26:42,431 [INFO] PluginManager:220 - loadIPPluginJar : add resmgrutility
2024-07-11 11:26:42,467 [INFO] IPUIPlugin:80 - create IPUIPlugin
2024-07-11 11:26:42,467 [INFO] PluginManager:220 - loadIPPluginJar : add sai
2024-07-11 11:26:42,495 [INFO] IPUIPlugin:80 - create IPUIPlugin
2024-07-11 11:26:42,495 [INFO] PluginManager:220 - loadIPPluginJar : add spi
2024-07-11 11:26:42,537 [INFO] IPUIPlugin:80 - create IPUIPlugin
2024-07-11 11:26:42,537 [INFO] PluginManager:220 - loadIPPluginJar : add stm32_wpan
2024-07-11 11:26:42,555 [INFO] IPUIPlugin:80 - create IPUIPlugin
2024-07-11 11:26:42,555 [INFO] PluginManager:220 - loadIPPluginJar : add tim
2024-07-11 11:26:42,594 [INFO] IPUIPlugin:80 - create IPUIPlugin
2024-07-11 11:26:42,594 [INFO] PluginManager:220 - loadIPPluginJar : add touchsensing
2024-07-11 11:26:42,613 [INFO] IPUIPlugin:80 - create IPUIPlugin
2024-07-11 11:26:42,613 [INFO] PluginManager:220 - loadIPPluginJar : add tracer_emb
2024-07-11 11:26:42,630 [INFO] IPUIPlugin:80 - create IPUIPlugin
2024-07-11 11:26:42,631 [INFO] PluginManager:220 - loadIPPluginJar : add ts
2024-07-11 11:26:42,647 [INFO] IPUIPlugin:80 - create IPUIPlugin
2024-07-11 11:26:42,647 [INFO] PluginManager:220 - loadIPPluginJar : add tsc
2024-07-11 11:26:42,665 [INFO] IPUIPlugin:80 - create IPUIPlugin
2024-07-11 11:26:42,665 [INFO] PluginManager:220 - loadIPPluginJar : add ucpd
2024-07-11 11:26:42,709 [INFO] IPUIPlugin:80 - create IPUIPlugin
2024-07-11 11:26:42,709 [INFO] PluginManager:220 - loadIPPluginJar : add usart
2024-07-11 11:26:42,741 [INFO] IPUIPlugin:80 - create IPUIPlugin
2024-07-11 11:26:42,741 [INFO] PluginManager:220 - loadIPPluginJar : add usbx
2024-07-11 11:26:42,858 [INFO] CADModel:165 - CPN selected for project level
2024-07-11 11:26:42,859 [INFO] CADModel:114 - Register for checkConnection events
2024-07-11 11:26:42,859 [FATAL] Updater:308 - Updater called before beeing initialized
2024-07-11 11:26:42,859 [ERROR] CADModel:125 - Updater not yet initialized, retry later 
2024-07-11 11:26:42,980 [INFO] CADModel:165 - CPN selected for project level
2024-07-11 11:26:42,980 [INFO] CADModel:114 - Register for checkConnection events
2024-07-11 11:26:42,980 [FATAL] Updater:308 - Updater called before beeing initialized
2024-07-11 11:26:42,980 [ERROR] CADModel:125 - Updater not yet initialized, retry later 
2024-07-11 11:26:42,983 [FATAL] Updater:308 - Updater called before beeing initialized
2024-07-11 11:26:43,058 [FATAL] Updater:308 - Updater called before beeing initialized
2024-07-11 11:26:43,067 [INFO] DbMcusAds:53 - JSON generation date=Thu May 16 14:52:00 IST 2024 (1715851320852)
2024-07-11 11:26:43,067 [FATAL] Updater:308 - Updater called before beeing initialized
2024-07-11 11:26:43,131 [WARN] DetailPanel:346 - Failed to get advertising image, set to default
2024-07-11 11:26:43,212 [FATAL] Updater:308 - Updater called before beeing initialized
2024-07-11 11:26:43,213 [FATAL] Updater:308 - Updater called before beeing initialized
2024-07-11 11:26:43,213 [FATAL] Updater:308 - Updater called before beeing initialized
2024-07-11 11:26:43,213 [WARN] DetailPanel:346 - Failed to get advertising image, set to default
2024-07-11 11:26:43,214 [FATAL] Updater:308 - Updater called before beeing initialized
2024-07-11 11:26:43,260 [ERROR] Updater:1120 - MainUpdater not yet initialized. External WinMGr cannot be set.
2024-07-11 11:26:43,268 [INFO] Updater:1056 - Updater Version found : 6.9.1
2024-07-11 11:26:43,282 [INFO] ApplicationProperties:184 - Using Application install path: C:\ST\STM32CubeIDE_1.13.1\STM32CubeIDE\plugins\com.st.stm32cube.common.mx_6.9.1.202307191849
2024-07-11 11:26:43,470 [INFO] MainUpdater:2868 - connection check result : 10
2024-07-11 11:26:43,471 [INFO] MainUpdater:285 - Updater Check For Update Now.
2024-07-11 11:26:43,471 [INFO] MicroXplorer:498 - Change Database Version : DB.6.0.91
2024-07-11 11:26:43,485 [INFO] McuFinderGlobals:63 - Set McuFinder mode to 2 (CubeIDE integrated)
2024-07-11 11:26:43,485 [INFO] UserAuth:179 - activating auth plugin
2024-07-11 11:26:43,488 [INFO] UserAuth:393 - Internet connection configuration mode: 1
2024-07-11 11:26:43,510 [INFO] JxBrowserEngine:151 - Initiate JxBrowser Engine with user profile folder
2024-07-11 11:26:43,655 [INFO] CheckServerUpdateThread:120 - End of CheckServer Thread
2024-07-11 11:26:44,093 [WARN] PackLoader:240 - Cannot read IP mode file for STMicroelectronics.FP-SNS-MOTENVWB1.1.4.0
2024-07-11 11:26:44,107 [WARN] PackLoader:240 - Cannot read IP mode file for STMicroelectronics.X-CUBE-SMBUS.2.1.0
2024-07-11 11:26:44,117 [WARN] PackLoader:240 - Cannot read IP mode file for STMicroelectronics.X-CUBE-TOUCHGFX.4.23.0
2024-07-11 11:26:44,125 [WARN] PackLoader:240 - Cannot read IP mode file for STMicroelectronics.X-CUBE-TOUCHGFX.4.23.2
2024-07-11 11:26:44,157 [WARN] PackLoader:240 - Cannot read IP mode file for STMicroelectronics.X-CUBE-AZRTOS-F7.1.1.0
2024-07-11 11:26:44,171 [WARN] PackLoader:240 - Cannot read IP mode file for STMicroelectronics.FP-SNS-MOTENV1.4.3.2
2024-07-11 11:26:44,181 [WARN] PackLoader:240 - Cannot read IP mode file for STMicroelectronics.FP-SNS-FLIGHT1.5.0.2
2024-07-11 11:26:44,196 [WARN] PackLoader:240 - Cannot read IP mode file for STMicroelectronics.X-CUBE-DISPLAY.3.0.0
2024-07-11 11:26:44,213 [WARN] PackLoader:240 - Cannot read IP mode file for STMicroelectronics.X-CUBE-BLE1.7.0.0
2024-07-11 11:26:44,225 [WARN] PackLoader:240 - Cannot read IP mode file for emotas.I-CUBE-CANOPEN.1.3.0
2024-07-11 11:26:44,235 [WARN] PackLoader:240 - Cannot read IP mode file for STMicroelectronics.X-CUBE-TOUCHGFX.4.22.0
2024-07-11 11:26:44,244 [WARN] PackLoader:240 - Cannot read IP mode file for STMicroelectronics.X-CUBE-TOUCHGFX.4.22.1
2024-07-11 11:26:44,258 [WARN] PackLoader:240 - Cannot read IP mode file for STMicroelectronics.X-CUBE-BLEMGR.3.1.0
2024-07-11 11:26:44,270 [WARN] PackLoader:240 - Cannot read IP mode file for STMicroelectronics.FP-SNS-SMARTAG2.1.2.0
2024-07-11 11:26:44,286 [INFO] LogOutputStream:77 - [STDOUT_REDIRECT] 1 : Invalid condition id : UX_CORESTACK_Condition cause : null
2024-07-11 11:26:44,286 [INFO] LogOutputStream:77 - [STDOUT_REDIRECT] 1 : Invalid condition id : UX_CORESTACK_Condition cause : null
2024-07-11 11:26:44,287 [INFO] LogOutputStream:77 - [STDOUT_REDIRECT] 1 : Invalid condition id : UX_CORESTACK_Condition cause : null
2024-07-11 11:26:44,287 [INFO] LogOutputStream:77 - [STDOUT_REDIRECT] 1 : Invalid condition id : UX_CORESTACK_Condition cause : null
2024-07-11 11:26:44,289 [INFO] LogOutputStream:77 - [STDOUT_REDIRECT] 1 : Invalid condition id : UX_CORESTACK_Condition cause : null
2024-07-11 11:26:44,291 [WARN] PackLoader:240 - Cannot read IP mode file for STMicroelectronics.X-CUBE-AZRTOS-WL.2.0.0
2024-07-11 11:26:44,302 [WARN] PackLoader:240 - Cannot read IP mode file for STMicroelectronics.FP-SNS-MOTENV1.5.0.0
2024-07-11 11:26:44,312 [WARN] PackLoader:240 - Cannot read IP mode file for wolfSSL.I-CUBE-wolfMQTT.1.19.0
2024-07-11 11:26:44,327 [WARN] PackLoader:240 - Cannot read IP mode file for WES.I-CUBE-Cesium.1.3.0
2024-07-11 11:26:44,337 [WARN] PackLoader:240 - Cannot read IP mode file for STMicroelectronics.X-CUBE-BLE2.3.3.0
2024-07-11 11:26:44,348 [WARN] PackLoader:240 - Cannot read IP mode file for STMicroelectronics.X-CUBE-TCPP.4.1.0
2024-07-11 11:26:44,358 [WARN] PackLoader:240 - Cannot read IP mode file for STMicroelectronics.X-CUBE-ALGOBUILD.1.3.0
2024-07-11 11:26:44,379 [WARN] PackLoader:240 - Cannot read IP mode file for STMicroelectronics.X-CUBE-AZRTOS-G0.1.1.0
2024-07-11 11:26:44,391 [WARN] PackLoader:240 - Cannot read IP mode file for STMicroelectronics.X-CUBE-SAFEA1.1.2.2
2024-07-11 11:26:44,402 [WARN] PackLoader:240 - Cannot read IP mode file for STMicroelectronics.X-CUBE-NFC4.3.0.0
2024-07-11 11:26:44,413 [ERROR] Engine:466 - C:\Users\kunal\.stm32cubemx\thirdparties\pdsc\EmbeddedOffice.I-CUBE-FS-RTOS.1.0.1.pdsc: PDSC version is not supported
2024-07-11 11:26:44,428 [WARN] PackLoader:240 - Cannot read IP mode file for STMicroelectronics.X-CUBE-BLEMGR.3.0.0
2024-07-11 11:26:44,437 [ERROR] Engine:466 - C:\Users\kunal\.stm32cubemx\thirdparties\pdsc\RealThread.X-CUBE-RT-Thread_Nano.4.1.1.pdsc: PDSC version is not supported
2024-07-11 11:26:44,446 [WARN] PackLoader:240 - Cannot read IP mode file for STMicroelectronics.FP-ATR-SIGFOX1.3.2.0
2024-07-11 11:26:44,456 [WARN] PackLoader:240 - Cannot read IP mode file for STMicroelectronics.X-CUBE-EEPRMA1.5.1.0
2024-07-11 11:26:44,485 [WARN] PackLoader:240 - Cannot read IP mode file for SEGGER.I-CUBE-embOS.1.3.1
2024-07-11 11:26:44,516 [WARN] PackLoader:240 - Cannot read IP mode file for STMicroelectronics.X-CUBE-ALGOBUILD.1.4.0
2024-07-11 11:26:44,527 [WARN] PackLoader:240 - Cannot read IP mode file for STMicroelectronics.X-CUBE-GNSS1.6.0.0
2024-07-11 11:26:44,546 [WARN] PackLoader:240 - Cannot read IP mode file for STMicroelectronics.X-CUBE-AZRTOS-F4.1.1.0
2024-07-11 11:26:44,556 [WARN] PackLoader:240 - Cannot read IP mode file for wolfSSL.I-CUBE-wolfSSL.5.6.3
2024-07-11 11:26:44,565 [WARN] PackLoader:240 - Cannot read IP mode file for STMicroelectronics.X-CUBE-FREERTOS.1.2.0
2024-07-11 11:26:44,583 [WARN] PackLoader:240 - Cannot read IP mode file for STMicroelectronics.X-CUBE-AZRTOS-L5.2.0.0
2024-07-11 11:26:44,618 [WARN] PackLoader:240 - Cannot read IP mode file for STMicroelectronics.X-CUBE-MEMS1.9.6.0
2024-07-11 11:26:44,695 [WARN] PackLoader:240 - Cannot read IP mode file for STMicroelectronics.X-CUBE-EEPRMA1.4.2.0
2024-07-11 11:26:44,707 [WARN] PackLoader:240 - Cannot read IP mode file for STMicroelectronics.X-CUBE-NFC6.3.1.0
2024-07-11 11:26:44,717 [WARN] PackLoader:240 - Cannot read IP mode file for ITTIA_DB.I-CUBE-ITTIADB.8.8.0
2024-07-11 11:26:44,730 [WARN] PackLoader:240 - Cannot read IP mode file for STMicroelectronics.X-CUBE-BLEMGR.2.0.0
2024-07-11 11:26:44,739 [ERROR] Engine:466 - C:\Users\kunal\.stm32cubemx\thirdparties\pdsc\STMicroelectronics.X-CUBE-DPower.1.2.0.pdsc: PDSC version is not supported
2024-07-11 11:26:44,748 [WARN] PackLoader:240 - Cannot read IP mode file for STMicroelectronics.X-CUBE-AI.9.0.0
2024-07-11 11:26:44,767 [WARN] ConditionMgr:438 - getConditionDescription Invalid condition id : UX DEVICE CLASS RTOS Condition cause : null
2024-07-11 11:26:44,767 [WARN] ConditionMgr:438 - getConditionDescription Invalid condition id : UX DEVICE CLASS RTOS Condition cause : null
2024-07-11 11:26:44,768 [WARN] PackLoader:240 - Cannot read IP mode file for STMicroelectronics.X-CUBE-AZRTOS-H7.3.1.0
2024-07-11 11:26:44,770 [WARN] ConditionMgr:1039 - genDependencies : Invalid condition id : UX DEVICE CLASS RTOS Condition cause : null
2024-07-11 11:26:44,770 [WARN] ConditionMgr:1039 - genDependencies : Invalid condition id : UX DEVICE CLASS RTOS Condition cause : null
2024-07-11 11:26:44,771 [WARN] ConditionMgr:1039 - genDependencies : Invalid condition id : UX DEVICE CLASS RTOS Condition cause : null
2024-07-11 11:26:44,771 [WARN] ConditionMgr:1039 - genDependencies : Invalid condition id : UX DEVICE CLASS RTOS Condition cause : null
2024-07-11 11:26:44,771 [WARN] ConditionMgr:1039 - genDependencies : Invalid condition id : UX DEVICE CLASS RTOS Condition cause : null
2024-07-11 11:26:44,781 [WARN] PackLoader:240 - Cannot read IP mode file for STMicroelectronics.X-CUBE-NFC7.1.0.1
2024-07-11 11:26:44,791 [WARN] PackLoader:240 - Cannot read IP mode file for wolfSSL.I-CUBE-wolfTPM.3.2.0
2024-07-11 11:26:44,801 [WARN] PackLoader:240 - Cannot read IP mode file for STMicroelectronics.X-CUBE-NFC6.3.0.0
2024-07-11 11:26:44,812 [WARN] PackLoader:240 - Cannot read IP mode file for STMicroelectronics.X-CUBE-EEPRMA1.4.1.0
2024-07-11 11:26:44,820 [WARN] PackLoader:240 - Cannot read IP mode file for STMicroelectronics.X-CUBE-AI.8.1.0
2024-07-11 11:26:44,843 [WARN] ConditionMgr:438 - getConditionDescription Invalid condition id : LAN8742 Phy interface Condition cause : null
2024-07-11 11:26:44,843 [WARN] PackLoader:240 - Cannot read IP mode file for STMicroelectronics.X-CUBE-AZRTOS-L4.2.0.0
2024-07-11 11:26:44,844 [WARN] ConditionMgr:1039 - genDependencies : Invalid condition id : LAN8742 Phy interface Condition cause : null
2024-07-11 11:26:44,844 [WARN] ConditionMgr:1039 - genDependencies : Invalid condition id : LAN8742 Phy interface Condition cause : null
2024-07-11 11:26:44,844 [WARN] ConditionMgr:1039 - genDependencies : Invalid condition id : LAN8742 Phy interface Condition cause : null
2024-07-11 11:26:44,855 [WARN] PackLoader:240 - Cannot read IP mode file for STMicroelectronics.X-CUBE-SFXS2LP1.4.0.0
2024-07-11 11:26:44,866 [WARN] PackLoader:240 - Cannot read IP mode file for STMicroelectronics.X-CUBE-ISPU.1.1.0
2024-07-11 11:26:44,883 [WARN] ConditionMgr:438 - getConditionDescription Invalid condition id : UX DEVICE CLASS RTOS Condition cause : null
2024-07-11 11:26:44,884 [WARN] ConditionMgr:438 - getConditionDescription Invalid condition id : UX DEVICE CLASS RTOS Condition cause : null
2024-07-11 11:26:44,885 [WARN] PackLoader:240 - Cannot read IP mode file for STMicroelectronics.X-CUBE-AZRTOS-WB.2.0.0
2024-07-11 11:26:44,885 [WARN] ConditionMgr:1039 - genDependencies : Invalid condition id : UX DEVICE CLASS RTOS Condition cause : null
2024-07-11 11:26:44,885 [WARN] ConditionMgr:1039 - genDependencies : Invalid condition id : UX DEVICE CLASS RTOS Condition cause : null
2024-07-11 11:26:44,885 [WARN] ConditionMgr:1039 - genDependencies : Invalid condition id : UX DEVICE CLASS RTOS Condition cause : null
2024-07-11 11:26:44,885 [WARN] ConditionMgr:1039 - genDependencies : Invalid condition id : UX DEVICE CLASS RTOS Condition cause : null
2024-07-11 11:26:44,885 [WARN] ConditionMgr:1039 - genDependencies : Invalid condition id : UX DEVICE CLASS RTOS Condition cause : null
2024-07-11 11:26:44,894 [WARN] PackLoader:240 - Cannot read IP mode file for STMicroelectronics.X-CUBE-FREERTOS.1.0.1
2024-07-11 11:26:44,907 [WARN] PackLoader:240 - Cannot read IP mode file for STMicroelectronics.X-CUBE-SUBG2.5.0.0
2024-07-11 11:26:44,917 [WARN] PackLoader:240 - Cannot read IP mode file for Cesanta.I-CUBE-Mongoose.7.13.0
2024-07-11 11:26:44,932 [WARN] PackLoader:240 - Cannot read IP mode file for STMicroelectronics.X-CUBE-TOF1.3.3.1
2024-07-11 11:26:44,954 [WARN] PackLoader:240 - Cannot read IP mode file for STMicroelectronics.X-CUBE-AZRTOS-G4.2.0.0
2024-07-11 11:26:44,970 [WARN] PackLoader:240 - Cannot read IP mode file for Infineon.AIROC-Wi-Fi-Bluetooth-STM32.1.5.1
2024-07-11 11:26:44,983 [WARN] PackLoader:240 - Cannot read IP mode file for STMicroelectronics.FP-SNS-MOTENVWB1.1.3.1
2024-07-11 11:26:45,012 [WARN] PackLoader:240 - Cannot read IP mode file for STMicroelectronics.X-CUBE-ISPU.2.0.0
2024-07-11 11:26:45,023 [WARN] PackLoader:240 - Cannot read IP mode file for STMicroelectronics.X-CUBE-ALS.1.0.2
2024-07-11 11:26:45,060 [WARN] PackLoader:240 - Cannot read IP mode file for STMicroelectronics.X-CUBE-MEMS1.10.0.0
2024-07-11 11:26:45,145 [WARN] PackLoader:240 - Cannot read IP mode file for STMicroelectronics.X-CUBE-FREERTOS.1.1.0
2024-07-11 11:26:45,169 [WARN] PackLoader:240 - Cannot read IP mode file for STMicroelectronics.X-CUBE-TOUCHGFX.4.24.0
2024-07-11 11:26:45,185 [WARN] PackLoader:240 - Cannot read IP mode file for portGmbH.I-Cube-SoM-uGOAL.1.1.0
2024-07-11 11:26:45,200 [WARN] PackLoader:240 - Cannot read IP mode file for STMicroelectronics.X-CUBE-ALS.1.0.1
2024-07-11 11:26:45,229 [WARN] PackLoader:240 - Cannot read IP mode file for STMicroelectronics.X-CUBE-AZRTOS-H7RS.1.0.0
2024-07-11 11:26:45,243 [WARN] PackLoader:240 - Cannot read IP mode file for STMicroelectronics.FP-ATR-ASTRA1.2.0.0
2024-07-11 11:26:45,264 [WARN] PackLoader:240 - Cannot read IP mode file for STMicroelectronics.X-CUBE-TOF1.3.4.0
2024-07-11 11:26:45,292 [WARN] PackLoader:240 - Cannot read IP mode file for STMicroelectronics.X-CUBE-TOF1.3.4.1
2024-07-11 11:26:45,331 [WARN] PackLoader:240 - Cannot read IP mode file for STMicroelectronics.X-CUBE-AZRTOS-H7.3.2.0
2024-07-11 11:26:45,352 [WARN] PackLoader:240 - Cannot read IP mode file for wolfSSL.I-CUBE-wolfSSH.1.4.17
2024-07-11 11:26:45,352 [INFO] ThirdParty:978 - Integrity check success = true
2024-07-11 11:26:45,352 [INFO] IntegrityCheckThread:100 - exiting critical section [integrity check]
2024-07-11 11:26:45,352 [INFO] IntegrityCheckThread:103 - End integrity checks thread
2024-07-11 11:26:45,493 [INFO] WebApp:157 - Instantiating new browser for Auth
2024-07-11 11:26:46,011 [INFO] WebApp:753 - Register for checkConnection events
2024-07-11 11:26:46,011 [INFO] WebApp:390 - Apply proxy settings
2024-07-11 11:26:46,011 [INFO] WebApp:475 - Chromium requires no authentication
2024-07-11 11:26:46,017 [INFO] WebApp:418 - Direct internet connection detected
2024-07-11 11:26:46,144 [INFO] WebApp:188 - Starting web application
2024-07-11 11:26:46,145 [INFO] WebApp:520 - Web application path used C:\ST\STM32CubeIDE_1.13.1\STM32CubeIDE\plugins\com.st.stm32cube.common.mx_6.9.1.202307191849\db\plugins\mcufinder\reactClient1\index.html
2024-07-11 11:27:07,020 [ERROR] LogOutputStream:75 - [STDERR_REDIRECT] SLF4J: Failed to load class "org.slf4j.impl.StaticLoggerBinder".
2024-07-11 11:27:07,020 [ERROR] LogOutputStream:75 - [STDERR_REDIRECT] SLF4J: Defaulting to no-operation (NOP) logger implementation
2024-07-11 11:27:07,021 [ERROR] LogOutputStream:75 - [STDERR_REDIRECT] SLF4J: See http://www.slf4j.org/codes.html#StaticLoggerBinder for further details.
2024-07-11 23:17:42,522 [ERROR] LogOutputStream:75 - [STDERR_REDIRECT] 
