2024-07-18 09:08:58,542 [ERROR] LogOutputStream:75 - [STDERR_REDIRECT] 
2024-07-18 17:31:21,696 [INFO] Activator:176 - 


2024-07-18 17:31:21,698 [INFO] Activator:177 - !SESSION log4j initialized
2024-07-18 17:31:28,837 [INFO] LogOutputStream:77 - [STDOUT_REDIRECT] 
2024-07-18 17:31:34,144 [INFO] ApplicationProperties:184 - Using Application install path: C:\ST\STM32CubeIDE_1.13.1\STM32CubeIDE\plugins\com.st.stm32cube.common.mx_6.9.1.202307191849
2024-07-18 17:31:34,169 [INFO] DbMcusXml:78 - Set database path to: C:\ST\STM32CubeIDE_1.13.1\STM32CubeIDE\plugins\com.st.stm32cube.common.mx_6.9.1.202307191849\\db\/mcu/
2024-07-18 17:31:34,170 [INFO] ApiDb:274 - Set plugin database path to: C:\ST\STM32CubeIDE_1.13.1\STM32CubeIDE\plugins\com.st.stm32cube.common.mx_6.9.1.202307191849\\db\/plugins/boardmanager/
2024-07-18 17:31:34,170 [WARN] ApiDb:259 - Overriding images path with different value:  => C:\ST\STM32CubeIDE_1.13.1\STM32CubeIDE\plugins\com.st.stm32cube.common.mx_6.9.1.202307191849\\db\/plugins/mcufinder/images/
2024-07-18 17:31:34,187 [INFO] ApiDb:250 - Set database path to: C:\Users\kunal\.stmcufinder\plugins\mcufinder//mcu/
2024-07-18 17:31:34,189 [INFO] DbMcusAds:125 - Set database path to: C:\Users\kunal\.stmcufinder\plugins\mcufinder//mcu/
2024-07-18 17:31:34,192 [INFO] CrossReferenceDbSqlite:203 - Set database path to: C:\Users\kunal\.stmcufinder\plugins\mcufinder//mcu/cs/
2024-07-18 17:31:34,353 [INFO] RulesReader:64 - Compatibility file has been processed (293 Rules)
2024-07-18 17:31:34,464 [INFO] DbMcusXml:78 - Set database path to: C:\ST\STM32CubeIDE_1.13.1\STM32CubeIDE\plugins\com.st.stm32cube.common.mx_6.9.1.202307191849\\db\/mcu/
2024-07-18 17:31:34,464 [INFO] ApiDb:274 - Set plugin database path to: C:\ST\STM32CubeIDE_1.13.1\STM32CubeIDE\plugins\com.st.stm32cube.common.mx_6.9.1.202307191849\\db\/plugins/boardmanager/
2024-07-18 17:31:34,465 [INFO] ApiDb:261 - Set plugin images path to: C:\ST\STM32CubeIDE_1.13.1\STM32CubeIDE\plugins\com.st.stm32cube.common.mx_6.9.1.202307191849\\db\/plugins/mcufinder/images/
2024-07-18 17:31:34,465 [WARN] DbFile:41 - Overriding database path with different value: C:\Users\kunal\.stmcufinder\plugins\mcufinder/ => C:\Users\kunal\.stmcufinder\plugins\mcufinder
2024-07-18 17:31:34,465 [INFO] ApiDb:250 - Set database path to: C:\Users\kunal\.stmcufinder\plugins\mcufinder//mcu/
2024-07-18 17:31:34,465 [WARN] DbFile:41 - Overriding database path with different value: C:\Users\kunal\.stmcufinder\plugins\mcufinder/ => C:\Users\kunal\.stmcufinder\plugins\mcufinder
2024-07-18 17:31:34,465 [INFO] DbMcusAds:125 - Set database path to: C:\Users\kunal\.stmcufinder\plugins\mcufinder//mcu/
2024-07-18 17:31:34,465 [WARN] DbFile:41 - Overriding database path with different value: C:\Users\kunal\.stmcufinder\plugins\mcufinder/ => C:\Users\kunal\.stmcufinder\plugins\mcufinder
2024-07-18 17:31:34,465 [WARN] DbFile:41 - Overriding database path with different value: C:\Users\kunal\.stmcufinder\plugins\mcufinder/ => C:\Users\kunal\.stmcufinder\plugins\mcufinder
2024-07-18 17:31:34,465 [INFO] CrossReferenceDbSqlite:203 - Set database path to: C:\Users\kunal\.stmcufinder\plugins\mcufinder//mcu/cs/
2024-07-18 17:31:34,575 [INFO] MainPanel:262 - HeapMemory: 268435456
2024-07-18 17:31:34,724 [INFO] DbMcusXml:78 - Set database path to: C:\ST\STM32CubeIDE_1.13.1\STM32CubeIDE\plugins\com.st.stm32cube.common.mx_6.9.1.202307191849\\db\/mcu/
2024-07-18 17:31:34,725 [INFO] ApiDb:274 - Set plugin database path to: C:\ST\STM32CubeIDE_1.13.1\STM32CubeIDE\plugins\com.st.stm32cube.common.mx_6.9.1.202307191849\\db\/plugins/boardmanager/
2024-07-18 17:31:34,725 [INFO] ApiDb:261 - Set plugin images path to: C:\ST\STM32CubeIDE_1.13.1\STM32CubeIDE\plugins\com.st.stm32cube.common.mx_6.9.1.202307191849\\db\/plugins/mcufinder/images/
2024-07-18 17:31:34,725 [WARN] DbFile:41 - Overriding database path with different value: C:\Users\kunal\.stmcufinder\plugins\mcufinder/ => C:\Users\kunal\.stmcufinder\plugins\mcufinder
2024-07-18 17:31:34,725 [INFO] ApiDb:250 - Set database path to: C:\Users\kunal\.stmcufinder\plugins\mcufinder//mcu/
2024-07-18 17:31:34,725 [WARN] DbFile:41 - Overriding database path with different value: C:\Users\kunal\.stmcufinder\plugins\mcufinder/ => C:\Users\kunal\.stmcufinder\plugins\mcufinder
2024-07-18 17:31:34,725 [INFO] DbMcusAds:125 - Set database path to: C:\Users\kunal\.stmcufinder\plugins\mcufinder//mcu/
2024-07-18 17:31:34,727 [WARN] DbFile:41 - Overriding database path with different value: C:\Users\kunal\.stmcufinder\plugins\mcufinder/ => C:\Users\kunal\.stmcufinder\plugins\mcufinder
2024-07-18 17:31:34,727 [WARN] DbFile:41 - Overriding database path with different value: C:\Users\kunal\.stmcufinder\plugins\mcufinder/ => C:\Users\kunal\.stmcufinder\plugins\mcufinder
2024-07-18 17:31:34,727 [INFO] CrossReferenceDbSqlite:203 - Set database path to: C:\Users\kunal\.stmcufinder\plugins\mcufinder//mcu/cs/
2024-07-18 17:31:34,749 [INFO] ApplicationProperties:184 - Using Application install path: C:\ST\STM32CubeIDE_1.13.1\STM32CubeIDE\plugins\com.st.stm32cube.common.mx_6.9.1.202307191849
2024-07-18 17:31:34,750 [INFO] PluginManage:196 - Search for loadable plugins [exclusion list=, ]
2024-07-18 17:31:34,753 [INFO] PluginManage:310 - Check plugin analytics
2024-07-18 17:31:34,975 [INFO] AnalyticsPlugin:253 - Accepted Software Licenses: 
2024-07-18 17:31:34,975 [INFO] AnalyticsPlugin:255 - Accepted CMSIS Pack Licenses: 
2024-07-18 17:31:34,975 [INFO] AnalyticsPlugin:257 - Accepted Firmware Licenses: FW.F4.1.27.0
2024-07-18 17:31:34,978 [INFO] PluginManage:359 - Loaded plugin analytics (category:tool,tabindex:-1)
2024-07-18 17:31:34,978 [INFO] PluginManage:310 - Check plugin cadmodel
2024-07-18 17:31:35,001 [INFO] CADModel:105 - Init CAD model plugin
2024-07-18 17:31:35,001 [INFO] PluginManage:359 - Loaded plugin cadmodel (category:power,tabindex:5)
2024-07-18 17:31:35,001 [INFO] PluginManage:310 - Check plugin clock
2024-07-18 17:31:35,030 [INFO] PluginManage:359 - Loaded plugin clock (category:base,tabindex:2)
2024-07-18 17:31:35,030 [INFO] PluginManage:310 - Check plugin ddr
2024-07-18 17:31:35,036 [INFO] PluginManage:359 - Loaded plugin ddr (category:tool,tabindex:6)
2024-07-18 17:31:35,036 [INFO] PluginManage:310 - Check plugin filemanager
2024-07-18 17:31:35,208 [INFO] PluginManage:359 - Loaded plugin filemanager (category:base,tabindex:10)
2024-07-18 17:31:35,208 [INFO] PluginManage:310 - Check plugin ipmanager
2024-07-18 17:31:35,223 [INFO] PluginManage:359 - Loaded plugin ipmanager (category:base,tabindex:5)
2024-07-18 17:31:35,223 [INFO] PluginManage:310 - Check plugin lpbam
2024-07-18 17:31:35,249 [INFO] PluginManage:359 - Loaded plugin lpbam (category:base,tabindex:0)
2024-07-18 17:31:35,249 [INFO] PluginManage:310 - Check plugin memorymap
2024-07-18 17:31:35,281 [INFO] PluginManage:359 - Loaded plugin memorymap (category:base,tabindex:4)
2024-07-18 17:31:35,281 [INFO] PluginManage:310 - Check plugin pinoutandconfiguration
2024-07-18 17:31:35,308 [INFO] PluginManage:359 - Loaded plugin pinoutandconfiguration (category:base,tabindex:1)
2024-07-18 17:31:35,309 [INFO] PluginManage:310 - Check plugin pinoutconfig
2024-07-18 17:31:35,456 [WARN] SupportedApi:132 - Cannot load RTOS API schema: s4s-elt-must-match.1: The content of 'definitions' must match (annotation?, (simpleType | complexType)?, (unique | key | keyref)*)). A problem was found starting at: attribute.
2024-07-18 17:31:35,629 [INFO] PluginManage:359 - Loaded plugin pinoutconfig (category:base,tabindex:0)
2024-07-18 17:31:35,629 [INFO] PluginManage:310 - Check plugin power
2024-07-18 17:31:35,655 [INFO] PluginManage:359 - Loaded plugin power (category:power,tabindex:4)
2024-07-18 17:31:35,656 [INFO] PluginManage:310 - Check plugin projectmanager
2024-07-18 17:31:35,676 [INFO] PluginManage:359 - Loaded plugin projectmanager (category:projectmanager,tabindex:3)
2024-07-18 17:31:35,676 [INFO] PluginManage:310 - Check plugin thirdparty
2024-07-18 17:31:36,033 [INFO] PluginManage:359 - Loaded plugin thirdparty (category:base,tabindex:-1)
2024-07-18 17:31:36,033 [INFO] PluginManage:310 - Check plugin tools
2024-07-18 17:31:36,033 [WARN] IntegrityCheckThread:84 - waiting for thirdparty lock release [integrity check]
2024-07-18 17:31:36,034 [INFO] IntegrityCheckThread:86 - entering critical section [integrity check]
2024-07-18 17:31:36,034 [INFO] ThirdPartyUpdaterWithRetryManager:70 - Updater plugin not ready yet. [1/15]
2024-07-18 17:31:36,076 [INFO] PluginManage:359 - Loaded plugin tools (category:base,tabindex:7)
2024-07-18 17:31:36,076 [INFO] PluginManage:310 - Check plugin tutovideos
2024-07-18 17:31:36,333 [INFO] PluginManage:359 - Loaded plugin tutovideos (category:base,tabindex:-1)
2024-07-18 17:31:36,333 [INFO] PluginManage:310 - Check plugin updater
2024-07-18 17:31:36,347 [INFO] PluginManage:359 - Loaded plugin updater (category:base,tabindex:12)
2024-07-18 17:31:36,348 [INFO] PluginManage:310 - Check plugin userauth
2024-07-18 17:31:36,354 [INFO] UserAuth:113 - Init User Auth plugin
2024-07-18 17:31:36,354 [INFO] PluginManage:359 - Loaded plugin userauth (category:base,tabindex:14)
2024-07-18 17:31:36,355 [INFO] PluginManage:283 - PluginManage : Loaded plugins [17]
2024-07-18 17:31:36,668 [INFO] PinOutPanel:1499 - setPackage(No Configuration,No Configuration)
2024-07-18 17:31:36,809 [INFO] CADModel:165 - CPN selected for project level
2024-07-18 17:31:36,809 [INFO] CADModel:114 - Register for checkConnection events
2024-07-18 17:31:36,847 [INFO] IPUIPlugin:80 - create IPUIPlugin
2024-07-18 17:31:36,848 [INFO] PluginManager:220 - loadIPPluginJar : add adc
2024-07-18 17:31:36,892 [INFO] IPUIPlugin:80 - create IPUIPlugin
2024-07-18 17:31:36,892 [INFO] PluginManager:220 - loadIPPluginJar : add aes
2024-07-18 17:31:36,944 [INFO] IPUIPlugin:80 - create IPUIPlugin
2024-07-18 17:31:36,944 [INFO] PluginManager:220 - loadIPPluginJar : add can
2024-07-18 17:31:36,975 [INFO] IPUIPlugin:80 - create IPUIPlugin
2024-07-18 17:31:36,975 [INFO] PluginManager:220 - loadIPPluginJar : add comp
2024-07-18 17:31:37,019 [INFO] IPUIPlugin:80 - create IPUIPlugin
2024-07-18 17:31:37,019 [INFO] PluginManager:220 - loadIPPluginJar : add cryp
2024-07-18 17:31:37,060 [INFO] IPUIPlugin:80 - create IPUIPlugin
2024-07-18 17:31:37,060 [INFO] PluginManager:220 - loadIPPluginJar : add dfsdm
2024-07-18 17:31:37,078 [INFO] IPUIPlugin:80 - create IPUIPlugin
2024-07-18 17:31:37,079 [INFO] PluginManager:220 - loadIPPluginJar : add dma
2024-07-18 17:31:37,139 [INFO] IPUIPlugin:80 - create IPUIPlugin
2024-07-18 17:31:37,139 [INFO] PluginManager:220 - loadIPPluginJar : add dma3
2024-07-18 17:31:37,167 [INFO] IPUIPlugin:80 - create IPUIPlugin
2024-07-18 17:31:37,167 [INFO] PluginManager:220 - loadIPPluginJar : add fatfs
2024-07-18 17:31:37,229 [INFO] IPUIPlugin:80 - create IPUIPlugin
2024-07-18 17:31:37,229 [INFO] PluginManager:220 - loadIPPluginJar : add fmc
2024-07-18 17:31:37,249 [INFO] IPUIPlugin:80 - create IPUIPlugin
2024-07-18 17:31:37,250 [INFO] PluginManager:220 - loadIPPluginJar : add freertos
2024-07-18 17:31:37,277 [INFO] IPUIPlugin:80 - create IPUIPlugin
2024-07-18 17:31:37,277 [INFO] PluginManager:220 - loadIPPluginJar : add genericplugin
2024-07-18 17:31:37,401 [INFO] IPUIPlugin:80 - create IPUIPlugin
2024-07-18 17:31:37,401 [INFO] PluginManager:220 - loadIPPluginJar : add gfxmmu
2024-07-18 17:31:37,606 [INFO] IPUIPlugin:80 - create IPUIPlugin
2024-07-18 17:31:37,607 [INFO] PluginManager:220 - loadIPPluginJar : add gic
2024-07-18 17:31:37,644 [INFO] IPUIPlugin:80 - create IPUIPlugin
2024-07-18 17:31:37,644 [INFO] PluginManager:220 - loadIPPluginJar : add gpio
2024-07-18 17:31:37,776 [INFO] IPUIPlugin:80 - create IPUIPlugin
2024-07-18 17:31:37,777 [INFO] PluginManager:220 - loadIPPluginJar : add gtzc
2024-07-18 17:31:37,835 [INFO] IPUIPlugin:80 - create IPUIPlugin
2024-07-18 17:31:37,835 [INFO] PluginManager:220 - loadIPPluginJar : add hash
2024-07-18 17:31:37,905 [INFO] IPUIPlugin:80 - create IPUIPlugin
2024-07-18 17:31:37,906 [INFO] PluginManager:220 - loadIPPluginJar : add i2c
2024-07-18 17:31:37,959 [INFO] IPUIPlugin:80 - create IPUIPlugin
2024-07-18 17:31:37,960 [INFO] PluginManager:220 - loadIPPluginJar : add i2s
2024-07-18 17:31:38,015 [INFO] IPUIPlugin:80 - create IPUIPlugin
2024-07-18 17:31:38,016 [INFO] PluginManager:220 - loadIPPluginJar : add i3c
2024-07-18 17:31:38,197 [INFO] IPUIPlugin:80 - create IPUIPlugin
2024-07-18 17:31:38,197 [INFO] PluginManager:220 - loadIPPluginJar : add ipddr
2024-07-18 17:31:38,312 [INFO] IPUIPlugin:80 - create IPUIPlugin
2024-07-18 17:31:38,312 [INFO] PluginManager:220 - loadIPPluginJar : add linkedlist
2024-07-18 17:31:38,358 [INFO] IPUIPlugin:80 - create IPUIPlugin
2024-07-18 17:31:38,358 [INFO] PluginManager:220 - loadIPPluginJar : add lorawan
2024-07-18 17:31:38,406 [INFO] IPUIPlugin:80 - create IPUIPlugin
2024-07-18 17:31:38,406 [INFO] PluginManager:220 - loadIPPluginJar : add ltdc
2024-07-18 17:31:38,423 [INFO] IPUIPlugin:80 - create IPUIPlugin
2024-07-18 17:31:38,424 [INFO] PluginManager:220 - loadIPPluginJar : add mdma
2024-07-18 17:31:38,440 [INFO] IPUIPlugin:80 - create IPUIPlugin
2024-07-18 17:31:38,440 [INFO] PluginManager:220 - loadIPPluginJar : add nvic
2024-07-18 17:31:38,488 [INFO] IPUIPlugin:80 - create IPUIPlugin
2024-07-18 17:31:38,489 [INFO] PluginManager:220 - loadIPPluginJar : add opamp
2024-07-18 17:31:38,574 [INFO] IPUIPlugin:80 - create IPUIPlugin
2024-07-18 17:31:38,574 [INFO] PluginManager:220 - loadIPPluginJar : add openamp
2024-07-18 17:31:38,628 [INFO] IPUIPlugin:80 - create IPUIPlugin
2024-07-18 17:31:38,628 [INFO] PluginManager:220 - loadIPPluginJar : add pdm2pcm
2024-07-18 17:31:38,648 [INFO] IPUIPlugin:80 - create IPUIPlugin
2024-07-18 17:31:38,651 [INFO] PluginManager:220 - loadIPPluginJar : add plateformsettings
2024-07-18 17:31:38,683 [INFO] IPUIPlugin:80 - create IPUIPlugin
2024-07-18 17:31:38,683 [INFO] PluginManager:220 - loadIPPluginJar : add quadspi
2024-07-18 17:31:38,700 [INFO] IPUIPlugin:80 - create IPUIPlugin
2024-07-18 17:31:38,700 [INFO] PluginManager:220 - loadIPPluginJar : add resmgrutility
2024-07-18 17:31:38,783 [INFO] IPUIPlugin:80 - create IPUIPlugin
2024-07-18 17:31:38,783 [INFO] PluginManager:220 - loadIPPluginJar : add sai
2024-07-18 17:31:38,853 [INFO] IPUIPlugin:80 - create IPUIPlugin
2024-07-18 17:31:38,853 [INFO] PluginManager:220 - loadIPPluginJar : add spi
2024-07-18 17:31:38,955 [INFO] IPUIPlugin:80 - create IPUIPlugin
2024-07-18 17:31:38,957 [INFO] PluginManager:220 - loadIPPluginJar : add stm32_wpan
2024-07-18 17:31:38,998 [INFO] IPUIPlugin:80 - create IPUIPlugin
2024-07-18 17:31:38,998 [INFO] PluginManager:220 - loadIPPluginJar : add tim
2024-07-18 17:31:39,036 [INFO] ThirdPartyUpdaterWithRetryManager:70 - Updater plugin not ready yet. [2/15]
2024-07-18 17:31:39,094 [INFO] IPUIPlugin:80 - create IPUIPlugin
2024-07-18 17:31:39,094 [INFO] PluginManager:220 - loadIPPluginJar : add touchsensing
2024-07-18 17:31:39,134 [INFO] IPUIPlugin:80 - create IPUIPlugin
2024-07-18 17:31:39,134 [INFO] PluginManager:220 - loadIPPluginJar : add tracer_emb
2024-07-18 17:31:39,168 [INFO] IPUIPlugin:80 - create IPUIPlugin
2024-07-18 17:31:39,168 [INFO] PluginManager:220 - loadIPPluginJar : add ts
2024-07-18 17:31:39,196 [INFO] IPUIPlugin:80 - create IPUIPlugin
2024-07-18 17:31:39,197 [INFO] PluginManager:220 - loadIPPluginJar : add tsc
2024-07-18 17:31:39,230 [INFO] IPUIPlugin:80 - create IPUIPlugin
2024-07-18 17:31:39,230 [INFO] PluginManager:220 - loadIPPluginJar : add ucpd
2024-07-18 17:31:39,307 [INFO] IPUIPlugin:80 - create IPUIPlugin
2024-07-18 17:31:39,307 [INFO] PluginManager:220 - loadIPPluginJar : add usart
2024-07-18 17:31:39,375 [INFO] IPUIPlugin:80 - create IPUIPlugin
2024-07-18 17:31:39,375 [INFO] PluginManager:220 - loadIPPluginJar : add usbx
2024-07-18 17:31:39,509 [INFO] CADModel:165 - CPN selected for project level
2024-07-18 17:31:39,510 [INFO] CADModel:114 - Register for checkConnection events
2024-07-18 17:31:39,510 [FATAL] Updater:308 - Updater called before beeing initialized
2024-07-18 17:31:39,510 [ERROR] CADModel:125 - Updater not yet initialized, retry later 
2024-07-18 17:31:39,696 [INFO] CADModel:165 - CPN selected for project level
2024-07-18 17:31:39,696 [INFO] CADModel:114 - Register for checkConnection events
2024-07-18 17:31:39,696 [FATAL] Updater:308 - Updater called before beeing initialized
2024-07-18 17:31:39,696 [ERROR] CADModel:125 - Updater not yet initialized, retry later 
2024-07-18 17:31:39,700 [FATAL] Updater:308 - Updater called before beeing initialized
2024-07-18 17:31:39,789 [FATAL] Updater:308 - Updater called before beeing initialized
2024-07-18 17:31:39,800 [INFO] DbMcusAds:53 - JSON generation date=Thu May 16 14:52:00 IST 2024 (1715851320852)
2024-07-18 17:31:39,800 [FATAL] Updater:308 - Updater called before beeing initialized
2024-07-18 17:31:39,896 [WARN] DetailPanel:346 - Failed to get advertising image, set to default
2024-07-18 17:31:40,004 [FATAL] Updater:308 - Updater called before beeing initialized
2024-07-18 17:31:40,007 [FATAL] Updater:308 - Updater called before beeing initialized
2024-07-18 17:31:40,007 [FATAL] Updater:308 - Updater called before beeing initialized
2024-07-18 17:31:40,007 [WARN] DetailPanel:346 - Failed to get advertising image, set to default
2024-07-18 17:31:40,008 [FATAL] Updater:308 - Updater called before beeing initialized
2024-07-18 17:31:40,079 [ERROR] Updater:1120 - MainUpdater not yet initialized. External WinMGr cannot be set.
2024-07-18 17:31:40,092 [INFO] Updater:1056 - Updater Version found : 6.9.1
2024-07-18 17:31:40,113 [INFO] ApplicationProperties:184 - Using Application install path: C:\ST\STM32CubeIDE_1.13.1\STM32CubeIDE\plugins\com.st.stm32cube.common.mx_6.9.1.202307191849
2024-07-18 17:31:40,304 [INFO] MainUpdater:2868 - connection check result : 10
2024-07-18 17:31:40,305 [INFO] MainUpdater:285 - Updater Check For Update Now.
2024-07-18 17:31:40,305 [INFO] MicroXplorer:498 - Change Database Version : DB.6.0.91
2024-07-18 17:31:40,322 [INFO] McuFinderGlobals:63 - Set McuFinder mode to 2 (CubeIDE integrated)
2024-07-18 17:31:40,322 [INFO] UserAuth:179 - activating auth plugin
2024-07-18 17:31:40,324 [INFO] UserAuth:393 - Internet connection configuration mode: 1
2024-07-18 17:31:40,359 [INFO] JxBrowserEngine:151 - Initiate JxBrowser Engine with user profile folder
2024-07-18 17:31:40,517 [INFO] CheckServerUpdateThread:120 - End of CheckServer Thread
2024-07-18 17:31:42,416 [WARN] PackLoader:240 - Cannot read IP mode file for STMicroelectronics.FP-SNS-MOTENVWB1.1.4.0
2024-07-18 17:31:42,450 [WARN] PackLoader:240 - Cannot read IP mode file for STMicroelectronics.X-CUBE-SMBUS.2.1.0
2024-07-18 17:31:42,473 [WARN] PackLoader:240 - Cannot read IP mode file for STMicroelectronics.X-CUBE-TOUCHGFX.4.23.0
2024-07-18 17:31:42,486 [WARN] PackLoader:240 - Cannot read IP mode file for STMicroelectronics.X-CUBE-TOUCHGFX.4.23.2
2024-07-18 17:31:42,555 [WARN] PackLoader:240 - Cannot read IP mode file for STMicroelectronics.X-CUBE-AZRTOS-F7.1.1.0
2024-07-18 17:31:42,584 [WARN] PackLoader:240 - Cannot read IP mode file for STMicroelectronics.FP-SNS-MOTENV1.4.3.2
2024-07-18 17:31:42,603 [WARN] PackLoader:240 - Cannot read IP mode file for STMicroelectronics.FP-SNS-FLIGHT1.5.0.2
2024-07-18 17:31:42,621 [WARN] PackLoader:240 - Cannot read IP mode file for STMicroelectronics.X-CUBE-DISPLAY.3.0.0
2024-07-18 17:31:42,641 [WARN] PackLoader:240 - Cannot read IP mode file for STMicroelectronics.X-CUBE-BLE1.7.0.0
2024-07-18 17:31:42,656 [WARN] PackLoader:240 - Cannot read IP mode file for emotas.I-CUBE-CANOPEN.1.3.0
2024-07-18 17:31:42,668 [WARN] PackLoader:240 - Cannot read IP mode file for STMicroelectronics.X-CUBE-TOUCHGFX.4.22.0
2024-07-18 17:31:42,681 [WARN] PackLoader:240 - Cannot read IP mode file for STMicroelectronics.X-CUBE-TOUCHGFX.4.22.1
2024-07-18 17:31:42,702 [WARN] PackLoader:240 - Cannot read IP mode file for STMicroelectronics.X-CUBE-BLEMGR.3.1.0
2024-07-18 17:31:42,722 [WARN] PackLoader:240 - Cannot read IP mode file for STMicroelectronics.FP-SNS-SMARTAG2.1.2.0
2024-07-18 17:31:42,749 [INFO] LogOutputStream:77 - [STDOUT_REDIRECT] 1 : Invalid condition id : UX_CORESTACK_Condition cause : null
2024-07-18 17:31:42,751 [INFO] LogOutputStream:77 - [STDOUT_REDIRECT] 1 : Invalid condition id : UX_CORESTACK_Condition cause : null
2024-07-18 17:31:42,753 [INFO] LogOutputStream:77 - [STDOUT_REDIRECT] 1 : Invalid condition id : UX_CORESTACK_Condition cause : null
2024-07-18 17:31:42,755 [INFO] LogOutputStream:77 - [STDOUT_REDIRECT] 1 : Invalid condition id : UX_CORESTACK_Condition cause : null
2024-07-18 17:31:42,756 [INFO] LogOutputStream:77 - [STDOUT_REDIRECT] 1 : Invalid condition id : UX_CORESTACK_Condition cause : null
2024-07-18 17:31:42,759 [WARN] PackLoader:240 - Cannot read IP mode file for STMicroelectronics.X-CUBE-AZRTOS-WL.2.0.0
2024-07-18 17:31:42,775 [WARN] PackLoader:240 - Cannot read IP mode file for STMicroelectronics.FP-SNS-MOTENV1.5.0.0
2024-07-18 17:31:42,795 [WARN] PackLoader:240 - Cannot read IP mode file for wolfSSL.I-CUBE-wolfMQTT.1.19.0
2024-07-18 17:31:42,817 [WARN] PackLoader:240 - Cannot read IP mode file for WES.I-CUBE-Cesium.1.3.0
2024-07-18 17:31:42,830 [WARN] PackLoader:240 - Cannot read IP mode file for STMicroelectronics.X-CUBE-BLE2.3.3.0
2024-07-18 17:31:42,845 [WARN] PackLoader:240 - Cannot read IP mode file for STMicroelectronics.X-CUBE-TCPP.4.1.0
2024-07-18 17:31:42,862 [INFO] WebApp:157 - Instantiating new browser for Auth
2024-07-18 17:31:42,863 [WARN] PackLoader:240 - Cannot read IP mode file for STMicroelectronics.X-CUBE-ALGOBUILD.1.3.0
2024-07-18 17:31:42,896 [WARN] PackLoader:240 - Cannot read IP mode file for STMicroelectronics.X-CUBE-AZRTOS-G0.1.1.0
2024-07-18 17:31:42,920 [WARN] PackLoader:240 - Cannot read IP mode file for STMicroelectronics.X-CUBE-SAFEA1.1.2.2
2024-07-18 17:31:42,937 [WARN] PackLoader:240 - Cannot read IP mode file for STMicroelectronics.X-CUBE-NFC4.3.0.0
2024-07-18 17:31:42,954 [ERROR] Engine:466 - C:\Users\kunal\.stm32cubemx\thirdparties\pdsc\EmbeddedOffice.I-CUBE-FS-RTOS.1.0.1.pdsc: PDSC version is not supported
2024-07-18 17:31:42,978 [WARN] PackLoader:240 - Cannot read IP mode file for STMicroelectronics.X-CUBE-BLEMGR.3.0.0
2024-07-18 17:31:42,994 [ERROR] Engine:466 - C:\Users\kunal\.stm32cubemx\thirdparties\pdsc\RealThread.X-CUBE-RT-Thread_Nano.4.1.1.pdsc: PDSC version is not supported
2024-07-18 17:31:43,009 [WARN] PackLoader:240 - Cannot read IP mode file for STMicroelectronics.FP-ATR-SIGFOX1.3.2.0
2024-07-18 17:31:43,025 [WARN] PackLoader:240 - Cannot read IP mode file for STMicroelectronics.X-CUBE-EEPRMA1.5.1.0
2024-07-18 17:31:43,068 [WARN] PackLoader:240 - Cannot read IP mode file for SEGGER.I-CUBE-embOS.1.3.1
2024-07-18 17:31:43,123 [WARN] PackLoader:240 - Cannot read IP mode file for STMicroelectronics.X-CUBE-ALGOBUILD.1.4.0
2024-07-18 17:31:43,137 [WARN] PackLoader:240 - Cannot read IP mode file for STMicroelectronics.X-CUBE-GNSS1.6.0.0
2024-07-18 17:31:43,172 [WARN] PackLoader:240 - Cannot read IP mode file for STMicroelectronics.X-CUBE-AZRTOS-F4.1.1.0
2024-07-18 17:31:43,190 [WARN] PackLoader:240 - Cannot read IP mode file for wolfSSL.I-CUBE-wolfSSL.5.6.3
2024-07-18 17:31:43,206 [WARN] PackLoader:240 - Cannot read IP mode file for STMicroelectronics.X-CUBE-FREERTOS.1.2.0
2024-07-18 17:31:43,241 [WARN] PackLoader:240 - Cannot read IP mode file for STMicroelectronics.X-CUBE-AZRTOS-L5.2.0.0
2024-07-18 17:31:43,295 [WARN] PackLoader:240 - Cannot read IP mode file for STMicroelectronics.X-CUBE-MEMS1.9.6.0
2024-07-18 17:31:43,426 [WARN] PackLoader:240 - Cannot read IP mode file for STMicroelectronics.X-CUBE-EEPRMA1.4.2.0
2024-07-18 17:31:43,446 [WARN] PackLoader:240 - Cannot read IP mode file for STMicroelectronics.X-CUBE-NFC6.3.1.0
2024-07-18 17:31:43,464 [WARN] PackLoader:240 - Cannot read IP mode file for ITTIA_DB.I-CUBE-ITTIADB.8.8.0
2024-07-18 17:31:43,490 [WARN] PackLoader:240 - Cannot read IP mode file for STMicroelectronics.X-CUBE-BLEMGR.2.0.0
2024-07-18 17:31:43,528 [ERROR] Engine:466 - C:\Users\kunal\.stm32cubemx\thirdparties\pdsc\STMicroelectronics.X-CUBE-DPower.1.2.0.pdsc: PDSC version is not supported
2024-07-18 17:31:43,554 [WARN] PackLoader:240 - Cannot read IP mode file for STMicroelectronics.X-CUBE-AI.9.0.0
2024-07-18 17:31:43,591 [WARN] ConditionMgr:438 - getConditionDescription Invalid condition id : UX DEVICE CLASS RTOS Condition cause : null
2024-07-18 17:31:43,592 [WARN] ConditionMgr:438 - getConditionDescription Invalid condition id : UX DEVICE CLASS RTOS Condition cause : null
2024-07-18 17:31:43,595 [WARN] PackLoader:240 - Cannot read IP mode file for STMicroelectronics.X-CUBE-AZRTOS-H7.3.1.0
2024-07-18 17:31:43,595 [WARN] ConditionMgr:1039 - genDependencies : Invalid condition id : UX DEVICE CLASS RTOS Condition cause : null
2024-07-18 17:31:43,595 [WARN] ConditionMgr:1039 - genDependencies : Invalid condition id : UX DEVICE CLASS RTOS Condition cause : null
2024-07-18 17:31:43,596 [WARN] ConditionMgr:1039 - genDependencies : Invalid condition id : UX DEVICE CLASS RTOS Condition cause : null
2024-07-18 17:31:43,596 [WARN] ConditionMgr:1039 - genDependencies : Invalid condition id : UX DEVICE CLASS RTOS Condition cause : null
2024-07-18 17:31:43,596 [WARN] ConditionMgr:1039 - genDependencies : Invalid condition id : UX DEVICE CLASS RTOS Condition cause : null
2024-07-18 17:31:43,611 [WARN] PackLoader:240 - Cannot read IP mode file for STMicroelectronics.X-CUBE-NFC7.1.0.1
2024-07-18 17:31:43,627 [WARN] PackLoader:240 - Cannot read IP mode file for wolfSSL.I-CUBE-wolfTPM.3.2.0
2024-07-18 17:31:43,643 [WARN] PackLoader:240 - Cannot read IP mode file for STMicroelectronics.X-CUBE-NFC6.3.0.0
2024-07-18 17:31:43,659 [WARN] PackLoader:240 - Cannot read IP mode file for STMicroelectronics.X-CUBE-EEPRMA1.4.1.0
2024-07-18 17:31:43,670 [WARN] PackLoader:240 - Cannot read IP mode file for STMicroelectronics.X-CUBE-AI.8.1.0
2024-07-18 17:31:43,702 [WARN] ConditionMgr:438 - getConditionDescription Invalid condition id : LAN8742 Phy interface Condition cause : null
2024-07-18 17:31:43,703 [WARN] PackLoader:240 - Cannot read IP mode file for STMicroelectronics.X-CUBE-AZRTOS-L4.2.0.0
2024-07-18 17:31:43,704 [WARN] ConditionMgr:1039 - genDependencies : Invalid condition id : LAN8742 Phy interface Condition cause : null
2024-07-18 17:31:43,704 [WARN] ConditionMgr:1039 - genDependencies : Invalid condition id : LAN8742 Phy interface Condition cause : null
2024-07-18 17:31:43,704 [WARN] ConditionMgr:1039 - genDependencies : Invalid condition id : LAN8742 Phy interface Condition cause : null
2024-07-18 17:31:43,721 [WARN] PackLoader:240 - Cannot read IP mode file for STMicroelectronics.X-CUBE-SFXS2LP1.4.0.0
2024-07-18 17:31:43,733 [WARN] PackLoader:240 - Cannot read IP mode file for STMicroelectronics.X-CUBE-ISPU.1.1.0
2024-07-18 17:31:43,744 [INFO] WebApp:753 - Register for checkConnection events
2024-07-18 17:31:43,745 [INFO] WebApp:390 - Apply proxy settings
2024-07-18 17:31:43,745 [INFO] WebApp:475 - Chromium requires no authentication
2024-07-18 17:31:43,755 [WARN] ConditionMgr:438 - getConditionDescription Invalid condition id : UX DEVICE CLASS RTOS Condition cause : null
2024-07-18 17:31:43,755 [WARN] ConditionMgr:438 - getConditionDescription Invalid condition id : UX DEVICE CLASS RTOS Condition cause : null
2024-07-18 17:31:43,756 [INFO] WebApp:418 - Direct internet connection detected
2024-07-18 17:31:43,757 [WARN] PackLoader:240 - Cannot read IP mode file for STMicroelectronics.X-CUBE-AZRTOS-WB.2.0.0
2024-07-18 17:31:43,757 [WARN] ConditionMgr:1039 - genDependencies : Invalid condition id : UX DEVICE CLASS RTOS Condition cause : null
2024-07-18 17:31:43,757 [WARN] ConditionMgr:1039 - genDependencies : Invalid condition id : UX DEVICE CLASS RTOS Condition cause : null
2024-07-18 17:31:43,757 [WARN] ConditionMgr:1039 - genDependencies : Invalid condition id : UX DEVICE CLASS RTOS Condition cause : null
2024-07-18 17:31:43,758 [WARN] ConditionMgr:1039 - genDependencies : Invalid condition id : UX DEVICE CLASS RTOS Condition cause : null
2024-07-18 17:31:43,758 [WARN] ConditionMgr:1039 - genDependencies : Invalid condition id : UX DEVICE CLASS RTOS Condition cause : null
2024-07-18 17:31:43,772 [WARN] PackLoader:240 - Cannot read IP mode file for STMicroelectronics.X-CUBE-FREERTOS.1.0.1
2024-07-18 17:31:43,792 [WARN] PackLoader:240 - Cannot read IP mode file for STMicroelectronics.X-CUBE-SUBG2.5.0.0
2024-07-18 17:31:43,810 [WARN] PackLoader:240 - Cannot read IP mode file for Cesanta.I-CUBE-Mongoose.7.13.0
2024-07-18 17:31:43,829 [WARN] PackLoader:240 - Cannot read IP mode file for STMicroelectronics.X-CUBE-TOF1.3.3.1
2024-07-18 17:31:43,862 [WARN] PackLoader:240 - Cannot read IP mode file for STMicroelectronics.X-CUBE-AZRTOS-G4.2.0.0
2024-07-18 17:31:43,885 [WARN] PackLoader:240 - Cannot read IP mode file for Infineon.AIROC-Wi-Fi-Bluetooth-STM32.1.5.1
2024-07-18 17:31:43,902 [WARN] PackLoader:240 - Cannot read IP mode file for STMicroelectronics.FP-SNS-MOTENVWB1.1.3.1
2024-07-18 17:31:43,916 [WARN] PackLoader:240 - Cannot read IP mode file for STMicroelectronics.X-CUBE-ISPU.2.0.0
2024-07-18 17:31:43,929 [WARN] PackLoader:240 - Cannot read IP mode file for STMicroelectronics.X-CUBE-ALS.1.0.2
2024-07-18 17:31:43,971 [WARN] PackLoader:240 - Cannot read IP mode file for STMicroelectronics.X-CUBE-MEMS1.10.0.0
2024-07-18 17:31:44,040 [INFO] WebApp:188 - Starting web application
2024-07-18 17:31:44,040 [INFO] WebApp:520 - Web application path used C:\ST\STM32CubeIDE_1.13.1\STM32CubeIDE\plugins\com.st.stm32cube.common.mx_6.9.1.202307191849\db\plugins\mcufinder\reactClient1\index.html
2024-07-18 17:31:44,131 [WARN] PackLoader:240 - Cannot read IP mode file for STMicroelectronics.X-CUBE-FREERTOS.1.1.0
2024-07-18 17:31:44,148 [WARN] PackLoader:240 - Cannot read IP mode file for STMicroelectronics.X-CUBE-TOUCHGFX.4.24.0
2024-07-18 17:31:44,167 [WARN] PackLoader:240 - Cannot read IP mode file for portGmbH.I-Cube-SoM-uGOAL.1.1.0
2024-07-18 17:31:44,182 [WARN] PackLoader:240 - Cannot read IP mode file for STMicroelectronics.X-CUBE-ALS.1.0.1
2024-07-18 17:31:44,218 [WARN] PackLoader:240 - Cannot read IP mode file for STMicroelectronics.X-CUBE-AZRTOS-H7RS.1.0.0
2024-07-18 17:31:44,238 [WARN] PackLoader:240 - Cannot read IP mode file for STMicroelectronics.FP-ATR-ASTRA1.2.0.0
2024-07-18 17:31:44,263 [WARN] PackLoader:240 - Cannot read IP mode file for STMicroelectronics.X-CUBE-TOF1.3.4.0
2024-07-18 17:31:44,301 [WARN] PackLoader:240 - Cannot read IP mode file for STMicroelectronics.X-CUBE-TOF1.3.4.1
2024-07-18 17:31:44,352 [WARN] PackLoader:240 - Cannot read IP mode file for STMicroelectronics.X-CUBE-AZRTOS-H7.3.2.0
2024-07-18 17:31:44,374 [WARN] PackLoader:240 - Cannot read IP mode file for wolfSSL.I-CUBE-wolfSSH.1.4.17
2024-07-18 17:31:44,375 [INFO] ThirdParty:978 - Integrity check success = true
2024-07-18 17:31:44,375 [INFO] IntegrityCheckThread:100 - exiting critical section [integrity check]
2024-07-18 17:31:44,375 [INFO] IntegrityCheckThread:103 - End integrity checks thread
2024-07-18 17:32:05,496 [ERROR] LogOutputStream:75 - [STDERR_REDIRECT] SLF4J: Failed to load class "org.slf4j.impl.StaticLoggerBinder".
2024-07-18 17:32:05,498 [ERROR] LogOutputStream:75 - [STDERR_REDIRECT] SLF4J: Defaulting to no-operation (NOP) logger implementation
2024-07-18 17:32:05,499 [ERROR] LogOutputStream:75 - [STDERR_REDIRECT] SLF4J: See http://www.slf4j.org/codes.html#StaticLoggerBinder for further details.
