2024-06-23 14:40:58,937 [INFO] Activator:176 - 


2024-06-23 14:40:58,943 [INFO] Activator:177 - !SESSION log4j initialized
2024-06-23 14:41:04,058 [INFO] LogOutputStream:77 - [STDOUT_REDIRECT] 
2024-06-23 14:41:04,921 [INFO] ApplicationProperties:184 - Using Application install path: C:\ST\STM32CubeIDE_1.13.1\STM32CubeIDE\plugins\com.st.stm32cube.common.mx_6.9.1.202307191849
2024-06-23 14:41:04,936 [INFO] DbMcusXml:78 - Set database path to: C:\ST\STM32CubeIDE_1.13.1\STM32CubeIDE\plugins\com.st.stm32cube.common.mx_6.9.1.202307191849\\db\/mcu/
2024-06-23 14:41:04,936 [INFO] ApiDb:274 - Set plugin database path to: C:\ST\STM32CubeIDE_1.13.1\STM32CubeIDE\plugins\com.st.stm32cube.common.mx_6.9.1.202307191849\\db\/plugins/boardmanager/
2024-06-23 14:41:04,937 [WARN] ApiDb:259 - Overriding images path with different value:  => C:\ST\STM32CubeIDE_1.13.1\STM32CubeIDE\plugins\com.st.stm32cube.common.mx_6.9.1.202307191849\\db\/plugins/mcufinder/images/
2024-06-23 14:41:04,946 [INFO] ApiDb:250 - Set database path to: C:\Users\kunal\.stmcufinder\plugins\mcufinder//mcu/
2024-06-23 14:41:04,948 [INFO] DbMcusAds:125 - Set database path to: C:\Users\kunal\.stmcufinder\plugins\mcufinder//mcu/
2024-06-23 14:41:04,949 [INFO] CrossReferenceDbSqlite:203 - Set database path to: C:\Users\kunal\.stmcufinder\plugins\mcufinder//mcu/cs/
2024-06-23 14:41:05,046 [INFO] RulesReader:64 - Compatibility file has been processed (293 Rules)
2024-06-23 14:41:05,117 [INFO] DbMcusXml:78 - Set database path to: C:\ST\STM32CubeIDE_1.13.1\STM32CubeIDE\plugins\com.st.stm32cube.common.mx_6.9.1.202307191849\\db\/mcu/
2024-06-23 14:41:05,117 [INFO] ApiDb:274 - Set plugin database path to: C:\ST\STM32CubeIDE_1.13.1\STM32CubeIDE\plugins\com.st.stm32cube.common.mx_6.9.1.202307191849\\db\/plugins/boardmanager/
2024-06-23 14:41:05,118 [INFO] ApiDb:261 - Set plugin images path to: C:\ST\STM32CubeIDE_1.13.1\STM32CubeIDE\plugins\com.st.stm32cube.common.mx_6.9.1.202307191849\\db\/plugins/mcufinder/images/
2024-06-23 14:41:05,118 [WARN] DbFile:41 - Overriding database path with different value: C:\Users\kunal\.stmcufinder\plugins\mcufinder/ => C:\Users\kunal\.stmcufinder\plugins\mcufinder
2024-06-23 14:41:05,118 [INFO] ApiDb:250 - Set database path to: C:\Users\kunal\.stmcufinder\plugins\mcufinder//mcu/
2024-06-23 14:41:05,118 [WARN] DbFile:41 - Overriding database path with different value: C:\Users\kunal\.stmcufinder\plugins\mcufinder/ => C:\Users\kunal\.stmcufinder\plugins\mcufinder
2024-06-23 14:41:05,118 [INFO] DbMcusAds:125 - Set database path to: C:\Users\kunal\.stmcufinder\plugins\mcufinder//mcu/
2024-06-23 14:41:05,118 [WARN] DbFile:41 - Overriding database path with different value: C:\Users\kunal\.stmcufinder\plugins\mcufinder/ => C:\Users\kunal\.stmcufinder\plugins\mcufinder
2024-06-23 14:41:05,118 [WARN] DbFile:41 - Overriding database path with different value: C:\Users\kunal\.stmcufinder\plugins\mcufinder/ => C:\Users\kunal\.stmcufinder\plugins\mcufinder
2024-06-23 14:41:05,118 [INFO] CrossReferenceDbSqlite:203 - Set database path to: C:\Users\kunal\.stmcufinder\plugins\mcufinder//mcu/cs/
2024-06-23 14:41:05,183 [INFO] MainPanel:262 - HeapMemory: 268435456
2024-06-23 14:41:05,279 [INFO] DbMcusXml:78 - Set database path to: C:\ST\STM32CubeIDE_1.13.1\STM32CubeIDE\plugins\com.st.stm32cube.common.mx_6.9.1.202307191849\\db\/mcu/
2024-06-23 14:41:05,279 [INFO] ApiDb:274 - Set plugin database path to: C:\ST\STM32CubeIDE_1.13.1\STM32CubeIDE\plugins\com.st.stm32cube.common.mx_6.9.1.202307191849\\db\/plugins/boardmanager/
2024-06-23 14:41:05,279 [INFO] ApiDb:261 - Set plugin images path to: C:\ST\STM32CubeIDE_1.13.1\STM32CubeIDE\plugins\com.st.stm32cube.common.mx_6.9.1.202307191849\\db\/plugins/mcufinder/images/
2024-06-23 14:41:05,279 [WARN] DbFile:41 - Overriding database path with different value: C:\Users\kunal\.stmcufinder\plugins\mcufinder/ => C:\Users\kunal\.stmcufinder\plugins\mcufinder
2024-06-23 14:41:05,280 [INFO] ApiDb:250 - Set database path to: C:\Users\kunal\.stmcufinder\plugins\mcufinder//mcu/
2024-06-23 14:41:05,280 [WARN] DbFile:41 - Overriding database path with different value: C:\Users\kunal\.stmcufinder\plugins\mcufinder/ => C:\Users\kunal\.stmcufinder\plugins\mcufinder
2024-06-23 14:41:05,280 [INFO] DbMcusAds:125 - Set database path to: C:\Users\kunal\.stmcufinder\plugins\mcufinder//mcu/
2024-06-23 14:41:05,280 [WARN] DbFile:41 - Overriding database path with different value: C:\Users\kunal\.stmcufinder\plugins\mcufinder/ => C:\Users\kunal\.stmcufinder\plugins\mcufinder
2024-06-23 14:41:05,280 [WARN] DbFile:41 - Overriding database path with different value: C:\Users\kunal\.stmcufinder\plugins\mcufinder/ => C:\Users\kunal\.stmcufinder\plugins\mcufinder
2024-06-23 14:41:05,280 [INFO] CrossReferenceDbSqlite:203 - Set database path to: C:\Users\kunal\.stmcufinder\plugins\mcufinder//mcu/cs/
2024-06-23 14:41:05,300 [INFO] ApplicationProperties:184 - Using Application install path: C:\ST\STM32CubeIDE_1.13.1\STM32CubeIDE\plugins\com.st.stm32cube.common.mx_6.9.1.202307191849
2024-06-23 14:41:05,302 [INFO] PluginManage:196 - Search for loadable plugins [exclusion list=, ]
2024-06-23 14:41:05,303 [INFO] PluginManage:310 - Check plugin analytics
2024-06-23 14:41:05,470 [INFO] AnalyticsPlugin:253 - Accepted Software Licenses: 
2024-06-23 14:41:05,470 [INFO] AnalyticsPlugin:255 - Accepted CMSIS Pack Licenses: 
2024-06-23 14:41:05,470 [INFO] AnalyticsPlugin:257 - Accepted Firmware Licenses: FW.F4.1.27.0
2024-06-23 14:41:05,473 [INFO] PluginManage:359 - Loaded plugin analytics (category:tool,tabindex:-1)
2024-06-23 14:41:05,474 [INFO] PluginManage:310 - Check plugin cadmodel
2024-06-23 14:41:05,488 [INFO] CADModel:105 - Init CAD model plugin
2024-06-23 14:41:05,488 [INFO] PluginManage:359 - Loaded plugin cadmodel (category:power,tabindex:5)
2024-06-23 14:41:05,488 [INFO] PluginManage:310 - Check plugin clock
2024-06-23 14:41:05,510 [INFO] PluginManage:359 - Loaded plugin clock (category:base,tabindex:2)
2024-06-23 14:41:05,510 [INFO] PluginManage:310 - Check plugin ddr
2024-06-23 14:41:05,513 [INFO] PluginManage:359 - Loaded plugin ddr (category:tool,tabindex:6)
2024-06-23 14:41:05,513 [INFO] PluginManage:310 - Check plugin filemanager
2024-06-23 14:41:05,676 [INFO] PluginManage:359 - Loaded plugin filemanager (category:base,tabindex:10)
2024-06-23 14:41:05,676 [INFO] PluginManage:310 - Check plugin ipmanager
2024-06-23 14:41:05,686 [INFO] PluginManage:359 - Loaded plugin ipmanager (category:base,tabindex:5)
2024-06-23 14:41:05,686 [INFO] PluginManage:310 - Check plugin lpbam
2024-06-23 14:41:05,707 [INFO] PluginManage:359 - Loaded plugin lpbam (category:base,tabindex:0)
2024-06-23 14:41:05,707 [INFO] PluginManage:310 - Check plugin memorymap
2024-06-23 14:41:05,739 [INFO] PluginManage:359 - Loaded plugin memorymap (category:base,tabindex:4)
2024-06-23 14:41:05,739 [INFO] PluginManage:310 - Check plugin pinoutandconfiguration
2024-06-23 14:41:05,759 [INFO] PluginManage:359 - Loaded plugin pinoutandconfiguration (category:base,tabindex:1)
2024-06-23 14:41:05,759 [INFO] PluginManage:310 - Check plugin pinoutconfig
2024-06-23 14:41:05,843 [WARN] SupportedApi:132 - Cannot load RTOS API schema: s4s-elt-must-match.1: The content of 'definitions' must match (annotation?, (simpleType | complexType)?, (unique | key | keyref)*)). A problem was found starting at: attribute.
2024-06-23 14:41:05,953 [INFO] PluginManage:359 - Loaded plugin pinoutconfig (category:base,tabindex:0)
2024-06-23 14:41:05,953 [INFO] PluginManage:310 - Check plugin power
2024-06-23 14:41:05,969 [INFO] PluginManage:359 - Loaded plugin power (category:power,tabindex:4)
2024-06-23 14:41:05,969 [INFO] PluginManage:310 - Check plugin projectmanager
2024-06-23 14:41:05,981 [INFO] PluginManage:359 - Loaded plugin projectmanager (category:projectmanager,tabindex:3)
2024-06-23 14:41:05,981 [INFO] PluginManage:310 - Check plugin thirdparty
2024-06-23 16:31:24,687 [INFO] Activator:176 - 


2024-06-23 16:31:24,690 [INFO] Activator:177 - !SESSION log4j initialized
2024-06-23 16:31:29,443 [INFO] LogOutputStream:77 - [STDOUT_REDIRECT] 
2024-06-23 16:31:29,733 [ERROR] ConfigurationRetriever:142 - IOException on connection: sw-center.st.com
2024-06-23 16:31:29,735 [ERROR] ConfigurationRetriever:142 - IOException on connection: sw-center.st.com
2024-06-23 16:31:29,735 [ERROR] ConfigurationRetriever:142 - IOException on connection: sw-center.st.com
2024-06-23 16:31:30,160 [INFO] ApplicationProperties:184 - Using Application install path: C:\ST\STM32CubeIDE_1.13.1\STM32CubeIDE\plugins\com.st.stm32cube.common.mx_6.9.1.202307191849
2024-06-23 16:31:30,183 [INFO] DbMcusXml:78 - Set database path to: C:\ST\STM32CubeIDE_1.13.1\STM32CubeIDE\plugins\com.st.stm32cube.common.mx_6.9.1.202307191849\\db\/mcu/
2024-06-23 16:31:30,183 [INFO] ApiDb:274 - Set plugin database path to: C:\ST\STM32CubeIDE_1.13.1\STM32CubeIDE\plugins\com.st.stm32cube.common.mx_6.9.1.202307191849\\db\/plugins/boardmanager/
2024-06-23 16:31:30,184 [WARN] ApiDb:259 - Overriding images path with different value:  => C:\ST\STM32CubeIDE_1.13.1\STM32CubeIDE\plugins\com.st.stm32cube.common.mx_6.9.1.202307191849\\db\/plugins/mcufinder/images/
2024-06-23 16:31:30,195 [INFO] ApiDb:250 - Set database path to: C:\Users\kunal\.stmcufinder\plugins\mcufinder//mcu/
2024-06-23 16:31:30,197 [INFO] DbMcusAds:125 - Set database path to: C:\Users\kunal\.stmcufinder\plugins\mcufinder//mcu/
2024-06-23 16:31:30,201 [INFO] CrossReferenceDbSqlite:203 - Set database path to: C:\Users\kunal\.stmcufinder\plugins\mcufinder//mcu/cs/
2024-06-23 16:31:30,370 [INFO] RulesReader:64 - Compatibility file has been processed (293 Rules)
2024-06-23 16:31:30,474 [INFO] DbMcusXml:78 - Set database path to: C:\ST\STM32CubeIDE_1.13.1\STM32CubeIDE\plugins\com.st.stm32cube.common.mx_6.9.1.202307191849\\db\/mcu/
2024-06-23 16:31:30,474 [INFO] ApiDb:274 - Set plugin database path to: C:\ST\STM32CubeIDE_1.13.1\STM32CubeIDE\plugins\com.st.stm32cube.common.mx_6.9.1.202307191849\\db\/plugins/boardmanager/
2024-06-23 16:31:30,475 [INFO] ApiDb:261 - Set plugin images path to: C:\ST\STM32CubeIDE_1.13.1\STM32CubeIDE\plugins\com.st.stm32cube.common.mx_6.9.1.202307191849\\db\/plugins/mcufinder/images/
2024-06-23 16:31:30,475 [WARN] DbFile:41 - Overriding database path with different value: C:\Users\kunal\.stmcufinder\plugins\mcufinder/ => C:\Users\kunal\.stmcufinder\plugins\mcufinder
2024-06-23 16:31:30,475 [INFO] ApiDb:250 - Set database path to: C:\Users\kunal\.stmcufinder\plugins\mcufinder//mcu/
2024-06-23 16:31:30,475 [WARN] DbFile:41 - Overriding database path with different value: C:\Users\kunal\.stmcufinder\plugins\mcufinder/ => C:\Users\kunal\.stmcufinder\plugins\mcufinder
2024-06-23 16:31:30,475 [INFO] DbMcusAds:125 - Set database path to: C:\Users\kunal\.stmcufinder\plugins\mcufinder//mcu/
2024-06-23 16:31:30,475 [WARN] DbFile:41 - Overriding database path with different value: C:\Users\kunal\.stmcufinder\plugins\mcufinder/ => C:\Users\kunal\.stmcufinder\plugins\mcufinder
2024-06-23 16:31:30,475 [WARN] DbFile:41 - Overriding database path with different value: C:\Users\kunal\.stmcufinder\plugins\mcufinder/ => C:\Users\kunal\.stmcufinder\plugins\mcufinder
2024-06-23 16:31:30,476 [INFO] CrossReferenceDbSqlite:203 - Set database path to: C:\Users\kunal\.stmcufinder\plugins\mcufinder//mcu/cs/
2024-06-23 16:31:30,563 [INFO] MainPanel:262 - HeapMemory: 268435456
2024-06-23 16:31:30,676 [INFO] DbMcusXml:78 - Set database path to: C:\ST\STM32CubeIDE_1.13.1\STM32CubeIDE\plugins\com.st.stm32cube.common.mx_6.9.1.202307191849\\db\/mcu/
2024-06-23 16:31:30,677 [INFO] ApiDb:274 - Set plugin database path to: C:\ST\STM32CubeIDE_1.13.1\STM32CubeIDE\plugins\com.st.stm32cube.common.mx_6.9.1.202307191849\\db\/plugins/boardmanager/
2024-06-23 16:31:30,677 [INFO] ApiDb:261 - Set plugin images path to: C:\ST\STM32CubeIDE_1.13.1\STM32CubeIDE\plugins\com.st.stm32cube.common.mx_6.9.1.202307191849\\db\/plugins/mcufinder/images/
2024-06-23 16:31:30,677 [WARN] DbFile:41 - Overriding database path with different value: C:\Users\kunal\.stmcufinder\plugins\mcufinder/ => C:\Users\kunal\.stmcufinder\plugins\mcufinder
2024-06-23 16:31:30,677 [INFO] ApiDb:250 - Set database path to: C:\Users\kunal\.stmcufinder\plugins\mcufinder//mcu/
2024-06-23 16:31:30,678 [WARN] DbFile:41 - Overriding database path with different value: C:\Users\kunal\.stmcufinder\plugins\mcufinder/ => C:\Users\kunal\.stmcufinder\plugins\mcufinder
2024-06-23 16:31:30,678 [INFO] DbMcusAds:125 - Set database path to: C:\Users\kunal\.stmcufinder\plugins\mcufinder//mcu/
2024-06-23 16:31:30,678 [WARN] DbFile:41 - Overriding database path with different value: C:\Users\kunal\.stmcufinder\plugins\mcufinder/ => C:\Users\kunal\.stmcufinder\plugins\mcufinder
2024-06-23 16:31:30,678 [WARN] DbFile:41 - Overriding database path with different value: C:\Users\kunal\.stmcufinder\plugins\mcufinder/ => C:\Users\kunal\.stmcufinder\plugins\mcufinder
2024-06-23 16:31:30,678 [INFO] CrossReferenceDbSqlite:203 - Set database path to: C:\Users\kunal\.stmcufinder\plugins\mcufinder//mcu/cs/
2024-06-23 16:31:30,700 [INFO] ApplicationProperties:184 - Using Application install path: C:\ST\STM32CubeIDE_1.13.1\STM32CubeIDE\plugins\com.st.stm32cube.common.mx_6.9.1.202307191849
2024-06-23 16:31:30,702 [INFO] PluginManage:196 - Search for loadable plugins [exclusion list=, ]
2024-06-23 16:31:30,703 [INFO] PluginManage:310 - Check plugin analytics
2024-06-23 16:31:30,898 [INFO] AnalyticsPlugin:253 - Accepted Software Licenses: 
2024-06-23 16:31:30,898 [INFO] AnalyticsPlugin:255 - Accepted CMSIS Pack Licenses: 
2024-06-23 16:31:30,898 [INFO] AnalyticsPlugin:257 - Accepted Firmware Licenses: FW.F4.1.27.0
2024-06-23 16:31:30,901 [INFO] PluginManage:359 - Loaded plugin analytics (category:tool,tabindex:-1)
2024-06-23 16:31:30,901 [INFO] PluginManage:310 - Check plugin cadmodel
2024-06-23 16:31:30,901 [ERROR] ConfigurationRetriever:142 - IOException on connection: sw-center.st.com
2024-06-23 16:31:30,902 [ERROR] ConfigurationRetriever:142 - IOException on connection: sw-center.st.com
2024-06-23 16:31:30,902 [ERROR] ConfigurationRetriever:142 - IOException on connection: sw-center.st.com
2024-06-23 16:31:30,906 [INFO] CADModel:105 - Init CAD model plugin
2024-06-23 16:31:30,907 [INFO] PluginManage:359 - Loaded plugin cadmodel (category:power,tabindex:5)
2024-06-23 16:31:30,907 [INFO] PluginManage:310 - Check plugin clock
2024-06-23 16:31:30,917 [INFO] PluginManage:359 - Loaded plugin clock (category:base,tabindex:2)
2024-06-23 16:31:30,918 [INFO] PluginManage:310 - Check plugin ddr
2024-06-23 16:31:30,920 [INFO] PluginManage:359 - Loaded plugin ddr (category:tool,tabindex:6)
2024-06-23 16:31:30,920 [INFO] PluginManage:310 - Check plugin filemanager
2024-06-23 16:31:31,066 [INFO] PluginManage:359 - Loaded plugin filemanager (category:base,tabindex:10)
2024-06-23 16:31:31,066 [INFO] PluginManage:310 - Check plugin ipmanager
2024-06-23 16:31:31,075 [INFO] PluginManage:359 - Loaded plugin ipmanager (category:base,tabindex:5)
2024-06-23 16:31:31,075 [INFO] PluginManage:310 - Check plugin lpbam
2024-06-23 16:31:31,086 [INFO] PluginManage:359 - Loaded plugin lpbam (category:base,tabindex:0)
2024-06-23 16:31:31,086 [INFO] PluginManage:310 - Check plugin memorymap
2024-06-23 16:31:31,102 [INFO] PluginManage:359 - Loaded plugin memorymap (category:base,tabindex:4)
2024-06-23 16:31:31,102 [INFO] PluginManage:310 - Check plugin pinoutandconfiguration
2024-06-23 16:31:31,112 [INFO] PluginManage:359 - Loaded plugin pinoutandconfiguration (category:base,tabindex:1)
2024-06-23 16:31:31,112 [INFO] PluginManage:310 - Check plugin pinoutconfig
2024-06-23 16:31:31,216 [WARN] SupportedApi:132 - Cannot load RTOS API schema: s4s-elt-must-match.1: The content of 'definitions' must match (annotation?, (simpleType | complexType)?, (unique | key | keyref)*)). A problem was found starting at: attribute.
2024-06-23 16:31:31,373 [INFO] PluginManage:359 - Loaded plugin pinoutconfig (category:base,tabindex:0)
2024-06-23 16:31:31,374 [INFO] PluginManage:310 - Check plugin power
2024-06-23 16:31:31,388 [INFO] PluginManage:359 - Loaded plugin power (category:power,tabindex:4)
2024-06-23 16:31:31,388 [INFO] PluginManage:310 - Check plugin projectmanager
2024-06-23 16:31:31,405 [INFO] PluginManage:359 - Loaded plugin projectmanager (category:projectmanager,tabindex:3)
2024-06-23 16:31:31,405 [INFO] PluginManage:310 - Check plugin thirdparty
2024-06-23 16:31:31,652 [INFO] PluginManage:359 - Loaded plugin thirdparty (category:base,tabindex:-1)
2024-06-23 16:31:31,652 [WARN] IntegrityCheckThread:84 - waiting for thirdparty lock release [integrity check]
2024-06-23 16:31:31,652 [INFO] IntegrityCheckThread:86 - entering critical section [integrity check]
2024-06-23 16:31:31,652 [INFO] PluginManage:310 - Check plugin tools
2024-06-23 16:31:31,653 [INFO] ThirdPartyUpdaterWithRetryManager:70 - Updater plugin not ready yet. [1/15]
2024-06-23 16:31:31,695 [INFO] PluginManage:359 - Loaded plugin tools (category:base,tabindex:7)
2024-06-23 16:31:31,695 [INFO] PluginManage:310 - Check plugin tutovideos
2024-06-23 16:31:31,912 [INFO] PluginManage:359 - Loaded plugin tutovideos (category:base,tabindex:-1)
2024-06-23 16:31:31,912 [INFO] PluginManage:310 - Check plugin updater
2024-06-23 16:31:31,925 [INFO] PluginManage:359 - Loaded plugin updater (category:base,tabindex:12)
2024-06-23 16:31:31,925 [INFO] PluginManage:310 - Check plugin userauth
2024-06-23 16:31:31,931 [INFO] UserAuth:113 - Init User Auth plugin
2024-06-23 16:31:31,931 [INFO] PluginManage:359 - Loaded plugin userauth (category:base,tabindex:14)
2024-06-23 16:31:31,932 [INFO] PluginManage:283 - PluginManage : Loaded plugins [17]
2024-06-23 16:31:32,188 [INFO] PinOutPanel:1499 - setPackage(No Configuration,No Configuration)
2024-06-23 16:31:32,322 [INFO] CADModel:165 - CPN selected for project level
2024-06-23 16:31:32,322 [INFO] CADModel:114 - Register for checkConnection events
2024-06-23 16:31:32,349 [INFO] IPUIPlugin:80 - create IPUIPlugin
2024-06-23 16:31:32,349 [INFO] PluginManager:220 - loadIPPluginJar : add adc
2024-06-23 16:31:32,385 [INFO] IPUIPlugin:80 - create IPUIPlugin
2024-06-23 16:31:32,385 [INFO] PluginManager:220 - loadIPPluginJar : add aes
2024-06-23 16:31:32,429 [INFO] IPUIPlugin:80 - create IPUIPlugin
2024-06-23 16:31:32,429 [INFO] PluginManager:220 - loadIPPluginJar : add can
2024-06-23 16:31:32,453 [INFO] IPUIPlugin:80 - create IPUIPlugin
2024-06-23 16:31:32,453 [INFO] PluginManager:220 - loadIPPluginJar : add comp
2024-06-23 16:31:32,485 [INFO] IPUIPlugin:80 - create IPUIPlugin
2024-06-23 16:31:32,485 [INFO] PluginManager:220 - loadIPPluginJar : add cryp
2024-06-23 16:31:32,517 [INFO] IPUIPlugin:80 - create IPUIPlugin
2024-06-23 16:31:32,518 [INFO] PluginManager:220 - loadIPPluginJar : add dfsdm
2024-06-23 16:31:32,533 [INFO] IPUIPlugin:80 - create IPUIPlugin
2024-06-23 16:31:32,534 [INFO] PluginManager:220 - loadIPPluginJar : add dma
2024-06-23 16:31:32,579 [INFO] IPUIPlugin:80 - create IPUIPlugin
2024-06-23 16:31:32,579 [INFO] PluginManager:220 - loadIPPluginJar : add dma3
2024-06-23 16:31:32,601 [INFO] IPUIPlugin:80 - create IPUIPlugin
2024-06-23 16:31:32,601 [INFO] PluginManager:220 - loadIPPluginJar : add fatfs
2024-06-23 16:31:32,651 [INFO] IPUIPlugin:80 - create IPUIPlugin
2024-06-23 16:31:32,651 [INFO] PluginManager:220 - loadIPPluginJar : add fmc
2024-06-23 16:31:32,668 [INFO] IPUIPlugin:80 - create IPUIPlugin
2024-06-23 16:31:32,668 [INFO] PluginManager:220 - loadIPPluginJar : add freertos
2024-06-23 16:31:32,691 [INFO] IPUIPlugin:80 - create IPUIPlugin
2024-06-23 16:31:32,691 [INFO] PluginManager:220 - loadIPPluginJar : add genericplugin
2024-06-23 16:31:32,791 [INFO] IPUIPlugin:80 - create IPUIPlugin
2024-06-23 16:31:32,791 [INFO] PluginManager:220 - loadIPPluginJar : add gfxmmu
2024-06-23 16:31:32,927 [INFO] IPUIPlugin:80 - create IPUIPlugin
2024-06-23 16:31:32,927 [INFO] PluginManager:220 - loadIPPluginJar : add gic
2024-06-23 16:31:32,944 [INFO] IPUIPlugin:80 - create IPUIPlugin
2024-06-23 16:31:32,944 [INFO] PluginManager:220 - loadIPPluginJar : add gpio
2024-06-23 16:31:33,043 [INFO] IPUIPlugin:80 - create IPUIPlugin
2024-06-23 16:31:33,043 [INFO] PluginManager:220 - loadIPPluginJar : add gtzc
2024-06-23 16:31:33,074 [INFO] IPUIPlugin:80 - create IPUIPlugin
2024-06-23 16:31:33,074 [INFO] PluginManager:220 - loadIPPluginJar : add hash
2024-06-23 16:31:33,126 [INFO] IPUIPlugin:80 - create IPUIPlugin
2024-06-23 16:31:33,126 [INFO] PluginManager:220 - loadIPPluginJar : add i2c
2024-06-23 16:31:33,166 [INFO] IPUIPlugin:80 - create IPUIPlugin
2024-06-23 16:31:33,166 [INFO] PluginManager:220 - loadIPPluginJar : add i2s
2024-06-23 16:31:33,211 [INFO] IPUIPlugin:80 - create IPUIPlugin
2024-06-23 16:31:33,211 [INFO] PluginManager:220 - loadIPPluginJar : add i3c
2024-06-23 16:31:33,315 [INFO] IPUIPlugin:80 - create IPUIPlugin
2024-06-23 16:31:33,315 [INFO] PluginManager:220 - loadIPPluginJar : add ipddr
2024-06-23 16:31:33,423 [INFO] IPUIPlugin:80 - create IPUIPlugin
2024-06-23 16:31:33,423 [INFO] PluginManager:220 - loadIPPluginJar : add linkedlist
2024-06-23 16:31:33,459 [INFO] IPUIPlugin:80 - create IPUIPlugin
2024-06-23 16:31:33,459 [INFO] PluginManager:220 - loadIPPluginJar : add lorawan
2024-06-23 16:31:33,495 [INFO] IPUIPlugin:80 - create IPUIPlugin
2024-06-23 16:31:33,496 [INFO] PluginManager:220 - loadIPPluginJar : add ltdc
2024-06-23 16:31:33,510 [INFO] IPUIPlugin:80 - create IPUIPlugin
2024-06-23 16:31:33,510 [INFO] PluginManager:220 - loadIPPluginJar : add mdma
2024-06-23 16:31:33,523 [INFO] IPUIPlugin:80 - create IPUIPlugin
2024-06-23 16:31:33,523 [INFO] PluginManager:220 - loadIPPluginJar : add nvic
2024-06-23 16:31:33,561 [INFO] IPUIPlugin:80 - create IPUIPlugin
2024-06-23 16:31:33,561 [INFO] PluginManager:220 - loadIPPluginJar : add opamp
2024-06-23 16:31:33,621 [INFO] IPUIPlugin:80 - create IPUIPlugin
2024-06-23 16:31:33,621 [INFO] PluginManager:220 - loadIPPluginJar : add openamp
2024-06-23 16:31:33,664 [INFO] IPUIPlugin:80 - create IPUIPlugin
2024-06-23 16:31:33,664 [INFO] PluginManager:220 - loadIPPluginJar : add pdm2pcm
2024-06-23 16:31:33,679 [INFO] IPUIPlugin:80 - create IPUIPlugin
2024-06-23 16:31:33,681 [INFO] PluginManager:220 - loadIPPluginJar : add plateformsettings
2024-06-23 16:31:33,705 [INFO] IPUIPlugin:80 - create IPUIPlugin
2024-06-23 16:31:33,705 [INFO] PluginManager:220 - loadIPPluginJar : add quadspi
2024-06-23 16:31:33,718 [INFO] IPUIPlugin:80 - create IPUIPlugin
2024-06-23 16:31:33,718 [INFO] PluginManager:220 - loadIPPluginJar : add resmgrutility
2024-06-23 16:31:33,777 [INFO] IPUIPlugin:80 - create IPUIPlugin
2024-06-23 16:31:33,777 [INFO] PluginManager:220 - loadIPPluginJar : add sai
2024-06-23 16:31:33,823 [INFO] IPUIPlugin:80 - create IPUIPlugin
2024-06-23 16:31:33,824 [INFO] PluginManager:220 - loadIPPluginJar : add spi
2024-06-23 16:31:33,895 [INFO] IPUIPlugin:80 - create IPUIPlugin
2024-06-23 16:31:33,895 [INFO] PluginManager:220 - loadIPPluginJar : add stm32_wpan
2024-06-23 16:31:33,918 [INFO] IPUIPlugin:80 - create IPUIPlugin
2024-06-23 16:31:33,919 [INFO] PluginManager:220 - loadIPPluginJar : add tim
2024-06-23 16:31:33,974 [INFO] IPUIPlugin:80 - create IPUIPlugin
2024-06-23 16:31:33,975 [INFO] PluginManager:220 - loadIPPluginJar : add touchsensing
2024-06-23 16:31:34,000 [INFO] IPUIPlugin:80 - create IPUIPlugin
2024-06-23 16:31:34,000 [INFO] PluginManager:220 - loadIPPluginJar : add tracer_emb
2024-06-23 16:31:34,026 [INFO] IPUIPlugin:80 - create IPUIPlugin
2024-06-23 16:31:34,026 [INFO] PluginManager:220 - loadIPPluginJar : add ts
2024-06-23 16:31:34,049 [INFO] IPUIPlugin:80 - create IPUIPlugin
2024-06-23 16:31:34,049 [INFO] PluginManager:220 - loadIPPluginJar : add tsc
2024-06-23 16:31:34,074 [INFO] IPUIPlugin:80 - create IPUIPlugin
2024-06-23 16:31:34,074 [INFO] PluginManager:220 - loadIPPluginJar : add ucpd
2024-06-23 16:31:34,121 [INFO] IPUIPlugin:80 - create IPUIPlugin
2024-06-23 16:31:34,123 [INFO] PluginManager:220 - loadIPPluginJar : add usart
2024-06-23 16:31:34,170 [INFO] IPUIPlugin:80 - create IPUIPlugin
2024-06-23 16:31:34,170 [INFO] PluginManager:220 - loadIPPluginJar : add usbx
2024-06-23 16:31:34,293 [INFO] CADModel:165 - CPN selected for project level
2024-06-23 16:31:34,293 [INFO] CADModel:114 - Register for checkConnection events
2024-06-23 16:31:34,293 [FATAL] Updater:308 - Updater called before beeing initialized
2024-06-23 16:31:34,293 [ERROR] CADModel:125 - Updater not yet initialized, retry later 
2024-06-23 16:31:34,457 [INFO] CADModel:165 - CPN selected for project level
2024-06-23 16:31:34,457 [INFO] CADModel:114 - Register for checkConnection events
2024-06-23 16:31:34,457 [FATAL] Updater:308 - Updater called before beeing initialized
2024-06-23 16:31:34,457 [ERROR] CADModel:125 - Updater not yet initialized, retry later 
2024-06-23 16:31:34,460 [FATAL] Updater:308 - Updater called before beeing initialized
2024-06-23 16:31:34,565 [FATAL] Updater:308 - Updater called before beeing initialized
2024-06-23 16:31:34,576 [INFO] DbMcusAds:53 - JSON generation date=Thu May 16 14:52:00 IST 2024 (1715851320852)
2024-06-23 16:31:34,576 [FATAL] Updater:308 - Updater called before beeing initialized
2024-06-23 16:31:34,656 [INFO] ThirdPartyUpdaterWithRetryManager:70 - Updater plugin not ready yet. [2/15]
2024-06-23 16:31:34,660 [WARN] DetailPanel:346 - Failed to get advertising image, set to default
2024-06-23 16:31:34,764 [FATAL] Updater:308 - Updater called before beeing initialized
2024-06-23 16:31:34,765 [FATAL] Updater:308 - Updater called before beeing initialized
2024-06-23 16:31:34,766 [FATAL] Updater:308 - Updater called before beeing initialized
2024-06-23 16:31:34,766 [WARN] DetailPanel:346 - Failed to get advertising image, set to default
2024-06-23 16:31:34,766 [FATAL] Updater:308 - Updater called before beeing initialized
2024-06-23 16:31:34,822 [ERROR] Updater:1120 - MainUpdater not yet initialized. External WinMGr cannot be set.
2024-06-23 16:31:34,834 [INFO] Updater:1056 - Updater Version found : 6.9.1
2024-06-23 16:31:34,855 [INFO] ApplicationProperties:184 - Using Application install path: C:\ST\STM32CubeIDE_1.13.1\STM32CubeIDE\plugins\com.st.stm32cube.common.mx_6.9.1.202307191849
2024-06-23 16:31:34,975 [ERROR] ServerAccessManage:1146 - Warning during Server Connection :  Unknown host sw-center.st.com
2024-06-23 16:31:34,978 [INFO] MainUpdater:2868 - connection check result : 22
2024-06-23 16:31:34,979 [INFO] MainUpdater:285 - Updater Check For Update Now.
2024-06-23 16:31:34,979 [INFO] MicroXplorer:498 - Change Database Version : DB.6.0.91
2024-06-23 16:31:35,002 [INFO] McuFinderGlobals:63 - Set McuFinder mode to 2 (CubeIDE integrated)
2024-06-23 16:31:35,002 [INFO] UserAuth:179 - activating auth plugin
2024-06-23 16:31:35,004 [INFO] UserAuth:393 - Internet connection configuration mode: 2
2024-06-23 16:31:35,196 [INFO] CheckServerUpdateThread:120 - End of CheckServer Thread
2024-06-23 16:31:37,953 [WARN] PackLoader:240 - Cannot read IP mode file for STMicroelectronics.FP-SNS-MOTENVWB1.1.4.0
2024-06-23 16:31:37,977 [WARN] PackLoader:240 - Cannot read IP mode file for STMicroelectronics.X-CUBE-SMBUS.2.1.0
2024-06-23 16:31:37,995 [WARN] PackLoader:240 - Cannot read IP mode file for STMicroelectronics.X-CUBE-TOUCHGFX.4.23.0
2024-06-23 16:31:38,010 [WARN] PackLoader:240 - Cannot read IP mode file for STMicroelectronics.X-CUBE-TOUCHGFX.4.23.2
2024-06-23 16:31:38,073 [WARN] PackLoader:240 - Cannot read IP mode file for STMicroelectronics.X-CUBE-AZRTOS-F7.1.1.0
2024-06-23 16:31:38,097 [WARN] PackLoader:240 - Cannot read IP mode file for STMicroelectronics.FP-SNS-MOTENV1.4.3.2
2024-06-23 16:31:38,119 [WARN] PackLoader:240 - Cannot read IP mode file for STMicroelectronics.FP-SNS-FLIGHT1.5.0.2
2024-06-23 16:31:38,140 [WARN] PackLoader:240 - Cannot read IP mode file for STMicroelectronics.X-CUBE-DISPLAY.3.0.0
2024-06-23 16:31:38,168 [WARN] PackLoader:240 - Cannot read IP mode file for STMicroelectronics.X-CUBE-BLE1.7.0.0
2024-06-23 16:31:38,186 [WARN] PackLoader:240 - Cannot read IP mode file for emotas.I-CUBE-CANOPEN.1.3.0
2024-06-23 16:31:38,203 [WARN] PackLoader:240 - Cannot read IP mode file for STMicroelectronics.X-CUBE-TOUCHGFX.4.22.0
2024-06-23 16:31:38,218 [WARN] PackLoader:240 - Cannot read IP mode file for STMicroelectronics.X-CUBE-TOUCHGFX.4.22.1
2024-06-23 16:31:38,243 [WARN] PackLoader:240 - Cannot read IP mode file for STMicroelectronics.X-CUBE-BLEMGR.3.1.0
2024-06-23 16:31:38,263 [WARN] PackLoader:240 - Cannot read IP mode file for STMicroelectronics.FP-SNS-SMARTAG2.1.2.0
2024-06-23 16:31:38,293 [INFO] LogOutputStream:77 - [STDOUT_REDIRECT] 1 : Invalid condition id : UX_CORESTACK_Condition cause : null
2024-06-23 16:31:38,294 [INFO] LogOutputStream:77 - [STDOUT_REDIRECT] 1 : Invalid condition id : UX_CORESTACK_Condition cause : null
2024-06-23 16:31:38,296 [INFO] LogOutputStream:77 - [STDOUT_REDIRECT] 1 : Invalid condition id : UX_CORESTACK_Condition cause : null
2024-06-23 16:31:38,297 [INFO] LogOutputStream:77 - [STDOUT_REDIRECT] 1 : Invalid condition id : UX_CORESTACK_Condition cause : null
2024-06-23 16:31:38,298 [INFO] LogOutputStream:77 - [STDOUT_REDIRECT] 1 : Invalid condition id : UX_CORESTACK_Condition cause : null
2024-06-23 16:31:38,304 [WARN] PackLoader:240 - Cannot read IP mode file for STMicroelectronics.X-CUBE-AZRTOS-WL.2.0.0
2024-06-23 16:31:38,343 [WARN] PackLoader:240 - Cannot read IP mode file for STMicroelectronics.FP-SNS-MOTENV1.5.0.0
2024-06-23 16:31:38,364 [WARN] PackLoader:240 - Cannot read IP mode file for wolfSSL.I-CUBE-wolfMQTT.1.19.0
2024-06-23 16:31:38,395 [WARN] PackLoader:240 - Cannot read IP mode file for WES.I-CUBE-Cesium.1.3.0
2024-06-23 16:31:38,420 [WARN] PackLoader:240 - Cannot read IP mode file for STMicroelectronics.X-CUBE-BLE2.3.3.0
2024-06-23 16:31:38,436 [WARN] PackLoader:240 - Cannot read IP mode file for STMicroelectronics.X-CUBE-TCPP.4.1.0
2024-06-23 16:31:38,456 [WARN] PackLoader:240 - Cannot read IP mode file for STMicroelectronics.X-CUBE-ALGOBUILD.1.3.0
2024-06-23 16:31:38,491 [WARN] PackLoader:240 - Cannot read IP mode file for STMicroelectronics.X-CUBE-AZRTOS-G0.1.1.0
2024-06-23 16:31:38,512 [WARN] PackLoader:240 - Cannot read IP mode file for STMicroelectronics.X-CUBE-SAFEA1.1.2.2
2024-06-23 16:31:38,529 [WARN] PackLoader:240 - Cannot read IP mode file for STMicroelectronics.X-CUBE-NFC4.3.0.0
2024-06-23 16:31:38,550 [WARN] PackLoader:240 - Cannot read IP mode file for STMicroelectronics.X-CUBE-BLEMGR.3.0.0
2024-06-23 16:31:38,569 [WARN] PackLoader:240 - Cannot read IP mode file for STMicroelectronics.FP-ATR-SIGFOX1.3.2.0
2024-06-23 16:31:38,587 [WARN] PackLoader:240 - Cannot read IP mode file for STMicroelectronics.X-CUBE-EEPRMA1.5.1.0
2024-06-23 16:31:38,632 [WARN] PackLoader:240 - Cannot read IP mode file for SEGGER.I-CUBE-embOS.1.3.1
2024-06-23 16:31:38,697 [WARN] PackLoader:240 - Cannot read IP mode file for STMicroelectronics.X-CUBE-ALGOBUILD.1.4.0
2024-06-23 16:31:38,714 [WARN] PackLoader:240 - Cannot read IP mode file for STMicroelectronics.X-CUBE-GNSS1.6.0.0
2024-06-23 16:31:38,749 [WARN] PackLoader:240 - Cannot read IP mode file for STMicroelectronics.X-CUBE-AZRTOS-F4.1.1.0
2024-06-23 16:31:38,766 [WARN] PackLoader:240 - Cannot read IP mode file for wolfSSL.I-CUBE-wolfSSL.5.6.3
2024-06-23 16:31:38,783 [WARN] PackLoader:240 - Cannot read IP mode file for STMicroelectronics.X-CUBE-FREERTOS.1.2.0
2024-06-23 16:31:38,820 [WARN] PackLoader:240 - Cannot read IP mode file for STMicroelectronics.X-CUBE-AZRTOS-L5.2.0.0
2024-06-23 16:31:38,888 [WARN] PackLoader:240 - Cannot read IP mode file for STMicroelectronics.X-CUBE-MEMS1.9.6.0
2024-06-23 16:31:39,055 [WARN] PackLoader:240 - Cannot read IP mode file for STMicroelectronics.X-CUBE-EEPRMA1.4.2.0
2024-06-23 16:31:39,072 [WARN] PackLoader:240 - Cannot read IP mode file for STMicroelectronics.X-CUBE-NFC6.3.1.0
2024-06-23 16:31:39,090 [WARN] PackLoader:240 - Cannot read IP mode file for ITTIA_DB.I-CUBE-ITTIADB.8.8.0
2024-06-23 16:31:39,108 [WARN] PackLoader:240 - Cannot read IP mode file for STMicroelectronics.X-CUBE-BLEMGR.2.0.0
2024-06-23 16:31:39,124 [WARN] PackLoader:240 - Cannot read IP mode file for STMicroelectronics.X-CUBE-AI.9.0.0
2024-06-23 16:31:39,154 [WARN] ConditionMgr:438 - getConditionDescription Invalid condition id : UX DEVICE CLASS RTOS Condition cause : null
2024-06-23 16:31:39,155 [WARN] ConditionMgr:438 - getConditionDescription Invalid condition id : UX DEVICE CLASS RTOS Condition cause : null
2024-06-23 16:31:39,157 [WARN] PackLoader:240 - Cannot read IP mode file for STMicroelectronics.X-CUBE-AZRTOS-H7.3.1.0
2024-06-23 16:31:39,158 [WARN] ConditionMgr:1039 - genDependencies : Invalid condition id : UX DEVICE CLASS RTOS Condition cause : null
2024-06-23 16:31:39,158 [WARN] ConditionMgr:1039 - genDependencies : Invalid condition id : UX DEVICE CLASS RTOS Condition cause : null
2024-06-23 16:31:39,159 [WARN] ConditionMgr:1039 - genDependencies : Invalid condition id : UX DEVICE CLASS RTOS Condition cause : null
2024-06-23 16:31:39,159 [WARN] ConditionMgr:1039 - genDependencies : Invalid condition id : UX DEVICE CLASS RTOS Condition cause : null
2024-06-23 16:31:39,160 [WARN] ConditionMgr:1039 - genDependencies : Invalid condition id : UX DEVICE CLASS RTOS Condition cause : null
2024-06-23 16:31:39,175 [WARN] PackLoader:240 - Cannot read IP mode file for STMicroelectronics.X-CUBE-NFC7.1.0.1
2024-06-23 16:31:39,191 [WARN] PackLoader:240 - Cannot read IP mode file for STMicroelectronics.X-CUBE-NFC6.3.0.0
2024-06-23 16:31:39,207 [WARN] PackLoader:240 - Cannot read IP mode file for STMicroelectronics.X-CUBE-EEPRMA1.4.1.0
2024-06-23 16:31:39,224 [WARN] PackLoader:240 - Cannot read IP mode file for STMicroelectronics.X-CUBE-AI.8.1.0
2024-06-23 16:31:39,257 [WARN] ConditionMgr:438 - getConditionDescription Invalid condition id : LAN8742 Phy interface Condition cause : null
2024-06-23 16:31:39,258 [WARN] PackLoader:240 - Cannot read IP mode file for STMicroelectronics.X-CUBE-AZRTOS-L4.2.0.0
2024-06-23 16:31:39,259 [WARN] ConditionMgr:1039 - genDependencies : Invalid condition id : LAN8742 Phy interface Condition cause : null
2024-06-23 16:31:39,259 [WARN] ConditionMgr:1039 - genDependencies : Invalid condition id : LAN8742 Phy interface Condition cause : null
2024-06-23 16:31:39,259 [WARN] ConditionMgr:1039 - genDependencies : Invalid condition id : LAN8742 Phy interface Condition cause : null
2024-06-23 16:31:39,278 [WARN] PackLoader:240 - Cannot read IP mode file for STMicroelectronics.X-CUBE-SFXS2LP1.4.0.0
2024-06-23 16:31:39,295 [WARN] PackLoader:240 - Cannot read IP mode file for STMicroelectronics.X-CUBE-ISPU.1.1.0
2024-06-23 16:31:39,325 [WARN] ConditionMgr:438 - getConditionDescription Invalid condition id : UX DEVICE CLASS RTOS Condition cause : null
2024-06-23 16:31:39,325 [WARN] ConditionMgr:438 - getConditionDescription Invalid condition id : UX DEVICE CLASS RTOS Condition cause : null
2024-06-23 16:31:39,327 [WARN] PackLoader:240 - Cannot read IP mode file for STMicroelectronics.X-CUBE-AZRTOS-WB.2.0.0
2024-06-23 16:31:39,328 [WARN] ConditionMgr:1039 - genDependencies : Invalid condition id : UX DEVICE CLASS RTOS Condition cause : null
2024-06-23 16:31:39,329 [WARN] ConditionMgr:1039 - genDependencies : Invalid condition id : UX DEVICE CLASS RTOS Condition cause : null
2024-06-23 16:31:39,329 [WARN] ConditionMgr:1039 - genDependencies : Invalid condition id : UX DEVICE CLASS RTOS Condition cause : null
2024-06-23 16:31:39,329 [WARN] ConditionMgr:1039 - genDependencies : Invalid condition id : UX DEVICE CLASS RTOS Condition cause : null
2024-06-23 16:31:39,330 [WARN] ConditionMgr:1039 - genDependencies : Invalid condition id : UX DEVICE CLASS RTOS Condition cause : null
2024-06-23 16:31:39,345 [WARN] PackLoader:240 - Cannot read IP mode file for STMicroelectronics.X-CUBE-FREERTOS.1.0.1
2024-06-23 16:31:39,367 [WARN] PackLoader:240 - Cannot read IP mode file for STMicroelectronics.X-CUBE-SUBG2.5.0.0
2024-06-23 16:31:39,385 [WARN] PackLoader:240 - Cannot read IP mode file for Cesanta.I-CUBE-Mongoose.7.13.0
2024-06-23 16:31:39,418 [WARN] PackLoader:240 - Cannot read IP mode file for STMicroelectronics.X-CUBE-TOF1.3.3.1
2024-06-23 16:31:39,455 [WARN] PackLoader:240 - Cannot read IP mode file for STMicroelectronics.X-CUBE-AZRTOS-G4.2.0.0
2024-06-23 16:31:39,480 [WARN] PackLoader:240 - Cannot read IP mode file for Infineon.AIROC-Wi-Fi-Bluetooth-STM32.1.5.1
2024-06-23 16:31:39,497 [WARN] PackLoader:240 - Cannot read IP mode file for STMicroelectronics.FP-SNS-MOTENVWB1.1.3.1
2024-06-23 16:31:39,511 [WARN] PackLoader:240 - Cannot read IP mode file for STMicroelectronics.X-CUBE-ISPU.2.0.0
2024-06-23 16:31:39,526 [WARN] PackLoader:240 - Cannot read IP mode file for STMicroelectronics.X-CUBE-ALS.1.0.2
2024-06-23 16:31:39,578 [WARN] PackLoader:240 - Cannot read IP mode file for STMicroelectronics.X-CUBE-MEMS1.10.0.0
2024-06-23 16:31:39,700 [WARN] PackLoader:240 - Cannot read IP mode file for STMicroelectronics.X-CUBE-FREERTOS.1.1.0
2024-06-23 16:31:39,716 [WARN] PackLoader:240 - Cannot read IP mode file for portGmbH.I-Cube-SoM-uGOAL.1.1.0
2024-06-23 16:31:39,731 [WARN] PackLoader:240 - Cannot read IP mode file for STMicroelectronics.X-CUBE-ALS.1.0.1
2024-06-23 16:31:39,762 [WARN] PackLoader:240 - Cannot read IP mode file for STMicroelectronics.X-CUBE-AZRTOS-H7RS.1.0.0
2024-06-23 16:31:39,782 [WARN] PackLoader:240 - Cannot read IP mode file for STMicroelectronics.FP-ATR-ASTRA1.2.0.0
2024-06-23 16:31:39,807 [WARN] PackLoader:240 - Cannot read IP mode file for STMicroelectronics.X-CUBE-TOF1.3.4.0
2024-06-23 16:31:39,841 [WARN] PackLoader:240 - Cannot read IP mode file for STMicroelectronics.X-CUBE-TOF1.3.4.1
2024-06-23 16:31:39,884 [WARN] PackLoader:240 - Cannot read IP mode file for STMicroelectronics.X-CUBE-AZRTOS-H7.3.2.0
2024-06-23 16:31:39,887 [INFO] ThirdParty:978 - Integrity check success = true
2024-06-23 16:31:39,887 [INFO] IntegrityCheckThread:100 - exiting critical section [integrity check]
2024-06-23 16:31:39,888 [INFO] IntegrityCheckThread:103 - End integrity checks thread
2024-06-23 16:31:56,007 [ERROR] LogOutputStream:75 - [STDERR_REDIRECT] SLF4J: Failed to load class "org.slf4j.impl.StaticLoggerBinder".
2024-06-23 16:31:56,007 [ERROR] LogOutputStream:75 - [STDERR_REDIRECT] SLF4J: Defaulting to no-operation (NOP) logger implementation
2024-06-23 16:31:56,010 [ERROR] LogOutputStream:75 - [STDERR_REDIRECT] SLF4J: See http://www.slf4j.org/codes.html#StaticLoggerBinder for further details.
2024-06-23 16:33:07,525 [ERROR] ConfigurationRetriever:142 - IOException on connection: sw-center.st.com
2024-06-23 16:33:07,526 [ERROR] ConfigurationRetriever:142 - IOException on connection: sw-center.st.com
2024-06-23 16:33:07,526 [ERROR] ConfigurationRetriever:142 - IOException on connection: sw-center.st.com
2024-06-23 16:33:13,845 [ERROR] ConfigurationRetriever:142 - IOException on connection: sw-center.st.com
2024-06-23 16:33:13,846 [ERROR] ConfigurationRetriever:142 - IOException on connection: sw-center.st.com
2024-06-23 16:33:13,846 [ERROR] ConfigurationRetriever:142 - IOException on connection: sw-center.st.com
2024-06-23 16:33:16,187 [INFO] LogOutputStream:77 - [STDOUT_REDIRECT] launchbar: launch object added P/BSP
2024-06-23 16:33:16,190 [ERROR] LogOutputStream:75 - [STDERR_REDIRECT] Cannot invoke "org.eclipse.launchbar.core.internal.Activator.getBundle()" because "org.eclipse.launchbar.core.internal.Activator.plugin" is null
2024-06-23 16:33:16,191 [INFO] LogOutputStream:77 - [STDOUT_REDIRECT] launchbar: launch object added P/CMSISv2p00_LPC11xx
2024-06-23 16:33:16,192 [ERROR] LogOutputStream:75 - [STDERR_REDIRECT] Cannot invoke "org.eclipse.launchbar.core.internal.Activator.getBundle()" because "org.eclipse.launchbar.core.internal.Activator.plugin" is null
2024-06-23 16:33:16,193 [INFO] LogOutputStream:77 - [STDOUT_REDIRECT] launchbar: launch object added P/CORTEX-R4_TI_CCS5
2024-06-23 16:33:16,195 [ERROR] LogOutputStream:75 - [STDERR_REDIRECT] Cannot invoke "org.eclipse.launchbar.core.internal.Activator.getBundle()" because "org.eclipse.launchbar.core.internal.Activator.plugin" is null
2024-06-23 16:33:16,196 [INFO] LogOutputStream:77 - [STDOUT_REDIRECT] launchbar: launch object added P/CORTEX_M0+_LPC51U68_LPCXpresso
2024-06-23 16:33:16,197 [ERROR] LogOutputStream:75 - [STDERR_REDIRECT] Cannot invoke "org.eclipse.launchbar.core.internal.Activator.getBundle()" because "org.eclipse.launchbar.core.internal.Activator.plugin" is null
2024-06-23 16:33:16,198 [INFO] LogOutputStream:77 - [STDOUT_REDIRECT] launchbar: launch object added P/FreeRTOS
2024-06-23 16:33:16,201 [ERROR] LogOutputStream:75 - [STDERR_REDIRECT] Cannot invoke "org.eclipse.launchbar.core.internal.Activator.getBundle()" because "org.eclipse.launchbar.core.internal.Activator.plugin" is null
2024-06-23 16:33:16,202 [INFO] LogOutputStream:77 - [STDOUT_REDIRECT] launchbar: launch object added P/FreeRTOS-Simple-Demo
2024-06-23 16:33:16,203 [ERROR] LogOutputStream:75 - [STDERR_REDIRECT] Cannot invoke "org.eclipse.launchbar.core.internal.Activator.getBundle()" because "org.eclipse.launchbar.core.internal.Activator.plugin" is null
2024-06-23 16:33:16,204 [INFO] LogOutputStream:77 - [STDOUT_REDIRECT] launchbar: launch object added P/FreeRTOSDemo
2024-06-23 16:33:16,206 [ERROR] LogOutputStream:75 - [STDERR_REDIRECT] Cannot invoke "org.eclipse.launchbar.core.internal.Activator.getBundle()" because "org.eclipse.launchbar.core.internal.Activator.plugin" is null
2024-06-23 16:33:16,206 [INFO] LogOutputStream:77 - [STDOUT_REDIRECT] launchbar: launch object added P/FreeRTOS_Demo
2024-06-23 16:33:16,208 [ERROR] LogOutputStream:75 - [STDERR_REDIRECT] Cannot invoke "org.eclipse.launchbar.core.internal.Activator.getBundle()" because "org.eclipse.launchbar.core.internal.Activator.plugin" is null
2024-06-23 16:33:16,209 [INFO] LogOutputStream:77 - [STDOUT_REDIRECT] launchbar: launch object added P/Hardware
2024-06-23 16:33:16,210 [ERROR] LogOutputStream:75 - [STDERR_REDIRECT] Cannot invoke "org.eclipse.launchbar.core.internal.Activator.getBundle()" because "org.eclipse.launchbar.core.internal.Activator.plugin" is null
2024-06-23 16:33:16,211 [INFO] LogOutputStream:77 - [STDOUT_REDIRECT] launchbar: launch object added P/MPUDemo
2024-06-23 16:33:16,213 [ERROR] LogOutputStream:75 - [STDERR_REDIRECT] Cannot invoke "org.eclipse.launchbar.core.internal.Activator.getBundle()" because "org.eclipse.launchbar.core.internal.Activator.plugin" is null
2024-06-23 16:33:16,213 [INFO] LogOutputStream:77 - [STDOUT_REDIRECT] launchbar: launch object added P/MicroZed_hw_platform
2024-06-23 16:33:16,215 [ERROR] LogOutputStream:75 - [STDERR_REDIRECT] Cannot invoke "org.eclipse.launchbar.core.internal.Activator.getBundle()" because "org.eclipse.launchbar.core.internal.Activator.plugin" is null
2024-06-23 16:33:16,216 [INFO] LogOutputStream:77 - [STDOUT_REDIRECT] launchbar: launch object added P/RTOSDemo
2024-06-23 16:33:16,217 [ERROR] LogOutputStream:75 - [STDERR_REDIRECT] Cannot invoke "org.eclipse.launchbar.core.internal.Activator.getBundle()" because "org.eclipse.launchbar.core.internal.Activator.plugin" is null
2024-06-23 16:33:16,218 [INFO] LogOutputStream:77 - [STDOUT_REDIRECT] launchbar: launch object added P/RTOSDemo_A53
2024-06-23 16:33:16,219 [ERROR] LogOutputStream:75 - [STDERR_REDIRECT] Cannot invoke "org.eclipse.launchbar.core.internal.Activator.getBundle()" because "org.eclipse.launchbar.core.internal.Activator.plugin" is null
2024-06-23 16:33:16,220 [INFO] LogOutputStream:77 - [STDOUT_REDIRECT] launchbar: launch object added P/RTOSDemo_A53_bsp
2024-06-23 16:33:16,223 [ERROR] LogOutputStream:75 - [STDERR_REDIRECT] Cannot invoke "org.eclipse.launchbar.core.internal.Activator.getBundle()" because "org.eclipse.launchbar.core.internal.Activator.plugin" is null
2024-06-23 16:33:16,224 [INFO] LogOutputStream:77 - [STDOUT_REDIRECT] launchbar: launch object added P/RTOSDemo_GCC
2024-06-23 16:33:16,225 [ERROR] LogOutputStream:75 - [STDERR_REDIRECT] Cannot invoke "org.eclipse.launchbar.core.internal.Activator.getBundle()" because "org.eclipse.launchbar.core.internal.Activator.plugin" is null
2024-06-23 16:33:16,226 [INFO] LogOutputStream:77 - [STDOUT_REDIRECT] launchbar: launch object added P/RTOSDemo_R5
2024-06-23 16:33:16,228 [ERROR] LogOutputStream:75 - [STDERR_REDIRECT] Cannot invoke "org.eclipse.launchbar.core.internal.Activator.getBundle()" because "org.eclipse.launchbar.core.internal.Activator.plugin" is null
2024-06-23 16:33:16,228 [INFO] LogOutputStream:77 - [STDOUT_REDIRECT] launchbar: launch object added P/RTOSDemo_R5_bsp
2024-06-23 16:33:16,230 [ERROR] LogOutputStream:75 - [STDERR_REDIRECT] Cannot invoke "org.eclipse.launchbar.core.internal.Activator.getBundle()" because "org.eclipse.launchbar.core.internal.Activator.plugin" is null
2024-06-23 16:33:16,231 [INFO] LogOutputStream:77 - [STDOUT_REDIRECT] launchbar: launch object added P/RTOSDemo_Renesas
2024-06-23 16:33:16,233 [ERROR] LogOutputStream:75 - [STDERR_REDIRECT] Cannot invoke "org.eclipse.launchbar.core.internal.Activator.getBundle()" because "org.eclipse.launchbar.core.internal.Activator.plugin" is null
2024-06-23 16:33:16,233 [INFO] LogOutputStream:77 - [STDOUT_REDIRECT] launchbar: launch object added P/RTOSDemo_bsp
2024-06-23 16:33:16,235 [ERROR] LogOutputStream:75 - [STDERR_REDIRECT] Cannot invoke "org.eclipse.launchbar.core.internal.Activator.getBundle()" because "org.eclipse.launchbar.core.internal.Activator.plugin" is null
2024-06-23 16:33:16,235 [INFO] LogOutputStream:77 - [STDOUT_REDIRECT] launchbar: launch object added P/RTOSDemo_ri5cy
2024-06-23 16:33:16,237 [ERROR] LogOutputStream:75 - [STDERR_REDIRECT] Cannot invoke "org.eclipse.launchbar.core.internal.Activator.getBundle()" because "org.eclipse.launchbar.core.internal.Activator.plugin" is null
2024-06-23 16:33:16,238 [INFO] LogOutputStream:77 - [STDOUT_REDIRECT] launchbar: launch object added P/RTOSDemo_syslib
2024-06-23 16:33:16,239 [ERROR] LogOutputStream:75 - [STDERR_REDIRECT] Cannot invoke "org.eclipse.launchbar.core.internal.Activator.getBundle()" because "org.eclipse.launchbar.core.internal.Activator.plugin" is null
2024-06-23 16:33:16,240 [INFO] LogOutputStream:77 - [STDOUT_REDIRECT] launchbar: launch object added P/RTOSDemo_system
2024-06-23 16:33:16,242 [ERROR] LogOutputStream:75 - [STDERR_REDIRECT] Cannot invoke "org.eclipse.launchbar.core.internal.Activator.getBundle()" because "org.eclipse.launchbar.core.internal.Activator.plugin" is null
2024-06-23 16:33:16,242 [INFO] LogOutputStream:77 - [STDOUT_REDIRECT] launchbar: launch object added P/ZC702_hw_platform
2024-06-23 16:33:16,244 [ERROR] LogOutputStream:75 - [STDERR_REDIRECT] Cannot invoke "org.eclipse.launchbar.core.internal.Activator.getBundle()" because "org.eclipse.launchbar.core.internal.Activator.plugin" is null
2024-06-23 16:33:16,245 [INFO] LogOutputStream:77 - [STDOUT_REDIRECT] launchbar: launch object added P/ZynqMP_ZCU102_hw_platform
2024-06-23 16:33:16,246 [ERROR] LogOutputStream:75 - [STDERR_REDIRECT] Cannot invoke "org.eclipse.launchbar.core.internal.Activator.getBundle()" because "org.eclipse.launchbar.core.internal.Activator.plugin" is null
2024-06-23 16:33:16,247 [INFO] LogOutputStream:77 - [STDOUT_REDIRECT] launchbar: launch object added P/benchmark_wolfCrypt_RA6M3G
2024-06-23 16:33:16,248 [ERROR] LogOutputStream:75 - [STDERR_REDIRECT] Cannot invoke "org.eclipse.launchbar.core.internal.Activator.getBundle()" because "org.eclipse.launchbar.core.internal.Activator.plugin" is null
2024-06-23 16:33:16,249 [INFO] LogOutputStream:77 - [STDOUT_REDIRECT] launchbar: launch object added P/client_wolfSSL_RA6M3G
2024-06-23 16:33:16,251 [ERROR] LogOutputStream:75 - [STDERR_REDIRECT] Cannot invoke "org.eclipse.launchbar.core.internal.Activator.getBundle()" because "org.eclipse.launchbar.core.internal.Activator.plugin" is null
2024-06-23 16:33:16,252 [INFO] LogOutputStream:77 - [STDOUT_REDIRECT] launchbar: launch object added P/server_wolfSSL_RA6M3G
2024-06-23 16:33:16,253 [ERROR] LogOutputStream:75 - [STDERR_REDIRECT] Cannot invoke "org.eclipse.launchbar.core.internal.Activator.getBundle()" because "org.eclipse.launchbar.core.internal.Activator.plugin" is null
2024-06-23 16:33:16,254 [INFO] LogOutputStream:77 - [STDOUT_REDIRECT] launchbar: launch object added P/smc
2024-06-23 16:33:16,255 [ERROR] LogOutputStream:75 - [STDERR_REDIRECT] Cannot invoke "org.eclipse.launchbar.core.internal.Activator.getBundle()" because "org.eclipse.launchbar.core.internal.Activator.plugin" is null
2024-06-23 16:33:16,256 [INFO] LogOutputStream:77 - [STDOUT_REDIRECT] launchbar: launch object added P/test
2024-06-23 16:33:16,257 [ERROR] LogOutputStream:75 - [STDERR_REDIRECT] Cannot invoke "org.eclipse.launchbar.core.internal.Activator.getBundle()" because "org.eclipse.launchbar.core.internal.Activator.plugin" is null
2024-06-23 16:33:16,259 [INFO] LogOutputStream:77 - [STDOUT_REDIRECT] launchbar: launch object added P/test_wolfCrypt_RA6M3G
2024-06-23 16:33:16,260 [ERROR] LogOutputStream:75 - [STDERR_REDIRECT] Cannot invoke "org.eclipse.launchbar.core.internal.Activator.getBundle()" because "org.eclipse.launchbar.core.internal.Activator.plugin" is null
2024-06-23 16:33:16,261 [INFO] LogOutputStream:77 - [STDOUT_REDIRECT] launchbar: launch object added P/util_lib
2024-06-23 16:33:16,262 [ERROR] LogOutputStream:75 - [STDERR_REDIRECT] Cannot invoke "org.eclipse.launchbar.core.internal.Activator.getBundle()" because "org.eclipse.launchbar.core.internal.Activator.plugin" is null
2024-06-23 16:33:16,263 [INFO] LogOutputStream:77 - [STDOUT_REDIRECT] launchbar: launch object added P/wolfCrypt_example
2024-06-23 16:33:16,264 [ERROR] LogOutputStream:75 - [STDERR_REDIRECT] Cannot invoke "org.eclipse.launchbar.core.internal.Activator.getBundle()" because "org.eclipse.launchbar.core.internal.Activator.plugin" is null
2024-06-23 16:33:16,265 [INFO] LogOutputStream:77 - [STDOUT_REDIRECT] launchbar: launch object added P/wolfCrypt_example_system
2024-06-23 16:33:16,267 [ERROR] LogOutputStream:75 - [STDERR_REDIRECT] Cannot invoke "org.eclipse.launchbar.core.internal.Activator.getBundle()" because "org.eclipse.launchbar.core.internal.Activator.plugin" is null
2024-06-23 16:33:16,268 [INFO] LogOutputStream:77 - [STDOUT_REDIRECT] launchbar: launch object added P/wolfSSL_HW
2024-06-23 16:33:16,270 [ERROR] LogOutputStream:75 - [STDERR_REDIRECT] Cannot invoke "org.eclipse.launchbar.core.internal.Activator.getBundle()" because "org.eclipse.launchbar.core.internal.Activator.plugin" is null
2024-06-23 16:33:16,271 [INFO] LogOutputStream:77 - [STDOUT_REDIRECT] launchbar: launch object added P/wolfSSL_RA6M3G
2024-06-23 16:33:16,273 [ERROR] LogOutputStream:75 - [STDERR_REDIRECT] Cannot invoke "org.eclipse.launchbar.core.internal.Activator.getBundle()" because "org.eclipse.launchbar.core.internal.Activator.plugin" is null
2024-06-23 16:33:16,273 [INFO] LogOutputStream:77 - [STDOUT_REDIRECT] launchbar: launch object added P/wolf_example
2024-06-23 16:33:16,275 [ERROR] LogOutputStream:75 - [STDERR_REDIRECT] Cannot invoke "org.eclipse.launchbar.core.internal.Activator.getBundle()" because "org.eclipse.launchbar.core.internal.Activator.plugin" is null
2024-06-23 16:33:16,276 [INFO] LogOutputStream:77 - [STDOUT_REDIRECT] launchbar: launch object added P/wolfcrypt
2024-06-23 16:33:16,278 [ERROR] LogOutputStream:75 - [STDERR_REDIRECT] Cannot invoke "org.eclipse.launchbar.core.internal.Activator.getBundle()" because "org.eclipse.launchbar.core.internal.Activator.plugin" is null
2024-06-23 16:33:16,278 [INFO] LogOutputStream:77 - [STDOUT_REDIRECT] launchbar: launch object added P/wolfcrypt_benchmark
2024-06-23 16:33:16,280 [ERROR] LogOutputStream:75 - [STDERR_REDIRECT] Cannot invoke "org.eclipse.launchbar.core.internal.Activator.getBundle()" because "org.eclipse.launchbar.core.internal.Activator.plugin" is null
2024-06-23 16:33:16,281 [INFO] LogOutputStream:77 - [STDOUT_REDIRECT] launchbar: launch object added P/wolfcrypt_test
2024-06-23 16:33:16,282 [ERROR] LogOutputStream:75 - [STDERR_REDIRECT] Cannot invoke "org.eclipse.launchbar.core.internal.Activator.getBundle()" because "org.eclipse.launchbar.core.internal.Activator.plugin" is null
2024-06-23 16:33:16,283 [INFO] LogOutputStream:77 - [STDOUT_REDIRECT] launchbar: launch object added P/wolfssl
2024-06-23 16:33:16,284 [ERROR] LogOutputStream:75 - [STDERR_REDIRECT] Cannot invoke "org.eclipse.launchbar.core.internal.Activator.getBundle()" because "org.eclipse.launchbar.core.internal.Activator.plugin" is null
2024-06-23 16:33:16,285 [INFO] LogOutputStream:77 - [STDOUT_REDIRECT] launchbar: launch object added P/wolfssl-test
2024-06-23 16:33:16,286 [ERROR] LogOutputStream:75 - [STDERR_REDIRECT] Cannot invoke "org.eclipse.launchbar.core.internal.Activator.getBundle()" because "org.eclipse.launchbar.core.internal.Activator.plugin" is null
2024-06-23 16:33:16,287 [INFO] LogOutputStream:77 - [STDOUT_REDIRECT] launchbar: launch object added P/wolfssl_client
2024-06-23 16:33:16,289 [ERROR] LogOutputStream:75 - [STDERR_REDIRECT] Cannot invoke "org.eclipse.launchbar.core.internal.Activator.getBundle()" because "org.eclipse.launchbar.core.internal.Activator.plugin" is null
