2024-07-04 11:46:24,365 [INFO] Activator:176 - 


2024-07-04 11:46:24,374 [INFO] Activator:177 - !SESSION log4j initialized
2024-07-04 11:46:30,282 [INFO] LogOutputStream:77 - [STDOUT_REDIRECT] 
2024-07-04 11:46:31,849 [INFO] ApplicationProperties:184 - Using Application install path: C:\ST\STM32CubeIDE_1.13.1\STM32CubeIDE\plugins\com.st.stm32cube.common.mx_6.9.1.202307191849
2024-07-04 11:46:31,879 [INFO] DbMcusXml:78 - Set database path to: C:\ST\STM32CubeIDE_1.13.1\STM32CubeIDE\plugins\com.st.stm32cube.common.mx_6.9.1.202307191849\\db\/mcu/
2024-07-04 11:46:31,880 [INFO] ApiDb:274 - Set plugin database path to: C:\ST\STM32CubeIDE_1.13.1\STM32CubeIDE\plugins\com.st.stm32cube.common.mx_6.9.1.202307191849\\db\/plugins/boardmanager/
2024-07-04 11:46:31,881 [WARN] ApiDb:259 - Overriding images path with different value:  => C:\ST\STM32CubeIDE_1.13.1\STM32CubeIDE\plugins\com.st.stm32cube.common.mx_6.9.1.202307191849\\db\/plugins/mcufinder/images/
2024-07-04 11:46:31,916 [INFO] ApiDb:250 - Set database path to: C:\Users\kunal\.stmcufinder\plugins\mcufinder//mcu/
2024-07-04 11:46:31,917 [INFO] DbMcusAds:125 - Set database path to: C:\Users\kunal\.stmcufinder\plugins\mcufinder//mcu/
2024-07-04 11:46:31,920 [INFO] CrossReferenceDbSqlite:203 - Set database path to: C:\Users\kunal\.stmcufinder\plugins\mcufinder//mcu/cs/
2024-07-04 11:46:32,165 [INFO] RulesReader:64 - Compatibility file has been processed (293 Rules)
2024-07-04 11:46:32,322 [INFO] DbMcusXml:78 - Set database path to: C:\ST\STM32CubeIDE_1.13.1\STM32CubeIDE\plugins\com.st.stm32cube.common.mx_6.9.1.202307191849\\db\/mcu/
2024-07-04 11:46:32,323 [INFO] ApiDb:274 - Set plugin database path to: C:\ST\STM32CubeIDE_1.13.1\STM32CubeIDE\plugins\com.st.stm32cube.common.mx_6.9.1.202307191849\\db\/plugins/boardmanager/
2024-07-04 11:46:32,323 [INFO] ApiDb:261 - Set plugin images path to: C:\ST\STM32CubeIDE_1.13.1\STM32CubeIDE\plugins\com.st.stm32cube.common.mx_6.9.1.202307191849\\db\/plugins/mcufinder/images/
2024-07-04 11:46:32,323 [WARN] DbFile:41 - Overriding database path with different value: C:\Users\kunal\.stmcufinder\plugins\mcufinder/ => C:\Users\kunal\.stmcufinder\plugins\mcufinder
2024-07-04 11:46:32,324 [INFO] ApiDb:250 - Set database path to: C:\Users\kunal\.stmcufinder\plugins\mcufinder//mcu/
2024-07-04 11:46:32,324 [WARN] DbFile:41 - Overriding database path with different value: C:\Users\kunal\.stmcufinder\plugins\mcufinder/ => C:\Users\kunal\.stmcufinder\plugins\mcufinder
2024-07-04 11:46:32,324 [INFO] DbMcusAds:125 - Set database path to: C:\Users\kunal\.stmcufinder\plugins\mcufinder//mcu/
2024-07-04 11:46:32,324 [WARN] DbFile:41 - Overriding database path with different value: C:\Users\kunal\.stmcufinder\plugins\mcufinder/ => C:\Users\kunal\.stmcufinder\plugins\mcufinder
2024-07-04 11:46:32,324 [WARN] DbFile:41 - Overriding database path with different value: C:\Users\kunal\.stmcufinder\plugins\mcufinder/ => C:\Users\kunal\.stmcufinder\plugins\mcufinder
2024-07-04 11:46:32,324 [INFO] CrossReferenceDbSqlite:203 - Set database path to: C:\Users\kunal\.stmcufinder\plugins\mcufinder//mcu/cs/
2024-07-04 11:46:32,438 [INFO] MainPanel:262 - HeapMemory: 268435456
2024-07-04 11:46:32,576 [INFO] DbMcusXml:78 - Set database path to: C:\ST\STM32CubeIDE_1.13.1\STM32CubeIDE\plugins\com.st.stm32cube.common.mx_6.9.1.202307191849\\db\/mcu/
2024-07-04 11:46:32,577 [INFO] ApiDb:274 - Set plugin database path to: C:\ST\STM32CubeIDE_1.13.1\STM32CubeIDE\plugins\com.st.stm32cube.common.mx_6.9.1.202307191849\\db\/plugins/boardmanager/
2024-07-04 11:46:32,577 [INFO] ApiDb:261 - Set plugin images path to: C:\ST\STM32CubeIDE_1.13.1\STM32CubeIDE\plugins\com.st.stm32cube.common.mx_6.9.1.202307191849\\db\/plugins/mcufinder/images/
2024-07-04 11:46:32,578 [WARN] DbFile:41 - Overriding database path with different value: C:\Users\kunal\.stmcufinder\plugins\mcufinder/ => C:\Users\kunal\.stmcufinder\plugins\mcufinder
2024-07-04 11:46:32,578 [INFO] ApiDb:250 - Set database path to: C:\Users\kunal\.stmcufinder\plugins\mcufinder//mcu/
2024-07-04 11:46:32,578 [WARN] DbFile:41 - Overriding database path with different value: C:\Users\kunal\.stmcufinder\plugins\mcufinder/ => C:\Users\kunal\.stmcufinder\plugins\mcufinder
2024-07-04 11:46:32,578 [INFO] DbMcusAds:125 - Set database path to: C:\Users\kunal\.stmcufinder\plugins\mcufinder//mcu/
2024-07-04 11:46:32,578 [WARN] DbFile:41 - Overriding database path with different value: C:\Users\kunal\.stmcufinder\plugins\mcufinder/ => C:\Users\kunal\.stmcufinder\plugins\mcufinder
2024-07-04 11:46:32,579 [WARN] DbFile:41 - Overriding database path with different value: C:\Users\kunal\.stmcufinder\plugins\mcufinder/ => C:\Users\kunal\.stmcufinder\plugins\mcufinder
2024-07-04 11:46:32,579 [INFO] CrossReferenceDbSqlite:203 - Set database path to: C:\Users\kunal\.stmcufinder\plugins\mcufinder//mcu/cs/
2024-07-04 11:46:32,610 [INFO] ApplicationProperties:184 - Using Application install path: C:\ST\STM32CubeIDE_1.13.1\STM32CubeIDE\plugins\com.st.stm32cube.common.mx_6.9.1.202307191849
2024-07-04 11:46:32,612 [INFO] PluginManage:196 - Search for loadable plugins [exclusion list=, ]
2024-07-04 11:46:32,634 [INFO] PluginManage:310 - Check plugin analytics
2024-07-04 11:46:32,926 [INFO] AnalyticsPlugin:253 - Accepted Software Licenses: 
2024-07-04 11:46:32,926 [INFO] AnalyticsPlugin:255 - Accepted CMSIS Pack Licenses: 
2024-07-04 11:46:32,926 [INFO] AnalyticsPlugin:257 - Accepted Firmware Licenses: FW.F4.1.27.0
2024-07-04 11:46:32,936 [INFO] PluginManage:359 - Loaded plugin analytics (category:tool,tabindex:-1)
2024-07-04 11:46:32,936 [INFO] PluginManage:310 - Check plugin cadmodel
2024-07-04 11:46:32,943 [INFO] CADModel:105 - Init CAD model plugin
2024-07-04 11:46:32,943 [INFO] PluginManage:359 - Loaded plugin cadmodel (category:power,tabindex:5)
2024-07-04 11:46:32,946 [INFO] PluginManage:310 - Check plugin clock
2024-07-04 11:46:32,965 [INFO] PluginManage:359 - Loaded plugin clock (category:base,tabindex:2)
2024-07-04 11:46:32,965 [INFO] PluginManage:310 - Check plugin ddr
2024-07-04 11:46:32,968 [INFO] PluginManage:359 - Loaded plugin ddr (category:tool,tabindex:6)
2024-07-04 11:46:32,968 [INFO] PluginManage:310 - Check plugin filemanager
2024-07-04 11:46:33,190 [INFO] PluginManage:359 - Loaded plugin filemanager (category:base,tabindex:10)
2024-07-04 11:46:33,190 [INFO] PluginManage:310 - Check plugin ipmanager
2024-07-04 11:46:33,204 [INFO] PluginManage:359 - Loaded plugin ipmanager (category:base,tabindex:5)
2024-07-04 11:46:33,204 [INFO] PluginManage:310 - Check plugin lpbam
2024-07-04 11:46:33,220 [INFO] PluginManage:359 - Loaded plugin lpbam (category:base,tabindex:0)
2024-07-04 11:46:33,220 [INFO] PluginManage:310 - Check plugin memorymap
2024-07-04 11:46:33,241 [INFO] PluginManage:359 - Loaded plugin memorymap (category:base,tabindex:4)
2024-07-04 11:46:33,241 [INFO] PluginManage:310 - Check plugin pinoutandconfiguration
2024-07-04 11:46:33,253 [INFO] PluginManage:359 - Loaded plugin pinoutandconfiguration (category:base,tabindex:1)
2024-07-04 11:46:33,253 [INFO] PluginManage:310 - Check plugin pinoutconfig
2024-07-04 11:46:33,416 [WARN] SupportedApi:132 - Cannot load RTOS API schema: s4s-elt-must-match.1: The content of 'definitions' must match (annotation?, (simpleType | complexType)?, (unique | key | keyref)*)). A problem was found starting at: attribute.
2024-07-04 11:46:33,626 [INFO] PluginManage:359 - Loaded plugin pinoutconfig (category:base,tabindex:0)
2024-07-04 11:46:33,626 [INFO] PluginManage:310 - Check plugin power
2024-07-04 11:46:33,641 [INFO] PluginManage:359 - Loaded plugin power (category:power,tabindex:4)
2024-07-04 11:46:33,641 [INFO] PluginManage:310 - Check plugin projectmanager
2024-07-04 11:46:33,663 [INFO] PluginManage:359 - Loaded plugin projectmanager (category:projectmanager,tabindex:3)
2024-07-04 11:46:33,663 [INFO] PluginManage:310 - Check plugin thirdparty
2024-07-04 11:46:33,829 [INFO] PluginManage:359 - Loaded plugin thirdparty (category:base,tabindex:-1)
2024-07-04 11:46:33,829 [WARN] IntegrityCheckThread:84 - waiting for thirdparty lock release [integrity check]
2024-07-04 11:46:33,829 [INFO] PluginManage:310 - Check plugin tools
2024-07-04 11:46:33,829 [INFO] IntegrityCheckThread:86 - entering critical section [integrity check]
2024-07-04 11:46:33,832 [INFO] ThirdPartyUpdaterWithRetryManager:70 - Updater plugin not ready yet. [1/15]
2024-07-04 11:46:33,834 [INFO] PluginManage:359 - Loaded plugin tools (category:base,tabindex:7)
2024-07-04 11:46:33,834 [INFO] PluginManage:310 - Check plugin tutovideos
2024-07-04 11:46:34,033 [INFO] PluginManage:359 - Loaded plugin tutovideos (category:base,tabindex:-1)
2024-07-04 11:46:34,033 [INFO] PluginManage:310 - Check plugin updater
2024-07-04 11:46:34,045 [INFO] PluginManage:359 - Loaded plugin updater (category:base,tabindex:12)
2024-07-04 11:46:34,047 [INFO] PluginManage:310 - Check plugin userauth
2024-07-04 11:46:34,050 [INFO] UserAuth:113 - Init User Auth plugin
2024-07-04 11:46:34,050 [INFO] PluginManage:359 - Loaded plugin userauth (category:base,tabindex:14)
2024-07-04 11:46:34,050 [INFO] PluginManage:283 - PluginManage : Loaded plugins [17]
2024-07-04 11:46:34,305 [INFO] PinOutPanel:1499 - setPackage(No Configuration,No Configuration)
2024-07-04 11:46:34,475 [INFO] CADModel:165 - CPN selected for project level
2024-07-04 11:46:34,475 [INFO] CADModel:114 - Register for checkConnection events
2024-07-04 11:46:34,502 [INFO] IPUIPlugin:80 - create IPUIPlugin
2024-07-04 11:46:34,502 [INFO] PluginManager:220 - loadIPPluginJar : add adc
2024-07-04 11:46:34,502 [INFO] IPUIPlugin:80 - create IPUIPlugin
2024-07-04 11:46:34,502 [INFO] PluginManager:220 - loadIPPluginJar : add aes
2024-07-04 11:46:34,512 [INFO] IPUIPlugin:80 - create IPUIPlugin
2024-07-04 11:46:34,512 [INFO] PluginManager:220 - loadIPPluginJar : add can
2024-07-04 11:46:34,512 [INFO] IPUIPlugin:80 - create IPUIPlugin
2024-07-04 11:46:34,512 [INFO] PluginManager:220 - loadIPPluginJar : add comp
2024-07-04 11:46:34,519 [INFO] IPUIPlugin:80 - create IPUIPlugin
2024-07-04 11:46:34,519 [INFO] PluginManager:220 - loadIPPluginJar : add cryp
2024-07-04 11:46:34,523 [INFO] IPUIPlugin:80 - create IPUIPlugin
2024-07-04 11:46:34,523 [INFO] PluginManager:220 - loadIPPluginJar : add dfsdm
2024-07-04 11:46:34,531 [INFO] IPUIPlugin:80 - create IPUIPlugin
2024-07-04 11:46:34,531 [INFO] PluginManager:220 - loadIPPluginJar : add dma
2024-07-04 11:46:34,535 [INFO] IPUIPlugin:80 - create IPUIPlugin
2024-07-04 11:46:34,535 [INFO] PluginManager:220 - loadIPPluginJar : add dma3
2024-07-04 11:46:34,535 [INFO] IPUIPlugin:80 - create IPUIPlugin
2024-07-04 11:46:34,535 [INFO] PluginManager:220 - loadIPPluginJar : add fatfs
2024-07-04 11:46:34,542 [INFO] IPUIPlugin:80 - create IPUIPlugin
2024-07-04 11:46:34,542 [INFO] PluginManager:220 - loadIPPluginJar : add fmc
2024-07-04 11:46:34,550 [INFO] IPUIPlugin:80 - create IPUIPlugin
2024-07-04 11:46:34,552 [INFO] PluginManager:220 - loadIPPluginJar : add freertos
2024-07-04 11:46:34,553 [INFO] IPUIPlugin:80 - create IPUIPlugin
2024-07-04 11:46:34,553 [INFO] PluginManager:220 - loadIPPluginJar : add genericplugin
2024-07-04 11:46:34,555 [INFO] IPUIPlugin:80 - create IPUIPlugin
2024-07-04 11:46:34,555 [INFO] PluginManager:220 - loadIPPluginJar : add gfxmmu
2024-07-04 11:46:34,562 [INFO] IPUIPlugin:80 - create IPUIPlugin
2024-07-04 11:46:34,562 [INFO] PluginManager:220 - loadIPPluginJar : add gic
2024-07-04 11:46:34,569 [INFO] IPUIPlugin:80 - create IPUIPlugin
2024-07-04 11:46:34,569 [INFO] PluginManager:220 - loadIPPluginJar : add gpio
2024-07-04 11:46:34,576 [INFO] IPUIPlugin:80 - create IPUIPlugin
2024-07-04 11:46:34,576 [INFO] PluginManager:220 - loadIPPluginJar : add gtzc
2024-07-04 11:46:34,577 [INFO] IPUIPlugin:80 - create IPUIPlugin
2024-07-04 11:46:34,577 [INFO] PluginManager:220 - loadIPPluginJar : add hash
2024-07-04 11:46:34,586 [INFO] IPUIPlugin:80 - create IPUIPlugin
2024-07-04 11:46:34,586 [INFO] PluginManager:220 - loadIPPluginJar : add i2c
2024-07-04 11:46:34,593 [INFO] IPUIPlugin:80 - create IPUIPlugin
2024-07-04 11:46:34,593 [INFO] PluginManager:220 - loadIPPluginJar : add i2s
2024-07-04 11:46:34,595 [INFO] IPUIPlugin:80 - create IPUIPlugin
2024-07-04 11:46:34,595 [INFO] PluginManager:220 - loadIPPluginJar : add i3c
2024-07-04 11:46:34,601 [INFO] IPUIPlugin:80 - create IPUIPlugin
2024-07-04 11:46:34,601 [INFO] PluginManager:220 - loadIPPluginJar : add ipddr
2024-07-04 11:46:34,611 [INFO] IPUIPlugin:80 - create IPUIPlugin
2024-07-04 11:46:34,611 [INFO] PluginManager:220 - loadIPPluginJar : add linkedlist
2024-07-04 11:46:34,615 [INFO] IPUIPlugin:80 - create IPUIPlugin
2024-07-04 11:46:34,615 [INFO] PluginManager:220 - loadIPPluginJar : add lorawan
2024-07-04 11:46:34,659 [INFO] IPUIPlugin:80 - create IPUIPlugin
2024-07-04 11:46:34,659 [INFO] PluginManager:220 - loadIPPluginJar : add ltdc
2024-07-04 11:46:34,667 [INFO] IPUIPlugin:80 - create IPUIPlugin
2024-07-04 11:46:34,667 [INFO] PluginManager:220 - loadIPPluginJar : add mdma
2024-07-04 11:46:34,674 [INFO] IPUIPlugin:80 - create IPUIPlugin
2024-07-04 11:46:34,674 [INFO] PluginManager:220 - loadIPPluginJar : add nvic
2024-07-04 11:46:34,674 [INFO] IPUIPlugin:80 - create IPUIPlugin
2024-07-04 11:46:34,674 [INFO] PluginManager:220 - loadIPPluginJar : add opamp
2024-07-04 11:46:34,674 [INFO] IPUIPlugin:80 - create IPUIPlugin
2024-07-04 11:46:34,674 [INFO] PluginManager:220 - loadIPPluginJar : add openamp
2024-07-04 11:46:34,690 [INFO] IPUIPlugin:80 - create IPUIPlugin
2024-07-04 11:46:34,690 [INFO] PluginManager:220 - loadIPPluginJar : add pdm2pcm
2024-07-04 11:46:34,693 [INFO] IPUIPlugin:80 - create IPUIPlugin
2024-07-04 11:46:34,693 [INFO] PluginManager:220 - loadIPPluginJar : add plateformsettings
2024-07-04 11:46:34,693 [INFO] IPUIPlugin:80 - create IPUIPlugin
2024-07-04 11:46:34,693 [INFO] PluginManager:220 - loadIPPluginJar : add quadspi
2024-07-04 11:46:34,709 [INFO] IPUIPlugin:80 - create IPUIPlugin
2024-07-04 11:46:34,709 [INFO] PluginManager:220 - loadIPPluginJar : add resmgrutility
2024-07-04 11:46:34,709 [INFO] IPUIPlugin:80 - create IPUIPlugin
2024-07-04 11:46:34,709 [INFO] PluginManager:220 - loadIPPluginJar : add sai
2024-07-04 11:46:34,717 [INFO] IPUIPlugin:80 - create IPUIPlugin
2024-07-04 11:46:34,718 [INFO] PluginManager:220 - loadIPPluginJar : add spi
2024-07-04 11:46:34,722 [INFO] IPUIPlugin:80 - create IPUIPlugin
2024-07-04 11:46:34,722 [INFO] PluginManager:220 - loadIPPluginJar : add stm32_wpan
2024-07-04 11:46:34,727 [INFO] IPUIPlugin:80 - create IPUIPlugin
2024-07-04 11:46:34,729 [INFO] PluginManager:220 - loadIPPluginJar : add tim
2024-07-04 11:46:34,733 [INFO] IPUIPlugin:80 - create IPUIPlugin
2024-07-04 11:46:34,733 [INFO] PluginManager:220 - loadIPPluginJar : add touchsensing
2024-07-04 11:46:34,736 [INFO] IPUIPlugin:80 - create IPUIPlugin
2024-07-04 11:46:34,736 [INFO] PluginManager:220 - loadIPPluginJar : add tracer_emb
2024-07-04 11:46:34,736 [INFO] IPUIPlugin:80 - create IPUIPlugin
2024-07-04 11:46:34,736 [INFO] PluginManager:220 - loadIPPluginJar : add ts
2024-07-04 11:46:34,743 [INFO] IPUIPlugin:80 - create IPUIPlugin
2024-07-04 11:46:34,743 [INFO] PluginManager:220 - loadIPPluginJar : add tsc
2024-07-04 11:46:34,744 [INFO] IPUIPlugin:80 - create IPUIPlugin
2024-07-04 11:46:34,744 [INFO] PluginManager:220 - loadIPPluginJar : add ucpd
2024-07-04 11:46:34,749 [INFO] IPUIPlugin:80 - create IPUIPlugin
2024-07-04 11:46:34,749 [INFO] PluginManager:220 - loadIPPluginJar : add usart
2024-07-04 11:46:34,752 [INFO] IPUIPlugin:80 - create IPUIPlugin
2024-07-04 11:46:34,752 [INFO] PluginManager:220 - loadIPPluginJar : add usbx
2024-07-04 11:46:34,896 [INFO] CADModel:165 - CPN selected for project level
2024-07-04 11:46:34,896 [INFO] CADModel:114 - Register for checkConnection events
2024-07-04 11:46:34,896 [FATAL] Updater:308 - Updater called before beeing initialized
2024-07-04 11:46:34,896 [ERROR] CADModel:125 - Updater not yet initialized, retry later 
2024-07-04 11:46:35,099 [INFO] CADModel:165 - CPN selected for project level
2024-07-04 11:46:35,099 [INFO] CADModel:114 - Register for checkConnection events
2024-07-04 11:46:35,099 [FATAL] Updater:308 - Updater called before beeing initialized
2024-07-04 11:46:35,099 [ERROR] CADModel:125 - Updater not yet initialized, retry later 
2024-07-04 11:46:35,105 [FATAL] Updater:308 - Updater called before beeing initialized
2024-07-04 11:46:35,263 [FATAL] Updater:308 - Updater called before beeing initialized
2024-07-04 11:46:35,271 [INFO] DbMcusAds:53 - JSON generation date=Thu May 16 14:52:00 IST 2024 (1715851320852)
2024-07-04 11:46:35,271 [FATAL] Updater:308 - Updater called before beeing initialized
2024-07-04 11:46:35,330 [WARN] DetailPanel:346 - Failed to get advertising image, set to default
2024-07-04 11:46:35,453 [FATAL] Updater:308 - Updater called before beeing initialized
2024-07-04 11:46:35,459 [FATAL] Updater:308 - Updater called before beeing initialized
2024-07-04 11:46:35,459 [FATAL] Updater:308 - Updater called before beeing initialized
2024-07-04 11:46:35,459 [WARN] DetailPanel:346 - Failed to get advertising image, set to default
2024-07-04 11:46:35,461 [FATAL] Updater:308 - Updater called before beeing initialized
2024-07-04 11:46:35,515 [ERROR] Updater:1120 - MainUpdater not yet initialized. External WinMGr cannot be set.
2024-07-04 11:46:35,517 [INFO] Updater:1056 - Updater Version found : 6.9.1
2024-07-04 11:46:35,535 [INFO] ApplicationProperties:184 - Using Application install path: C:\ST\STM32CubeIDE_1.13.1\STM32CubeIDE\plugins\com.st.stm32cube.common.mx_6.9.1.202307191849
2024-07-04 11:46:35,763 [INFO] MainUpdater:2868 - connection check result : 10
2024-07-04 11:46:35,763 [INFO] MainUpdater:285 - Updater Check For Update Now.
2024-07-04 11:46:35,763 [INFO] MicroXplorer:498 - Change Database Version : DB.6.0.91
2024-07-04 11:46:35,772 [INFO] McuFinderGlobals:63 - Set McuFinder mode to 2 (CubeIDE integrated)
2024-07-04 11:46:35,772 [INFO] UserAuth:179 - activating auth plugin
2024-07-04 11:46:35,784 [INFO] UserAuth:393 - Internet connection configuration mode: 1
2024-07-04 11:46:35,805 [INFO] JxBrowserEngine:151 - Initiate JxBrowser Engine with user profile folder
2024-07-04 11:46:36,028 [INFO] CheckServerUpdateThread:120 - End of CheckServer Thread
2024-07-04 11:46:37,217 [WARN] PackLoader:240 - Cannot read IP mode file for STMicroelectronics.FP-SNS-MOTENVWB1.1.4.0
2024-07-04 11:46:37,228 [WARN] PackLoader:240 - Cannot read IP mode file for STMicroelectronics.X-CUBE-SMBUS.2.1.0
2024-07-04 11:46:37,244 [WARN] PackLoader:240 - Cannot read IP mode file for STMicroelectronics.X-CUBE-TOUCHGFX.4.23.0
2024-07-04 11:46:37,244 [WARN] PackLoader:240 - Cannot read IP mode file for STMicroelectronics.X-CUBE-TOUCHGFX.4.23.2
2024-07-04 11:46:37,298 [WARN] PackLoader:240 - Cannot read IP mode file for STMicroelectronics.X-CUBE-AZRTOS-F7.1.1.0
2024-07-04 11:46:37,312 [WARN] PackLoader:240 - Cannot read IP mode file for STMicroelectronics.FP-SNS-MOTENV1.4.3.2
2024-07-04 11:46:37,321 [WARN] PackLoader:240 - Cannot read IP mode file for STMicroelectronics.FP-SNS-FLIGHT1.5.0.2
2024-07-04 11:46:37,341 [WARN] PackLoader:240 - Cannot read IP mode file for STMicroelectronics.X-CUBE-DISPLAY.3.0.0
2024-07-04 11:46:37,361 [WARN] PackLoader:240 - Cannot read IP mode file for STMicroelectronics.X-CUBE-BLE1.7.0.0
2024-07-04 11:46:37,371 [WARN] PackLoader:240 - Cannot read IP mode file for emotas.I-CUBE-CANOPEN.1.3.0
2024-07-04 11:46:37,391 [WARN] PackLoader:240 - Cannot read IP mode file for STMicroelectronics.X-CUBE-TOUCHGFX.4.22.0
2024-07-04 11:46:37,395 [WARN] PackLoader:240 - Cannot read IP mode file for STMicroelectronics.X-CUBE-TOUCHGFX.4.22.1
2024-07-04 11:46:37,413 [WARN] PackLoader:240 - Cannot read IP mode file for STMicroelectronics.X-CUBE-BLEMGR.3.1.0
2024-07-04 11:46:37,423 [WARN] PackLoader:240 - Cannot read IP mode file for STMicroelectronics.FP-SNS-SMARTAG2.1.2.0
2024-07-04 11:46:37,438 [INFO] LogOutputStream:77 - [STDOUT_REDIRECT] 1 : Invalid condition id : UX_CORESTACK_Condition cause : null
2024-07-04 11:46:37,440 [INFO] LogOutputStream:77 - [STDOUT_REDIRECT] 1 : Invalid condition id : UX_CORESTACK_Condition cause : null
2024-07-04 11:46:37,440 [INFO] LogOutputStream:77 - [STDOUT_REDIRECT] 1 : Invalid condition id : UX_CORESTACK_Condition cause : null
2024-07-04 11:46:37,444 [INFO] LogOutputStream:77 - [STDOUT_REDIRECT] 1 : Invalid condition id : UX_CORESTACK_Condition cause : null
2024-07-04 11:46:37,444 [INFO] LogOutputStream:77 - [STDOUT_REDIRECT] 1 : Invalid condition id : UX_CORESTACK_Condition cause : null
2024-07-04 11:46:37,447 [WARN] PackLoader:240 - Cannot read IP mode file for STMicroelectronics.X-CUBE-AZRTOS-WL.2.0.0
2024-07-04 11:46:37,460 [WARN] PackLoader:240 - Cannot read IP mode file for STMicroelectronics.FP-SNS-MOTENV1.5.0.0
2024-07-04 11:46:37,472 [WARN] PackLoader:240 - Cannot read IP mode file for wolfSSL.I-CUBE-wolfMQTT.1.19.0
2024-07-04 11:46:37,479 [WARN] PackLoader:240 - Cannot read IP mode file for WES.I-CUBE-Cesium.1.3.0
2024-07-04 11:46:37,489 [WARN] PackLoader:240 - Cannot read IP mode file for STMicroelectronics.X-CUBE-BLE2.3.3.0
2024-07-04 11:46:37,493 [WARN] PackLoader:240 - Cannot read IP mode file for STMicroelectronics.X-CUBE-TCPP.4.1.0
2024-07-04 11:46:37,507 [WARN] PackLoader:240 - Cannot read IP mode file for STMicroelectronics.X-CUBE-ALGOBUILD.1.3.0
2024-07-04 11:46:37,528 [WARN] PackLoader:240 - Cannot read IP mode file for STMicroelectronics.X-CUBE-AZRTOS-G0.1.1.0
2024-07-04 11:46:37,542 [WARN] PackLoader:240 - Cannot read IP mode file for STMicroelectronics.X-CUBE-SAFEA1.1.2.2
2024-07-04 11:46:37,550 [WARN] PackLoader:240 - Cannot read IP mode file for STMicroelectronics.X-CUBE-NFC4.3.0.0
2024-07-04 11:46:37,563 [WARN] PackLoader:240 - Cannot read IP mode file for STMicroelectronics.X-CUBE-BLEMGR.3.0.0
2024-07-04 11:46:37,570 [WARN] PackLoader:240 - Cannot read IP mode file for STMicroelectronics.FP-ATR-SIGFOX1.3.2.0
2024-07-04 11:46:37,581 [WARN] PackLoader:240 - Cannot read IP mode file for STMicroelectronics.X-CUBE-EEPRMA1.5.1.0
2024-07-04 11:46:37,627 [WARN] PackLoader:240 - Cannot read IP mode file for SEGGER.I-CUBE-embOS.1.3.1
2024-07-04 11:46:37,697 [WARN] PackLoader:240 - Cannot read IP mode file for STMicroelectronics.X-CUBE-ALGOBUILD.1.4.0
2024-07-04 11:46:37,708 [WARN] PackLoader:240 - Cannot read IP mode file for STMicroelectronics.X-CUBE-GNSS1.6.0.0
2024-07-04 11:46:37,730 [WARN] PackLoader:240 - Cannot read IP mode file for STMicroelectronics.X-CUBE-AZRTOS-F4.1.1.0
2024-07-04 11:46:37,738 [WARN] PackLoader:240 - Cannot read IP mode file for wolfSSL.I-CUBE-wolfSSL.5.6.3
2024-07-04 11:46:37,738 [WARN] PackLoader:240 - Cannot read IP mode file for STMicroelectronics.X-CUBE-FREERTOS.1.2.0
2024-07-04 11:46:37,762 [WARN] PackLoader:240 - Cannot read IP mode file for STMicroelectronics.X-CUBE-AZRTOS-L5.2.0.0
2024-07-04 11:46:37,811 [WARN] PackLoader:240 - Cannot read IP mode file for STMicroelectronics.X-CUBE-MEMS1.9.6.0
2024-07-04 11:46:37,993 [WARN] PackLoader:240 - Cannot read IP mode file for STMicroelectronics.X-CUBE-EEPRMA1.4.2.0
2024-07-04 11:46:38,003 [WARN] PackLoader:240 - Cannot read IP mode file for STMicroelectronics.X-CUBE-NFC6.3.1.0
2024-07-04 11:46:38,008 [WARN] PackLoader:240 - Cannot read IP mode file for ITTIA_DB.I-CUBE-ITTIADB.8.8.0
2024-07-04 11:46:38,016 [WARN] PackLoader:240 - Cannot read IP mode file for STMicroelectronics.X-CUBE-BLEMGR.2.0.0
2024-07-04 11:46:38,024 [WARN] PackLoader:240 - Cannot read IP mode file for STMicroelectronics.X-CUBE-AI.9.0.0
2024-07-04 11:46:38,037 [WARN] ConditionMgr:438 - getConditionDescription Invalid condition id : UX DEVICE CLASS RTOS Condition cause : null
2024-07-04 11:46:38,037 [WARN] ConditionMgr:438 - getConditionDescription Invalid condition id : UX DEVICE CLASS RTOS Condition cause : null
2024-07-04 11:46:38,045 [WARN] PackLoader:240 - Cannot read IP mode file for STMicroelectronics.X-CUBE-AZRTOS-H7.3.1.0
2024-07-04 11:46:38,048 [WARN] ConditionMgr:1039 - genDependencies : Invalid condition id : UX DEVICE CLASS RTOS Condition cause : null
2024-07-04 11:46:38,048 [WARN] ConditionMgr:1039 - genDependencies : Invalid condition id : UX DEVICE CLASS RTOS Condition cause : null
2024-07-04 11:46:38,048 [WARN] ConditionMgr:1039 - genDependencies : Invalid condition id : UX DEVICE CLASS RTOS Condition cause : null
2024-07-04 11:46:38,048 [WARN] ConditionMgr:1039 - genDependencies : Invalid condition id : UX DEVICE CLASS RTOS Condition cause : null
2024-07-04 11:46:38,048 [WARN] ConditionMgr:1039 - genDependencies : Invalid condition id : UX DEVICE CLASS RTOS Condition cause : null
2024-07-04 11:46:38,055 [WARN] PackLoader:240 - Cannot read IP mode file for STMicroelectronics.X-CUBE-NFC7.1.0.1
2024-07-04 11:46:38,066 [WARN] PackLoader:240 - Cannot read IP mode file for STMicroelectronics.X-CUBE-NFC6.3.0.0
2024-07-04 11:46:38,070 [WARN] PackLoader:240 - Cannot read IP mode file for STMicroelectronics.X-CUBE-EEPRMA1.4.1.0
2024-07-04 11:46:38,079 [WARN] PackLoader:240 - Cannot read IP mode file for STMicroelectronics.X-CUBE-AI.8.1.0
2024-07-04 11:46:38,097 [WARN] ConditionMgr:438 - getConditionDescription Invalid condition id : LAN8742 Phy interface Condition cause : null
2024-07-04 11:46:38,097 [WARN] PackLoader:240 - Cannot read IP mode file for STMicroelectronics.X-CUBE-AZRTOS-L4.2.0.0
2024-07-04 11:46:38,104 [WARN] ConditionMgr:1039 - genDependencies : Invalid condition id : LAN8742 Phy interface Condition cause : null
2024-07-04 11:46:38,104 [WARN] ConditionMgr:1039 - genDependencies : Invalid condition id : LAN8742 Phy interface Condition cause : null
2024-07-04 11:46:38,104 [WARN] ConditionMgr:1039 - genDependencies : Invalid condition id : LAN8742 Phy interface Condition cause : null
2024-07-04 11:46:38,118 [WARN] PackLoader:240 - Cannot read IP mode file for STMicroelectronics.X-CUBE-SFXS2LP1.4.0.0
2024-07-04 11:46:38,120 [WARN] PackLoader:240 - Cannot read IP mode file for STMicroelectronics.X-CUBE-ISPU.1.1.0
2024-07-04 11:46:38,137 [WARN] ConditionMgr:438 - getConditionDescription Invalid condition id : UX DEVICE CLASS RTOS Condition cause : null
2024-07-04 11:46:38,137 [WARN] ConditionMgr:438 - getConditionDescription Invalid condition id : UX DEVICE CLASS RTOS Condition cause : null
2024-07-04 11:46:38,138 [WARN] PackLoader:240 - Cannot read IP mode file for STMicroelectronics.X-CUBE-AZRTOS-WB.2.0.0
2024-07-04 11:46:38,138 [WARN] ConditionMgr:1039 - genDependencies : Invalid condition id : UX DEVICE CLASS RTOS Condition cause : null
2024-07-04 11:46:38,138 [WARN] ConditionMgr:1039 - genDependencies : Invalid condition id : UX DEVICE CLASS RTOS Condition cause : null
2024-07-04 11:46:38,138 [WARN] ConditionMgr:1039 - genDependencies : Invalid condition id : UX DEVICE CLASS RTOS Condition cause : null
2024-07-04 11:46:38,138 [WARN] ConditionMgr:1039 - genDependencies : Invalid condition id : UX DEVICE CLASS RTOS Condition cause : null
2024-07-04 11:46:38,138 [WARN] ConditionMgr:1039 - genDependencies : Invalid condition id : UX DEVICE CLASS RTOS Condition cause : null
2024-07-04 11:46:38,145 [WARN] PackLoader:240 - Cannot read IP mode file for STMicroelectronics.X-CUBE-FREERTOS.1.0.1
2024-07-04 11:46:38,160 [WARN] PackLoader:240 - Cannot read IP mode file for STMicroelectronics.X-CUBE-SUBG2.5.0.0
2024-07-04 11:46:38,166 [WARN] PackLoader:240 - Cannot read IP mode file for Cesanta.I-CUBE-Mongoose.7.13.0
2024-07-04 11:46:38,180 [WARN] PackLoader:240 - Cannot read IP mode file for STMicroelectronics.X-CUBE-TOF1.3.3.1
2024-07-04 11:46:38,243 [WARN] PackLoader:240 - Cannot read IP mode file for STMicroelectronics.X-CUBE-AZRTOS-G4.2.0.0
2024-07-04 11:46:38,257 [WARN] PackLoader:240 - Cannot read IP mode file for Infineon.AIROC-Wi-Fi-Bluetooth-STM32.1.5.1
2024-07-04 11:46:38,263 [WARN] PackLoader:240 - Cannot read IP mode file for STMicroelectronics.FP-SNS-MOTENVWB1.1.3.1
2024-07-04 11:46:38,271 [WARN] PackLoader:240 - Cannot read IP mode file for STMicroelectronics.X-CUBE-ISPU.2.0.0
2024-07-04 11:46:38,278 [WARN] PackLoader:240 - Cannot read IP mode file for STMicroelectronics.X-CUBE-ALS.1.0.2
2024-07-04 11:46:38,315 [WARN] PackLoader:240 - Cannot read IP mode file for STMicroelectronics.X-CUBE-MEMS1.10.0.0
2024-07-04 11:46:38,444 [WARN] PackLoader:240 - Cannot read IP mode file for STMicroelectronics.X-CUBE-FREERTOS.1.1.0
2024-07-04 11:46:38,450 [WARN] PackLoader:240 - Cannot read IP mode file for STMicroelectronics.X-CUBE-TOUCHGFX.4.24.0
2024-07-04 11:46:38,450 [WARN] PackLoader:240 - Cannot read IP mode file for portGmbH.I-Cube-SoM-uGOAL.1.1.0
2024-07-04 11:46:38,450 [WARN] PackLoader:240 - Cannot read IP mode file for STMicroelectronics.X-CUBE-ALS.1.0.1
2024-07-04 11:46:38,482 [WARN] PackLoader:240 - Cannot read IP mode file for STMicroelectronics.X-CUBE-AZRTOS-H7RS.1.0.0
2024-07-04 11:46:38,498 [WARN] PackLoader:240 - Cannot read IP mode file for STMicroelectronics.FP-ATR-ASTRA1.2.0.0
2024-07-04 11:46:38,499 [WARN] PackLoader:240 - Cannot read IP mode file for STMicroelectronics.X-CUBE-TOF1.3.4.0
2024-07-04 11:46:38,527 [WARN] PackLoader:240 - Cannot read IP mode file for STMicroelectronics.X-CUBE-TOF1.3.4.1
2024-07-04 11:46:38,583 [WARN] PackLoader:240 - Cannot read IP mode file for STMicroelectronics.X-CUBE-AZRTOS-H7.3.2.0
2024-07-04 11:46:38,590 [INFO] ThirdParty:978 - Integrity check success = true
2024-07-04 11:46:38,590 [INFO] IntegrityCheckThread:100 - exiting critical section [integrity check]
2024-07-04 11:46:38,590 [INFO] IntegrityCheckThread:103 - End integrity checks thread
2024-07-04 11:46:38,852 [INFO] WebApp:157 - Instantiating new browser for Auth
2024-07-04 11:46:39,606 [INFO] WebApp:753 - Register for checkConnection events
2024-07-04 11:46:39,606 [INFO] WebApp:390 - Apply proxy settings
2024-07-04 11:46:39,606 [INFO] WebApp:475 - Chromium requires no authentication
2024-07-04 11:46:39,614 [INFO] WebApp:418 - Direct internet connection detected
2024-07-04 11:46:39,869 [INFO] WebApp:188 - Starting web application
2024-07-04 11:46:39,869 [INFO] WebApp:520 - Web application path used C:\ST\STM32CubeIDE_1.13.1\STM32CubeIDE\plugins\com.st.stm32cube.common.mx_6.9.1.202307191849\db\plugins\mcufinder\reactClient1\index.html
2024-07-04 11:47:00,788 [ERROR] LogOutputStream:75 - [STDERR_REDIRECT] SLF4J: Failed to load class "org.slf4j.impl.StaticLoggerBinder".
2024-07-04 11:47:00,788 [ERROR] LogOutputStream:75 - [STDERR_REDIRECT] SLF4J: Defaulting to no-operation (NOP) logger implementation
2024-07-04 11:47:00,791 [ERROR] LogOutputStream:75 - [STDERR_REDIRECT] SLF4J: See http://www.slf4j.org/codes.html#StaticLoggerBinder for further details.
2024-07-04 22:50:29,585 [ERROR] LogOutputStream:75 - [STDERR_REDIRECT] 
