2024-07-06 16:49:38,183 [INFO] Activator:176 - 


2024-07-06 16:49:38,191 [INFO] Activator:177 - !SESSION log4j initialized
2024-07-06 16:49:46,431 [INFO] LogOutputStream:77 - [STDOUT_REDIRECT] 
2024-07-06 16:49:49,289 [INFO] ApplicationProperties:184 - Using Application install path: C:\ST\STM32CubeIDE_1.13.1\STM32CubeIDE\plugins\com.st.stm32cube.common.mx_6.9.1.202307191849
2024-07-06 16:49:49,313 [INFO] DbMcusXml:78 - Set database path to: C:\ST\STM32CubeIDE_1.13.1\STM32CubeIDE\plugins\com.st.stm32cube.common.mx_6.9.1.202307191849\\db\/mcu/
2024-07-06 16:49:49,314 [INFO] ApiDb:274 - Set plugin database path to: C:\ST\STM32CubeIDE_1.13.1\STM32CubeIDE\plugins\com.st.stm32cube.common.mx_6.9.1.202307191849\\db\/plugins/boardmanager/
2024-07-06 16:49:49,314 [WARN] ApiDb:259 - Overriding images path with different value:  => C:\ST\STM32CubeIDE_1.13.1\STM32CubeIDE\plugins\com.st.stm32cube.common.mx_6.9.1.202307191849\\db\/plugins/mcufinder/images/
2024-07-06 16:49:49,331 [INFO] ApiDb:250 - Set database path to: C:\Users\kunal\.stmcufinder\plugins\mcufinder//mcu/
2024-07-06 16:49:49,332 [INFO] DbMcusAds:125 - Set database path to: C:\Users\kunal\.stmcufinder\plugins\mcufinder//mcu/
2024-07-06 16:49:49,335 [INFO] CrossReferenceDbSqlite:203 - Set database path to: C:\Users\kunal\.stmcufinder\plugins\mcufinder//mcu/cs/
2024-07-06 16:49:49,503 [INFO] RulesReader:64 - Compatibility file has been processed (293 Rules)
2024-07-06 16:49:49,617 [INFO] DbMcusXml:78 - Set database path to: C:\ST\STM32CubeIDE_1.13.1\STM32CubeIDE\plugins\com.st.stm32cube.common.mx_6.9.1.202307191849\\db\/mcu/
2024-07-06 16:49:49,617 [INFO] ApiDb:274 - Set plugin database path to: C:\ST\STM32CubeIDE_1.13.1\STM32CubeIDE\plugins\com.st.stm32cube.common.mx_6.9.1.202307191849\\db\/plugins/boardmanager/
2024-07-06 16:49:49,617 [INFO] ApiDb:261 - Set plugin images path to: C:\ST\STM32CubeIDE_1.13.1\STM32CubeIDE\plugins\com.st.stm32cube.common.mx_6.9.1.202307191849\\db\/plugins/mcufinder/images/
2024-07-06 16:49:49,618 [WARN] DbFile:41 - Overriding database path with different value: C:\Users\kunal\.stmcufinder\plugins\mcufinder/ => C:\Users\kunal\.stmcufinder\plugins\mcufinder
2024-07-06 16:49:49,618 [INFO] ApiDb:250 - Set database path to: C:\Users\kunal\.stmcufinder\plugins\mcufinder//mcu/
2024-07-06 16:49:49,618 [WARN] DbFile:41 - Overriding database path with different value: C:\Users\kunal\.stmcufinder\plugins\mcufinder/ => C:\Users\kunal\.stmcufinder\plugins\mcufinder
2024-07-06 16:49:49,618 [INFO] DbMcusAds:125 - Set database path to: C:\Users\kunal\.stmcufinder\plugins\mcufinder//mcu/
2024-07-06 16:49:49,618 [WARN] DbFile:41 - Overriding database path with different value: C:\Users\kunal\.stmcufinder\plugins\mcufinder/ => C:\Users\kunal\.stmcufinder\plugins\mcufinder
2024-07-06 16:49:49,618 [WARN] DbFile:41 - Overriding database path with different value: C:\Users\kunal\.stmcufinder\plugins\mcufinder/ => C:\Users\kunal\.stmcufinder\plugins\mcufinder
2024-07-06 16:49:49,618 [INFO] CrossReferenceDbSqlite:203 - Set database path to: C:\Users\kunal\.stmcufinder\plugins\mcufinder//mcu/cs/
2024-07-06 16:49:49,729 [INFO] MainPanel:262 - HeapMemory: 268435456
2024-07-06 16:49:49,866 [INFO] DbMcusXml:78 - Set database path to: C:\ST\STM32CubeIDE_1.13.1\STM32CubeIDE\plugins\com.st.stm32cube.common.mx_6.9.1.202307191849\\db\/mcu/
2024-07-06 16:49:49,866 [INFO] ApiDb:274 - Set plugin database path to: C:\ST\STM32CubeIDE_1.13.1\STM32CubeIDE\plugins\com.st.stm32cube.common.mx_6.9.1.202307191849\\db\/plugins/boardmanager/
2024-07-06 16:49:49,866 [INFO] ApiDb:261 - Set plugin images path to: C:\ST\STM32CubeIDE_1.13.1\STM32CubeIDE\plugins\com.st.stm32cube.common.mx_6.9.1.202307191849\\db\/plugins/mcufinder/images/
2024-07-06 16:49:49,867 [WARN] DbFile:41 - Overriding database path with different value: C:\Users\kunal\.stmcufinder\plugins\mcufinder/ => C:\Users\kunal\.stmcufinder\plugins\mcufinder
2024-07-06 16:49:49,867 [INFO] ApiDb:250 - Set database path to: C:\Users\kunal\.stmcufinder\plugins\mcufinder//mcu/
2024-07-06 16:49:49,867 [WARN] DbFile:41 - Overriding database path with different value: C:\Users\kunal\.stmcufinder\plugins\mcufinder/ => C:\Users\kunal\.stmcufinder\plugins\mcufinder
2024-07-06 16:49:49,867 [INFO] DbMcusAds:125 - Set database path to: C:\Users\kunal\.stmcufinder\plugins\mcufinder//mcu/
2024-07-06 16:49:49,867 [WARN] DbFile:41 - Overriding database path with different value: C:\Users\kunal\.stmcufinder\plugins\mcufinder/ => C:\Users\kunal\.stmcufinder\plugins\mcufinder
2024-07-06 16:49:49,867 [WARN] DbFile:41 - Overriding database path with different value: C:\Users\kunal\.stmcufinder\plugins\mcufinder/ => C:\Users\kunal\.stmcufinder\plugins\mcufinder
2024-07-06 16:49:49,867 [INFO] CrossReferenceDbSqlite:203 - Set database path to: C:\Users\kunal\.stmcufinder\plugins\mcufinder//mcu/cs/
2024-07-06 16:49:49,893 [INFO] ApplicationProperties:184 - Using Application install path: C:\ST\STM32CubeIDE_1.13.1\STM32CubeIDE\plugins\com.st.stm32cube.common.mx_6.9.1.202307191849
2024-07-06 16:49:49,894 [INFO] PluginManage:196 - Search for loadable plugins [exclusion list=, ]
2024-07-06 16:49:49,896 [INFO] PluginManage:310 - Check plugin analytics
2024-07-06 16:49:50,154 [INFO] AnalyticsPlugin:253 - Accepted Software Licenses: 
2024-07-06 16:49:50,154 [INFO] AnalyticsPlugin:255 - Accepted CMSIS Pack Licenses: 
2024-07-06 16:49:50,154 [INFO] AnalyticsPlugin:257 - Accepted Firmware Licenses: FW.F4.1.27.0
2024-07-06 16:49:50,157 [INFO] PluginManage:359 - Loaded plugin analytics (category:tool,tabindex:-1)
2024-07-06 16:49:50,158 [INFO] PluginManage:310 - Check plugin cadmodel
2024-07-06 16:49:50,181 [INFO] CADModel:105 - Init CAD model plugin
2024-07-06 16:49:50,181 [INFO] PluginManage:359 - Loaded plugin cadmodel (category:power,tabindex:5)
2024-07-06 16:49:50,181 [INFO] PluginManage:310 - Check plugin clock
2024-07-06 16:49:50,210 [INFO] PluginManage:359 - Loaded plugin clock (category:base,tabindex:2)
2024-07-06 16:49:50,210 [INFO] PluginManage:310 - Check plugin ddr
2024-07-06 16:49:50,213 [INFO] PluginManage:359 - Loaded plugin ddr (category:tool,tabindex:6)
2024-07-06 16:49:50,213 [INFO] PluginManage:310 - Check plugin filemanager
2024-07-06 16:49:50,407 [INFO] PluginManage:359 - Loaded plugin filemanager (category:base,tabindex:10)
2024-07-06 16:49:50,407 [INFO] PluginManage:310 - Check plugin ipmanager
2024-07-06 16:49:50,418 [INFO] PluginManage:359 - Loaded plugin ipmanager (category:base,tabindex:5)
2024-07-06 16:49:50,418 [INFO] PluginManage:310 - Check plugin lpbam
2024-07-06 16:49:50,442 [INFO] PluginManage:359 - Loaded plugin lpbam (category:base,tabindex:0)
2024-07-06 16:49:50,442 [INFO] PluginManage:310 - Check plugin memorymap
2024-07-06 16:49:50,477 [INFO] PluginManage:359 - Loaded plugin memorymap (category:base,tabindex:4)
2024-07-06 16:49:50,477 [INFO] PluginManage:310 - Check plugin pinoutandconfiguration
2024-07-06 16:49:50,500 [INFO] PluginManage:359 - Loaded plugin pinoutandconfiguration (category:base,tabindex:1)
2024-07-06 16:49:50,501 [INFO] PluginManage:310 - Check plugin pinoutconfig
2024-07-06 16:49:50,630 [WARN] SupportedApi:132 - Cannot load RTOS API schema: s4s-elt-must-match.1: The content of 'definitions' must match (annotation?, (simpleType | complexType)?, (unique | key | keyref)*)). A problem was found starting at: attribute.
2024-07-06 16:49:50,812 [INFO] PluginManage:359 - Loaded plugin pinoutconfig (category:base,tabindex:0)
2024-07-06 16:49:50,812 [INFO] PluginManage:310 - Check plugin power
2024-07-06 16:49:50,843 [INFO] PluginManage:359 - Loaded plugin power (category:power,tabindex:4)
2024-07-06 16:49:50,843 [INFO] PluginManage:310 - Check plugin projectmanager
2024-07-06 16:49:50,865 [INFO] PluginManage:359 - Loaded plugin projectmanager (category:projectmanager,tabindex:3)
2024-07-06 16:49:50,866 [INFO] PluginManage:310 - Check plugin thirdparty
2024-07-06 16:49:51,224 [INFO] PluginManage:359 - Loaded plugin thirdparty (category:base,tabindex:-1)
2024-07-06 16:49:51,224 [INFO] PluginManage:310 - Check plugin tools
2024-07-06 16:49:51,224 [WARN] IntegrityCheckThread:84 - waiting for thirdparty lock release [integrity check]
2024-07-06 16:49:51,224 [INFO] IntegrityCheckThread:86 - entering critical section [integrity check]
2024-07-06 16:49:51,224 [INFO] ThirdPartyUpdaterWithRetryManager:70 - Updater plugin not ready yet. [1/15]
2024-07-06 16:49:51,271 [INFO] PluginManage:359 - Loaded plugin tools (category:base,tabindex:7)
2024-07-06 16:49:51,272 [INFO] PluginManage:310 - Check plugin tutovideos
2024-07-06 16:49:51,527 [INFO] PluginManage:359 - Loaded plugin tutovideos (category:base,tabindex:-1)
2024-07-06 16:49:51,527 [INFO] PluginManage:310 - Check plugin updater
2024-07-06 16:49:51,540 [INFO] PluginManage:359 - Loaded plugin updater (category:base,tabindex:12)
2024-07-06 16:49:51,540 [INFO] PluginManage:310 - Check plugin userauth
2024-07-06 16:49:51,546 [INFO] UserAuth:113 - Init User Auth plugin
2024-07-06 16:49:51,546 [INFO] PluginManage:359 - Loaded plugin userauth (category:base,tabindex:14)
2024-07-06 16:49:51,547 [INFO] PluginManage:283 - PluginManage : Loaded plugins [17]
2024-07-06 16:49:51,820 [INFO] PinOutPanel:1499 - setPackage(No Configuration,No Configuration)
2024-07-06 16:49:51,951 [INFO] CADModel:165 - CPN selected for project level
2024-07-06 16:49:51,951 [INFO] CADModel:114 - Register for checkConnection events
2024-07-06 16:49:51,984 [INFO] IPUIPlugin:80 - create IPUIPlugin
2024-07-06 16:49:51,985 [INFO] PluginManager:220 - loadIPPluginJar : add adc
2024-07-06 16:49:52,030 [INFO] IPUIPlugin:80 - create IPUIPlugin
2024-07-06 16:49:52,030 [INFO] PluginManager:220 - loadIPPluginJar : add aes
2024-07-06 16:49:52,080 [INFO] IPUIPlugin:80 - create IPUIPlugin
2024-07-06 16:49:52,080 [INFO] PluginManager:220 - loadIPPluginJar : add can
2024-07-06 16:49:52,110 [INFO] IPUIPlugin:80 - create IPUIPlugin
2024-07-06 16:49:52,110 [INFO] PluginManager:220 - loadIPPluginJar : add comp
2024-07-06 16:49:52,151 [INFO] IPUIPlugin:80 - create IPUIPlugin
2024-07-06 16:49:52,151 [INFO] PluginManager:220 - loadIPPluginJar : add cryp
2024-07-06 16:49:52,189 [INFO] IPUIPlugin:80 - create IPUIPlugin
2024-07-06 16:49:52,189 [INFO] PluginManager:220 - loadIPPluginJar : add dfsdm
2024-07-06 16:49:52,207 [INFO] IPUIPlugin:80 - create IPUIPlugin
2024-07-06 16:49:52,208 [INFO] PluginManager:220 - loadIPPluginJar : add dma
2024-07-06 16:49:52,264 [INFO] IPUIPlugin:80 - create IPUIPlugin
2024-07-06 16:49:52,264 [INFO] PluginManager:220 - loadIPPluginJar : add dma3
2024-07-06 16:49:52,290 [INFO] IPUIPlugin:80 - create IPUIPlugin
2024-07-06 16:49:52,291 [INFO] PluginManager:220 - loadIPPluginJar : add fatfs
2024-07-06 16:49:52,347 [INFO] IPUIPlugin:80 - create IPUIPlugin
2024-07-06 16:49:52,348 [INFO] PluginManager:220 - loadIPPluginJar : add fmc
2024-07-06 16:49:52,366 [INFO] IPUIPlugin:80 - create IPUIPlugin
2024-07-06 16:49:52,366 [INFO] PluginManager:220 - loadIPPluginJar : add freertos
2024-07-06 16:49:52,392 [INFO] IPUIPlugin:80 - create IPUIPlugin
2024-07-06 16:49:52,392 [INFO] PluginManager:220 - loadIPPluginJar : add genericplugin
2024-07-06 16:49:52,506 [INFO] IPUIPlugin:80 - create IPUIPlugin
2024-07-06 16:49:52,506 [INFO] PluginManager:220 - loadIPPluginJar : add gfxmmu
2024-07-06 16:49:52,694 [INFO] IPUIPlugin:80 - create IPUIPlugin
2024-07-06 16:49:52,694 [INFO] PluginManager:220 - loadIPPluginJar : add gic
2024-07-06 16:49:52,727 [INFO] IPUIPlugin:80 - create IPUIPlugin
2024-07-06 16:49:52,728 [INFO] PluginManager:220 - loadIPPluginJar : add gpio
2024-07-06 16:49:52,842 [INFO] IPUIPlugin:80 - create IPUIPlugin
2024-07-06 16:49:52,842 [INFO] PluginManager:220 - loadIPPluginJar : add gtzc
2024-07-06 16:49:52,883 [INFO] IPUIPlugin:80 - create IPUIPlugin
2024-07-06 16:49:52,883 [INFO] PluginManager:220 - loadIPPluginJar : add hash
2024-07-06 16:49:52,950 [INFO] IPUIPlugin:80 - create IPUIPlugin
2024-07-06 16:49:52,950 [INFO] PluginManager:220 - loadIPPluginJar : add i2c
2024-07-06 16:49:52,999 [INFO] IPUIPlugin:80 - create IPUIPlugin
2024-07-06 16:49:52,999 [INFO] PluginManager:220 - loadIPPluginJar : add i2s
2024-07-06 16:49:53,049 [INFO] IPUIPlugin:80 - create IPUIPlugin
2024-07-06 16:49:53,049 [INFO] PluginManager:220 - loadIPPluginJar : add i3c
2024-07-06 16:49:53,193 [INFO] IPUIPlugin:80 - create IPUIPlugin
2024-07-06 16:49:53,193 [INFO] PluginManager:220 - loadIPPluginJar : add ipddr
2024-07-06 16:49:53,311 [INFO] IPUIPlugin:80 - create IPUIPlugin
2024-07-06 16:49:53,312 [INFO] PluginManager:220 - loadIPPluginJar : add linkedlist
2024-07-06 16:49:53,355 [INFO] IPUIPlugin:80 - create IPUIPlugin
2024-07-06 16:49:53,355 [INFO] PluginManager:220 - loadIPPluginJar : add lorawan
2024-07-06 16:49:53,402 [INFO] IPUIPlugin:80 - create IPUIPlugin
2024-07-06 16:49:53,402 [INFO] PluginManager:220 - loadIPPluginJar : add ltdc
2024-07-06 16:49:53,420 [INFO] IPUIPlugin:80 - create IPUIPlugin
2024-07-06 16:49:53,421 [INFO] PluginManager:220 - loadIPPluginJar : add mdma
2024-07-06 16:49:53,441 [INFO] IPUIPlugin:80 - create IPUIPlugin
2024-07-06 16:49:53,441 [INFO] PluginManager:220 - loadIPPluginJar : add nvic
2024-07-06 16:49:53,554 [INFO] IPUIPlugin:80 - create IPUIPlugin
2024-07-06 16:49:53,555 [INFO] PluginManager:220 - loadIPPluginJar : add opamp
2024-07-06 16:49:53,646 [INFO] IPUIPlugin:80 - create IPUIPlugin
2024-07-06 16:49:53,646 [INFO] PluginManager:220 - loadIPPluginJar : add openamp
2024-07-06 16:49:53,701 [INFO] IPUIPlugin:80 - create IPUIPlugin
2024-07-06 16:49:53,701 [INFO] PluginManager:220 - loadIPPluginJar : add pdm2pcm
2024-07-06 16:49:53,719 [INFO] IPUIPlugin:80 - create IPUIPlugin
2024-07-06 16:49:53,721 [INFO] PluginManager:220 - loadIPPluginJar : add plateformsettings
2024-07-06 16:49:53,750 [INFO] IPUIPlugin:80 - create IPUIPlugin
2024-07-06 16:49:53,750 [INFO] PluginManager:220 - loadIPPluginJar : add quadspi
2024-07-06 16:49:53,768 [INFO] IPUIPlugin:80 - create IPUIPlugin
2024-07-06 16:49:53,769 [INFO] PluginManager:220 - loadIPPluginJar : add resmgrutility
2024-07-06 16:49:53,830 [INFO] IPUIPlugin:80 - create IPUIPlugin
2024-07-06 16:49:53,830 [INFO] PluginManager:220 - loadIPPluginJar : add sai
2024-07-06 16:49:53,878 [INFO] IPUIPlugin:80 - create IPUIPlugin
2024-07-06 16:49:53,878 [INFO] PluginManager:220 - loadIPPluginJar : add spi
2024-07-06 16:49:53,947 [INFO] IPUIPlugin:80 - create IPUIPlugin
2024-07-06 16:49:53,947 [INFO] PluginManager:220 - loadIPPluginJar : add stm32_wpan
2024-07-06 16:49:53,972 [INFO] IPUIPlugin:80 - create IPUIPlugin
2024-07-06 16:49:53,972 [INFO] PluginManager:220 - loadIPPluginJar : add tim
2024-07-06 16:49:54,044 [INFO] IPUIPlugin:80 - create IPUIPlugin
2024-07-06 16:49:54,044 [INFO] PluginManager:220 - loadIPPluginJar : add touchsensing
2024-07-06 16:49:54,077 [INFO] IPUIPlugin:80 - create IPUIPlugin
2024-07-06 16:49:54,077 [INFO] PluginManager:220 - loadIPPluginJar : add tracer_emb
2024-07-06 16:49:54,103 [INFO] IPUIPlugin:80 - create IPUIPlugin
2024-07-06 16:49:54,103 [INFO] PluginManager:220 - loadIPPluginJar : add ts
2024-07-06 16:49:54,134 [INFO] IPUIPlugin:80 - create IPUIPlugin
2024-07-06 16:49:54,134 [INFO] PluginManager:220 - loadIPPluginJar : add tsc
2024-07-06 16:49:54,159 [INFO] IPUIPlugin:80 - create IPUIPlugin
2024-07-06 16:49:54,159 [INFO] PluginManager:220 - loadIPPluginJar : add ucpd
2024-07-06 16:49:54,216 [INFO] IPUIPlugin:80 - create IPUIPlugin
2024-07-06 16:49:54,216 [INFO] PluginManager:220 - loadIPPluginJar : add usart
2024-07-06 16:49:54,231 [INFO] ThirdPartyUpdaterWithRetryManager:70 - Updater plugin not ready yet. [2/15]
2024-07-06 16:49:54,272 [INFO] IPUIPlugin:80 - create IPUIPlugin
2024-07-06 16:49:54,272 [INFO] PluginManager:220 - loadIPPluginJar : add usbx
2024-07-06 16:49:54,429 [INFO] CADModel:165 - CPN selected for project level
2024-07-06 16:49:54,429 [INFO] CADModel:114 - Register for checkConnection events
2024-07-06 16:49:54,429 [FATAL] Updater:308 - Updater called before beeing initialized
2024-07-06 16:49:54,429 [ERROR] CADModel:125 - Updater not yet initialized, retry later 
2024-07-06 16:49:54,660 [INFO] CADModel:165 - CPN selected for project level
2024-07-06 16:49:54,660 [INFO] CADModel:114 - Register for checkConnection events
2024-07-06 16:49:54,660 [FATAL] Updater:308 - Updater called before beeing initialized
2024-07-06 16:49:54,660 [ERROR] CADModel:125 - Updater not yet initialized, retry later 
2024-07-06 16:49:54,666 [FATAL] Updater:308 - Updater called before beeing initialized
2024-07-06 16:49:54,813 [FATAL] Updater:308 - Updater called before beeing initialized
2024-07-06 16:49:54,835 [INFO] DbMcusAds:53 - JSON generation date=Thu May 16 14:52:00 IST 2024 (1715851320852)
2024-07-06 16:49:54,835 [FATAL] Updater:308 - Updater called before beeing initialized
2024-07-06 16:49:54,943 [WARN] DetailPanel:346 - Failed to get advertising image, set to default
2024-07-06 16:49:55,113 [FATAL] Updater:308 - Updater called before beeing initialized
2024-07-06 16:49:55,121 [FATAL] Updater:308 - Updater called before beeing initialized
2024-07-06 16:49:55,121 [FATAL] Updater:308 - Updater called before beeing initialized
2024-07-06 16:49:55,121 [WARN] DetailPanel:346 - Failed to get advertising image, set to default
2024-07-06 16:49:55,121 [FATAL] Updater:308 - Updater called before beeing initialized
2024-07-06 16:49:55,206 [ERROR] Updater:1120 - MainUpdater not yet initialized. External WinMGr cannot be set.
2024-07-06 16:49:55,228 [INFO] Updater:1056 - Updater Version found : 6.9.1
2024-07-06 16:49:55,256 [INFO] ApplicationProperties:184 - Using Application install path: C:\ST\STM32CubeIDE_1.13.1\STM32CubeIDE\plugins\com.st.stm32cube.common.mx_6.9.1.202307191849
2024-07-06 16:49:55,652 [INFO] MainUpdater:2868 - connection check result : 10
2024-07-06 16:49:55,653 [INFO] MainUpdater:285 - Updater Check For Update Now.
2024-07-06 16:49:55,653 [INFO] MicroXplorer:498 - Change Database Version : DB.6.0.91
2024-07-06 16:49:55,695 [INFO] McuFinderGlobals:63 - Set McuFinder mode to 2 (CubeIDE integrated)
2024-07-06 16:49:55,695 [INFO] UserAuth:179 - activating auth plugin
2024-07-06 16:49:55,699 [INFO] UserAuth:393 - Internet connection configuration mode: 1
2024-07-06 16:49:55,736 [INFO] JxBrowserEngine:151 - Initiate JxBrowser Engine with user profile folder
2024-07-06 16:49:55,947 [INFO] CheckServerUpdateThread:120 - End of CheckServer Thread
2024-07-06 16:49:57,536 [WARN] PackLoader:240 - Cannot read IP mode file for STMicroelectronics.FP-SNS-MOTENVWB1.1.4.0
2024-07-06 16:49:57,564 [WARN] PackLoader:240 - Cannot read IP mode file for STMicroelectronics.X-CUBE-SMBUS.2.1.0
2024-07-06 16:49:57,577 [WARN] PackLoader:240 - Cannot read IP mode file for STMicroelectronics.X-CUBE-TOUCHGFX.4.23.0
2024-07-06 16:49:57,595 [WARN] PackLoader:240 - Cannot read IP mode file for STMicroelectronics.X-CUBE-TOUCHGFX.4.23.2
2024-07-06 16:49:57,649 [WARN] PackLoader:240 - Cannot read IP mode file for STMicroelectronics.X-CUBE-AZRTOS-F7.1.1.0
2024-07-06 16:49:57,682 [WARN] PackLoader:240 - Cannot read IP mode file for STMicroelectronics.FP-SNS-MOTENV1.4.3.2
2024-07-06 16:49:57,706 [WARN] PackLoader:240 - Cannot read IP mode file for STMicroelectronics.FP-SNS-FLIGHT1.5.0.2
2024-07-06 16:49:57,733 [WARN] PackLoader:240 - Cannot read IP mode file for STMicroelectronics.X-CUBE-DISPLAY.3.0.0
2024-07-06 16:49:57,765 [WARN] PackLoader:240 - Cannot read IP mode file for STMicroelectronics.X-CUBE-BLE1.7.0.0
2024-07-06 16:49:57,782 [WARN] PackLoader:240 - Cannot read IP mode file for emotas.I-CUBE-CANOPEN.1.3.0
2024-07-06 16:49:57,796 [WARN] PackLoader:240 - Cannot read IP mode file for STMicroelectronics.X-CUBE-TOUCHGFX.4.22.0
2024-07-06 16:49:57,806 [WARN] PackLoader:240 - Cannot read IP mode file for STMicroelectronics.X-CUBE-TOUCHGFX.4.22.1
2024-07-06 16:49:57,829 [WARN] PackLoader:240 - Cannot read IP mode file for STMicroelectronics.X-CUBE-BLEMGR.3.1.0
2024-07-06 16:49:57,859 [WARN] PackLoader:240 - Cannot read IP mode file for STMicroelectronics.FP-SNS-SMARTAG2.1.2.0
2024-07-06 16:49:57,886 [INFO] LogOutputStream:77 - [STDOUT_REDIRECT] 1 : Invalid condition id : UX_CORESTACK_Condition cause : null
2024-07-06 16:49:57,886 [INFO] LogOutputStream:77 - [STDOUT_REDIRECT] 1 : Invalid condition id : UX_CORESTACK_Condition cause : null
2024-07-06 16:49:57,886 [INFO] LogOutputStream:77 - [STDOUT_REDIRECT] 1 : Invalid condition id : UX_CORESTACK_Condition cause : null
2024-07-06 16:49:57,894 [INFO] LogOutputStream:77 - [STDOUT_REDIRECT] 1 : Invalid condition id : UX_CORESTACK_Condition cause : null
2024-07-06 16:49:57,895 [INFO] LogOutputStream:77 - [STDOUT_REDIRECT] 1 : Invalid condition id : UX_CORESTACK_Condition cause : null
2024-07-06 16:49:57,896 [WARN] PackLoader:240 - Cannot read IP mode file for STMicroelectronics.X-CUBE-AZRTOS-WL.2.0.0
2024-07-06 16:49:57,919 [WARN] PackLoader:240 - Cannot read IP mode file for STMicroelectronics.FP-SNS-MOTENV1.5.0.0
2024-07-06 16:49:57,937 [WARN] PackLoader:240 - Cannot read IP mode file for wolfSSL.I-CUBE-wolfMQTT.1.19.0
2024-07-06 16:49:57,963 [WARN] PackLoader:240 - Cannot read IP mode file for WES.I-CUBE-Cesium.1.3.0
2024-07-06 16:49:57,984 [WARN] PackLoader:240 - Cannot read IP mode file for STMicroelectronics.X-CUBE-BLE2.3.3.0
2024-07-06 16:49:58,002 [WARN] PackLoader:240 - Cannot read IP mode file for STMicroelectronics.X-CUBE-TCPP.4.1.0
2024-07-06 16:49:58,017 [WARN] PackLoader:240 - Cannot read IP mode file for STMicroelectronics.X-CUBE-ALGOBUILD.1.3.0
2024-07-06 16:49:58,062 [WARN] PackLoader:240 - Cannot read IP mode file for STMicroelectronics.X-CUBE-AZRTOS-G0.1.1.0
2024-07-06 16:49:58,081 [WARN] PackLoader:240 - Cannot read IP mode file for STMicroelectronics.X-CUBE-SAFEA1.1.2.2
2024-07-06 16:49:58,106 [WARN] PackLoader:240 - Cannot read IP mode file for STMicroelectronics.X-CUBE-NFC4.3.0.0
2024-07-06 16:49:58,122 [WARN] PackLoader:240 - Cannot read IP mode file for STMicroelectronics.X-CUBE-BLEMGR.3.0.0
2024-07-06 16:49:58,147 [WARN] PackLoader:240 - Cannot read IP mode file for STMicroelectronics.FP-ATR-SIGFOX1.3.2.0
2024-07-06 16:49:58,165 [WARN] PackLoader:240 - Cannot read IP mode file for STMicroelectronics.X-CUBE-EEPRMA1.5.1.0
2024-07-06 16:49:58,259 [WARN] PackLoader:240 - Cannot read IP mode file for SEGGER.I-CUBE-embOS.1.3.1
2024-07-06 16:49:58,392 [WARN] PackLoader:240 - Cannot read IP mode file for STMicroelectronics.X-CUBE-ALGOBUILD.1.4.0
2024-07-06 16:49:58,416 [WARN] PackLoader:240 - Cannot read IP mode file for STMicroelectronics.X-CUBE-GNSS1.6.0.0
2024-07-06 16:49:58,457 [WARN] PackLoader:240 - Cannot read IP mode file for STMicroelectronics.X-CUBE-AZRTOS-F4.1.1.0
2024-07-06 16:49:58,473 [WARN] PackLoader:240 - Cannot read IP mode file for wolfSSL.I-CUBE-wolfSSL.5.6.3
2024-07-06 16:49:58,494 [WARN] PackLoader:240 - Cannot read IP mode file for STMicroelectronics.X-CUBE-FREERTOS.1.2.0
2024-07-06 16:49:58,522 [WARN] PackLoader:240 - Cannot read IP mode file for STMicroelectronics.X-CUBE-AZRTOS-L5.2.0.0
2024-07-06 16:49:58,676 [WARN] PackLoader:240 - Cannot read IP mode file for STMicroelectronics.X-CUBE-MEMS1.9.6.0
2024-07-06 16:49:58,878 [WARN] PackLoader:240 - Cannot read IP mode file for STMicroelectronics.X-CUBE-EEPRMA1.4.2.0
2024-07-06 16:49:58,895 [WARN] PackLoader:240 - Cannot read IP mode file for STMicroelectronics.X-CUBE-NFC6.3.1.0
2024-07-06 16:49:58,918 [WARN] PackLoader:240 - Cannot read IP mode file for ITTIA_DB.I-CUBE-ITTIADB.8.8.0
2024-07-06 16:49:58,937 [WARN] PackLoader:240 - Cannot read IP mode file for STMicroelectronics.X-CUBE-BLEMGR.2.0.0
2024-07-06 16:49:58,958 [WARN] PackLoader:240 - Cannot read IP mode file for STMicroelectronics.X-CUBE-AI.9.0.0
2024-07-06 16:49:59,003 [WARN] ConditionMgr:438 - getConditionDescription Invalid condition id : UX DEVICE CLASS RTOS Condition cause : null
2024-07-06 16:49:59,003 [WARN] ConditionMgr:438 - getConditionDescription Invalid condition id : UX DEVICE CLASS RTOS Condition cause : null
2024-07-06 16:49:59,008 [WARN] PackLoader:240 - Cannot read IP mode file for STMicroelectronics.X-CUBE-AZRTOS-H7.3.1.0
2024-07-06 16:49:59,009 [WARN] ConditionMgr:1039 - genDependencies : Invalid condition id : UX DEVICE CLASS RTOS Condition cause : null
2024-07-06 16:49:59,009 [WARN] ConditionMgr:1039 - genDependencies : Invalid condition id : UX DEVICE CLASS RTOS Condition cause : null
2024-07-06 16:49:59,010 [WARN] ConditionMgr:1039 - genDependencies : Invalid condition id : UX DEVICE CLASS RTOS Condition cause : null
2024-07-06 16:49:59,010 [WARN] ConditionMgr:1039 - genDependencies : Invalid condition id : UX DEVICE CLASS RTOS Condition cause : null
2024-07-06 16:49:59,010 [WARN] ConditionMgr:1039 - genDependencies : Invalid condition id : UX DEVICE CLASS RTOS Condition cause : null
2024-07-06 16:49:59,010 [INFO] WebApp:157 - Instantiating new browser for Auth
2024-07-06 16:49:59,026 [WARN] PackLoader:240 - Cannot read IP mode file for STMicroelectronics.X-CUBE-NFC7.1.0.1
2024-07-06 16:49:59,074 [WARN] PackLoader:240 - Cannot read IP mode file for STMicroelectronics.X-CUBE-NFC6.3.0.0
2024-07-06 16:49:59,106 [WARN] PackLoader:240 - Cannot read IP mode file for STMicroelectronics.X-CUBE-EEPRMA1.4.1.0
2024-07-06 16:49:59,122 [WARN] PackLoader:240 - Cannot read IP mode file for STMicroelectronics.X-CUBE-AI.8.1.0
2024-07-06 16:49:59,166 [WARN] ConditionMgr:438 - getConditionDescription Invalid condition id : LAN8742 Phy interface Condition cause : null
2024-07-06 16:49:59,166 [WARN] PackLoader:240 - Cannot read IP mode file for STMicroelectronics.X-CUBE-AZRTOS-L4.2.0.0
2024-07-06 16:49:59,170 [WARN] ConditionMgr:1039 - genDependencies : Invalid condition id : LAN8742 Phy interface Condition cause : null
2024-07-06 16:49:59,171 [WARN] ConditionMgr:1039 - genDependencies : Invalid condition id : LAN8742 Phy interface Condition cause : null
2024-07-06 16:49:59,171 [WARN] ConditionMgr:1039 - genDependencies : Invalid condition id : LAN8742 Phy interface Condition cause : null
2024-07-06 16:49:59,195 [WARN] PackLoader:240 - Cannot read IP mode file for STMicroelectronics.X-CUBE-SFXS2LP1.4.0.0
2024-07-06 16:49:59,212 [WARN] PackLoader:240 - Cannot read IP mode file for STMicroelectronics.X-CUBE-ISPU.1.1.0
2024-07-06 16:49:59,253 [WARN] ConditionMgr:438 - getConditionDescription Invalid condition id : UX DEVICE CLASS RTOS Condition cause : null
2024-07-06 16:49:59,253 [WARN] ConditionMgr:438 - getConditionDescription Invalid condition id : UX DEVICE CLASS RTOS Condition cause : null
2024-07-06 16:49:59,253 [WARN] PackLoader:240 - Cannot read IP mode file for STMicroelectronics.X-CUBE-AZRTOS-WB.2.0.0
2024-07-06 16:49:59,258 [WARN] ConditionMgr:1039 - genDependencies : Invalid condition id : UX DEVICE CLASS RTOS Condition cause : null
2024-07-06 16:49:59,258 [WARN] ConditionMgr:1039 - genDependencies : Invalid condition id : UX DEVICE CLASS RTOS Condition cause : null
2024-07-06 16:49:59,258 [WARN] ConditionMgr:1039 - genDependencies : Invalid condition id : UX DEVICE CLASS RTOS Condition cause : null
2024-07-06 16:49:59,258 [WARN] ConditionMgr:1039 - genDependencies : Invalid condition id : UX DEVICE CLASS RTOS Condition cause : null
2024-07-06 16:49:59,258 [WARN] ConditionMgr:1039 - genDependencies : Invalid condition id : UX DEVICE CLASS RTOS Condition cause : null
2024-07-06 16:49:59,269 [WARN] PackLoader:240 - Cannot read IP mode file for STMicroelectronics.X-CUBE-FREERTOS.1.0.1
2024-07-06 16:49:59,301 [WARN] PackLoader:240 - Cannot read IP mode file for STMicroelectronics.X-CUBE-SUBG2.5.0.0
2024-07-06 16:49:59,321 [WARN] PackLoader:240 - Cannot read IP mode file for Cesanta.I-CUBE-Mongoose.7.13.0
2024-07-06 16:49:59,343 [WARN] PackLoader:240 - Cannot read IP mode file for STMicroelectronics.X-CUBE-TOF1.3.3.1
2024-07-06 16:49:59,388 [WARN] PackLoader:240 - Cannot read IP mode file for STMicroelectronics.X-CUBE-AZRTOS-G4.2.0.0
2024-07-06 16:49:59,418 [WARN] PackLoader:240 - Cannot read IP mode file for Infineon.AIROC-Wi-Fi-Bluetooth-STM32.1.5.1
2024-07-06 16:49:59,442 [WARN] PackLoader:240 - Cannot read IP mode file for STMicroelectronics.FP-SNS-MOTENVWB1.1.3.1
2024-07-06 16:49:59,460 [WARN] PackLoader:240 - Cannot read IP mode file for STMicroelectronics.X-CUBE-ISPU.2.0.0
2024-07-06 16:49:59,479 [WARN] PackLoader:240 - Cannot read IP mode file for STMicroelectronics.X-CUBE-ALS.1.0.2
2024-07-06 16:49:59,553 [WARN] PackLoader:240 - Cannot read IP mode file for STMicroelectronics.X-CUBE-MEMS1.10.0.0
2024-07-06 16:49:59,750 [WARN] PackLoader:240 - Cannot read IP mode file for STMicroelectronics.X-CUBE-FREERTOS.1.1.0
2024-07-06 16:49:59,769 [WARN] PackLoader:240 - Cannot read IP mode file for STMicroelectronics.X-CUBE-TOUCHGFX.4.24.0
2024-07-06 16:49:59,787 [WARN] PackLoader:240 - Cannot read IP mode file for portGmbH.I-Cube-SoM-uGOAL.1.1.0
2024-07-06 16:49:59,804 [WARN] PackLoader:240 - Cannot read IP mode file for STMicroelectronics.X-CUBE-ALS.1.0.1
2024-07-06 16:49:59,845 [WARN] PackLoader:240 - Cannot read IP mode file for STMicroelectronics.X-CUBE-AZRTOS-H7RS.1.0.0
2024-07-06 16:49:59,863 [WARN] PackLoader:240 - Cannot read IP mode file for STMicroelectronics.FP-ATR-ASTRA1.2.0.0
2024-07-06 16:49:59,885 [WARN] PackLoader:240 - Cannot read IP mode file for STMicroelectronics.X-CUBE-TOF1.3.4.0
2024-07-06 16:49:59,928 [WARN] PackLoader:240 - Cannot read IP mode file for STMicroelectronics.X-CUBE-TOF1.3.4.1
2024-07-06 16:49:59,990 [WARN] PackLoader:240 - Cannot read IP mode file for STMicroelectronics.X-CUBE-AZRTOS-H7.3.2.0
2024-07-06 16:49:59,998 [INFO] ThirdParty:978 - Integrity check success = true
2024-07-06 16:49:59,999 [INFO] IntegrityCheckThread:100 - exiting critical section [integrity check]
2024-07-06 16:49:59,999 [INFO] IntegrityCheckThread:103 - End integrity checks thread
2024-07-06 16:50:00,166 [INFO] WebApp:753 - Register for checkConnection events
2024-07-06 16:50:00,166 [INFO] WebApp:390 - Apply proxy settings
2024-07-06 16:50:00,167 [INFO] WebApp:475 - Chromium requires no authentication
2024-07-06 16:50:00,179 [INFO] WebApp:418 - Direct internet connection detected
2024-07-06 16:50:00,452 [INFO] WebApp:188 - Starting web application
2024-07-06 16:50:00,452 [INFO] WebApp:520 - Web application path used C:\ST\STM32CubeIDE_1.13.1\STM32CubeIDE\plugins\com.st.stm32cube.common.mx_6.9.1.202307191849\db\plugins\mcufinder\reactClient1\index.html
2024-07-06 16:50:21,806 [ERROR] LogOutputStream:75 - [STDERR_REDIRECT] SLF4J: Failed to load class "org.slf4j.impl.StaticLoggerBinder".
2024-07-06 16:50:21,806 [ERROR] LogOutputStream:75 - [STDERR_REDIRECT] SLF4J: Defaulting to no-operation (NOP) logger implementation
2024-07-06 16:50:21,809 [ERROR] LogOutputStream:75 - [STDERR_REDIRECT] SLF4J: See http://www.slf4j.org/codes.html#StaticLoggerBinder for further details.
