2024-07-17 16:23:32,752 [INFO] Activator:176 - 


2024-07-17 16:23:32,759 [INFO] Activator:177 - !SESSION log4j initialized
2024-07-17 16:23:40,958 [INFO] LogOutputStream:77 - [STDOUT_REDIRECT] 
2024-07-17 16:23:47,142 [INFO] ApplicationProperties:184 - Using Application install path: C:\ST\STM32CubeIDE_1.13.1\STM32CubeIDE\plugins\com.st.stm32cube.common.mx_6.9.1.202307191849
2024-07-17 16:23:47,172 [INFO] DbMcusXml:78 - Set database path to: C:\ST\STM32CubeIDE_1.13.1\STM32CubeIDE\plugins\com.st.stm32cube.common.mx_6.9.1.202307191849\\db\/mcu/
2024-07-17 16:23:47,173 [INFO] ApiDb:274 - Set plugin database path to: C:\ST\STM32CubeIDE_1.13.1\STM32CubeIDE\plugins\com.st.stm32cube.common.mx_6.9.1.202307191849\\db\/plugins/boardmanager/
2024-07-17 16:23:47,174 [WARN] ApiDb:259 - Overriding images path with different value:  => C:\ST\STM32CubeIDE_1.13.1\STM32CubeIDE\plugins\com.st.stm32cube.common.mx_6.9.1.202307191849\\db\/plugins/mcufinder/images/
2024-07-17 16:23:47,201 [INFO] ApiDb:250 - Set database path to: C:\Users\kunal\.stmcufinder\plugins\mcufinder//mcu/
2024-07-17 16:23:47,205 [INFO] DbMcusAds:125 - Set database path to: C:\Users\kunal\.stmcufinder\plugins\mcufinder//mcu/
2024-07-17 16:23:47,212 [INFO] CrossReferenceDbSqlite:203 - Set database path to: C:\Users\kunal\.stmcufinder\plugins\mcufinder//mcu/cs/
2024-07-17 16:23:47,422 [INFO] RulesReader:64 - Compatibility file has been processed (293 Rules)
2024-07-17 16:23:47,555 [INFO] DbMcusXml:78 - Set database path to: C:\ST\STM32CubeIDE_1.13.1\STM32CubeIDE\plugins\com.st.stm32cube.common.mx_6.9.1.202307191849\\db\/mcu/
2024-07-17 16:23:47,555 [INFO] ApiDb:274 - Set plugin database path to: C:\ST\STM32CubeIDE_1.13.1\STM32CubeIDE\plugins\com.st.stm32cube.common.mx_6.9.1.202307191849\\db\/plugins/boardmanager/
2024-07-17 16:23:47,555 [INFO] ApiDb:261 - Set plugin images path to: C:\ST\STM32CubeIDE_1.13.1\STM32CubeIDE\plugins\com.st.stm32cube.common.mx_6.9.1.202307191849\\db\/plugins/mcufinder/images/
2024-07-17 16:23:47,556 [WARN] DbFile:41 - Overriding database path with different value: C:\Users\kunal\.stmcufinder\plugins\mcufinder/ => C:\Users\kunal\.stmcufinder\plugins\mcufinder
2024-07-17 16:23:47,556 [INFO] ApiDb:250 - Set database path to: C:\Users\kunal\.stmcufinder\plugins\mcufinder//mcu/
2024-07-17 16:23:47,556 [WARN] DbFile:41 - Overriding database path with different value: C:\Users\kunal\.stmcufinder\plugins\mcufinder/ => C:\Users\kunal\.stmcufinder\plugins\mcufinder
2024-07-17 16:23:47,556 [INFO] DbMcusAds:125 - Set database path to: C:\Users\kunal\.stmcufinder\plugins\mcufinder//mcu/
2024-07-17 16:23:47,556 [WARN] DbFile:41 - Overriding database path with different value: C:\Users\kunal\.stmcufinder\plugins\mcufinder/ => C:\Users\kunal\.stmcufinder\plugins\mcufinder
2024-07-17 16:23:47,556 [WARN] DbFile:41 - Overriding database path with different value: C:\Users\kunal\.stmcufinder\plugins\mcufinder/ => C:\Users\kunal\.stmcufinder\plugins\mcufinder
2024-07-17 16:23:47,556 [INFO] CrossReferenceDbSqlite:203 - Set database path to: C:\Users\kunal\.stmcufinder\plugins\mcufinder//mcu/cs/
2024-07-17 16:23:47,667 [INFO] MainPanel:262 - HeapMemory: 268435456
2024-07-17 16:23:47,800 [INFO] DbMcusXml:78 - Set database path to: C:\ST\STM32CubeIDE_1.13.1\STM32CubeIDE\plugins\com.st.stm32cube.common.mx_6.9.1.202307191849\\db\/mcu/
2024-07-17 16:23:47,800 [INFO] ApiDb:274 - Set plugin database path to: C:\ST\STM32CubeIDE_1.13.1\STM32CubeIDE\plugins\com.st.stm32cube.common.mx_6.9.1.202307191849\\db\/plugins/boardmanager/
2024-07-17 16:23:47,800 [INFO] ApiDb:261 - Set plugin images path to: C:\ST\STM32CubeIDE_1.13.1\STM32CubeIDE\plugins\com.st.stm32cube.common.mx_6.9.1.202307191849\\db\/plugins/mcufinder/images/
2024-07-17 16:23:47,802 [WARN] DbFile:41 - Overriding database path with different value: C:\Users\kunal\.stmcufinder\plugins\mcufinder/ => C:\Users\kunal\.stmcufinder\plugins\mcufinder
2024-07-17 16:23:47,802 [INFO] ApiDb:250 - Set database path to: C:\Users\kunal\.stmcufinder\plugins\mcufinder//mcu/
2024-07-17 16:23:47,802 [WARN] DbFile:41 - Overriding database path with different value: C:\Users\kunal\.stmcufinder\plugins\mcufinder/ => C:\Users\kunal\.stmcufinder\plugins\mcufinder
2024-07-17 16:23:47,802 [INFO] DbMcusAds:125 - Set database path to: C:\Users\kunal\.stmcufinder\plugins\mcufinder//mcu/
2024-07-17 16:23:47,802 [WARN] DbFile:41 - Overriding database path with different value: C:\Users\kunal\.stmcufinder\plugins\mcufinder/ => C:\Users\kunal\.stmcufinder\plugins\mcufinder
2024-07-17 16:23:47,802 [WARN] DbFile:41 - Overriding database path with different value: C:\Users\kunal\.stmcufinder\plugins\mcufinder/ => C:\Users\kunal\.stmcufinder\plugins\mcufinder
2024-07-17 16:23:47,802 [INFO] CrossReferenceDbSqlite:203 - Set database path to: C:\Users\kunal\.stmcufinder\plugins\mcufinder//mcu/cs/
2024-07-17 16:23:47,828 [INFO] ApplicationProperties:184 - Using Application install path: C:\ST\STM32CubeIDE_1.13.1\STM32CubeIDE\plugins\com.st.stm32cube.common.mx_6.9.1.202307191849
2024-07-17 16:23:47,830 [INFO] PluginManage:196 - Search for loadable plugins [exclusion list=, ]
2024-07-17 16:23:47,833 [INFO] PluginManage:310 - Check plugin analytics
2024-07-17 16:23:48,087 [INFO] AnalyticsPlugin:253 - Accepted Software Licenses: 
2024-07-17 16:23:48,088 [INFO] AnalyticsPlugin:255 - Accepted CMSIS Pack Licenses: 
2024-07-17 16:23:48,088 [INFO] AnalyticsPlugin:257 - Accepted Firmware Licenses: FW.F4.1.27.0
2024-07-17 16:23:48,092 [INFO] PluginManage:359 - Loaded plugin analytics (category:tool,tabindex:-1)
2024-07-17 16:23:48,092 [INFO] PluginManage:310 - Check plugin cadmodel
2024-07-17 16:23:48,114 [INFO] CADModel:105 - Init CAD model plugin
2024-07-17 16:23:48,114 [INFO] PluginManage:359 - Loaded plugin cadmodel (category:power,tabindex:5)
2024-07-17 16:23:48,114 [INFO] PluginManage:310 - Check plugin clock
2024-07-17 16:23:48,144 [INFO] PluginManage:359 - Loaded plugin clock (category:base,tabindex:2)
2024-07-17 16:23:48,144 [INFO] PluginManage:310 - Check plugin ddr
2024-07-17 16:23:48,148 [INFO] PluginManage:359 - Loaded plugin ddr (category:tool,tabindex:6)
2024-07-17 16:23:48,148 [INFO] PluginManage:310 - Check plugin filemanager
2024-07-17 16:23:48,350 [INFO] PluginManage:359 - Loaded plugin filemanager (category:base,tabindex:10)
2024-07-17 16:23:48,350 [INFO] PluginManage:310 - Check plugin ipmanager
2024-07-17 16:23:48,363 [INFO] PluginManage:359 - Loaded plugin ipmanager (category:base,tabindex:5)
2024-07-17 16:23:48,364 [INFO] PluginManage:310 - Check plugin lpbam
2024-07-17 16:23:48,389 [INFO] PluginManage:359 - Loaded plugin lpbam (category:base,tabindex:0)
2024-07-17 16:23:48,389 [INFO] PluginManage:310 - Check plugin memorymap
2024-07-17 16:23:48,421 [INFO] PluginManage:359 - Loaded plugin memorymap (category:base,tabindex:4)
2024-07-17 16:23:48,421 [INFO] PluginManage:310 - Check plugin pinoutandconfiguration
2024-07-17 16:23:48,444 [INFO] PluginManage:359 - Loaded plugin pinoutandconfiguration (category:base,tabindex:1)
2024-07-17 16:23:48,444 [INFO] PluginManage:310 - Check plugin pinoutconfig
2024-07-17 16:23:48,593 [WARN] SupportedApi:132 - Cannot load RTOS API schema: s4s-elt-must-match.1: The content of 'definitions' must match (annotation?, (simpleType | complexType)?, (unique | key | keyref)*)). A problem was found starting at: attribute.
2024-07-17 16:23:48,825 [INFO] PluginManage:359 - Loaded plugin pinoutconfig (category:base,tabindex:0)
2024-07-17 16:23:48,825 [INFO] PluginManage:310 - Check plugin power
2024-07-17 16:23:48,854 [INFO] PluginManage:359 - Loaded plugin power (category:power,tabindex:4)
2024-07-17 16:23:48,855 [INFO] PluginManage:310 - Check plugin projectmanager
2024-07-17 16:23:48,879 [INFO] PluginManage:359 - Loaded plugin projectmanager (category:projectmanager,tabindex:3)
2024-07-17 16:23:48,879 [INFO] PluginManage:310 - Check plugin thirdparty
2024-07-17 16:23:49,303 [INFO] PluginManage:359 - Loaded plugin thirdparty (category:base,tabindex:-1)
2024-07-17 16:23:49,304 [INFO] PluginManage:310 - Check plugin tools
2024-07-17 16:23:49,303 [WARN] IntegrityCheckThread:84 - waiting for thirdparty lock release [integrity check]
2024-07-17 16:23:49,304 [INFO] IntegrityCheckThread:86 - entering critical section [integrity check]
2024-07-17 16:23:49,305 [INFO] ThirdPartyUpdaterWithRetryManager:70 - Updater plugin not ready yet. [1/15]
2024-07-17 16:23:49,363 [INFO] PluginManage:359 - Loaded plugin tools (category:base,tabindex:7)
2024-07-17 16:23:49,364 [INFO] PluginManage:310 - Check plugin tutovideos
2024-07-17 16:23:49,658 [INFO] PluginManage:359 - Loaded plugin tutovideos (category:base,tabindex:-1)
2024-07-17 16:23:49,658 [INFO] PluginManage:310 - Check plugin updater
2024-07-17 16:23:49,675 [INFO] PluginManage:359 - Loaded plugin updater (category:base,tabindex:12)
2024-07-17 16:23:49,675 [INFO] PluginManage:310 - Check plugin userauth
2024-07-17 16:23:49,684 [INFO] UserAuth:113 - Init User Auth plugin
2024-07-17 16:23:49,684 [INFO] PluginManage:359 - Loaded plugin userauth (category:base,tabindex:14)
2024-07-17 16:23:49,685 [INFO] PluginManage:283 - PluginManage : Loaded plugins [17]
2024-07-17 16:23:50,004 [INFO] PinOutPanel:1499 - setPackage(No Configuration,No Configuration)
2024-07-17 16:23:50,171 [INFO] CADModel:165 - CPN selected for project level
2024-07-17 16:23:50,171 [INFO] CADModel:114 - Register for checkConnection events
2024-07-17 16:23:50,216 [INFO] IPUIPlugin:80 - create IPUIPlugin
2024-07-17 16:23:50,216 [INFO] PluginManager:220 - loadIPPluginJar : add adc
2024-07-17 16:23:50,275 [INFO] IPUIPlugin:80 - create IPUIPlugin
2024-07-17 16:23:50,275 [INFO] PluginManager:220 - loadIPPluginJar : add aes
2024-07-17 16:23:50,327 [INFO] IPUIPlugin:80 - create IPUIPlugin
2024-07-17 16:23:50,327 [INFO] PluginManager:220 - loadIPPluginJar : add can
2024-07-17 16:23:50,356 [INFO] IPUIPlugin:80 - create IPUIPlugin
2024-07-17 16:23:50,356 [INFO] PluginManager:220 - loadIPPluginJar : add comp
2024-07-17 16:23:50,402 [INFO] IPUIPlugin:80 - create IPUIPlugin
2024-07-17 16:23:50,402 [INFO] PluginManager:220 - loadIPPluginJar : add cryp
2024-07-17 16:23:50,447 [INFO] IPUIPlugin:80 - create IPUIPlugin
2024-07-17 16:23:50,447 [INFO] PluginManager:220 - loadIPPluginJar : add dfsdm
2024-07-17 16:23:50,466 [INFO] IPUIPlugin:80 - create IPUIPlugin
2024-07-17 16:23:50,468 [INFO] PluginManager:220 - loadIPPluginJar : add dma
2024-07-17 16:23:50,548 [INFO] IPUIPlugin:80 - create IPUIPlugin
2024-07-17 16:23:50,549 [INFO] PluginManager:220 - loadIPPluginJar : add dma3
2024-07-17 16:23:50,584 [INFO] IPUIPlugin:80 - create IPUIPlugin
2024-07-17 16:23:50,585 [INFO] PluginManager:220 - loadIPPluginJar : add fatfs
2024-07-17 16:23:50,669 [INFO] IPUIPlugin:80 - create IPUIPlugin
2024-07-17 16:23:50,669 [INFO] PluginManager:220 - loadIPPluginJar : add fmc
2024-07-17 16:23:50,693 [INFO] IPUIPlugin:80 - create IPUIPlugin
2024-07-17 16:23:50,695 [INFO] PluginManager:220 - loadIPPluginJar : add freertos
2024-07-17 16:23:50,727 [INFO] IPUIPlugin:80 - create IPUIPlugin
2024-07-17 16:23:50,727 [INFO] PluginManager:220 - loadIPPluginJar : add genericplugin
2024-07-17 16:23:50,875 [INFO] IPUIPlugin:80 - create IPUIPlugin
2024-07-17 16:23:50,875 [INFO] PluginManager:220 - loadIPPluginJar : add gfxmmu
2024-07-17 16:23:51,091 [INFO] IPUIPlugin:80 - create IPUIPlugin
2024-07-17 16:23:51,091 [INFO] PluginManager:220 - loadIPPluginJar : add gic
2024-07-17 16:23:51,111 [INFO] IPUIPlugin:80 - create IPUIPlugin
2024-07-17 16:23:51,111 [INFO] PluginManager:220 - loadIPPluginJar : add gpio
2024-07-17 16:23:51,236 [INFO] IPUIPlugin:80 - create IPUIPlugin
2024-07-17 16:23:51,236 [INFO] PluginManager:220 - loadIPPluginJar : add gtzc
2024-07-17 16:23:51,297 [INFO] IPUIPlugin:80 - create IPUIPlugin
2024-07-17 16:23:51,297 [INFO] PluginManager:220 - loadIPPluginJar : add hash
2024-07-17 16:23:51,371 [INFO] IPUIPlugin:80 - create IPUIPlugin
2024-07-17 16:23:51,371 [INFO] PluginManager:220 - loadIPPluginJar : add i2c
2024-07-17 16:23:51,425 [INFO] IPUIPlugin:80 - create IPUIPlugin
2024-07-17 16:23:51,426 [INFO] PluginManager:220 - loadIPPluginJar : add i2s
2024-07-17 16:23:51,486 [INFO] IPUIPlugin:80 - create IPUIPlugin
2024-07-17 16:23:51,486 [INFO] PluginManager:220 - loadIPPluginJar : add i3c
2024-07-17 16:23:51,647 [INFO] IPUIPlugin:80 - create IPUIPlugin
2024-07-17 16:23:51,648 [INFO] PluginManager:220 - loadIPPluginJar : add ipddr
2024-07-17 16:23:51,793 [INFO] IPUIPlugin:80 - create IPUIPlugin
2024-07-17 16:23:51,793 [INFO] PluginManager:220 - loadIPPluginJar : add linkedlist
2024-07-17 16:23:51,839 [INFO] IPUIPlugin:80 - create IPUIPlugin
2024-07-17 16:23:51,839 [INFO] PluginManager:220 - loadIPPluginJar : add lorawan
2024-07-17 16:23:51,885 [INFO] IPUIPlugin:80 - create IPUIPlugin
2024-07-17 16:23:51,886 [INFO] PluginManager:220 - loadIPPluginJar : add ltdc
2024-07-17 16:23:51,902 [INFO] IPUIPlugin:80 - create IPUIPlugin
2024-07-17 16:23:51,902 [INFO] PluginManager:220 - loadIPPluginJar : add mdma
2024-07-17 16:23:51,916 [INFO] IPUIPlugin:80 - create IPUIPlugin
2024-07-17 16:23:51,916 [INFO] PluginManager:220 - loadIPPluginJar : add nvic
2024-07-17 16:23:51,963 [INFO] IPUIPlugin:80 - create IPUIPlugin
2024-07-17 16:23:51,963 [INFO] PluginManager:220 - loadIPPluginJar : add opamp
2024-07-17 16:23:52,034 [INFO] IPUIPlugin:80 - create IPUIPlugin
2024-07-17 16:23:52,034 [INFO] PluginManager:220 - loadIPPluginJar : add openamp
2024-07-17 16:23:52,084 [INFO] IPUIPlugin:80 - create IPUIPlugin
2024-07-17 16:23:52,084 [INFO] PluginManager:220 - loadIPPluginJar : add pdm2pcm
2024-07-17 16:23:52,100 [INFO] IPUIPlugin:80 - create IPUIPlugin
2024-07-17 16:23:52,102 [INFO] PluginManager:220 - loadIPPluginJar : add plateformsettings
2024-07-17 16:23:52,127 [INFO] IPUIPlugin:80 - create IPUIPlugin
2024-07-17 16:23:52,127 [INFO] PluginManager:220 - loadIPPluginJar : add quadspi
2024-07-17 16:23:52,141 [INFO] IPUIPlugin:80 - create IPUIPlugin
2024-07-17 16:23:52,141 [INFO] PluginManager:220 - loadIPPluginJar : add resmgrutility
2024-07-17 16:23:52,195 [INFO] IPUIPlugin:80 - create IPUIPlugin
2024-07-17 16:23:52,196 [INFO] PluginManager:220 - loadIPPluginJar : add sai
2024-07-17 16:23:52,244 [INFO] IPUIPlugin:80 - create IPUIPlugin
2024-07-17 16:23:52,244 [INFO] PluginManager:220 - loadIPPluginJar : add spi
2024-07-17 16:23:52,313 [INFO] ThirdPartyUpdaterWithRetryManager:70 - Updater plugin not ready yet. [2/15]
2024-07-17 16:23:52,315 [INFO] IPUIPlugin:80 - create IPUIPlugin
2024-07-17 16:23:52,315 [INFO] PluginManager:220 - loadIPPluginJar : add stm32_wpan
2024-07-17 16:23:52,342 [INFO] IPUIPlugin:80 - create IPUIPlugin
2024-07-17 16:23:52,342 [INFO] PluginManager:220 - loadIPPluginJar : add tim
2024-07-17 16:23:52,411 [INFO] IPUIPlugin:80 - create IPUIPlugin
2024-07-17 16:23:52,411 [INFO] PluginManager:220 - loadIPPluginJar : add touchsensing
2024-07-17 16:23:52,436 [INFO] IPUIPlugin:80 - create IPUIPlugin
2024-07-17 16:23:52,436 [INFO] PluginManager:220 - loadIPPluginJar : add tracer_emb
2024-07-17 16:23:52,464 [INFO] IPUIPlugin:80 - create IPUIPlugin
2024-07-17 16:23:52,464 [INFO] PluginManager:220 - loadIPPluginJar : add ts
2024-07-17 16:23:52,490 [INFO] IPUIPlugin:80 - create IPUIPlugin
2024-07-17 16:23:52,490 [INFO] PluginManager:220 - loadIPPluginJar : add tsc
2024-07-17 16:23:52,518 [INFO] IPUIPlugin:80 - create IPUIPlugin
2024-07-17 16:23:52,518 [INFO] PluginManager:220 - loadIPPluginJar : add ucpd
2024-07-17 16:23:52,567 [INFO] IPUIPlugin:80 - create IPUIPlugin
2024-07-17 16:23:52,567 [INFO] PluginManager:220 - loadIPPluginJar : add usart
2024-07-17 16:23:52,611 [INFO] IPUIPlugin:80 - create IPUIPlugin
2024-07-17 16:23:52,612 [INFO] PluginManager:220 - loadIPPluginJar : add usbx
2024-07-17 16:23:52,753 [INFO] CADModel:165 - CPN selected for project level
2024-07-17 16:23:52,753 [INFO] CADModel:114 - Register for checkConnection events
2024-07-17 16:23:52,754 [FATAL] Updater:308 - Updater called before beeing initialized
2024-07-17 16:23:52,754 [ERROR] CADModel:125 - Updater not yet initialized, retry later 
2024-07-17 16:23:52,911 [INFO] CADModel:165 - CPN selected for project level
2024-07-17 16:23:52,911 [INFO] CADModel:114 - Register for checkConnection events
2024-07-17 16:23:52,912 [FATAL] Updater:308 - Updater called before beeing initialized
2024-07-17 16:23:52,912 [ERROR] CADModel:125 - Updater not yet initialized, retry later 
2024-07-17 16:23:52,915 [FATAL] Updater:308 - Updater called before beeing initialized
2024-07-17 16:23:53,028 [FATAL] Updater:308 - Updater called before beeing initialized
2024-07-17 16:23:53,041 [INFO] DbMcusAds:53 - JSON generation date=Thu May 16 14:52:00 IST 2024 (1715851320852)
2024-07-17 16:23:53,041 [FATAL] Updater:308 - Updater called before beeing initialized
2024-07-17 16:23:53,127 [WARN] DetailPanel:346 - Failed to get advertising image, set to default
2024-07-17 16:23:53,238 [FATAL] Updater:308 - Updater called before beeing initialized
2024-07-17 16:23:53,240 [FATAL] Updater:308 - Updater called before beeing initialized
2024-07-17 16:23:53,240 [FATAL] Updater:308 - Updater called before beeing initialized
2024-07-17 16:23:53,240 [WARN] DetailPanel:346 - Failed to get advertising image, set to default
2024-07-17 16:23:53,241 [FATAL] Updater:308 - Updater called before beeing initialized
2024-07-17 16:23:53,307 [ERROR] Updater:1120 - MainUpdater not yet initialized. External WinMGr cannot be set.
2024-07-17 16:23:53,317 [INFO] Updater:1056 - Updater Version found : 6.9.1
2024-07-17 16:23:53,344 [INFO] ApplicationProperties:184 - Using Application install path: C:\ST\STM32CubeIDE_1.13.1\STM32CubeIDE\plugins\com.st.stm32cube.common.mx_6.9.1.202307191849
2024-07-17 16:23:53,618 [INFO] MainUpdater:2868 - connection check result : 10
2024-07-17 16:23:53,619 [INFO] MainUpdater:3562 - Updater definition file requires update
2024-07-17 16:23:53,619 [INFO] MainUpdater:285 - Updater Check For Update Now.
2024-07-17 16:23:53,619 [INFO] MicroXplorer:498 - Change Database Version : DB.6.0.91
2024-07-17 16:23:53,635 [INFO] McuFinderGlobals:63 - Set McuFinder mode to 2 (CubeIDE integrated)
2024-07-17 16:23:53,635 [INFO] UserAuth:179 - activating auth plugin
2024-07-17 16:23:53,638 [INFO] UserAuth:393 - Internet connection configuration mode: 1
2024-07-17 16:23:53,666 [INFO] JxBrowserEngine:151 - Initiate JxBrowser Engine with user profile folder
2024-07-17 16:23:53,877 [INFO] ServerAccessManage:473 - Download File updaters.zip
2024-07-17 16:23:54,606 [INFO] FileExtend:240 - Unzip File : updaters.zip
2024-07-17 16:23:54,606 [INFO] FileExtend:255 - Standard Zip Deflate
2024-07-17 16:23:55,134 [INFO] ServerAccessManage:473 - Download File PacksControlFlags.xml
2024-07-17 16:23:55,323 [WARN] MainUpdater:1189 - Updater busy. Cannot search thirdparties
2024-07-17 16:23:55,323 [INFO] ThirdPartyUpdaterWithRetryManager:96 - Updater plugin is busy. [1/15]
2024-07-17 16:23:55,346 [INFO] ServerAccessManage:473 - Download File cubemx.pidx
2024-07-17 16:23:55,476 [INFO] LoadServerUpdatesThread:373 - End of LoadServerUpdate Thread
2024-07-17 16:23:55,671 [INFO] CheckServerUpdateThread:120 - End of CheckServer Thread
2024-07-17 16:23:56,352 [INFO] WebApp:157 - Instantiating new browser for Auth
2024-07-17 16:23:57,000 [INFO] WebApp:753 - Register for checkConnection events
2024-07-17 16:23:57,001 [INFO] WebApp:390 - Apply proxy settings
2024-07-17 16:23:57,001 [INFO] WebApp:475 - Chromium requires no authentication
2024-07-17 16:23:57,011 [INFO] WebApp:418 - Direct internet connection detected
2024-07-17 16:23:57,242 [INFO] WebApp:188 - Starting web application
2024-07-17 16:23:57,243 [INFO] WebApp:520 - Web application path used C:\ST\STM32CubeIDE_1.13.1\STM32CubeIDE\plugins\com.st.stm32cube.common.mx_6.9.1.202307191849\db\plugins\mcufinder\reactClient1\index.html
2024-07-17 16:23:58,581 [WARN] PackLoader:240 - Cannot read IP mode file for STMicroelectronics.FP-SNS-MOTENVWB1.1.4.0
2024-07-17 16:23:58,600 [WARN] PackLoader:240 - Cannot read IP mode file for STMicroelectronics.X-CUBE-SMBUS.2.1.0
2024-07-17 16:23:58,611 [WARN] PackLoader:240 - Cannot read IP mode file for STMicroelectronics.X-CUBE-TOUCHGFX.4.23.0
2024-07-17 16:23:58,621 [WARN] PackLoader:240 - Cannot read IP mode file for STMicroelectronics.X-CUBE-TOUCHGFX.4.23.2
2024-07-17 16:23:58,666 [WARN] PackLoader:240 - Cannot read IP mode file for STMicroelectronics.X-CUBE-AZRTOS-F7.1.1.0
2024-07-17 16:23:58,688 [WARN] PackLoader:240 - Cannot read IP mode file for STMicroelectronics.FP-SNS-MOTENV1.4.3.2
2024-07-17 16:23:58,707 [WARN] PackLoader:240 - Cannot read IP mode file for STMicroelectronics.FP-SNS-FLIGHT1.5.0.2
2024-07-17 16:23:58,727 [WARN] PackLoader:240 - Cannot read IP mode file for STMicroelectronics.X-CUBE-DISPLAY.3.0.0
2024-07-17 16:23:58,755 [WARN] PackLoader:240 - Cannot read IP mode file for STMicroelectronics.X-CUBE-BLE1.7.0.0
2024-07-17 16:23:58,770 [WARN] PackLoader:240 - Cannot read IP mode file for emotas.I-CUBE-CANOPEN.1.3.0
2024-07-17 16:23:58,783 [WARN] PackLoader:240 - Cannot read IP mode file for STMicroelectronics.X-CUBE-TOUCHGFX.4.22.0
2024-07-17 16:23:58,795 [WARN] PackLoader:240 - Cannot read IP mode file for STMicroelectronics.X-CUBE-TOUCHGFX.4.22.1
2024-07-17 16:23:58,815 [WARN] PackLoader:240 - Cannot read IP mode file for STMicroelectronics.X-CUBE-BLEMGR.3.1.0
2024-07-17 16:23:58,834 [WARN] PackLoader:240 - Cannot read IP mode file for STMicroelectronics.FP-SNS-SMARTAG2.1.2.0
2024-07-17 16:23:58,858 [INFO] LogOutputStream:77 - [STDOUT_REDIRECT] 1 : Invalid condition id : UX_CORESTACK_Condition cause : null
2024-07-17 16:23:58,858 [INFO] LogOutputStream:77 - [STDOUT_REDIRECT] 1 : Invalid condition id : UX_CORESTACK_Condition cause : null
2024-07-17 16:23:58,860 [INFO] LogOutputStream:77 - [STDOUT_REDIRECT] 1 : Invalid condition id : UX_CORESTACK_Condition cause : null
2024-07-17 16:23:58,861 [INFO] LogOutputStream:77 - [STDOUT_REDIRECT] 1 : Invalid condition id : UX_CORESTACK_Condition cause : null
2024-07-17 16:23:58,862 [INFO] LogOutputStream:77 - [STDOUT_REDIRECT] 1 : Invalid condition id : UX_CORESTACK_Condition cause : null
2024-07-17 16:23:58,865 [WARN] PackLoader:240 - Cannot read IP mode file for STMicroelectronics.X-CUBE-AZRTOS-WL.2.0.0
2024-07-17 16:23:58,880 [WARN] PackLoader:240 - Cannot read IP mode file for STMicroelectronics.FP-SNS-MOTENV1.5.0.0
2024-07-17 16:23:58,892 [WARN] PackLoader:240 - Cannot read IP mode file for wolfSSL.I-CUBE-wolfMQTT.1.19.0
2024-07-17 16:23:58,908 [WARN] PackLoader:240 - Cannot read IP mode file for WES.I-CUBE-Cesium.1.3.0
2024-07-17 16:23:58,923 [WARN] PackLoader:240 - Cannot read IP mode file for STMicroelectronics.X-CUBE-BLE2.3.3.0
2024-07-17 16:23:58,939 [WARN] PackLoader:240 - Cannot read IP mode file for STMicroelectronics.X-CUBE-TCPP.4.1.0
2024-07-17 16:23:58,957 [WARN] PackLoader:240 - Cannot read IP mode file for STMicroelectronics.X-CUBE-ALGOBUILD.1.3.0
2024-07-17 16:23:59,001 [WARN] PackLoader:240 - Cannot read IP mode file for STMicroelectronics.X-CUBE-AZRTOS-G0.1.1.0
2024-07-17 16:23:59,023 [WARN] PackLoader:240 - Cannot read IP mode file for STMicroelectronics.X-CUBE-SAFEA1.1.2.2
2024-07-17 16:23:59,040 [WARN] PackLoader:240 - Cannot read IP mode file for STMicroelectronics.X-CUBE-NFC4.3.0.0
2024-07-17 16:23:59,055 [ERROR] Engine:466 - C:\Users\kunal\.stm32cubemx\thirdparties\pdsc\EmbeddedOffice.I-CUBE-FS-RTOS.1.0.1.pdsc: PDSC version is not supported
2024-07-17 16:23:59,074 [WARN] PackLoader:240 - Cannot read IP mode file for STMicroelectronics.X-CUBE-BLEMGR.3.0.0
2024-07-17 16:23:59,087 [ERROR] Engine:466 - C:\Users\kunal\.stm32cubemx\thirdparties\pdsc\RealThread.X-CUBE-RT-Thread_Nano.4.1.1.pdsc: PDSC version is not supported
2024-07-17 16:23:59,098 [WARN] PackLoader:240 - Cannot read IP mode file for STMicroelectronics.FP-ATR-SIGFOX1.3.2.0
2024-07-17 16:23:59,114 [WARN] PackLoader:240 - Cannot read IP mode file for STMicroelectronics.X-CUBE-EEPRMA1.5.1.0
2024-07-17 16:23:59,160 [WARN] PackLoader:240 - Cannot read IP mode file for SEGGER.I-CUBE-embOS.1.3.1
2024-07-17 16:23:59,220 [WARN] PackLoader:240 - Cannot read IP mode file for STMicroelectronics.X-CUBE-ALGOBUILD.1.4.0
2024-07-17 16:23:59,236 [WARN] PackLoader:240 - Cannot read IP mode file for STMicroelectronics.X-CUBE-GNSS1.6.0.0
2024-07-17 16:23:59,276 [WARN] PackLoader:240 - Cannot read IP mode file for STMicroelectronics.X-CUBE-AZRTOS-F4.1.1.0
2024-07-17 16:23:59,293 [WARN] PackLoader:240 - Cannot read IP mode file for wolfSSL.I-CUBE-wolfSSL.5.6.3
2024-07-17 16:23:59,308 [WARN] PackLoader:240 - Cannot read IP mode file for STMicroelectronics.X-CUBE-FREERTOS.1.2.0
2024-07-17 16:23:59,342 [WARN] PackLoader:240 - Cannot read IP mode file for STMicroelectronics.X-CUBE-AZRTOS-L5.2.0.0
2024-07-17 16:23:59,423 [WARN] PackLoader:240 - Cannot read IP mode file for STMicroelectronics.X-CUBE-MEMS1.9.6.0
2024-07-17 16:23:59,592 [WARN] PackLoader:240 - Cannot read IP mode file for STMicroelectronics.X-CUBE-EEPRMA1.4.2.0
2024-07-17 16:23:59,613 [WARN] PackLoader:240 - Cannot read IP mode file for STMicroelectronics.X-CUBE-NFC6.3.1.0
2024-07-17 16:23:59,632 [WARN] PackLoader:240 - Cannot read IP mode file for ITTIA_DB.I-CUBE-ITTIADB.8.8.0
2024-07-17 16:23:59,652 [WARN] PackLoader:240 - Cannot read IP mode file for STMicroelectronics.X-CUBE-BLEMGR.2.0.0
2024-07-17 16:23:59,665 [ERROR] Engine:466 - C:\Users\kunal\.stm32cubemx\thirdparties\pdsc\STMicroelectronics.X-CUBE-DPower.1.2.0.pdsc: PDSC version is not supported
2024-07-17 16:23:59,677 [WARN] PackLoader:240 - Cannot read IP mode file for STMicroelectronics.X-CUBE-AI.9.0.0
2024-07-17 16:23:59,711 [WARN] ConditionMgr:438 - getConditionDescription Invalid condition id : UX DEVICE CLASS RTOS Condition cause : null
2024-07-17 16:23:59,711 [WARN] ConditionMgr:438 - getConditionDescription Invalid condition id : UX DEVICE CLASS RTOS Condition cause : null
2024-07-17 16:23:59,717 [WARN] PackLoader:240 - Cannot read IP mode file for STMicroelectronics.X-CUBE-AZRTOS-H7.3.1.0
2024-07-17 16:23:59,719 [WARN] ConditionMgr:1039 - genDependencies : Invalid condition id : UX DEVICE CLASS RTOS Condition cause : null
2024-07-17 16:23:59,720 [WARN] ConditionMgr:1039 - genDependencies : Invalid condition id : UX DEVICE CLASS RTOS Condition cause : null
2024-07-17 16:23:59,721 [WARN] ConditionMgr:1039 - genDependencies : Invalid condition id : UX DEVICE CLASS RTOS Condition cause : null
2024-07-17 16:23:59,722 [WARN] ConditionMgr:1039 - genDependencies : Invalid condition id : UX DEVICE CLASS RTOS Condition cause : null
2024-07-17 16:23:59,722 [WARN] ConditionMgr:1039 - genDependencies : Invalid condition id : UX DEVICE CLASS RTOS Condition cause : null
2024-07-17 16:23:59,741 [WARN] PackLoader:240 - Cannot read IP mode file for STMicroelectronics.X-CUBE-NFC7.1.0.1
2024-07-17 16:23:59,758 [WARN] PackLoader:240 - Cannot read IP mode file for wolfSSL.I-CUBE-wolfTPM.3.2.0
2024-07-17 16:23:59,779 [WARN] PackLoader:240 - Cannot read IP mode file for STMicroelectronics.X-CUBE-NFC6.3.0.0
2024-07-17 16:23:59,797 [WARN] PackLoader:240 - Cannot read IP mode file for STMicroelectronics.X-CUBE-EEPRMA1.4.1.0
2024-07-17 16:23:59,814 [WARN] PackLoader:240 - Cannot read IP mode file for STMicroelectronics.X-CUBE-AI.8.1.0
2024-07-17 16:23:59,853 [WARN] ConditionMgr:438 - getConditionDescription Invalid condition id : LAN8742 Phy interface Condition cause : null
2024-07-17 16:23:59,854 [WARN] PackLoader:240 - Cannot read IP mode file for STMicroelectronics.X-CUBE-AZRTOS-L4.2.0.0
2024-07-17 16:23:59,856 [WARN] ConditionMgr:1039 - genDependencies : Invalid condition id : LAN8742 Phy interface Condition cause : null
2024-07-17 16:23:59,856 [WARN] ConditionMgr:1039 - genDependencies : Invalid condition id : LAN8742 Phy interface Condition cause : null
2024-07-17 16:23:59,857 [WARN] ConditionMgr:1039 - genDependencies : Invalid condition id : LAN8742 Phy interface Condition cause : null
2024-07-17 16:23:59,875 [WARN] PackLoader:240 - Cannot read IP mode file for STMicroelectronics.X-CUBE-SFXS2LP1.4.0.0
2024-07-17 16:23:59,892 [WARN] PackLoader:240 - Cannot read IP mode file for STMicroelectronics.X-CUBE-ISPU.1.1.0
2024-07-17 16:23:59,920 [WARN] ConditionMgr:438 - getConditionDescription Invalid condition id : UX DEVICE CLASS RTOS Condition cause : null
2024-07-17 16:23:59,921 [WARN] ConditionMgr:438 - getConditionDescription Invalid condition id : UX DEVICE CLASS RTOS Condition cause : null
2024-07-17 16:23:59,923 [WARN] PackLoader:240 - Cannot read IP mode file for STMicroelectronics.X-CUBE-AZRTOS-WB.2.0.0
2024-07-17 16:23:59,924 [WARN] ConditionMgr:1039 - genDependencies : Invalid condition id : UX DEVICE CLASS RTOS Condition cause : null
2024-07-17 16:23:59,924 [WARN] ConditionMgr:1039 - genDependencies : Invalid condition id : UX DEVICE CLASS RTOS Condition cause : null
2024-07-17 16:23:59,924 [WARN] ConditionMgr:1039 - genDependencies : Invalid condition id : UX DEVICE CLASS RTOS Condition cause : null
2024-07-17 16:23:59,924 [WARN] ConditionMgr:1039 - genDependencies : Invalid condition id : UX DEVICE CLASS RTOS Condition cause : null
2024-07-17 16:23:59,924 [WARN] ConditionMgr:1039 - genDependencies : Invalid condition id : UX DEVICE CLASS RTOS Condition cause : null
2024-07-17 16:23:59,936 [WARN] PackLoader:240 - Cannot read IP mode file for STMicroelectronics.X-CUBE-FREERTOS.1.0.1
2024-07-17 16:23:59,953 [WARN] PackLoader:240 - Cannot read IP mode file for STMicroelectronics.X-CUBE-SUBG2.5.0.0
2024-07-17 16:23:59,968 [WARN] PackLoader:240 - Cannot read IP mode file for Cesanta.I-CUBE-Mongoose.7.13.0
2024-07-17 16:23:59,985 [WARN] PackLoader:240 - Cannot read IP mode file for STMicroelectronics.X-CUBE-TOF1.3.3.1
2024-07-17 16:24:00,023 [WARN] PackLoader:240 - Cannot read IP mode file for STMicroelectronics.X-CUBE-AZRTOS-G4.2.0.0
2024-07-17 16:24:00,047 [WARN] PackLoader:240 - Cannot read IP mode file for Infineon.AIROC-Wi-Fi-Bluetooth-STM32.1.5.1
2024-07-17 16:24:00,060 [WARN] PackLoader:240 - Cannot read IP mode file for STMicroelectronics.FP-SNS-MOTENVWB1.1.3.1
2024-07-17 16:24:00,072 [WARN] PackLoader:240 - Cannot read IP mode file for STMicroelectronics.X-CUBE-ISPU.2.0.0
2024-07-17 16:24:00,083 [WARN] PackLoader:240 - Cannot read IP mode file for STMicroelectronics.X-CUBE-ALS.1.0.2
2024-07-17 16:24:00,127 [WARN] PackLoader:240 - Cannot read IP mode file for STMicroelectronics.X-CUBE-MEMS1.10.0.0
2024-07-17 16:24:00,235 [WARN] PackLoader:240 - Cannot read IP mode file for STMicroelectronics.X-CUBE-FREERTOS.1.1.0
2024-07-17 16:24:00,246 [WARN] PackLoader:240 - Cannot read IP mode file for STMicroelectronics.X-CUBE-TOUCHGFX.4.24.0
2024-07-17 16:24:00,258 [WARN] PackLoader:240 - Cannot read IP mode file for portGmbH.I-Cube-SoM-uGOAL.1.1.0
2024-07-17 16:24:00,269 [WARN] PackLoader:240 - Cannot read IP mode file for STMicroelectronics.X-CUBE-ALS.1.0.1
2024-07-17 16:24:00,299 [WARN] PackLoader:240 - Cannot read IP mode file for STMicroelectronics.X-CUBE-AZRTOS-H7RS.1.0.0
2024-07-17 16:24:00,312 [WARN] PackLoader:240 - Cannot read IP mode file for STMicroelectronics.FP-ATR-ASTRA1.2.0.0
2024-07-17 16:24:00,330 [WARN] PackLoader:240 - Cannot read IP mode file for STMicroelectronics.X-CUBE-TOF1.3.4.0
2024-07-17 16:24:00,355 [WARN] PackLoader:240 - Cannot read IP mode file for STMicroelectronics.X-CUBE-TOF1.3.4.1
2024-07-17 16:24:00,390 [WARN] PackLoader:240 - Cannot read IP mode file for STMicroelectronics.X-CUBE-AZRTOS-H7.3.2.0
2024-07-17 16:24:00,407 [WARN] PackLoader:240 - Cannot read IP mode file for wolfSSL.I-CUBE-wolfSSH.1.4.17
2024-07-17 16:24:00,408 [INFO] ThirdParty:978 - Integrity check success = true
2024-07-17 16:24:00,408 [INFO] IntegrityCheckThread:100 - exiting critical section [integrity check]
2024-07-17 16:24:00,408 [INFO] IntegrityCheckThread:103 - End integrity checks thread
2024-07-17 16:24:18,725 [ERROR] LogOutputStream:75 - [STDERR_REDIRECT] SLF4J: Failed to load class "org.slf4j.impl.StaticLoggerBinder".
2024-07-17 16:24:18,726 [ERROR] LogOutputStream:75 - [STDERR_REDIRECT] SLF4J: Defaulting to no-operation (NOP) logger implementation
2024-07-17 16:24:18,728 [ERROR] LogOutputStream:75 - [STDERR_REDIRECT] SLF4J: See http://www.slf4j.org/codes.html#StaticLoggerBinder for further details.
