2024-07-02 15:45:09,965 [INFO] Activator:176 - 


2024-07-02 15:45:09,972 [INFO] Activator:177 - !SESSION log4j initialized
2024-07-02 15:45:17,860 [INFO] LogOutputStream:77 - [STDOUT_REDIRECT] 
2024-07-02 15:45:20,442 [INFO] ApplicationProperties:184 - Using Application install path: C:\ST\STM32CubeIDE_1.13.1\STM32CubeIDE\plugins\com.st.stm32cube.common.mx_6.9.1.202307191849
2024-07-02 15:45:20,469 [INFO] DbMcusXml:78 - Set database path to: C:\ST\STM32CubeIDE_1.13.1\STM32CubeIDE\plugins\com.st.stm32cube.common.mx_6.9.1.202307191849\\db\/mcu/
2024-07-02 15:45:20,469 [INFO] ApiDb:274 - Set plugin database path to: C:\ST\STM32CubeIDE_1.13.1\STM32CubeIDE\plugins\com.st.stm32cube.common.mx_6.9.1.202307191849\\db\/plugins/boardmanager/
2024-07-02 15:45:20,470 [WARN] ApiDb:259 - Overriding images path with different value:  => C:\ST\STM32CubeIDE_1.13.1\STM32CubeIDE\plugins\com.st.stm32cube.common.mx_6.9.1.202307191849\\db\/plugins/mcufinder/images/
2024-07-02 15:45:20,488 [INFO] ApiDb:250 - Set database path to: C:\Users\kunal\.stmcufinder\plugins\mcufinder//mcu/
2024-07-02 15:45:20,490 [INFO] DbMcusAds:125 - Set database path to: C:\Users\kunal\.stmcufinder\plugins\mcufinder//mcu/
2024-07-02 15:45:20,492 [INFO] CrossReferenceDbSqlite:203 - Set database path to: C:\Users\kunal\.stmcufinder\plugins\mcufinder//mcu/cs/
2024-07-02 15:45:20,679 [INFO] RulesReader:64 - Compatibility file has been processed (293 Rules)
2024-07-02 15:45:20,802 [INFO] DbMcusXml:78 - Set database path to: C:\ST\STM32CubeIDE_1.13.1\STM32CubeIDE\plugins\com.st.stm32cube.common.mx_6.9.1.202307191849\\db\/mcu/
2024-07-02 15:45:20,802 [INFO] ApiDb:274 - Set plugin database path to: C:\ST\STM32CubeIDE_1.13.1\STM32CubeIDE\plugins\com.st.stm32cube.common.mx_6.9.1.202307191849\\db\/plugins/boardmanager/
2024-07-02 15:45:20,802 [INFO] ApiDb:261 - Set plugin images path to: C:\ST\STM32CubeIDE_1.13.1\STM32CubeIDE\plugins\com.st.stm32cube.common.mx_6.9.1.202307191849\\db\/plugins/mcufinder/images/
2024-07-02 15:45:20,803 [WARN] DbFile:41 - Overriding database path with different value: C:\Users\kunal\.stmcufinder\plugins\mcufinder/ => C:\Users\kunal\.stmcufinder\plugins\mcufinder
2024-07-02 15:45:20,803 [INFO] ApiDb:250 - Set database path to: C:\Users\kunal\.stmcufinder\plugins\mcufinder//mcu/
2024-07-02 15:45:20,803 [WARN] DbFile:41 - Overriding database path with different value: C:\Users\kunal\.stmcufinder\plugins\mcufinder/ => C:\Users\kunal\.stmcufinder\plugins\mcufinder
2024-07-02 15:45:20,803 [INFO] DbMcusAds:125 - Set database path to: C:\Users\kunal\.stmcufinder\plugins\mcufinder//mcu/
2024-07-02 15:45:20,803 [WARN] DbFile:41 - Overriding database path with different value: C:\Users\kunal\.stmcufinder\plugins\mcufinder/ => C:\Users\kunal\.stmcufinder\plugins\mcufinder
2024-07-02 15:45:20,803 [WARN] DbFile:41 - Overriding database path with different value: C:\Users\kunal\.stmcufinder\plugins\mcufinder/ => C:\Users\kunal\.stmcufinder\plugins\mcufinder
2024-07-02 15:45:20,803 [INFO] CrossReferenceDbSqlite:203 - Set database path to: C:\Users\kunal\.stmcufinder\plugins\mcufinder//mcu/cs/
2024-07-02 15:45:20,915 [INFO] MainPanel:262 - HeapMemory: 268435456
2024-07-02 15:45:21,060 [INFO] DbMcusXml:78 - Set database path to: C:\ST\STM32CubeIDE_1.13.1\STM32CubeIDE\plugins\com.st.stm32cube.common.mx_6.9.1.202307191849\\db\/mcu/
2024-07-02 15:45:21,060 [INFO] ApiDb:274 - Set plugin database path to: C:\ST\STM32CubeIDE_1.13.1\STM32CubeIDE\plugins\com.st.stm32cube.common.mx_6.9.1.202307191849\\db\/plugins/boardmanager/
2024-07-02 15:45:21,061 [INFO] ApiDb:261 - Set plugin images path to: C:\ST\STM32CubeIDE_1.13.1\STM32CubeIDE\plugins\com.st.stm32cube.common.mx_6.9.1.202307191849\\db\/plugins/mcufinder/images/
2024-07-02 15:45:21,061 [WARN] DbFile:41 - Overriding database path with different value: C:\Users\kunal\.stmcufinder\plugins\mcufinder/ => C:\Users\kunal\.stmcufinder\plugins\mcufinder
2024-07-02 15:45:21,061 [INFO] ApiDb:250 - Set database path to: C:\Users\kunal\.stmcufinder\plugins\mcufinder//mcu/
2024-07-02 15:45:21,062 [WARN] DbFile:41 - Overriding database path with different value: C:\Users\kunal\.stmcufinder\plugins\mcufinder/ => C:\Users\kunal\.stmcufinder\plugins\mcufinder
2024-07-02 15:45:21,062 [INFO] DbMcusAds:125 - Set database path to: C:\Users\kunal\.stmcufinder\plugins\mcufinder//mcu/
2024-07-02 15:45:21,062 [WARN] DbFile:41 - Overriding database path with different value: C:\Users\kunal\.stmcufinder\plugins\mcufinder/ => C:\Users\kunal\.stmcufinder\plugins\mcufinder
2024-07-02 15:45:21,062 [WARN] DbFile:41 - Overriding database path with different value: C:\Users\kunal\.stmcufinder\plugins\mcufinder/ => C:\Users\kunal\.stmcufinder\plugins\mcufinder
2024-07-02 15:45:21,062 [INFO] CrossReferenceDbSqlite:203 - Set database path to: C:\Users\kunal\.stmcufinder\plugins\mcufinder//mcu/cs/
2024-07-02 15:45:21,090 [INFO] ApplicationProperties:184 - Using Application install path: C:\ST\STM32CubeIDE_1.13.1\STM32CubeIDE\plugins\com.st.stm32cube.common.mx_6.9.1.202307191849
2024-07-02 15:45:21,091 [INFO] PluginManage:196 - Search for loadable plugins [exclusion list=, ]
2024-07-02 15:45:21,093 [INFO] PluginManage:310 - Check plugin analytics
2024-07-02 15:45:21,351 [INFO] AnalyticsPlugin:253 - Accepted Software Licenses: 
2024-07-02 15:45:21,351 [INFO] AnalyticsPlugin:255 - Accepted CMSIS Pack Licenses: 
2024-07-02 15:45:21,352 [INFO] AnalyticsPlugin:257 - Accepted Firmware Licenses: FW.F4.1.27.0
2024-07-02 15:45:21,356 [INFO] PluginManage:359 - Loaded plugin analytics (category:tool,tabindex:-1)
2024-07-02 15:45:21,361 [INFO] PluginManage:310 - Check plugin cadmodel
2024-07-02 15:45:21,382 [INFO] CADModel:105 - Init CAD model plugin
2024-07-02 15:45:21,382 [INFO] PluginManage:359 - Loaded plugin cadmodel (category:power,tabindex:5)
2024-07-02 15:45:21,382 [INFO] PluginManage:310 - Check plugin clock
2024-07-02 15:45:21,408 [INFO] PluginManage:359 - Loaded plugin clock (category:base,tabindex:2)
2024-07-02 15:45:21,409 [INFO] PluginManage:310 - Check plugin ddr
2024-07-02 15:45:21,412 [INFO] PluginManage:359 - Loaded plugin ddr (category:tool,tabindex:6)
2024-07-02 15:45:21,412 [INFO] PluginManage:310 - Check plugin filemanager
2024-07-02 15:45:21,629 [INFO] PluginManage:359 - Loaded plugin filemanager (category:base,tabindex:10)
2024-07-02 15:45:21,629 [INFO] PluginManage:310 - Check plugin ipmanager
2024-07-02 15:45:21,641 [INFO] PluginManage:359 - Loaded plugin ipmanager (category:base,tabindex:5)
2024-07-02 15:45:21,642 [INFO] PluginManage:310 - Check plugin lpbam
2024-07-02 15:45:21,669 [INFO] PluginManage:359 - Loaded plugin lpbam (category:base,tabindex:0)
2024-07-02 15:45:21,670 [INFO] PluginManage:310 - Check plugin memorymap
2024-07-02 15:45:21,707 [INFO] PluginManage:359 - Loaded plugin memorymap (category:base,tabindex:4)
2024-07-02 15:45:21,708 [INFO] PluginManage:310 - Check plugin pinoutandconfiguration
2024-07-02 15:45:21,732 [INFO] PluginManage:359 - Loaded plugin pinoutandconfiguration (category:base,tabindex:1)
2024-07-02 15:45:21,732 [INFO] PluginManage:310 - Check plugin pinoutconfig
2024-07-02 15:45:21,893 [WARN] SupportedApi:132 - Cannot load RTOS API schema: s4s-elt-must-match.1: The content of 'definitions' must match (annotation?, (simpleType | complexType)?, (unique | key | keyref)*)). A problem was found starting at: attribute.
2024-07-02 15:45:22,163 [INFO] PluginManage:359 - Loaded plugin pinoutconfig (category:base,tabindex:0)
2024-07-02 15:45:22,163 [INFO] PluginManage:310 - Check plugin power
2024-07-02 15:45:22,202 [INFO] PluginManage:359 - Loaded plugin power (category:power,tabindex:4)
2024-07-02 15:45:22,202 [INFO] PluginManage:310 - Check plugin projectmanager
2024-07-02 15:45:22,225 [INFO] PluginManage:359 - Loaded plugin projectmanager (category:projectmanager,tabindex:3)
2024-07-02 15:45:22,225 [INFO] PluginManage:310 - Check plugin thirdparty
2024-07-02 15:45:22,675 [INFO] PluginManage:359 - Loaded plugin thirdparty (category:base,tabindex:-1)
2024-07-02 15:45:22,675 [WARN] IntegrityCheckThread:84 - waiting for thirdparty lock release [integrity check]
2024-07-02 15:45:22,675 [INFO] PluginManage:310 - Check plugin tools
2024-07-02 15:45:22,675 [INFO] IntegrityCheckThread:86 - entering critical section [integrity check]
2024-07-02 15:45:22,676 [INFO] ThirdPartyUpdaterWithRetryManager:70 - Updater plugin not ready yet. [1/15]
2024-07-02 15:45:22,740 [INFO] PluginManage:359 - Loaded plugin tools (category:base,tabindex:7)
2024-07-02 15:45:22,740 [INFO] PluginManage:310 - Check plugin tutovideos
2024-07-02 15:45:23,022 [INFO] PluginManage:359 - Loaded plugin tutovideos (category:base,tabindex:-1)
2024-07-02 15:45:23,022 [INFO] PluginManage:310 - Check plugin updater
2024-07-02 15:45:23,046 [INFO] PluginManage:359 - Loaded plugin updater (category:base,tabindex:12)
2024-07-02 15:45:23,047 [INFO] PluginManage:310 - Check plugin userauth
2024-07-02 15:45:23,084 [INFO] UserAuth:113 - Init User Auth plugin
2024-07-02 15:45:23,084 [INFO] PluginManage:359 - Loaded plugin userauth (category:base,tabindex:14)
2024-07-02 15:45:23,085 [INFO] PluginManage:283 - PluginManage : Loaded plugins [17]
2024-07-02 15:45:23,414 [INFO] PinOutPanel:1499 - setPackage(No Configuration,No Configuration)
2024-07-02 15:45:23,568 [INFO] CADModel:165 - CPN selected for project level
2024-07-02 15:45:23,568 [INFO] CADModel:114 - Register for checkConnection events
2024-07-02 15:45:23,608 [INFO] IPUIPlugin:80 - create IPUIPlugin
2024-07-02 15:45:23,608 [INFO] PluginManager:220 - loadIPPluginJar : add adc
2024-07-02 15:45:23,667 [INFO] IPUIPlugin:80 - create IPUIPlugin
2024-07-02 15:45:23,667 [INFO] PluginManager:220 - loadIPPluginJar : add aes
2024-07-02 15:45:23,742 [INFO] IPUIPlugin:80 - create IPUIPlugin
2024-07-02 15:45:23,743 [INFO] PluginManager:220 - loadIPPluginJar : add can
2024-07-02 15:45:23,778 [INFO] IPUIPlugin:80 - create IPUIPlugin
2024-07-02 15:45:23,779 [INFO] PluginManager:220 - loadIPPluginJar : add comp
2024-07-02 15:45:23,827 [INFO] IPUIPlugin:80 - create IPUIPlugin
2024-07-02 15:45:23,827 [INFO] PluginManager:220 - loadIPPluginJar : add cryp
2024-07-02 15:45:23,865 [INFO] IPUIPlugin:80 - create IPUIPlugin
2024-07-02 15:45:23,865 [INFO] PluginManager:220 - loadIPPluginJar : add dfsdm
2024-07-02 15:45:23,882 [INFO] IPUIPlugin:80 - create IPUIPlugin
2024-07-02 15:45:23,883 [INFO] PluginManager:220 - loadIPPluginJar : add dma
2024-07-02 15:45:23,937 [INFO] IPUIPlugin:80 - create IPUIPlugin
2024-07-02 15:45:23,938 [INFO] PluginManager:220 - loadIPPluginJar : add dma3
2024-07-02 15:45:23,967 [INFO] IPUIPlugin:80 - create IPUIPlugin
2024-07-02 15:45:23,968 [INFO] PluginManager:220 - loadIPPluginJar : add fatfs
2024-07-02 15:45:24,030 [INFO] IPUIPlugin:80 - create IPUIPlugin
2024-07-02 15:45:24,030 [INFO] PluginManager:220 - loadIPPluginJar : add fmc
2024-07-02 15:45:24,048 [INFO] IPUIPlugin:80 - create IPUIPlugin
2024-07-02 15:45:24,048 [INFO] PluginManager:220 - loadIPPluginJar : add freertos
2024-07-02 15:45:24,075 [INFO] IPUIPlugin:80 - create IPUIPlugin
2024-07-02 15:45:24,075 [INFO] PluginManager:220 - loadIPPluginJar : add genericplugin
2024-07-02 15:45:24,200 [INFO] IPUIPlugin:80 - create IPUIPlugin
2024-07-02 15:45:24,200 [INFO] PluginManager:220 - loadIPPluginJar : add gfxmmu
2024-07-02 15:45:24,371 [INFO] IPUIPlugin:80 - create IPUIPlugin
2024-07-02 15:45:24,371 [INFO] PluginManager:220 - loadIPPluginJar : add gic
2024-07-02 15:45:24,402 [INFO] IPUIPlugin:80 - create IPUIPlugin
2024-07-02 15:45:24,402 [INFO] PluginManager:220 - loadIPPluginJar : add gpio
2024-07-02 15:45:24,505 [INFO] IPUIPlugin:80 - create IPUIPlugin
2024-07-02 15:45:24,505 [INFO] PluginManager:220 - loadIPPluginJar : add gtzc
2024-07-02 15:45:24,563 [INFO] IPUIPlugin:80 - create IPUIPlugin
2024-07-02 15:45:24,563 [INFO] PluginManager:220 - loadIPPluginJar : add hash
2024-07-02 15:45:24,655 [INFO] IPUIPlugin:80 - create IPUIPlugin
2024-07-02 15:45:24,655 [INFO] PluginManager:220 - loadIPPluginJar : add i2c
2024-07-02 15:45:24,720 [INFO] IPUIPlugin:80 - create IPUIPlugin
2024-07-02 15:45:24,720 [INFO] PluginManager:220 - loadIPPluginJar : add i2s
2024-07-02 15:45:24,781 [INFO] IPUIPlugin:80 - create IPUIPlugin
2024-07-02 15:45:24,782 [INFO] PluginManager:220 - loadIPPluginJar : add i3c
2024-07-02 15:45:24,924 [INFO] IPUIPlugin:80 - create IPUIPlugin
2024-07-02 15:45:24,924 [INFO] PluginManager:220 - loadIPPluginJar : add ipddr
2024-07-02 15:45:25,054 [INFO] IPUIPlugin:80 - create IPUIPlugin
2024-07-02 15:45:25,054 [INFO] PluginManager:220 - loadIPPluginJar : add linkedlist
2024-07-02 15:45:25,107 [INFO] IPUIPlugin:80 - create IPUIPlugin
2024-07-02 15:45:25,107 [INFO] PluginManager:220 - loadIPPluginJar : add lorawan
2024-07-02 15:45:25,163 [INFO] IPUIPlugin:80 - create IPUIPlugin
2024-07-02 15:45:25,164 [INFO] PluginManager:220 - loadIPPluginJar : add ltdc
2024-07-02 15:45:25,182 [INFO] IPUIPlugin:80 - create IPUIPlugin
2024-07-02 15:45:25,182 [INFO] PluginManager:220 - loadIPPluginJar : add mdma
2024-07-02 15:45:25,197 [INFO] IPUIPlugin:80 - create IPUIPlugin
2024-07-02 15:45:25,197 [INFO] PluginManager:220 - loadIPPluginJar : add nvic
2024-07-02 15:45:25,248 [INFO] IPUIPlugin:80 - create IPUIPlugin
2024-07-02 15:45:25,248 [INFO] PluginManager:220 - loadIPPluginJar : add opamp
2024-07-02 15:45:25,303 [INFO] IPUIPlugin:80 - create IPUIPlugin
2024-07-02 15:45:25,303 [INFO] PluginManager:220 - loadIPPluginJar : add openamp
2024-07-02 15:45:25,347 [INFO] IPUIPlugin:80 - create IPUIPlugin
2024-07-02 15:45:25,347 [INFO] PluginManager:220 - loadIPPluginJar : add pdm2pcm
2024-07-02 15:45:25,360 [INFO] IPUIPlugin:80 - create IPUIPlugin
2024-07-02 15:45:25,362 [INFO] PluginManager:220 - loadIPPluginJar : add plateformsettings
2024-07-02 15:45:25,383 [INFO] IPUIPlugin:80 - create IPUIPlugin
2024-07-02 15:45:25,383 [INFO] PluginManager:220 - loadIPPluginJar : add quadspi
2024-07-02 15:45:25,398 [INFO] IPUIPlugin:80 - create IPUIPlugin
2024-07-02 15:45:25,398 [INFO] PluginManager:220 - loadIPPluginJar : add resmgrutility
2024-07-02 15:45:25,443 [INFO] IPUIPlugin:80 - create IPUIPlugin
2024-07-02 15:45:25,443 [INFO] PluginManager:220 - loadIPPluginJar : add sai
2024-07-02 15:45:25,482 [INFO] IPUIPlugin:80 - create IPUIPlugin
2024-07-02 15:45:25,482 [INFO] PluginManager:220 - loadIPPluginJar : add spi
2024-07-02 15:45:25,542 [INFO] IPUIPlugin:80 - create IPUIPlugin
2024-07-02 15:45:25,542 [INFO] PluginManager:220 - loadIPPluginJar : add stm32_wpan
2024-07-02 15:45:25,566 [INFO] IPUIPlugin:80 - create IPUIPlugin
2024-07-02 15:45:25,566 [INFO] PluginManager:220 - loadIPPluginJar : add tim
2024-07-02 15:45:25,623 [INFO] IPUIPlugin:80 - create IPUIPlugin
2024-07-02 15:45:25,623 [INFO] PluginManager:220 - loadIPPluginJar : add touchsensing
2024-07-02 15:45:25,663 [INFO] IPUIPlugin:80 - create IPUIPlugin
2024-07-02 15:45:25,663 [INFO] PluginManager:220 - loadIPPluginJar : add tracer_emb
2024-07-02 15:45:25,687 [INFO] ThirdPartyUpdaterWithRetryManager:70 - Updater plugin not ready yet. [2/15]
2024-07-02 15:45:25,699 [INFO] IPUIPlugin:80 - create IPUIPlugin
2024-07-02 15:45:25,699 [INFO] PluginManager:220 - loadIPPluginJar : add ts
2024-07-02 15:45:25,734 [INFO] IPUIPlugin:80 - create IPUIPlugin
2024-07-02 15:45:25,734 [INFO] PluginManager:220 - loadIPPluginJar : add tsc
2024-07-02 15:45:25,768 [INFO] IPUIPlugin:80 - create IPUIPlugin
2024-07-02 15:45:25,768 [INFO] PluginManager:220 - loadIPPluginJar : add ucpd
2024-07-02 15:45:25,826 [INFO] IPUIPlugin:80 - create IPUIPlugin
2024-07-02 15:45:25,826 [INFO] PluginManager:220 - loadIPPluginJar : add usart
2024-07-02 15:45:25,866 [INFO] IPUIPlugin:80 - create IPUIPlugin
2024-07-02 15:45:25,866 [INFO] PluginManager:220 - loadIPPluginJar : add usbx
2024-07-02 15:45:26,003 [INFO] CADModel:165 - CPN selected for project level
2024-07-02 15:45:26,003 [INFO] CADModel:114 - Register for checkConnection events
2024-07-02 15:45:26,003 [FATAL] Updater:308 - Updater called before beeing initialized
2024-07-02 15:45:26,003 [ERROR] CADModel:125 - Updater not yet initialized, retry later 
2024-07-02 15:45:26,188 [INFO] CADModel:165 - CPN selected for project level
2024-07-02 15:45:26,190 [INFO] CADModel:114 - Register for checkConnection events
2024-07-02 15:45:26,190 [FATAL] Updater:308 - Updater called before beeing initialized
2024-07-02 15:45:26,190 [ERROR] CADModel:125 - Updater not yet initialized, retry later 
2024-07-02 15:45:26,196 [FATAL] Updater:308 - Updater called before beeing initialized
2024-07-02 15:45:26,337 [FATAL] Updater:308 - Updater called before beeing initialized
2024-07-02 15:45:26,351 [INFO] DbMcusAds:53 - JSON generation date=Thu May 16 14:52:00 IST 2024 (1715851320852)
2024-07-02 15:45:26,351 [FATAL] Updater:308 - Updater called before beeing initialized
2024-07-02 15:45:26,435 [WARN] DetailPanel:346 - Failed to get advertising image, set to default
2024-07-02 15:45:26,555 [FATAL] Updater:308 - Updater called before beeing initialized
2024-07-02 15:45:26,556 [FATAL] Updater:308 - Updater called before beeing initialized
2024-07-02 15:45:26,558 [FATAL] Updater:308 - Updater called before beeing initialized
2024-07-02 15:45:26,558 [WARN] DetailPanel:346 - Failed to get advertising image, set to default
2024-07-02 15:45:26,558 [FATAL] Updater:308 - Updater called before beeing initialized
2024-07-02 15:45:26,630 [ERROR] Updater:1120 - MainUpdater not yet initialized. External WinMGr cannot be set.
2024-07-02 15:45:26,641 [INFO] Updater:1056 - Updater Version found : 6.9.1
2024-07-02 15:45:26,666 [INFO] ApplicationProperties:184 - Using Application install path: C:\ST\STM32CubeIDE_1.13.1\STM32CubeIDE\plugins\com.st.stm32cube.common.mx_6.9.1.202307191849
2024-07-02 15:45:26,893 [INFO] MainUpdater:2868 - connection check result : 10
2024-07-02 15:45:26,894 [INFO] MainUpdater:285 - Updater Check For Update Now.
2024-07-02 15:45:26,894 [INFO] MicroXplorer:498 - Change Database Version : DB.6.0.91
2024-07-02 15:45:26,913 [INFO] McuFinderGlobals:63 - Set McuFinder mode to 2 (CubeIDE integrated)
2024-07-02 15:45:26,913 [INFO] UserAuth:179 - activating auth plugin
2024-07-02 15:45:26,915 [INFO] UserAuth:393 - Internet connection configuration mode: 1
2024-07-02 15:45:26,947 [INFO] JxBrowserEngine:151 - Initiate JxBrowser Engine with user profile folder
2024-07-02 15:45:27,131 [INFO] CheckServerUpdateThread:120 - End of CheckServer Thread
2024-07-02 15:45:28,969 [WARN] PackLoader:240 - Cannot read IP mode file for STMicroelectronics.FP-SNS-MOTENVWB1.1.4.0
2024-07-02 15:45:28,995 [WARN] PackLoader:240 - Cannot read IP mode file for STMicroelectronics.X-CUBE-SMBUS.2.1.0
2024-07-02 15:45:29,017 [WARN] PackLoader:240 - Cannot read IP mode file for STMicroelectronics.X-CUBE-TOUCHGFX.4.23.0
2024-07-02 15:45:29,030 [WARN] PackLoader:240 - Cannot read IP mode file for STMicroelectronics.X-CUBE-TOUCHGFX.4.23.2
2024-07-02 15:45:29,078 [WARN] PackLoader:240 - Cannot read IP mode file for STMicroelectronics.X-CUBE-AZRTOS-F7.1.1.0
2024-07-02 15:45:29,114 [WARN] PackLoader:240 - Cannot read IP mode file for STMicroelectronics.FP-SNS-MOTENV1.4.3.2
2024-07-02 15:45:29,131 [WARN] PackLoader:240 - Cannot read IP mode file for STMicroelectronics.FP-SNS-FLIGHT1.5.0.2
2024-07-02 15:45:29,152 [WARN] PackLoader:240 - Cannot read IP mode file for STMicroelectronics.X-CUBE-DISPLAY.3.0.0
2024-07-02 15:45:29,197 [WARN] PackLoader:240 - Cannot read IP mode file for STMicroelectronics.X-CUBE-BLE1.7.0.0
2024-07-02 15:45:29,270 [WARN] PackLoader:240 - Cannot read IP mode file for emotas.I-CUBE-CANOPEN.1.3.0
2024-07-02 15:45:29,287 [WARN] PackLoader:240 - Cannot read IP mode file for STMicroelectronics.X-CUBE-TOUCHGFX.4.22.0
2024-07-02 15:45:29,302 [WARN] PackLoader:240 - Cannot read IP mode file for STMicroelectronics.X-CUBE-TOUCHGFX.4.22.1
2024-07-02 15:45:29,327 [WARN] PackLoader:240 - Cannot read IP mode file for STMicroelectronics.X-CUBE-BLEMGR.3.1.0
2024-07-02 15:45:29,349 [WARN] PackLoader:240 - Cannot read IP mode file for STMicroelectronics.FP-SNS-SMARTAG2.1.2.0
2024-07-02 15:45:29,375 [INFO] LogOutputStream:77 - [STDOUT_REDIRECT] 1 : Invalid condition id : UX_CORESTACK_Condition cause : null
2024-07-02 15:45:29,375 [INFO] LogOutputStream:77 - [STDOUT_REDIRECT] 1 : Invalid condition id : UX_CORESTACK_Condition cause : null
2024-07-02 15:45:29,377 [INFO] LogOutputStream:77 - [STDOUT_REDIRECT] 1 : Invalid condition id : UX_CORESTACK_Condition cause : null
2024-07-02 15:45:29,378 [INFO] LogOutputStream:77 - [STDOUT_REDIRECT] 1 : Invalid condition id : UX_CORESTACK_Condition cause : null
2024-07-02 15:45:29,379 [INFO] LogOutputStream:77 - [STDOUT_REDIRECT] 1 : Invalid condition id : UX_CORESTACK_Condition cause : null
2024-07-02 15:45:29,384 [WARN] PackLoader:240 - Cannot read IP mode file for STMicroelectronics.X-CUBE-AZRTOS-WL.2.0.0
2024-07-02 15:45:29,401 [WARN] PackLoader:240 - Cannot read IP mode file for STMicroelectronics.FP-SNS-MOTENV1.5.0.0
2024-07-02 15:45:29,418 [WARN] PackLoader:240 - Cannot read IP mode file for wolfSSL.I-CUBE-wolfMQTT.1.19.0
2024-07-02 15:45:29,439 [WARN] PackLoader:240 - Cannot read IP mode file for WES.I-CUBE-Cesium.1.3.0
2024-07-02 15:45:29,456 [WARN] PackLoader:240 - Cannot read IP mode file for STMicroelectronics.X-CUBE-BLE2.3.3.0
2024-07-02 15:45:29,476 [WARN] PackLoader:240 - Cannot read IP mode file for STMicroelectronics.X-CUBE-TCPP.4.1.0
2024-07-02 15:45:29,499 [WARN] PackLoader:240 - Cannot read IP mode file for STMicroelectronics.X-CUBE-ALGOBUILD.1.3.0
2024-07-02 15:45:29,539 [WARN] PackLoader:240 - Cannot read IP mode file for STMicroelectronics.X-CUBE-AZRTOS-G0.1.1.0
2024-07-02 15:45:29,558 [WARN] PackLoader:240 - Cannot read IP mode file for STMicroelectronics.X-CUBE-SAFEA1.1.2.2
2024-07-02 15:45:29,575 [WARN] PackLoader:240 - Cannot read IP mode file for STMicroelectronics.X-CUBE-NFC4.3.0.0
2024-07-02 15:45:29,594 [WARN] PackLoader:240 - Cannot read IP mode file for STMicroelectronics.X-CUBE-BLEMGR.3.0.0
2024-07-02 15:45:29,618 [WARN] PackLoader:240 - Cannot read IP mode file for STMicroelectronics.FP-ATR-SIGFOX1.3.2.0
2024-07-02 15:45:29,638 [WARN] PackLoader:240 - Cannot read IP mode file for STMicroelectronics.X-CUBE-EEPRMA1.5.1.0
2024-07-02 15:45:29,736 [WARN] PackLoader:240 - Cannot read IP mode file for SEGGER.I-CUBE-embOS.1.3.1
2024-07-02 15:45:29,792 [WARN] PackLoader:240 - Cannot read IP mode file for STMicroelectronics.X-CUBE-ALGOBUILD.1.4.0
2024-07-02 15:45:29,807 [WARN] PackLoader:240 - Cannot read IP mode file for STMicroelectronics.X-CUBE-GNSS1.6.0.0
2024-07-02 15:45:29,832 [INFO] WebApp:157 - Instantiating new browser for Auth
2024-07-02 15:45:29,841 [WARN] PackLoader:240 - Cannot read IP mode file for STMicroelectronics.X-CUBE-AZRTOS-F4.1.1.0
2024-07-02 15:45:29,887 [WARN] PackLoader:240 - Cannot read IP mode file for wolfSSL.I-CUBE-wolfSSL.5.6.3
2024-07-02 15:45:29,901 [WARN] PackLoader:240 - Cannot read IP mode file for STMicroelectronics.X-CUBE-FREERTOS.1.2.0
2024-07-02 15:45:29,937 [WARN] PackLoader:240 - Cannot read IP mode file for STMicroelectronics.X-CUBE-AZRTOS-L5.2.0.0
2024-07-02 15:45:30,010 [WARN] PackLoader:240 - Cannot read IP mode file for STMicroelectronics.X-CUBE-MEMS1.9.6.0
2024-07-02 15:45:30,155 [WARN] PackLoader:240 - Cannot read IP mode file for STMicroelectronics.X-CUBE-EEPRMA1.4.2.0
2024-07-02 15:45:30,169 [WARN] PackLoader:240 - Cannot read IP mode file for STMicroelectronics.X-CUBE-NFC6.3.1.0
2024-07-02 15:45:30,187 [WARN] PackLoader:240 - Cannot read IP mode file for ITTIA_DB.I-CUBE-ITTIADB.8.8.0
2024-07-02 15:45:30,205 [WARN] PackLoader:240 - Cannot read IP mode file for STMicroelectronics.X-CUBE-BLEMGR.2.0.0
2024-07-02 15:45:30,223 [WARN] PackLoader:240 - Cannot read IP mode file for STMicroelectronics.X-CUBE-AI.9.0.0
2024-07-02 15:45:30,252 [WARN] ConditionMgr:438 - getConditionDescription Invalid condition id : UX DEVICE CLASS RTOS Condition cause : null
2024-07-02 15:45:30,253 [WARN] ConditionMgr:438 - getConditionDescription Invalid condition id : UX DEVICE CLASS RTOS Condition cause : null
2024-07-02 15:45:30,256 [WARN] PackLoader:240 - Cannot read IP mode file for STMicroelectronics.X-CUBE-AZRTOS-H7.3.1.0
2024-07-02 15:45:30,257 [WARN] ConditionMgr:1039 - genDependencies : Invalid condition id : UX DEVICE CLASS RTOS Condition cause : null
2024-07-02 15:45:30,257 [WARN] ConditionMgr:1039 - genDependencies : Invalid condition id : UX DEVICE CLASS RTOS Condition cause : null
2024-07-02 15:45:30,258 [WARN] ConditionMgr:1039 - genDependencies : Invalid condition id : UX DEVICE CLASS RTOS Condition cause : null
2024-07-02 15:45:30,258 [WARN] ConditionMgr:1039 - genDependencies : Invalid condition id : UX DEVICE CLASS RTOS Condition cause : null
2024-07-02 15:45:30,258 [WARN] ConditionMgr:1039 - genDependencies : Invalid condition id : UX DEVICE CLASS RTOS Condition cause : null
2024-07-02 15:45:30,273 [WARN] PackLoader:240 - Cannot read IP mode file for STMicroelectronics.X-CUBE-NFC7.1.0.1
2024-07-02 15:45:30,289 [WARN] PackLoader:240 - Cannot read IP mode file for STMicroelectronics.X-CUBE-NFC6.3.0.0
2024-07-02 15:45:30,305 [WARN] PackLoader:240 - Cannot read IP mode file for STMicroelectronics.X-CUBE-EEPRMA1.4.1.0
2024-07-02 15:45:30,321 [WARN] PackLoader:240 - Cannot read IP mode file for STMicroelectronics.X-CUBE-AI.8.1.0
2024-07-02 15:45:30,360 [WARN] ConditionMgr:438 - getConditionDescription Invalid condition id : LAN8742 Phy interface Condition cause : null
2024-07-02 15:45:30,361 [WARN] PackLoader:240 - Cannot read IP mode file for STMicroelectronics.X-CUBE-AZRTOS-L4.2.0.0
2024-07-02 15:45:30,363 [WARN] ConditionMgr:1039 - genDependencies : Invalid condition id : LAN8742 Phy interface Condition cause : null
2024-07-02 15:45:30,363 [WARN] ConditionMgr:1039 - genDependencies : Invalid condition id : LAN8742 Phy interface Condition cause : null
2024-07-02 15:45:30,364 [WARN] ConditionMgr:1039 - genDependencies : Invalid condition id : LAN8742 Phy interface Condition cause : null
2024-07-02 15:45:30,381 [WARN] PackLoader:240 - Cannot read IP mode file for STMicroelectronics.X-CUBE-SFXS2LP1.4.0.0
2024-07-02 15:45:30,401 [WARN] PackLoader:240 - Cannot read IP mode file for STMicroelectronics.X-CUBE-ISPU.1.1.0
2024-07-02 15:45:30,435 [WARN] ConditionMgr:438 - getConditionDescription Invalid condition id : UX DEVICE CLASS RTOS Condition cause : null
2024-07-02 15:45:30,435 [WARN] ConditionMgr:438 - getConditionDescription Invalid condition id : UX DEVICE CLASS RTOS Condition cause : null
2024-07-02 15:45:30,437 [WARN] PackLoader:240 - Cannot read IP mode file for STMicroelectronics.X-CUBE-AZRTOS-WB.2.0.0
2024-07-02 15:45:30,437 [WARN] ConditionMgr:1039 - genDependencies : Invalid condition id : UX DEVICE CLASS RTOS Condition cause : null
2024-07-02 15:45:30,438 [WARN] ConditionMgr:1039 - genDependencies : Invalid condition id : UX DEVICE CLASS RTOS Condition cause : null
2024-07-02 15:45:30,439 [WARN] ConditionMgr:1039 - genDependencies : Invalid condition id : UX DEVICE CLASS RTOS Condition cause : null
2024-07-02 15:45:30,439 [WARN] ConditionMgr:1039 - genDependencies : Invalid condition id : UX DEVICE CLASS RTOS Condition cause : null
2024-07-02 15:45:30,439 [WARN] ConditionMgr:1039 - genDependencies : Invalid condition id : UX DEVICE CLASS RTOS Condition cause : null
2024-07-02 15:45:30,455 [WARN] PackLoader:240 - Cannot read IP mode file for STMicroelectronics.X-CUBE-FREERTOS.1.0.1
2024-07-02 15:45:30,477 [WARN] PackLoader:240 - Cannot read IP mode file for STMicroelectronics.X-CUBE-SUBG2.5.0.0
2024-07-02 15:45:30,493 [WARN] PackLoader:240 - Cannot read IP mode file for Cesanta.I-CUBE-Mongoose.7.13.0
2024-07-02 15:45:30,513 [WARN] PackLoader:240 - Cannot read IP mode file for STMicroelectronics.X-CUBE-TOF1.3.3.1
2024-07-02 15:45:30,547 [WARN] PackLoader:240 - Cannot read IP mode file for STMicroelectronics.X-CUBE-AZRTOS-G4.2.0.0
2024-07-02 15:45:30,571 [WARN] PackLoader:240 - Cannot read IP mode file for Infineon.AIROC-Wi-Fi-Bluetooth-STM32.1.5.1
2024-07-02 15:45:30,588 [WARN] PackLoader:240 - Cannot read IP mode file for STMicroelectronics.FP-SNS-MOTENVWB1.1.3.1
2024-07-02 15:45:30,602 [WARN] PackLoader:240 - Cannot read IP mode file for STMicroelectronics.X-CUBE-ISPU.2.0.0
2024-07-02 15:45:30,617 [WARN] PackLoader:240 - Cannot read IP mode file for STMicroelectronics.X-CUBE-ALS.1.0.2
2024-07-02 15:45:30,675 [WARN] PackLoader:240 - Cannot read IP mode file for STMicroelectronics.X-CUBE-MEMS1.10.0.0
2024-07-02 15:45:30,686 [INFO] WebApp:753 - Register for checkConnection events
2024-07-02 15:45:30,686 [INFO] WebApp:390 - Apply proxy settings
2024-07-02 15:45:30,686 [INFO] WebApp:475 - Chromium requires no authentication
2024-07-02 15:45:30,702 [INFO] WebApp:418 - Direct internet connection detected
2024-07-02 15:45:30,808 [WARN] PackLoader:240 - Cannot read IP mode file for STMicroelectronics.X-CUBE-FREERTOS.1.1.0
2024-07-02 15:45:30,822 [WARN] PackLoader:240 - Cannot read IP mode file for STMicroelectronics.X-CUBE-TOUCHGFX.4.24.0
2024-07-02 15:45:30,838 [WARN] PackLoader:240 - Cannot read IP mode file for portGmbH.I-Cube-SoM-uGOAL.1.1.0
2024-07-02 15:45:30,850 [WARN] PackLoader:240 - Cannot read IP mode file for STMicroelectronics.X-CUBE-ALS.1.0.1
2024-07-02 15:45:30,883 [WARN] PackLoader:240 - Cannot read IP mode file for STMicroelectronics.X-CUBE-AZRTOS-H7RS.1.0.0
2024-07-02 15:45:30,898 [WARN] PackLoader:240 - Cannot read IP mode file for STMicroelectronics.FP-ATR-ASTRA1.2.0.0
2024-07-02 15:45:30,920 [WARN] PackLoader:240 - Cannot read IP mode file for STMicroelectronics.X-CUBE-TOF1.3.4.0
2024-07-02 15:45:30,970 [WARN] PackLoader:240 - Cannot read IP mode file for STMicroelectronics.X-CUBE-TOF1.3.4.1
2024-07-02 15:45:31,004 [INFO] WebApp:188 - Starting web application
2024-07-02 15:45:31,004 [INFO] WebApp:520 - Web application path used C:\ST\STM32CubeIDE_1.13.1\STM32CubeIDE\plugins\com.st.stm32cube.common.mx_6.9.1.202307191849\db\plugins\mcufinder\reactClient1\index.html
2024-07-02 15:45:31,011 [WARN] PackLoader:240 - Cannot read IP mode file for STMicroelectronics.X-CUBE-AZRTOS-H7.3.2.0
2024-07-02 15:45:31,014 [INFO] ThirdParty:978 - Integrity check success = true
2024-07-02 15:45:31,014 [INFO] IntegrityCheckThread:100 - exiting critical section [integrity check]
2024-07-02 15:45:31,014 [INFO] IntegrityCheckThread:103 - End integrity checks thread
2024-07-02 15:45:52,441 [ERROR] LogOutputStream:75 - [STDERR_REDIRECT] SLF4J: Failed to load class "org.slf4j.impl.StaticLoggerBinder".
2024-07-02 15:45:52,442 [ERROR] LogOutputStream:75 - [STDERR_REDIRECT] SLF4J: Defaulting to no-operation (NOP) logger implementation
2024-07-02 15:45:52,444 [ERROR] LogOutputStream:75 - [STDERR_REDIRECT] SLF4J: See http://www.slf4j.org/codes.html#StaticLoggerBinder for further details.
2024-07-02 23:29:24,291 [ERROR] LogOutputStream:75 - [STDERR_REDIRECT] 
