2024-06-28 15:13:58,774 [INFO] Activator:176 - 


2024-06-28 15:13:58,779 [INFO] Activator:177 - !SESSION log4j initialized
2024-06-28 15:14:04,676 [INFO] LogOutputStream:77 - [STDOUT_REDIRECT] 
2024-06-28 15:14:05,564 [INFO] ApplicationProperties:184 - Using Application install path: C:\ST\STM32CubeIDE_1.13.1\STM32CubeIDE\plugins\com.st.stm32cube.common.mx_6.9.1.202307191849
2024-06-28 15:14:05,585 [INFO] DbMcusXml:78 - Set database path to: C:\ST\STM32CubeIDE_1.13.1\STM32CubeIDE\plugins\com.st.stm32cube.common.mx_6.9.1.202307191849\\db\/mcu/
2024-06-28 15:14:05,585 [INFO] ApiDb:274 - Set plugin database path to: C:\ST\STM32CubeIDE_1.13.1\STM32CubeIDE\plugins\com.st.stm32cube.common.mx_6.9.1.202307191849\\db\/plugins/boardmanager/
2024-06-28 15:14:05,586 [WARN] ApiDb:259 - Overriding images path with different value:  => C:\ST\STM32CubeIDE_1.13.1\STM32CubeIDE\plugins\com.st.stm32cube.common.mx_6.9.1.202307191849\\db\/plugins/mcufinder/images/
2024-06-28 15:14:05,600 [INFO] ApiDb:250 - Set database path to: C:\Users\kunal\.stmcufinder\plugins\mcufinder//mcu/
2024-06-28 15:14:05,601 [INFO] DbMcusAds:125 - Set database path to: C:\Users\kunal\.stmcufinder\plugins\mcufinder//mcu/
2024-06-28 15:14:05,603 [INFO] CrossReferenceDbSqlite:203 - Set database path to: C:\Users\kunal\.stmcufinder\plugins\mcufinder//mcu/cs/
2024-06-28 15:14:05,775 [INFO] RulesReader:64 - Compatibility file has been processed (293 Rules)
2024-06-28 15:14:05,852 [INFO] DbMcusXml:78 - Set database path to: C:\ST\STM32CubeIDE_1.13.1\STM32CubeIDE\plugins\com.st.stm32cube.common.mx_6.9.1.202307191849\\db\/mcu/
2024-06-28 15:14:05,852 [INFO] ApiDb:274 - Set plugin database path to: C:\ST\STM32CubeIDE_1.13.1\STM32CubeIDE\plugins\com.st.stm32cube.common.mx_6.9.1.202307191849\\db\/plugins/boardmanager/
2024-06-28 15:14:05,852 [INFO] ApiDb:261 - Set plugin images path to: C:\ST\STM32CubeIDE_1.13.1\STM32CubeIDE\plugins\com.st.stm32cube.common.mx_6.9.1.202307191849\\db\/plugins/mcufinder/images/
2024-06-28 15:14:05,852 [WARN] DbFile:41 - Overriding database path with different value: C:\Users\kunal\.stmcufinder\plugins\mcufinder/ => C:\Users\kunal\.stmcufinder\plugins\mcufinder
2024-06-28 15:14:05,852 [INFO] ApiDb:250 - Set database path to: C:\Users\kunal\.stmcufinder\plugins\mcufinder//mcu/
2024-06-28 15:14:05,852 [WARN] DbFile:41 - Overriding database path with different value: C:\Users\kunal\.stmcufinder\plugins\mcufinder/ => C:\Users\kunal\.stmcufinder\plugins\mcufinder
2024-06-28 15:14:05,852 [INFO] DbMcusAds:125 - Set database path to: C:\Users\kunal\.stmcufinder\plugins\mcufinder//mcu/
2024-06-28 15:14:05,853 [WARN] DbFile:41 - Overriding database path with different value: C:\Users\kunal\.stmcufinder\plugins\mcufinder/ => C:\Users\kunal\.stmcufinder\plugins\mcufinder
2024-06-28 15:14:05,853 [WARN] DbFile:41 - Overriding database path with different value: C:\Users\kunal\.stmcufinder\plugins\mcufinder/ => C:\Users\kunal\.stmcufinder\plugins\mcufinder
2024-06-28 15:14:05,853 [INFO] CrossReferenceDbSqlite:203 - Set database path to: C:\Users\kunal\.stmcufinder\plugins\mcufinder//mcu/cs/
2024-06-28 15:14:05,925 [INFO] MainPanel:262 - HeapMemory: 268435456
2024-06-28 15:14:06,014 [INFO] DbMcusXml:78 - Set database path to: C:\ST\STM32CubeIDE_1.13.1\STM32CubeIDE\plugins\com.st.stm32cube.common.mx_6.9.1.202307191849\\db\/mcu/
2024-06-28 15:14:06,014 [INFO] ApiDb:274 - Set plugin database path to: C:\ST\STM32CubeIDE_1.13.1\STM32CubeIDE\plugins\com.st.stm32cube.common.mx_6.9.1.202307191849\\db\/plugins/boardmanager/
2024-06-28 15:14:06,014 [INFO] ApiDb:261 - Set plugin images path to: C:\ST\STM32CubeIDE_1.13.1\STM32CubeIDE\plugins\com.st.stm32cube.common.mx_6.9.1.202307191849\\db\/plugins/mcufinder/images/
2024-06-28 15:14:06,014 [WARN] DbFile:41 - Overriding database path with different value: C:\Users\kunal\.stmcufinder\plugins\mcufinder/ => C:\Users\kunal\.stmcufinder\plugins\mcufinder
2024-06-28 15:14:06,014 [INFO] ApiDb:250 - Set database path to: C:\Users\kunal\.stmcufinder\plugins\mcufinder//mcu/
2024-06-28 15:14:06,015 [WARN] DbFile:41 - Overriding database path with different value: C:\Users\kunal\.stmcufinder\plugins\mcufinder/ => C:\Users\kunal\.stmcufinder\plugins\mcufinder
2024-06-28 15:14:06,015 [INFO] DbMcusAds:125 - Set database path to: C:\Users\kunal\.stmcufinder\plugins\mcufinder//mcu/
2024-06-28 15:14:06,015 [WARN] DbFile:41 - Overriding database path with different value: C:\Users\kunal\.stmcufinder\plugins\mcufinder/ => C:\Users\kunal\.stmcufinder\plugins\mcufinder
2024-06-28 15:14:06,015 [WARN] DbFile:41 - Overriding database path with different value: C:\Users\kunal\.stmcufinder\plugins\mcufinder/ => C:\Users\kunal\.stmcufinder\plugins\mcufinder
2024-06-28 15:14:06,015 [INFO] CrossReferenceDbSqlite:203 - Set database path to: C:\Users\kunal\.stmcufinder\plugins\mcufinder//mcu/cs/
2024-06-28 15:14:06,029 [INFO] ApplicationProperties:184 - Using Application install path: C:\ST\STM32CubeIDE_1.13.1\STM32CubeIDE\plugins\com.st.stm32cube.common.mx_6.9.1.202307191849
2024-06-28 15:14:06,031 [INFO] PluginManage:196 - Search for loadable plugins [exclusion list=, ]
2024-06-28 15:14:06,031 [INFO] PluginManage:310 - Check plugin analytics
2024-06-28 15:14:06,179 [INFO] AnalyticsPlugin:253 - Accepted Software Licenses: 
2024-06-28 15:14:06,179 [INFO] AnalyticsPlugin:255 - Accepted CMSIS Pack Licenses: 
2024-06-28 15:14:06,179 [INFO] AnalyticsPlugin:257 - Accepted Firmware Licenses: FW.F4.1.27.0
2024-06-28 15:14:06,181 [INFO] PluginManage:359 - Loaded plugin analytics (category:tool,tabindex:-1)
2024-06-28 15:14:06,182 [INFO] PluginManage:310 - Check plugin cadmodel
2024-06-28 15:14:06,196 [INFO] CADModel:105 - Init CAD model plugin
2024-06-28 15:14:06,196 [INFO] PluginManage:359 - Loaded plugin cadmodel (category:power,tabindex:5)
2024-06-28 15:14:06,196 [INFO] PluginManage:310 - Check plugin clock
2024-06-28 15:14:06,214 [INFO] PluginManage:359 - Loaded plugin clock (category:base,tabindex:2)
2024-06-28 15:14:06,214 [INFO] PluginManage:310 - Check plugin ddr
2024-06-28 15:14:06,216 [INFO] PluginManage:359 - Loaded plugin ddr (category:tool,tabindex:6)
2024-06-28 15:14:06,216 [INFO] PluginManage:310 - Check plugin filemanager
2024-06-28 15:14:06,329 [INFO] PluginManage:359 - Loaded plugin filemanager (category:base,tabindex:10)
2024-06-28 15:14:06,329 [INFO] PluginManage:310 - Check plugin ipmanager
2024-06-28 15:14:06,334 [INFO] PluginManage:359 - Loaded plugin ipmanager (category:base,tabindex:5)
2024-06-28 15:14:06,334 [INFO] PluginManage:310 - Check plugin lpbam
2024-06-28 15:14:06,349 [INFO] PluginManage:359 - Loaded plugin lpbam (category:base,tabindex:0)
2024-06-28 15:14:06,349 [INFO] PluginManage:310 - Check plugin memorymap
2024-06-28 15:14:06,368 [INFO] PluginManage:359 - Loaded plugin memorymap (category:base,tabindex:4)
2024-06-28 15:14:06,368 [INFO] PluginManage:310 - Check plugin pinoutandconfiguration
2024-06-28 15:14:06,382 [INFO] PluginManage:359 - Loaded plugin pinoutandconfiguration (category:base,tabindex:1)
2024-06-28 15:14:06,382 [INFO] PluginManage:310 - Check plugin pinoutconfig
2024-06-28 15:14:06,469 [WARN] SupportedApi:132 - Cannot load RTOS API schema: s4s-elt-must-match.1: The content of 'definitions' must match (annotation?, (simpleType | complexType)?, (unique | key | keyref)*)). A problem was found starting at: attribute.
2024-06-28 15:14:06,581 [INFO] PluginManage:359 - Loaded plugin pinoutconfig (category:base,tabindex:0)
2024-06-28 15:14:06,582 [INFO] PluginManage:310 - Check plugin power
2024-06-28 15:14:06,599 [INFO] PluginManage:359 - Loaded plugin power (category:power,tabindex:4)
2024-06-28 15:14:06,599 [INFO] PluginManage:310 - Check plugin projectmanager
2024-06-28 15:14:06,611 [INFO] PluginManage:359 - Loaded plugin projectmanager (category:projectmanager,tabindex:3)
2024-06-28 15:14:06,611 [INFO] PluginManage:310 - Check plugin thirdparty
2024-06-28 15:14:06,840 [INFO] PluginManage:359 - Loaded plugin thirdparty (category:base,tabindex:-1)
2024-06-28 15:14:06,840 [WARN] IntegrityCheckThread:84 - waiting for thirdparty lock release [integrity check]
2024-06-28 15:14:06,840 [INFO] PluginManage:310 - Check plugin tools
2024-06-28 15:14:06,840 [INFO] IntegrityCheckThread:86 - entering critical section [integrity check]
2024-06-28 15:14:06,840 [INFO] ThirdPartyUpdaterWithRetryManager:70 - Updater plugin not ready yet. [1/15]
2024-06-28 15:14:06,867 [INFO] PluginManage:359 - Loaded plugin tools (category:base,tabindex:7)
2024-06-28 15:14:06,867 [INFO] PluginManage:310 - Check plugin tutovideos
2024-06-28 15:14:07,031 [INFO] PluginManage:359 - Loaded plugin tutovideos (category:base,tabindex:-1)
2024-06-28 15:14:07,031 [INFO] PluginManage:310 - Check plugin updater
2024-06-28 15:14:07,041 [INFO] PluginManage:359 - Loaded plugin updater (category:base,tabindex:12)
2024-06-28 15:14:07,041 [INFO] PluginManage:310 - Check plugin userauth
2024-06-28 15:14:07,046 [INFO] UserAuth:113 - Init User Auth plugin
2024-06-28 15:14:07,046 [INFO] PluginManage:359 - Loaded plugin userauth (category:base,tabindex:14)
2024-06-28 15:14:07,046 [INFO] PluginManage:283 - PluginManage : Loaded plugins [17]
2024-06-28 15:14:07,221 [INFO] PinOutPanel:1499 - setPackage(No Configuration,No Configuration)
2024-06-28 15:14:07,302 [INFO] CADModel:165 - CPN selected for project level
2024-06-28 15:14:07,302 [INFO] CADModel:114 - Register for checkConnection events
2024-06-28 15:14:07,325 [INFO] IPUIPlugin:80 - create IPUIPlugin
2024-06-28 15:14:07,326 [INFO] PluginManager:220 - loadIPPluginJar : add adc
2024-06-28 15:14:07,353 [INFO] IPUIPlugin:80 - create IPUIPlugin
2024-06-28 15:14:07,353 [INFO] PluginManager:220 - loadIPPluginJar : add aes
2024-06-28 15:14:07,382 [INFO] IPUIPlugin:80 - create IPUIPlugin
2024-06-28 15:14:07,383 [INFO] PluginManager:220 - loadIPPluginJar : add can
2024-06-28 15:14:07,401 [INFO] IPUIPlugin:80 - create IPUIPlugin
2024-06-28 15:14:07,401 [INFO] PluginManager:220 - loadIPPluginJar : add comp
2024-06-28 15:14:07,426 [INFO] IPUIPlugin:80 - create IPUIPlugin
2024-06-28 15:14:07,426 [INFO] PluginManager:220 - loadIPPluginJar : add cryp
2024-06-28 15:14:07,449 [INFO] IPUIPlugin:80 - create IPUIPlugin
2024-06-28 15:14:07,449 [INFO] PluginManager:220 - loadIPPluginJar : add dfsdm
2024-06-28 15:14:07,461 [INFO] IPUIPlugin:80 - create IPUIPlugin
2024-06-28 15:14:07,462 [INFO] PluginManager:220 - loadIPPluginJar : add dma
2024-06-28 15:14:07,493 [INFO] IPUIPlugin:80 - create IPUIPlugin
2024-06-28 15:14:07,493 [INFO] PluginManager:220 - loadIPPluginJar : add dma3
2024-06-28 15:14:07,508 [INFO] IPUIPlugin:80 - create IPUIPlugin
2024-06-28 15:14:07,508 [INFO] PluginManager:220 - loadIPPluginJar : add fatfs
2024-06-28 15:14:07,543 [INFO] IPUIPlugin:80 - create IPUIPlugin
2024-06-28 15:14:07,543 [INFO] PluginManager:220 - loadIPPluginJar : add fmc
2024-06-28 15:14:07,555 [INFO] IPUIPlugin:80 - create IPUIPlugin
2024-06-28 15:14:07,555 [INFO] PluginManager:220 - loadIPPluginJar : add freertos
2024-06-28 15:14:07,571 [INFO] IPUIPlugin:80 - create IPUIPlugin
2024-06-28 15:14:07,571 [INFO] PluginManager:220 - loadIPPluginJar : add genericplugin
2024-06-28 15:14:07,636 [INFO] IPUIPlugin:80 - create IPUIPlugin
2024-06-28 15:14:07,636 [INFO] PluginManager:220 - loadIPPluginJar : add gfxmmu
2024-06-28 15:14:07,728 [INFO] IPUIPlugin:80 - create IPUIPlugin
2024-06-28 15:14:07,728 [INFO] PluginManager:220 - loadIPPluginJar : add gic
2024-06-28 15:14:07,738 [INFO] IPUIPlugin:80 - create IPUIPlugin
2024-06-28 15:14:07,739 [INFO] PluginManager:220 - loadIPPluginJar : add gpio
2024-06-28 15:14:07,805 [INFO] IPUIPlugin:80 - create IPUIPlugin
2024-06-28 15:14:07,805 [INFO] PluginManager:220 - loadIPPluginJar : add gtzc
2024-06-28 15:14:07,829 [INFO] IPUIPlugin:80 - create IPUIPlugin
2024-06-28 15:14:07,829 [INFO] PluginManager:220 - loadIPPluginJar : add hash
2024-06-28 15:14:07,868 [INFO] IPUIPlugin:80 - create IPUIPlugin
2024-06-28 15:14:07,868 [INFO] PluginManager:220 - loadIPPluginJar : add i2c
2024-06-28 15:14:07,899 [INFO] IPUIPlugin:80 - create IPUIPlugin
2024-06-28 15:14:07,899 [INFO] PluginManager:220 - loadIPPluginJar : add i2s
2024-06-28 15:14:07,930 [INFO] IPUIPlugin:80 - create IPUIPlugin
2024-06-28 15:14:07,931 [INFO] PluginManager:220 - loadIPPluginJar : add i3c
2024-06-28 15:14:08,007 [INFO] IPUIPlugin:80 - create IPUIPlugin
2024-06-28 15:14:08,007 [INFO] PluginManager:220 - loadIPPluginJar : add ipddr
2024-06-28 15:14:08,074 [INFO] IPUIPlugin:80 - create IPUIPlugin
2024-06-28 15:14:08,074 [INFO] PluginManager:220 - loadIPPluginJar : add linkedlist
2024-06-28 15:14:08,101 [INFO] IPUIPlugin:80 - create IPUIPlugin
2024-06-28 15:14:08,101 [INFO] PluginManager:220 - loadIPPluginJar : add lorawan
2024-06-28 15:14:08,129 [INFO] IPUIPlugin:80 - create IPUIPlugin
2024-06-28 15:14:08,129 [INFO] PluginManager:220 - loadIPPluginJar : add ltdc
2024-06-28 15:14:08,140 [INFO] IPUIPlugin:80 - create IPUIPlugin
2024-06-28 15:14:08,140 [INFO] PluginManager:220 - loadIPPluginJar : add mdma
2024-06-28 15:14:08,150 [INFO] IPUIPlugin:80 - create IPUIPlugin
2024-06-28 15:14:08,151 [INFO] PluginManager:220 - loadIPPluginJar : add nvic
2024-06-28 15:14:08,178 [INFO] IPUIPlugin:80 - create IPUIPlugin
2024-06-28 15:14:08,178 [INFO] PluginManager:220 - loadIPPluginJar : add opamp
2024-06-28 15:14:08,226 [INFO] IPUIPlugin:80 - create IPUIPlugin
2024-06-28 15:14:08,226 [INFO] PluginManager:220 - loadIPPluginJar : add openamp
2024-06-28 15:14:08,267 [INFO] IPUIPlugin:80 - create IPUIPlugin
2024-06-28 15:14:08,267 [INFO] PluginManager:220 - loadIPPluginJar : add pdm2pcm
2024-06-28 15:14:08,279 [INFO] IPUIPlugin:80 - create IPUIPlugin
2024-06-28 15:14:08,280 [INFO] PluginManager:220 - loadIPPluginJar : add plateformsettings
2024-06-28 15:14:08,300 [INFO] IPUIPlugin:80 - create IPUIPlugin
2024-06-28 15:14:08,300 [INFO] PluginManager:220 - loadIPPluginJar : add quadspi
2024-06-28 15:14:08,310 [INFO] IPUIPlugin:80 - create IPUIPlugin
2024-06-28 15:14:08,310 [INFO] PluginManager:220 - loadIPPluginJar : add resmgrutility
2024-06-28 15:14:08,348 [INFO] IPUIPlugin:80 - create IPUIPlugin
2024-06-28 15:14:08,348 [INFO] PluginManager:220 - loadIPPluginJar : add sai
2024-06-28 15:14:08,377 [INFO] IPUIPlugin:80 - create IPUIPlugin
2024-06-28 15:14:08,378 [INFO] PluginManager:220 - loadIPPluginJar : add spi
2024-06-28 15:14:08,423 [INFO] IPUIPlugin:80 - create IPUIPlugin
2024-06-28 15:14:08,423 [INFO] PluginManager:220 - loadIPPluginJar : add stm32_wpan
2024-06-28 15:14:08,442 [INFO] IPUIPlugin:80 - create IPUIPlugin
2024-06-28 15:14:08,443 [INFO] PluginManager:220 - loadIPPluginJar : add tim
2024-06-28 15:14:08,486 [INFO] IPUIPlugin:80 - create IPUIPlugin
2024-06-28 15:14:08,486 [INFO] PluginManager:220 - loadIPPluginJar : add touchsensing
2024-06-28 15:14:08,504 [INFO] IPUIPlugin:80 - create IPUIPlugin
2024-06-28 15:14:08,504 [INFO] PluginManager:220 - loadIPPluginJar : add tracer_emb
2024-06-28 15:14:08,524 [INFO] IPUIPlugin:80 - create IPUIPlugin
2024-06-28 15:14:08,524 [INFO] PluginManager:220 - loadIPPluginJar : add ts
2024-06-28 15:14:08,543 [INFO] IPUIPlugin:80 - create IPUIPlugin
2024-06-28 15:14:08,543 [INFO] PluginManager:220 - loadIPPluginJar : add tsc
2024-06-28 15:14:08,563 [INFO] IPUIPlugin:80 - create IPUIPlugin
2024-06-28 15:14:08,563 [INFO] PluginManager:220 - loadIPPluginJar : add ucpd
2024-06-28 15:14:08,601 [INFO] IPUIPlugin:80 - create IPUIPlugin
2024-06-28 15:14:08,601 [INFO] PluginManager:220 - loadIPPluginJar : add usart
2024-06-28 15:14:08,639 [INFO] IPUIPlugin:80 - create IPUIPlugin
2024-06-28 15:14:08,640 [INFO] PluginManager:220 - loadIPPluginJar : add usbx
2024-06-28 15:14:08,754 [INFO] CADModel:165 - CPN selected for project level
2024-06-28 15:14:08,754 [INFO] CADModel:114 - Register for checkConnection events
2024-06-28 15:14:08,755 [FATAL] Updater:308 - Updater called before beeing initialized
2024-06-28 15:14:08,755 [ERROR] CADModel:125 - Updater not yet initialized, retry later 
2024-06-28 15:14:08,874 [INFO] CADModel:165 - CPN selected for project level
2024-06-28 15:14:08,875 [INFO] CADModel:114 - Register for checkConnection events
2024-06-28 15:14:08,875 [FATAL] Updater:308 - Updater called before beeing initialized
2024-06-28 15:14:08,875 [ERROR] CADModel:125 - Updater not yet initialized, retry later 
2024-06-28 15:14:08,878 [FATAL] Updater:308 - Updater called before beeing initialized
2024-06-28 15:14:08,968 [FATAL] Updater:308 - Updater called before beeing initialized
2024-06-28 15:14:08,977 [INFO] DbMcusAds:53 - JSON generation date=Thu May 16 14:52:00 IST 2024 (1715851320852)
2024-06-28 15:14:08,978 [FATAL] Updater:308 - Updater called before beeing initialized
2024-06-28 15:14:09,054 [WARN] DetailPanel:346 - Failed to get advertising image, set to default
2024-06-28 15:14:09,157 [FATAL] Updater:308 - Updater called before beeing initialized
2024-06-28 15:14:09,159 [FATAL] Updater:308 - Updater called before beeing initialized
2024-06-28 15:14:09,159 [FATAL] Updater:308 - Updater called before beeing initialized
2024-06-28 15:14:09,159 [WARN] DetailPanel:346 - Failed to get advertising image, set to default
2024-06-28 15:14:09,159 [FATAL] Updater:308 - Updater called before beeing initialized
2024-06-28 15:14:09,211 [ERROR] Updater:1120 - MainUpdater not yet initialized. External WinMGr cannot be set.
2024-06-28 15:14:09,221 [INFO] Updater:1056 - Updater Version found : 6.9.1
2024-06-28 15:14:09,240 [INFO] ApplicationProperties:184 - Using Application install path: C:\ST\STM32CubeIDE_1.13.1\STM32CubeIDE\plugins\com.st.stm32cube.common.mx_6.9.1.202307191849
2024-06-28 15:14:09,841 [INFO] ThirdPartyUpdaterWithRetryManager:70 - Updater plugin not ready yet. [2/15]
2024-06-28 15:14:10,181 [INFO] MainUpdater:2868 - connection check result : 10
2024-06-28 15:14:10,181 [INFO] MainUpdater:285 - Updater Check For Update Now.
2024-06-28 15:14:10,181 [INFO] MicroXplorer:498 - Change Database Version : DB.6.0.91
2024-06-28 15:14:10,205 [INFO] McuFinderGlobals:63 - Set McuFinder mode to 2 (CubeIDE integrated)
2024-06-28 15:14:10,205 [INFO] UserAuth:179 - activating auth plugin
2024-06-28 15:14:10,207 [INFO] UserAuth:393 - Internet connection configuration mode: 1
2024-06-28 15:14:10,231 [INFO] JxBrowserEngine:151 - Initiate JxBrowser Engine with user profile folder
2024-06-28 15:14:10,376 [INFO] CheckServerUpdateThread:120 - End of CheckServer Thread
2024-06-28 15:14:12,118 [INFO] WebApp:157 - Instantiating new browser for Auth
2024-06-28 15:14:12,610 [INFO] WebApp:753 - Register for checkConnection events
2024-06-28 15:14:12,610 [INFO] WebApp:390 - Apply proxy settings
2024-06-28 15:14:12,611 [INFO] WebApp:475 - Chromium requires no authentication
2024-06-28 15:14:12,617 [INFO] WebApp:418 - Direct internet connection detected
2024-06-28 15:14:12,758 [INFO] WebApp:188 - Starting web application
2024-06-28 15:14:12,758 [INFO] WebApp:520 - Web application path used C:\ST\STM32CubeIDE_1.13.1\STM32CubeIDE\plugins\com.st.stm32cube.common.mx_6.9.1.202307191849\db\plugins\mcufinder\reactClient1\index.html
2024-06-28 15:14:13,075 [WARN] PackLoader:240 - Cannot read IP mode file for STMicroelectronics.FP-SNS-MOTENVWB1.1.4.0
2024-06-28 15:14:13,096 [WARN] PackLoader:240 - Cannot read IP mode file for STMicroelectronics.X-CUBE-SMBUS.2.1.0
2024-06-28 15:14:13,109 [WARN] PackLoader:240 - Cannot read IP mode file for STMicroelectronics.X-CUBE-TOUCHGFX.4.23.0
2024-06-28 15:14:13,119 [WARN] PackLoader:240 - Cannot read IP mode file for STMicroelectronics.X-CUBE-TOUCHGFX.4.23.2
2024-06-28 15:14:13,163 [WARN] PackLoader:240 - Cannot read IP mode file for STMicroelectronics.X-CUBE-AZRTOS-F7.1.1.0
2024-06-28 15:14:13,184 [WARN] PackLoader:240 - Cannot read IP mode file for STMicroelectronics.FP-SNS-MOTENV1.4.3.2
2024-06-28 15:14:13,201 [WARN] PackLoader:240 - Cannot read IP mode file for STMicroelectronics.FP-SNS-FLIGHT1.5.0.2
2024-06-28 15:14:13,219 [WARN] PackLoader:240 - Cannot read IP mode file for STMicroelectronics.X-CUBE-DISPLAY.3.0.0
2024-06-28 15:14:13,242 [WARN] PackLoader:240 - Cannot read IP mode file for STMicroelectronics.X-CUBE-BLE1.7.0.0
2024-06-28 15:14:13,256 [WARN] PackLoader:240 - Cannot read IP mode file for emotas.I-CUBE-CANOPEN.1.3.0
2024-06-28 15:14:13,267 [WARN] PackLoader:240 - Cannot read IP mode file for STMicroelectronics.X-CUBE-TOUCHGFX.4.22.0
2024-06-28 15:14:13,279 [WARN] PackLoader:240 - Cannot read IP mode file for STMicroelectronics.X-CUBE-TOUCHGFX.4.22.1
2024-06-28 15:14:13,296 [WARN] PackLoader:240 - Cannot read IP mode file for STMicroelectronics.X-CUBE-BLEMGR.3.1.0
2024-06-28 15:14:13,312 [WARN] PackLoader:240 - Cannot read IP mode file for STMicroelectronics.FP-SNS-SMARTAG2.1.2.0
2024-06-28 15:14:13,331 [INFO] LogOutputStream:77 - [STDOUT_REDIRECT] 1 : Invalid condition id : UX_CORESTACK_Condition cause : null
2024-06-28 15:14:13,332 [INFO] LogOutputStream:77 - [STDOUT_REDIRECT] 1 : Invalid condition id : UX_CORESTACK_Condition cause : null
2024-06-28 15:14:13,333 [INFO] LogOutputStream:77 - [STDOUT_REDIRECT] 1 : Invalid condition id : UX_CORESTACK_Condition cause : null
2024-06-28 15:14:13,334 [INFO] LogOutputStream:77 - [STDOUT_REDIRECT] 1 : Invalid condition id : UX_CORESTACK_Condition cause : null
2024-06-28 15:14:13,335 [INFO] LogOutputStream:77 - [STDOUT_REDIRECT] 1 : Invalid condition id : UX_CORESTACK_Condition cause : null
2024-06-28 15:14:13,338 [WARN] PackLoader:240 - Cannot read IP mode file for STMicroelectronics.X-CUBE-AZRTOS-WL.2.0.0
2024-06-28 15:14:13,351 [WARN] PackLoader:240 - Cannot read IP mode file for STMicroelectronics.FP-SNS-MOTENV1.5.0.0
2024-06-28 15:14:13,362 [WARN] PackLoader:240 - Cannot read IP mode file for wolfSSL.I-CUBE-wolfMQTT.1.19.0
2024-06-28 15:14:13,378 [WARN] PackLoader:240 - Cannot read IP mode file for WES.I-CUBE-Cesium.1.3.0
2024-06-28 15:14:13,390 [WARN] PackLoader:240 - Cannot read IP mode file for STMicroelectronics.X-CUBE-BLE2.3.3.0
2024-06-28 15:14:13,402 [WARN] PackLoader:240 - Cannot read IP mode file for STMicroelectronics.X-CUBE-TCPP.4.1.0
2024-06-28 15:14:13,416 [WARN] PackLoader:240 - Cannot read IP mode file for STMicroelectronics.X-CUBE-ALGOBUILD.1.3.0
2024-06-28 15:14:13,444 [WARN] PackLoader:240 - Cannot read IP mode file for STMicroelectronics.X-CUBE-AZRTOS-G0.1.1.0
2024-06-28 15:14:13,464 [WARN] PackLoader:240 - Cannot read IP mode file for STMicroelectronics.X-CUBE-SAFEA1.1.2.2
2024-06-28 15:14:13,478 [WARN] PackLoader:240 - Cannot read IP mode file for STMicroelectronics.X-CUBE-NFC4.3.0.0
2024-06-28 15:14:13,509 [WARN] PackLoader:240 - Cannot read IP mode file for STMicroelectronics.X-CUBE-BLEMGR.3.0.0
2024-06-28 15:14:13,522 [WARN] PackLoader:240 - Cannot read IP mode file for STMicroelectronics.FP-ATR-SIGFOX1.3.2.0
2024-06-28 15:14:13,536 [WARN] PackLoader:240 - Cannot read IP mode file for STMicroelectronics.X-CUBE-EEPRMA1.5.1.0
2024-06-28 15:14:13,575 [WARN] PackLoader:240 - Cannot read IP mode file for SEGGER.I-CUBE-embOS.1.3.1
2024-06-28 15:14:13,620 [WARN] PackLoader:240 - Cannot read IP mode file for STMicroelectronics.X-CUBE-ALGOBUILD.1.4.0
2024-06-28 15:14:13,631 [WARN] PackLoader:240 - Cannot read IP mode file for STMicroelectronics.X-CUBE-GNSS1.6.0.0
2024-06-28 15:14:13,659 [WARN] PackLoader:240 - Cannot read IP mode file for STMicroelectronics.X-CUBE-AZRTOS-F4.1.1.0
2024-06-28 15:14:13,673 [WARN] PackLoader:240 - Cannot read IP mode file for wolfSSL.I-CUBE-wolfSSL.5.6.3
2024-06-28 15:14:13,686 [WARN] PackLoader:240 - Cannot read IP mode file for STMicroelectronics.X-CUBE-FREERTOS.1.2.0
2024-06-28 15:14:13,713 [WARN] PackLoader:240 - Cannot read IP mode file for STMicroelectronics.X-CUBE-AZRTOS-L5.2.0.0
2024-06-28 15:14:13,763 [WARN] PackLoader:240 - Cannot read IP mode file for STMicroelectronics.X-CUBE-MEMS1.9.6.0
2024-06-28 15:14:13,902 [WARN] PackLoader:240 - Cannot read IP mode file for STMicroelectronics.X-CUBE-EEPRMA1.4.2.0
2024-06-28 15:14:13,915 [WARN] PackLoader:240 - Cannot read IP mode file for STMicroelectronics.X-CUBE-NFC6.3.1.0
2024-06-28 15:14:13,928 [WARN] PackLoader:240 - Cannot read IP mode file for ITTIA_DB.I-CUBE-ITTIADB.8.8.0
2024-06-28 15:14:13,942 [WARN] PackLoader:240 - Cannot read IP mode file for STMicroelectronics.X-CUBE-BLEMGR.2.0.0
2024-06-28 15:14:13,956 [WARN] PackLoader:240 - Cannot read IP mode file for STMicroelectronics.X-CUBE-AI.9.0.0
2024-06-28 15:14:13,981 [WARN] ConditionMgr:438 - getConditionDescription Invalid condition id : UX DEVICE CLASS RTOS Condition cause : null
2024-06-28 15:14:13,981 [WARN] ConditionMgr:438 - getConditionDescription Invalid condition id : UX DEVICE CLASS RTOS Condition cause : null
2024-06-28 15:14:13,984 [WARN] PackLoader:240 - Cannot read IP mode file for STMicroelectronics.X-CUBE-AZRTOS-H7.3.1.0
2024-06-28 15:14:13,985 [WARN] ConditionMgr:1039 - genDependencies : Invalid condition id : UX DEVICE CLASS RTOS Condition cause : null
2024-06-28 15:14:13,985 [WARN] ConditionMgr:1039 - genDependencies : Invalid condition id : UX DEVICE CLASS RTOS Condition cause : null
2024-06-28 15:14:13,985 [WARN] ConditionMgr:1039 - genDependencies : Invalid condition id : UX DEVICE CLASS RTOS Condition cause : null
2024-06-28 15:14:13,986 [WARN] ConditionMgr:1039 - genDependencies : Invalid condition id : UX DEVICE CLASS RTOS Condition cause : null
2024-06-28 15:14:13,986 [WARN] ConditionMgr:1039 - genDependencies : Invalid condition id : UX DEVICE CLASS RTOS Condition cause : null
2024-06-28 15:14:13,998 [WARN] PackLoader:240 - Cannot read IP mode file for STMicroelectronics.X-CUBE-NFC7.1.0.1
2024-06-28 15:14:14,011 [WARN] PackLoader:240 - Cannot read IP mode file for STMicroelectronics.X-CUBE-NFC6.3.0.0
2024-06-28 15:14:14,023 [WARN] PackLoader:240 - Cannot read IP mode file for STMicroelectronics.X-CUBE-EEPRMA1.4.1.0
2024-06-28 15:14:14,034 [WARN] PackLoader:240 - Cannot read IP mode file for STMicroelectronics.X-CUBE-AI.8.1.0
2024-06-28 15:14:14,059 [WARN] ConditionMgr:438 - getConditionDescription Invalid condition id : LAN8742 Phy interface Condition cause : null
2024-06-28 15:14:14,059 [WARN] PackLoader:240 - Cannot read IP mode file for STMicroelectronics.X-CUBE-AZRTOS-L4.2.0.0
2024-06-28 15:14:14,060 [WARN] ConditionMgr:1039 - genDependencies : Invalid condition id : LAN8742 Phy interface Condition cause : null
2024-06-28 15:14:14,060 [WARN] ConditionMgr:1039 - genDependencies : Invalid condition id : LAN8742 Phy interface Condition cause : null
2024-06-28 15:14:14,061 [WARN] ConditionMgr:1039 - genDependencies : Invalid condition id : LAN8742 Phy interface Condition cause : null
2024-06-28 15:14:14,073 [WARN] PackLoader:240 - Cannot read IP mode file for STMicroelectronics.X-CUBE-SFXS2LP1.4.0.0
2024-06-28 15:14:14,085 [WARN] PackLoader:240 - Cannot read IP mode file for STMicroelectronics.X-CUBE-ISPU.1.1.0
2024-06-28 15:14:14,107 [WARN] ConditionMgr:438 - getConditionDescription Invalid condition id : UX DEVICE CLASS RTOS Condition cause : null
2024-06-28 15:14:14,107 [WARN] ConditionMgr:438 - getConditionDescription Invalid condition id : UX DEVICE CLASS RTOS Condition cause : null
2024-06-28 15:14:14,109 [WARN] PackLoader:240 - Cannot read IP mode file for STMicroelectronics.X-CUBE-AZRTOS-WB.2.0.0
2024-06-28 15:14:14,110 [WARN] ConditionMgr:1039 - genDependencies : Invalid condition id : UX DEVICE CLASS RTOS Condition cause : null
2024-06-28 15:14:14,110 [WARN] ConditionMgr:1039 - genDependencies : Invalid condition id : UX DEVICE CLASS RTOS Condition cause : null
2024-06-28 15:14:14,110 [WARN] ConditionMgr:1039 - genDependencies : Invalid condition id : UX DEVICE CLASS RTOS Condition cause : null
2024-06-28 15:14:14,110 [WARN] ConditionMgr:1039 - genDependencies : Invalid condition id : UX DEVICE CLASS RTOS Condition cause : null
2024-06-28 15:14:14,110 [WARN] ConditionMgr:1039 - genDependencies : Invalid condition id : UX DEVICE CLASS RTOS Condition cause : null
2024-06-28 15:14:14,125 [WARN] PackLoader:240 - Cannot read IP mode file for STMicroelectronics.X-CUBE-FREERTOS.1.0.1
2024-06-28 15:14:14,141 [WARN] PackLoader:240 - Cannot read IP mode file for STMicroelectronics.X-CUBE-SUBG2.5.0.0
2024-06-28 15:14:14,154 [WARN] PackLoader:240 - Cannot read IP mode file for Cesanta.I-CUBE-Mongoose.7.13.0
2024-06-28 15:14:14,169 [WARN] PackLoader:240 - Cannot read IP mode file for STMicroelectronics.X-CUBE-TOF1.3.3.1
2024-06-28 15:14:14,196 [WARN] PackLoader:240 - Cannot read IP mode file for STMicroelectronics.X-CUBE-AZRTOS-G4.2.0.0
2024-06-28 15:14:14,217 [WARN] PackLoader:240 - Cannot read IP mode file for Infineon.AIROC-Wi-Fi-Bluetooth-STM32.1.5.1
2024-06-28 15:14:14,230 [WARN] PackLoader:240 - Cannot read IP mode file for STMicroelectronics.FP-SNS-MOTENVWB1.1.3.1
2024-06-28 15:14:14,242 [WARN] PackLoader:240 - Cannot read IP mode file for STMicroelectronics.X-CUBE-ISPU.2.0.0
2024-06-28 15:14:14,255 [WARN] PackLoader:240 - Cannot read IP mode file for STMicroelectronics.X-CUBE-ALS.1.0.2
2024-06-28 15:14:14,296 [WARN] PackLoader:240 - Cannot read IP mode file for STMicroelectronics.X-CUBE-MEMS1.10.0.0
2024-06-28 15:14:14,398 [WARN] PackLoader:240 - Cannot read IP mode file for STMicroelectronics.X-CUBE-FREERTOS.1.1.0
2024-06-28 15:14:14,408 [WARN] PackLoader:240 - Cannot read IP mode file for STMicroelectronics.X-CUBE-TOUCHGFX.4.24.0
2024-06-28 15:14:14,420 [WARN] PackLoader:240 - Cannot read IP mode file for portGmbH.I-Cube-SoM-uGOAL.1.1.0
2024-06-28 15:14:14,430 [WARN] PackLoader:240 - Cannot read IP mode file for STMicroelectronics.X-CUBE-ALS.1.0.1
2024-06-28 15:14:14,457 [WARN] PackLoader:240 - Cannot read IP mode file for STMicroelectronics.X-CUBE-AZRTOS-H7RS.1.0.0
2024-06-28 15:14:14,470 [WARN] PackLoader:240 - Cannot read IP mode file for STMicroelectronics.FP-ATR-ASTRA1.2.0.0
2024-06-28 15:14:14,487 [WARN] PackLoader:240 - Cannot read IP mode file for STMicroelectronics.X-CUBE-TOF1.3.4.0
2024-06-28 15:14:14,509 [WARN] PackLoader:240 - Cannot read IP mode file for STMicroelectronics.X-CUBE-TOF1.3.4.1
2024-06-28 15:14:14,543 [WARN] PackLoader:240 - Cannot read IP mode file for STMicroelectronics.X-CUBE-AZRTOS-H7.3.2.0
2024-06-28 15:14:14,546 [INFO] ThirdParty:978 - Integrity check success = true
2024-06-28 15:14:14,546 [INFO] IntegrityCheckThread:100 - exiting critical section [integrity check]
2024-06-28 15:14:14,546 [INFO] IntegrityCheckThread:103 - End integrity checks thread
2024-06-28 15:14:33,600 [ERROR] LogOutputStream:75 - [STDERR_REDIRECT] SLF4J: Failed to load class "org.slf4j.impl.StaticLoggerBinder".
2024-06-28 15:14:33,600 [ERROR] LogOutputStream:75 - [STDERR_REDIRECT] SLF4J: Defaulting to no-operation (NOP) logger implementation
2024-06-28 15:14:33,602 [ERROR] LogOutputStream:75 - [STDERR_REDIRECT] SLF4J: See http://www.slf4j.org/codes.html#StaticLoggerBinder for further details.
2024-06-28 23:21:24,038 [INFO] WebApp:330 - JxBrowser engine has been closed 
2024-06-28 23:21:28,196 [ERROR] LogOutputStream:75 - [STDERR_REDIRECT] 
