2024-07-19 09:12:42,106 [ERROR] ConfigurationRetriever:142 - IOException on connection: sw-center.st.com
2024-07-19 09:12:42,118 [ERROR] ConfigurationRetriever:142 - IOException on connection: sw-center.st.com
2024-07-19 09:12:42,119 [ERROR] ConfigurationRetriever:142 - IOException on connection: sw-center.st.com
2024-07-19 09:12:45,606 [ERROR] LogOutputStream:75 - [STDERR_REDIRECT] 
2024-07-19 22:13:35,888 [INFO] Activator:176 - 


2024-07-19 22:13:35,891 [INFO] Activator:177 - !SESSION log4j initialized
2024-07-19 22:13:44,004 [INFO] LogOutputStream:77 - [STDOUT_REDIRECT] 
2024-07-19 22:13:49,092 [INFO] ApplicationProperties:184 - Using Application install path: C:\ST\STM32CubeIDE_1.13.1\STM32CubeIDE\plugins\com.st.stm32cube.common.mx_6.9.1.202307191849
2024-07-19 22:13:49,116 [INFO] DbMcusXml:78 - Set database path to: C:\ST\STM32CubeIDE_1.13.1\STM32CubeIDE\plugins\com.st.stm32cube.common.mx_6.9.1.202307191849\\db\/mcu/
2024-07-19 22:13:49,117 [INFO] ApiDb:274 - Set plugin database path to: C:\ST\STM32CubeIDE_1.13.1\STM32CubeIDE\plugins\com.st.stm32cube.common.mx_6.9.1.202307191849\\db\/plugins/boardmanager/
2024-07-19 22:13:49,117 [WARN] ApiDb:259 - Overriding images path with different value:  => C:\ST\STM32CubeIDE_1.13.1\STM32CubeIDE\plugins\com.st.stm32cube.common.mx_6.9.1.202307191849\\db\/plugins/mcufinder/images/
2024-07-19 22:13:49,131 [INFO] ApiDb:250 - Set database path to: C:\Users\kunal\.stmcufinder\plugins\mcufinder//mcu/
2024-07-19 22:13:49,133 [INFO] DbMcusAds:125 - Set database path to: C:\Users\kunal\.stmcufinder\plugins\mcufinder//mcu/
2024-07-19 22:13:49,136 [INFO] CrossReferenceDbSqlite:203 - Set database path to: C:\Users\kunal\.stmcufinder\plugins\mcufinder//mcu/cs/
2024-07-19 22:13:49,331 [INFO] RulesReader:64 - Compatibility file has been processed (293 Rules)
2024-07-19 22:13:49,454 [INFO] DbMcusXml:78 - Set database path to: C:\ST\STM32CubeIDE_1.13.1\STM32CubeIDE\plugins\com.st.stm32cube.common.mx_6.9.1.202307191849\\db\/mcu/
2024-07-19 22:13:49,454 [INFO] ApiDb:274 - Set plugin database path to: C:\ST\STM32CubeIDE_1.13.1\STM32CubeIDE\plugins\com.st.stm32cube.common.mx_6.9.1.202307191849\\db\/plugins/boardmanager/
2024-07-19 22:13:49,455 [INFO] ApiDb:261 - Set plugin images path to: C:\ST\STM32CubeIDE_1.13.1\STM32CubeIDE\plugins\com.st.stm32cube.common.mx_6.9.1.202307191849\\db\/plugins/mcufinder/images/
2024-07-19 22:13:49,455 [WARN] DbFile:41 - Overriding database path with different value: C:\Users\kunal\.stmcufinder\plugins\mcufinder/ => C:\Users\kunal\.stmcufinder\plugins\mcufinder
2024-07-19 22:13:49,455 [INFO] ApiDb:250 - Set database path to: C:\Users\kunal\.stmcufinder\plugins\mcufinder//mcu/
2024-07-19 22:13:49,455 [WARN] DbFile:41 - Overriding database path with different value: C:\Users\kunal\.stmcufinder\plugins\mcufinder/ => C:\Users\kunal\.stmcufinder\plugins\mcufinder
2024-07-19 22:13:49,455 [INFO] DbMcusAds:125 - Set database path to: C:\Users\kunal\.stmcufinder\plugins\mcufinder//mcu/
2024-07-19 22:13:49,456 [WARN] DbFile:41 - Overriding database path with different value: C:\Users\kunal\.stmcufinder\plugins\mcufinder/ => C:\Users\kunal\.stmcufinder\plugins\mcufinder
2024-07-19 22:13:49,456 [WARN] DbFile:41 - Overriding database path with different value: C:\Users\kunal\.stmcufinder\plugins\mcufinder/ => C:\Users\kunal\.stmcufinder\plugins\mcufinder
2024-07-19 22:13:49,456 [INFO] CrossReferenceDbSqlite:203 - Set database path to: C:\Users\kunal\.stmcufinder\plugins\mcufinder//mcu/cs/
2024-07-19 22:13:49,568 [INFO] MainPanel:262 - HeapMemory: 268435456
2024-07-19 22:13:49,690 [INFO] DbMcusXml:78 - Set database path to: C:\ST\STM32CubeIDE_1.13.1\STM32CubeIDE\plugins\com.st.stm32cube.common.mx_6.9.1.202307191849\\db\/mcu/
2024-07-19 22:13:49,690 [INFO] ApiDb:274 - Set plugin database path to: C:\ST\STM32CubeIDE_1.13.1\STM32CubeIDE\plugins\com.st.stm32cube.common.mx_6.9.1.202307191849\\db\/plugins/boardmanager/
2024-07-19 22:13:49,690 [INFO] ApiDb:261 - Set plugin images path to: C:\ST\STM32CubeIDE_1.13.1\STM32CubeIDE\plugins\com.st.stm32cube.common.mx_6.9.1.202307191849\\db\/plugins/mcufinder/images/
2024-07-19 22:13:49,691 [WARN] DbFile:41 - Overriding database path with different value: C:\Users\kunal\.stmcufinder\plugins\mcufinder/ => C:\Users\kunal\.stmcufinder\plugins\mcufinder
2024-07-19 22:13:49,691 [INFO] ApiDb:250 - Set database path to: C:\Users\kunal\.stmcufinder\plugins\mcufinder//mcu/
2024-07-19 22:13:49,691 [WARN] DbFile:41 - Overriding database path with different value: C:\Users\kunal\.stmcufinder\plugins\mcufinder/ => C:\Users\kunal\.stmcufinder\plugins\mcufinder
2024-07-19 22:13:49,691 [INFO] DbMcusAds:125 - Set database path to: C:\Users\kunal\.stmcufinder\plugins\mcufinder//mcu/
2024-07-19 22:13:49,692 [WARN] DbFile:41 - Overriding database path with different value: C:\Users\kunal\.stmcufinder\plugins\mcufinder/ => C:\Users\kunal\.stmcufinder\plugins\mcufinder
2024-07-19 22:13:49,692 [WARN] DbFile:41 - Overriding database path with different value: C:\Users\kunal\.stmcufinder\plugins\mcufinder/ => C:\Users\kunal\.stmcufinder\plugins\mcufinder
2024-07-19 22:13:49,692 [INFO] CrossReferenceDbSqlite:203 - Set database path to: C:\Users\kunal\.stmcufinder\plugins\mcufinder//mcu/cs/
2024-07-19 22:13:49,716 [INFO] ApplicationProperties:184 - Using Application install path: C:\ST\STM32CubeIDE_1.13.1\STM32CubeIDE\plugins\com.st.stm32cube.common.mx_6.9.1.202307191849
2024-07-19 22:13:49,717 [INFO] PluginManage:196 - Search for loadable plugins [exclusion list=, ]
2024-07-19 22:13:49,719 [INFO] PluginManage:310 - Check plugin analytics
2024-07-19 22:13:49,942 [INFO] AnalyticsPlugin:253 - Accepted Software Licenses: 
2024-07-19 22:13:49,944 [INFO] AnalyticsPlugin:255 - Accepted CMSIS Pack Licenses: 
2024-07-19 22:13:49,944 [INFO] AnalyticsPlugin:257 - Accepted Firmware Licenses: FW.F4.1.27.0
2024-07-19 22:13:49,951 [INFO] PluginManage:359 - Loaded plugin analytics (category:tool,tabindex:-1)
2024-07-19 22:13:49,952 [INFO] PluginManage:310 - Check plugin cadmodel
2024-07-19 22:13:49,971 [INFO] CADModel:105 - Init CAD model plugin
2024-07-19 22:13:49,971 [INFO] PluginManage:359 - Loaded plugin cadmodel (category:power,tabindex:5)
2024-07-19 22:13:49,971 [INFO] PluginManage:310 - Check plugin clock
2024-07-19 22:13:49,998 [INFO] PluginManage:359 - Loaded plugin clock (category:base,tabindex:2)
2024-07-19 22:13:49,999 [INFO] PluginManage:310 - Check plugin ddr
2024-07-19 22:13:50,002 [INFO] PluginManage:359 - Loaded plugin ddr (category:tool,tabindex:6)
2024-07-19 22:13:50,003 [INFO] PluginManage:310 - Check plugin filemanager
2024-07-19 22:13:50,180 [INFO] PluginManage:359 - Loaded plugin filemanager (category:base,tabindex:10)
2024-07-19 22:13:50,180 [INFO] PluginManage:310 - Check plugin ipmanager
2024-07-19 22:13:50,190 [INFO] PluginManage:359 - Loaded plugin ipmanager (category:base,tabindex:5)
2024-07-19 22:13:50,190 [INFO] PluginManage:310 - Check plugin lpbam
2024-07-19 22:13:50,211 [INFO] PluginManage:359 - Loaded plugin lpbam (category:base,tabindex:0)
2024-07-19 22:13:50,211 [INFO] PluginManage:310 - Check plugin memorymap
2024-07-19 22:13:50,239 [INFO] PluginManage:359 - Loaded plugin memorymap (category:base,tabindex:4)
2024-07-19 22:13:50,239 [INFO] PluginManage:310 - Check plugin pinoutandconfiguration
2024-07-19 22:13:50,264 [INFO] PluginManage:359 - Loaded plugin pinoutandconfiguration (category:base,tabindex:1)
2024-07-19 22:13:50,264 [INFO] PluginManage:310 - Check plugin pinoutconfig
2024-07-19 22:13:50,387 [WARN] SupportedApi:132 - Cannot load RTOS API schema: s4s-elt-must-match.1: The content of 'definitions' must match (annotation?, (simpleType | complexType)?, (unique | key | keyref)*)). A problem was found starting at: attribute.
2024-07-19 22:13:50,562 [INFO] PluginManage:359 - Loaded plugin pinoutconfig (category:base,tabindex:0)
2024-07-19 22:13:50,562 [INFO] PluginManage:310 - Check plugin power
2024-07-19 22:13:50,587 [INFO] PluginManage:359 - Loaded plugin power (category:power,tabindex:4)
2024-07-19 22:13:50,587 [INFO] PluginManage:310 - Check plugin projectmanager
2024-07-19 22:13:50,609 [INFO] PluginManage:359 - Loaded plugin projectmanager (category:projectmanager,tabindex:3)
2024-07-19 22:13:50,609 [INFO] PluginManage:310 - Check plugin thirdparty
2024-07-19 22:13:50,967 [INFO] PluginManage:359 - Loaded plugin thirdparty (category:base,tabindex:-1)
2024-07-19 22:13:50,967 [INFO] PluginManage:310 - Check plugin tools
2024-07-19 22:13:50,967 [WARN] IntegrityCheckThread:84 - waiting for thirdparty lock release [integrity check]
2024-07-19 22:13:50,968 [INFO] IntegrityCheckThread:86 - entering critical section [integrity check]
2024-07-19 22:13:50,968 [INFO] ThirdPartyUpdaterWithRetryManager:70 - Updater plugin not ready yet. [1/15]
2024-07-19 22:13:51,009 [INFO] PluginManage:359 - Loaded plugin tools (category:base,tabindex:7)
2024-07-19 22:13:51,009 [INFO] PluginManage:310 - Check plugin tutovideos
2024-07-19 22:13:51,262 [INFO] PluginManage:359 - Loaded plugin tutovideos (category:base,tabindex:-1)
2024-07-19 22:13:51,262 [INFO] PluginManage:310 - Check plugin updater
2024-07-19 22:13:51,278 [INFO] PluginManage:359 - Loaded plugin updater (category:base,tabindex:12)
2024-07-19 22:13:51,278 [INFO] PluginManage:310 - Check plugin userauth
2024-07-19 22:13:51,285 [INFO] UserAuth:113 - Init User Auth plugin
2024-07-19 22:13:51,285 [INFO] PluginManage:359 - Loaded plugin userauth (category:base,tabindex:14)
2024-07-19 22:13:51,286 [INFO] PluginManage:283 - PluginManage : Loaded plugins [17]
2024-07-19 22:13:51,577 [INFO] PinOutPanel:1499 - setPackage(No Configuration,No Configuration)
2024-07-19 22:13:51,717 [INFO] CADModel:165 - CPN selected for project level
2024-07-19 22:13:51,717 [INFO] CADModel:114 - Register for checkConnection events
2024-07-19 22:13:51,750 [INFO] IPUIPlugin:80 - create IPUIPlugin
2024-07-19 22:13:51,750 [INFO] PluginManager:220 - loadIPPluginJar : add adc
2024-07-19 22:13:51,796 [INFO] IPUIPlugin:80 - create IPUIPlugin
2024-07-19 22:13:51,796 [INFO] PluginManager:220 - loadIPPluginJar : add aes
2024-07-19 22:13:51,843 [INFO] IPUIPlugin:80 - create IPUIPlugin
2024-07-19 22:13:51,843 [INFO] PluginManager:220 - loadIPPluginJar : add can
2024-07-19 22:13:51,870 [INFO] IPUIPlugin:80 - create IPUIPlugin
2024-07-19 22:13:51,870 [INFO] PluginManager:220 - loadIPPluginJar : add comp
2024-07-19 22:13:51,929 [INFO] IPUIPlugin:80 - create IPUIPlugin
2024-07-19 22:13:51,929 [INFO] PluginManager:220 - loadIPPluginJar : add cryp
2024-07-19 22:13:51,983 [INFO] IPUIPlugin:80 - create IPUIPlugin
2024-07-19 22:13:51,983 [INFO] PluginManager:220 - loadIPPluginJar : add dfsdm
2024-07-19 22:13:52,000 [INFO] IPUIPlugin:80 - create IPUIPlugin
2024-07-19 22:13:52,001 [INFO] PluginManager:220 - loadIPPluginJar : add dma
2024-07-19 22:13:52,051 [INFO] IPUIPlugin:80 - create IPUIPlugin
2024-07-19 22:13:52,051 [INFO] PluginManager:220 - loadIPPluginJar : add dma3
2024-07-19 22:13:52,074 [INFO] IPUIPlugin:80 - create IPUIPlugin
2024-07-19 22:13:52,074 [INFO] PluginManager:220 - loadIPPluginJar : add fatfs
2024-07-19 22:13:52,129 [INFO] IPUIPlugin:80 - create IPUIPlugin
2024-07-19 22:13:52,129 [INFO] PluginManager:220 - loadIPPluginJar : add fmc
2024-07-19 22:13:52,146 [INFO] IPUIPlugin:80 - create IPUIPlugin
2024-07-19 22:13:52,147 [INFO] PluginManager:220 - loadIPPluginJar : add freertos
2024-07-19 22:13:52,171 [INFO] IPUIPlugin:80 - create IPUIPlugin
2024-07-19 22:13:52,171 [INFO] PluginManager:220 - loadIPPluginJar : add genericplugin
2024-07-19 22:13:52,280 [INFO] IPUIPlugin:80 - create IPUIPlugin
2024-07-19 22:13:52,280 [INFO] PluginManager:220 - loadIPPluginJar : add gfxmmu
2024-07-19 22:13:52,437 [INFO] IPUIPlugin:80 - create IPUIPlugin
2024-07-19 22:13:52,437 [INFO] PluginManager:220 - loadIPPluginJar : add gic
2024-07-19 22:13:52,479 [INFO] IPUIPlugin:80 - create IPUIPlugin
2024-07-19 22:13:52,480 [INFO] PluginManager:220 - loadIPPluginJar : add gpio
2024-07-19 22:13:52,596 [INFO] IPUIPlugin:80 - create IPUIPlugin
2024-07-19 22:13:52,596 [INFO] PluginManager:220 - loadIPPluginJar : add gtzc
2024-07-19 22:13:52,635 [INFO] IPUIPlugin:80 - create IPUIPlugin
2024-07-19 22:13:52,636 [INFO] PluginManager:220 - loadIPPluginJar : add hash
2024-07-19 22:13:52,696 [INFO] IPUIPlugin:80 - create IPUIPlugin
2024-07-19 22:13:52,697 [INFO] PluginManager:220 - loadIPPluginJar : add i2c
2024-07-19 22:13:52,742 [INFO] IPUIPlugin:80 - create IPUIPlugin
2024-07-19 22:13:52,742 [INFO] PluginManager:220 - loadIPPluginJar : add i2s
2024-07-19 22:13:52,790 [INFO] IPUIPlugin:80 - create IPUIPlugin
2024-07-19 22:13:52,790 [INFO] PluginManager:220 - loadIPPluginJar : add i3c
2024-07-19 22:13:52,924 [INFO] IPUIPlugin:80 - create IPUIPlugin
2024-07-19 22:13:52,925 [INFO] PluginManager:220 - loadIPPluginJar : add ipddr
2024-07-19 22:13:53,033 [INFO] IPUIPlugin:80 - create IPUIPlugin
2024-07-19 22:13:53,033 [INFO] PluginManager:220 - loadIPPluginJar : add linkedlist
2024-07-19 22:13:53,075 [INFO] IPUIPlugin:80 - create IPUIPlugin
2024-07-19 22:13:53,076 [INFO] PluginManager:220 - loadIPPluginJar : add lorawan
2024-07-19 22:13:53,118 [INFO] IPUIPlugin:80 - create IPUIPlugin
2024-07-19 22:13:53,119 [INFO] PluginManager:220 - loadIPPluginJar : add ltdc
2024-07-19 22:13:53,138 [INFO] IPUIPlugin:80 - create IPUIPlugin
2024-07-19 22:13:53,139 [INFO] PluginManager:220 - loadIPPluginJar : add mdma
2024-07-19 22:13:53,153 [INFO] IPUIPlugin:80 - create IPUIPlugin
2024-07-19 22:13:53,153 [INFO] PluginManager:220 - loadIPPluginJar : add nvic
2024-07-19 22:13:53,196 [INFO] IPUIPlugin:80 - create IPUIPlugin
2024-07-19 22:13:53,196 [INFO] PluginManager:220 - loadIPPluginJar : add opamp
2024-07-19 22:13:53,265 [INFO] IPUIPlugin:80 - create IPUIPlugin
2024-07-19 22:13:53,265 [INFO] PluginManager:220 - loadIPPluginJar : add openamp
2024-07-19 22:13:53,323 [INFO] IPUIPlugin:80 - create IPUIPlugin
2024-07-19 22:13:53,323 [INFO] PluginManager:220 - loadIPPluginJar : add pdm2pcm
2024-07-19 22:13:53,341 [INFO] IPUIPlugin:80 - create IPUIPlugin
2024-07-19 22:13:53,344 [INFO] PluginManager:220 - loadIPPluginJar : add plateformsettings
2024-07-19 22:13:53,372 [INFO] IPUIPlugin:80 - create IPUIPlugin
2024-07-19 22:13:53,372 [INFO] PluginManager:220 - loadIPPluginJar : add quadspi
2024-07-19 22:13:53,388 [INFO] IPUIPlugin:80 - create IPUIPlugin
2024-07-19 22:13:53,388 [INFO] PluginManager:220 - loadIPPluginJar : add resmgrutility
2024-07-19 22:13:53,454 [INFO] IPUIPlugin:80 - create IPUIPlugin
2024-07-19 22:13:53,454 [INFO] PluginManager:220 - loadIPPluginJar : add sai
2024-07-19 22:13:53,501 [INFO] IPUIPlugin:80 - create IPUIPlugin
2024-07-19 22:13:53,501 [INFO] PluginManager:220 - loadIPPluginJar : add spi
2024-07-19 22:13:53,573 [INFO] IPUIPlugin:80 - create IPUIPlugin
2024-07-19 22:13:53,573 [INFO] PluginManager:220 - loadIPPluginJar : add stm32_wpan
2024-07-19 22:13:53,600 [INFO] IPUIPlugin:80 - create IPUIPlugin
2024-07-19 22:13:53,600 [INFO] PluginManager:220 - loadIPPluginJar : add tim
2024-07-19 22:13:53,665 [INFO] IPUIPlugin:80 - create IPUIPlugin
2024-07-19 22:13:53,665 [INFO] PluginManager:220 - loadIPPluginJar : add touchsensing
2024-07-19 22:13:53,692 [INFO] IPUIPlugin:80 - create IPUIPlugin
2024-07-19 22:13:53,692 [INFO] PluginManager:220 - loadIPPluginJar : add tracer_emb
2024-07-19 22:13:53,719 [INFO] IPUIPlugin:80 - create IPUIPlugin
2024-07-19 22:13:53,720 [INFO] PluginManager:220 - loadIPPluginJar : add ts
2024-07-19 22:13:53,746 [INFO] IPUIPlugin:80 - create IPUIPlugin
2024-07-19 22:13:53,746 [INFO] PluginManager:220 - loadIPPluginJar : add tsc
2024-07-19 22:13:53,772 [INFO] IPUIPlugin:80 - create IPUIPlugin
2024-07-19 22:13:53,773 [INFO] PluginManager:220 - loadIPPluginJar : add ucpd
2024-07-19 22:13:53,823 [INFO] IPUIPlugin:80 - create IPUIPlugin
2024-07-19 22:13:53,823 [INFO] PluginManager:220 - loadIPPluginJar : add usart
2024-07-19 22:13:53,875 [INFO] IPUIPlugin:80 - create IPUIPlugin
2024-07-19 22:13:53,875 [INFO] PluginManager:220 - loadIPPluginJar : add usbx
2024-07-19 22:13:53,978 [INFO] ThirdPartyUpdaterWithRetryManager:70 - Updater plugin not ready yet. [2/15]
2024-07-19 22:13:54,029 [INFO] CADModel:165 - CPN selected for project level
2024-07-19 22:13:54,029 [INFO] CADModel:114 - Register for checkConnection events
2024-07-19 22:13:54,030 [FATAL] Updater:308 - Updater called before beeing initialized
2024-07-19 22:13:54,030 [ERROR] CADModel:125 - Updater not yet initialized, retry later 
2024-07-19 22:13:54,254 [INFO] CADModel:165 - CPN selected for project level
2024-07-19 22:13:54,254 [INFO] CADModel:114 - Register for checkConnection events
2024-07-19 22:13:54,254 [FATAL] Updater:308 - Updater called before beeing initialized
2024-07-19 22:13:54,254 [ERROR] CADModel:125 - Updater not yet initialized, retry later 
2024-07-19 22:13:54,259 [FATAL] Updater:308 - Updater called before beeing initialized
2024-07-19 22:13:54,404 [FATAL] Updater:308 - Updater called before beeing initialized
2024-07-19 22:13:54,419 [INFO] DbMcusAds:53 - JSON generation date=Thu May 16 14:52:00 IST 2024 (1715851320852)
2024-07-19 22:13:54,419 [FATAL] Updater:308 - Updater called before beeing initialized
2024-07-19 22:13:54,522 [WARN] DetailPanel:346 - Failed to get advertising image, set to default
2024-07-19 22:13:54,678 [FATAL] Updater:308 - Updater called before beeing initialized
2024-07-19 22:13:54,681 [FATAL] Updater:308 - Updater called before beeing initialized
2024-07-19 22:13:54,681 [FATAL] Updater:308 - Updater called before beeing initialized
2024-07-19 22:13:54,681 [WARN] DetailPanel:346 - Failed to get advertising image, set to default
2024-07-19 22:13:54,682 [FATAL] Updater:308 - Updater called before beeing initialized
2024-07-19 22:13:54,763 [ERROR] Updater:1120 - MainUpdater not yet initialized. External WinMGr cannot be set.
2024-07-19 22:13:54,776 [INFO] Updater:1056 - Updater Version found : 6.9.1
2024-07-19 22:13:54,806 [INFO] ApplicationProperties:184 - Using Application install path: C:\ST\STM32CubeIDE_1.13.1\STM32CubeIDE\plugins\com.st.stm32cube.common.mx_6.9.1.202307191849
2024-07-19 22:13:55,143 [INFO] MainUpdater:2868 - connection check result : 10
2024-07-19 22:13:55,145 [INFO] MainUpdater:285 - Updater Check For Update Now.
2024-07-19 22:13:55,146 [INFO] MicroXplorer:498 - Change Database Version : DB.6.0.91
2024-07-19 22:13:55,189 [INFO] McuFinderGlobals:63 - Set McuFinder mode to 2 (CubeIDE integrated)
2024-07-19 22:13:55,190 [INFO] UserAuth:179 - activating auth plugin
2024-07-19 22:13:55,194 [INFO] UserAuth:393 - Internet connection configuration mode: 1
2024-07-19 22:13:55,230 [INFO] JxBrowserEngine:151 - Initiate JxBrowser Engine with user profile folder
2024-07-19 22:13:55,455 [INFO] CheckServerUpdateThread:120 - End of CheckServer Thread
2024-07-19 22:13:57,337 [WARN] PackLoader:240 - Cannot read IP mode file for STMicroelectronics.FP-SNS-MOTENVWB1.1.4.0
2024-07-19 22:13:57,366 [WARN] PackLoader:240 - Cannot read IP mode file for STMicroelectronics.X-CUBE-SMBUS.2.1.0
2024-07-19 22:13:57,386 [WARN] PackLoader:240 - Cannot read IP mode file for STMicroelectronics.X-CUBE-TOUCHGFX.4.23.0
2024-07-19 22:13:57,405 [WARN] PackLoader:240 - Cannot read IP mode file for STMicroelectronics.X-CUBE-TOUCHGFX.4.23.2
2024-07-19 22:13:57,469 [WARN] PackLoader:240 - Cannot read IP mode file for STMicroelectronics.X-CUBE-AZRTOS-F7.1.1.0
2024-07-19 22:13:57,490 [WARN] PackLoader:240 - Cannot read IP mode file for STMicroelectronics.FP-SNS-MOTENV1.4.3.2
2024-07-19 22:13:57,508 [WARN] PackLoader:240 - Cannot read IP mode file for STMicroelectronics.FP-SNS-FLIGHT1.5.0.2
2024-07-19 22:13:57,564 [WARN] PackLoader:240 - Cannot read IP mode file for STMicroelectronics.X-CUBE-DISPLAY.3.0.0
2024-07-19 22:13:57,593 [WARN] PackLoader:240 - Cannot read IP mode file for STMicroelectronics.X-CUBE-BLE1.7.0.0
2024-07-19 22:13:57,614 [WARN] PackLoader:240 - Cannot read IP mode file for emotas.I-CUBE-CANOPEN.1.3.0
2024-07-19 22:13:57,662 [WARN] PackLoader:240 - Cannot read IP mode file for STMicroelectronics.X-CUBE-TOUCHGFX.4.22.0
2024-07-19 22:13:57,728 [WARN] PackLoader:240 - Cannot read IP mode file for STMicroelectronics.X-CUBE-TOUCHGFX.4.22.1
2024-07-19 22:13:57,782 [WARN] PackLoader:240 - Cannot read IP mode file for STMicroelectronics.X-CUBE-BLEMGR.3.1.0
2024-07-19 22:13:57,808 [WARN] PackLoader:240 - Cannot read IP mode file for STMicroelectronics.FP-SNS-SMARTAG2.1.2.0
2024-07-19 22:13:57,840 [INFO] LogOutputStream:77 - [STDOUT_REDIRECT] 1 : Invalid condition id : UX_CORESTACK_Condition cause : null
2024-07-19 22:13:57,842 [INFO] LogOutputStream:77 - [STDOUT_REDIRECT] 1 : Invalid condition id : UX_CORESTACK_Condition cause : null
2024-07-19 22:13:57,844 [INFO] LogOutputStream:77 - [STDOUT_REDIRECT] 1 : Invalid condition id : UX_CORESTACK_Condition cause : null
2024-07-19 22:13:57,847 [INFO] LogOutputStream:77 - [STDOUT_REDIRECT] 1 : Invalid condition id : UX_CORESTACK_Condition cause : null
2024-07-19 22:13:57,851 [INFO] LogOutputStream:77 - [STDOUT_REDIRECT] 1 : Invalid condition id : UX_CORESTACK_Condition cause : null
2024-07-19 22:13:57,855 [WARN] PackLoader:240 - Cannot read IP mode file for STMicroelectronics.X-CUBE-AZRTOS-WL.2.0.0
2024-07-19 22:13:57,875 [WARN] PackLoader:240 - Cannot read IP mode file for STMicroelectronics.FP-SNS-MOTENV1.5.0.0
2024-07-19 22:13:57,898 [WARN] PackLoader:240 - Cannot read IP mode file for wolfSSL.I-CUBE-wolfMQTT.1.19.0
2024-07-19 22:13:57,924 [WARN] PackLoader:240 - Cannot read IP mode file for WES.I-CUBE-Cesium.1.3.0
2024-07-19 22:13:57,944 [WARN] PackLoader:240 - Cannot read IP mode file for STMicroelectronics.X-CUBE-BLE2.3.3.0
2024-07-19 22:13:57,971 [WARN] PackLoader:240 - Cannot read IP mode file for STMicroelectronics.X-CUBE-TCPP.4.1.0
2024-07-19 22:13:57,998 [WARN] PackLoader:240 - Cannot read IP mode file for STMicroelectronics.X-CUBE-ALGOBUILD.1.3.0
2024-07-19 22:13:58,049 [WARN] PackLoader:240 - Cannot read IP mode file for STMicroelectronics.X-CUBE-AZRTOS-G0.1.1.0
2024-07-19 22:13:58,085 [WARN] PackLoader:240 - Cannot read IP mode file for STMicroelectronics.X-CUBE-SAFEA1.1.2.2
2024-07-19 22:13:58,105 [WARN] PackLoader:240 - Cannot read IP mode file for STMicroelectronics.X-CUBE-NFC4.3.0.0
2024-07-19 22:13:58,126 [ERROR] Engine:466 - C:\Users\kunal\.stm32cubemx\thirdparties\pdsc\EmbeddedOffice.I-CUBE-FS-RTOS.1.0.1.pdsc: PDSC version is not supported
2024-07-19 22:13:58,146 [WARN] PackLoader:240 - Cannot read IP mode file for STMicroelectronics.X-CUBE-BLEMGR.3.0.0
2024-07-19 22:13:58,161 [ERROR] Engine:466 - C:\Users\kunal\.stm32cubemx\thirdparties\pdsc\RealThread.X-CUBE-RT-Thread_Nano.4.1.1.pdsc: PDSC version is not supported
2024-07-19 22:13:58,198 [WARN] PackLoader:240 - Cannot read IP mode file for STMicroelectronics.FP-ATR-SIGFOX1.3.2.0
2024-07-19 22:13:58,220 [WARN] PackLoader:240 - Cannot read IP mode file for STMicroelectronics.X-CUBE-EEPRMA1.5.1.0
2024-07-19 22:13:58,271 [WARN] PackLoader:240 - Cannot read IP mode file for SEGGER.I-CUBE-embOS.1.3.1
2024-07-19 22:13:58,334 [WARN] PackLoader:240 - Cannot read IP mode file for STMicroelectronics.X-CUBE-ALGOBUILD.1.4.0
2024-07-19 22:13:58,353 [WARN] PackLoader:240 - Cannot read IP mode file for STMicroelectronics.X-CUBE-GNSS1.6.0.0
2024-07-19 22:13:58,392 [WARN] PackLoader:240 - Cannot read IP mode file for STMicroelectronics.X-CUBE-AZRTOS-F4.1.1.0
2024-07-19 22:13:58,411 [WARN] PackLoader:240 - Cannot read IP mode file for wolfSSL.I-CUBE-wolfSSL.5.6.3
2024-07-19 22:13:58,426 [WARN] PackLoader:240 - Cannot read IP mode file for STMicroelectronics.X-CUBE-FREERTOS.1.2.0
2024-07-19 22:13:58,427 [INFO] WebApp:157 - Instantiating new browser for Auth
2024-07-19 22:13:58,475 [WARN] PackLoader:240 - Cannot read IP mode file for STMicroelectronics.X-CUBE-AZRTOS-L5.2.0.0
2024-07-19 22:13:58,568 [WARN] PackLoader:240 - Cannot read IP mode file for STMicroelectronics.X-CUBE-MEMS1.9.6.0
2024-07-19 22:13:58,791 [WARN] PackLoader:240 - Cannot read IP mode file for STMicroelectronics.X-CUBE-EEPRMA1.4.2.0
2024-07-19 22:13:58,808 [WARN] PackLoader:240 - Cannot read IP mode file for STMicroelectronics.X-CUBE-NFC6.3.1.0
2024-07-19 22:13:58,826 [WARN] PackLoader:240 - Cannot read IP mode file for ITTIA_DB.I-CUBE-ITTIADB.8.8.0
2024-07-19 22:13:58,849 [WARN] PackLoader:240 - Cannot read IP mode file for STMicroelectronics.X-CUBE-BLEMGR.2.0.0
2024-07-19 22:13:58,867 [ERROR] Engine:466 - C:\Users\kunal\.stm32cubemx\thirdparties\pdsc\STMicroelectronics.X-CUBE-DPower.1.2.0.pdsc: PDSC version is not supported
2024-07-19 22:13:58,883 [WARN] PackLoader:240 - Cannot read IP mode file for STMicroelectronics.X-CUBE-AI.9.0.0
2024-07-19 22:13:58,920 [WARN] ConditionMgr:438 - getConditionDescription Invalid condition id : UX DEVICE CLASS RTOS Condition cause : null
2024-07-19 22:13:58,922 [WARN] ConditionMgr:438 - getConditionDescription Invalid condition id : UX DEVICE CLASS RTOS Condition cause : null
2024-07-19 22:13:58,925 [WARN] PackLoader:240 - Cannot read IP mode file for STMicroelectronics.X-CUBE-AZRTOS-H7.3.1.0
2024-07-19 22:13:58,927 [WARN] ConditionMgr:1039 - genDependencies : Invalid condition id : UX DEVICE CLASS RTOS Condition cause : null
2024-07-19 22:13:58,927 [WARN] ConditionMgr:1039 - genDependencies : Invalid condition id : UX DEVICE CLASS RTOS Condition cause : null
2024-07-19 22:13:58,927 [WARN] ConditionMgr:1039 - genDependencies : Invalid condition id : UX DEVICE CLASS RTOS Condition cause : null
2024-07-19 22:13:58,928 [WARN] ConditionMgr:1039 - genDependencies : Invalid condition id : UX DEVICE CLASS RTOS Condition cause : null
2024-07-19 22:13:58,928 [WARN] ConditionMgr:1039 - genDependencies : Invalid condition id : UX DEVICE CLASS RTOS Condition cause : null
2024-07-19 22:13:58,947 [WARN] PackLoader:240 - Cannot read IP mode file for STMicroelectronics.X-CUBE-NFC7.1.0.1
2024-07-19 22:13:58,963 [WARN] PackLoader:240 - Cannot read IP mode file for wolfSSL.I-CUBE-wolfTPM.3.2.0
2024-07-19 22:13:58,991 [WARN] PackLoader:240 - Cannot read IP mode file for STMicroelectronics.X-CUBE-NFC6.3.0.0
2024-07-19 22:13:59,011 [WARN] PackLoader:240 - Cannot read IP mode file for STMicroelectronics.X-CUBE-EEPRMA1.4.1.0
2024-07-19 22:13:59,026 [WARN] PackLoader:240 - Cannot read IP mode file for STMicroelectronics.X-CUBE-AI.8.1.0
2024-07-19 22:13:59,067 [WARN] ConditionMgr:438 - getConditionDescription Invalid condition id : LAN8742 Phy interface Condition cause : null
2024-07-19 22:13:59,068 [WARN] PackLoader:240 - Cannot read IP mode file for STMicroelectronics.X-CUBE-AZRTOS-L4.2.0.0
2024-07-19 22:13:59,069 [WARN] ConditionMgr:1039 - genDependencies : Invalid condition id : LAN8742 Phy interface Condition cause : null
2024-07-19 22:13:59,070 [WARN] ConditionMgr:1039 - genDependencies : Invalid condition id : LAN8742 Phy interface Condition cause : null
2024-07-19 22:13:59,070 [WARN] ConditionMgr:1039 - genDependencies : Invalid condition id : LAN8742 Phy interface Condition cause : null
2024-07-19 22:13:59,092 [WARN] PackLoader:240 - Cannot read IP mode file for STMicroelectronics.X-CUBE-SFXS2LP1.4.0.0
2024-07-19 22:13:59,109 [WARN] PackLoader:240 - Cannot read IP mode file for STMicroelectronics.X-CUBE-ISPU.1.1.0
2024-07-19 22:13:59,145 [WARN] ConditionMgr:438 - getConditionDescription Invalid condition id : UX DEVICE CLASS RTOS Condition cause : null
2024-07-19 22:13:59,146 [WARN] ConditionMgr:438 - getConditionDescription Invalid condition id : UX DEVICE CLASS RTOS Condition cause : null
2024-07-19 22:13:59,149 [WARN] PackLoader:240 - Cannot read IP mode file for STMicroelectronics.X-CUBE-AZRTOS-WB.2.0.0
2024-07-19 22:13:59,150 [WARN] ConditionMgr:1039 - genDependencies : Invalid condition id : UX DEVICE CLASS RTOS Condition cause : null
2024-07-19 22:13:59,150 [WARN] ConditionMgr:1039 - genDependencies : Invalid condition id : UX DEVICE CLASS RTOS Condition cause : null
2024-07-19 22:13:59,151 [WARN] ConditionMgr:1039 - genDependencies : Invalid condition id : UX DEVICE CLASS RTOS Condition cause : null
2024-07-19 22:13:59,151 [WARN] ConditionMgr:1039 - genDependencies : Invalid condition id : UX DEVICE CLASS RTOS Condition cause : null
2024-07-19 22:13:59,152 [WARN] ConditionMgr:1039 - genDependencies : Invalid condition id : UX DEVICE CLASS RTOS Condition cause : null
2024-07-19 22:13:59,169 [WARN] PackLoader:240 - Cannot read IP mode file for STMicroelectronics.X-CUBE-FREERTOS.1.0.1
2024-07-19 22:13:59,197 [WARN] PackLoader:240 - Cannot read IP mode file for STMicroelectronics.X-CUBE-SUBG2.5.0.0
2024-07-19 22:13:59,220 [WARN] PackLoader:240 - Cannot read IP mode file for Cesanta.I-CUBE-Mongoose.7.13.0
2024-07-19 22:13:59,248 [WARN] PackLoader:240 - Cannot read IP mode file for STMicroelectronics.X-CUBE-TOF1.3.3.1
2024-07-19 22:13:59,289 [WARN] PackLoader:240 - Cannot read IP mode file for STMicroelectronics.X-CUBE-AZRTOS-G4.2.0.0
2024-07-19 22:13:59,318 [WARN] PackLoader:240 - Cannot read IP mode file for Infineon.AIROC-Wi-Fi-Bluetooth-STM32.1.5.1
2024-07-19 22:13:59,341 [WARN] PackLoader:240 - Cannot read IP mode file for STMicroelectronics.FP-SNS-MOTENVWB1.1.3.1
2024-07-19 22:13:59,355 [WARN] PackLoader:240 - Cannot read IP mode file for STMicroelectronics.X-CUBE-ISPU.2.0.0
2024-07-19 22:13:59,369 [WARN] PackLoader:240 - Cannot read IP mode file for STMicroelectronics.X-CUBE-ALS.1.0.2
2024-07-19 22:13:59,433 [WARN] PackLoader:240 - Cannot read IP mode file for STMicroelectronics.X-CUBE-MEMS1.10.0.0
2024-07-19 22:13:59,510 [INFO] WebApp:753 - Register for checkConnection events
2024-07-19 22:13:59,511 [INFO] WebApp:390 - Apply proxy settings
2024-07-19 22:13:59,511 [INFO] WebApp:475 - Chromium requires no authentication
2024-07-19 22:13:59,527 [INFO] WebApp:418 - Direct internet connection detected
2024-07-19 22:13:59,636 [WARN] PackLoader:240 - Cannot read IP mode file for STMicroelectronics.X-CUBE-FREERTOS.1.1.0
2024-07-19 22:13:59,648 [WARN] PackLoader:240 - Cannot read IP mode file for STMicroelectronics.X-CUBE-TOUCHGFX.4.24.0
2024-07-19 22:13:59,664 [WARN] PackLoader:240 - Cannot read IP mode file for portGmbH.I-Cube-SoM-uGOAL.1.1.0
2024-07-19 22:13:59,677 [WARN] PackLoader:240 - Cannot read IP mode file for STMicroelectronics.X-CUBE-ALS.1.0.1
2024-07-19 22:13:59,709 [WARN] PackLoader:240 - Cannot read IP mode file for STMicroelectronics.X-CUBE-AZRTOS-H7RS.1.0.0
2024-07-19 22:13:59,727 [WARN] PackLoader:240 - Cannot read IP mode file for STMicroelectronics.FP-ATR-ASTRA1.2.0.0
2024-07-19 22:13:59,750 [WARN] PackLoader:240 - Cannot read IP mode file for STMicroelectronics.X-CUBE-TOF1.3.4.0
2024-07-19 22:13:59,785 [WARN] PackLoader:240 - Cannot read IP mode file for STMicroelectronics.X-CUBE-TOF1.3.4.1
2024-07-19 22:13:59,841 [WARN] PackLoader:240 - Cannot read IP mode file for STMicroelectronics.X-CUBE-AZRTOS-H7.3.2.0
2024-07-19 22:13:59,858 [WARN] PackLoader:240 - Cannot read IP mode file for wolfSSL.I-CUBE-wolfSSH.1.4.17
2024-07-19 22:13:59,859 [INFO] ThirdParty:978 - Integrity check success = true
2024-07-19 22:13:59,859 [INFO] IntegrityCheckThread:100 - exiting critical section [integrity check]
2024-07-19 22:13:59,859 [INFO] IntegrityCheckThread:103 - End integrity checks thread
2024-07-19 22:13:59,888 [INFO] WebApp:188 - Starting web application
2024-07-19 22:13:59,888 [INFO] WebApp:520 - Web application path used C:\ST\STM32CubeIDE_1.13.1\STM32CubeIDE\plugins\com.st.stm32cube.common.mx_6.9.1.202307191849\db\plugins\mcufinder\reactClient1\index.html
2024-07-19 22:14:21,249 [ERROR] LogOutputStream:75 - [STDERR_REDIRECT] SLF4J: Failed to load class "org.slf4j.impl.StaticLoggerBinder".
2024-07-19 22:14:21,250 [ERROR] LogOutputStream:75 - [STDERR_REDIRECT] SLF4J: Defaulting to no-operation (NOP) logger implementation
2024-07-19 22:14:21,253 [ERROR] LogOutputStream:75 - [STDERR_REDIRECT] SLF4J: See http://www.slf4j.org/codes.html#StaticLoggerBinder for further details.
2024-07-19 22:41:36,320 [ERROR] LogOutputStream:75 - [STDERR_REDIRECT] 
