2024-06-27 16:53:33,837 [INFO] Activator:176 - 


2024-06-27 16:53:33,845 [INFO] Activator:177 - !SESSION log4j initialized
2024-06-27 16:53:40,269 [INFO] LogOutputStream:77 - [STDOUT_REDIRECT] 
2024-06-27 16:53:41,857 [INFO] ApplicationProperties:184 - Using Application install path: C:\ST\STM32CubeIDE_1.13.1\STM32CubeIDE\plugins\com.st.stm32cube.common.mx_6.9.1.202307191849
2024-06-27 16:53:41,880 [INFO] DbMcusXml:78 - Set database path to: C:\ST\STM32CubeIDE_1.13.1\STM32CubeIDE\plugins\com.st.stm32cube.common.mx_6.9.1.202307191849\\db\/mcu/
2024-06-27 16:53:41,880 [INFO] ApiDb:274 - Set plugin database path to: C:\ST\STM32CubeIDE_1.13.1\STM32CubeIDE\plugins\com.st.stm32cube.common.mx_6.9.1.202307191849\\db\/plugins/boardmanager/
2024-06-27 16:53:41,881 [WARN] ApiDb:259 - Overriding images path with different value:  => C:\ST\STM32CubeIDE_1.13.1\STM32CubeIDE\plugins\com.st.stm32cube.common.mx_6.9.1.202307191849\\db\/plugins/mcufinder/images/
2024-06-27 16:53:41,897 [INFO] ApiDb:250 - Set database path to: C:\Users\kunal\.stmcufinder\plugins\mcufinder//mcu/
2024-06-27 16:53:41,898 [INFO] DbMcusAds:125 - Set database path to: C:\Users\kunal\.stmcufinder\plugins\mcufinder//mcu/
2024-06-27 16:53:41,900 [INFO] CrossReferenceDbSqlite:203 - Set database path to: C:\Users\kunal\.stmcufinder\plugins\mcufinder//mcu/cs/
2024-06-27 16:53:42,041 [INFO] RulesReader:64 - Compatibility file has been processed (293 Rules)
2024-06-27 16:53:42,144 [INFO] DbMcusXml:78 - Set database path to: C:\ST\STM32CubeIDE_1.13.1\STM32CubeIDE\plugins\com.st.stm32cube.common.mx_6.9.1.202307191849\\db\/mcu/
2024-06-27 16:53:42,144 [INFO] ApiDb:274 - Set plugin database path to: C:\ST\STM32CubeIDE_1.13.1\STM32CubeIDE\plugins\com.st.stm32cube.common.mx_6.9.1.202307191849\\db\/plugins/boardmanager/
2024-06-27 16:53:42,146 [INFO] ApiDb:261 - Set plugin images path to: C:\ST\STM32CubeIDE_1.13.1\STM32CubeIDE\plugins\com.st.stm32cube.common.mx_6.9.1.202307191849\\db\/plugins/mcufinder/images/
2024-06-27 16:53:42,146 [WARN] DbFile:41 - Overriding database path with different value: C:\Users\kunal\.stmcufinder\plugins\mcufinder/ => C:\Users\kunal\.stmcufinder\plugins\mcufinder
2024-06-27 16:53:42,146 [INFO] ApiDb:250 - Set database path to: C:\Users\kunal\.stmcufinder\plugins\mcufinder//mcu/
2024-06-27 16:53:42,146 [WARN] DbFile:41 - Overriding database path with different value: C:\Users\kunal\.stmcufinder\plugins\mcufinder/ => C:\Users\kunal\.stmcufinder\plugins\mcufinder
2024-06-27 16:53:42,146 [INFO] DbMcusAds:125 - Set database path to: C:\Users\kunal\.stmcufinder\plugins\mcufinder//mcu/
2024-06-27 16:53:42,146 [WARN] DbFile:41 - Overriding database path with different value: C:\Users\kunal\.stmcufinder\plugins\mcufinder/ => C:\Users\kunal\.stmcufinder\plugins\mcufinder
2024-06-27 16:53:42,146 [WARN] DbFile:41 - Overriding database path with different value: C:\Users\kunal\.stmcufinder\plugins\mcufinder/ => C:\Users\kunal\.stmcufinder\plugins\mcufinder
2024-06-27 16:53:42,147 [INFO] CrossReferenceDbSqlite:203 - Set database path to: C:\Users\kunal\.stmcufinder\plugins\mcufinder//mcu/cs/
2024-06-27 16:53:42,244 [INFO] MainPanel:262 - HeapMemory: 268435456
2024-06-27 16:53:42,368 [INFO] DbMcusXml:78 - Set database path to: C:\ST\STM32CubeIDE_1.13.1\STM32CubeIDE\plugins\com.st.stm32cube.common.mx_6.9.1.202307191849\\db\/mcu/
2024-06-27 16:53:42,368 [INFO] ApiDb:274 - Set plugin database path to: C:\ST\STM32CubeIDE_1.13.1\STM32CubeIDE\plugins\com.st.stm32cube.common.mx_6.9.1.202307191849\\db\/plugins/boardmanager/
2024-06-27 16:53:42,368 [INFO] ApiDb:261 - Set plugin images path to: C:\ST\STM32CubeIDE_1.13.1\STM32CubeIDE\plugins\com.st.stm32cube.common.mx_6.9.1.202307191849\\db\/plugins/mcufinder/images/
2024-06-27 16:53:42,369 [WARN] DbFile:41 - Overriding database path with different value: C:\Users\kunal\.stmcufinder\plugins\mcufinder/ => C:\Users\kunal\.stmcufinder\plugins\mcufinder
2024-06-27 16:53:42,369 [INFO] ApiDb:250 - Set database path to: C:\Users\kunal\.stmcufinder\plugins\mcufinder//mcu/
2024-06-27 16:53:42,369 [WARN] DbFile:41 - Overriding database path with different value: C:\Users\kunal\.stmcufinder\plugins\mcufinder/ => C:\Users\kunal\.stmcufinder\plugins\mcufinder
2024-06-27 16:53:42,369 [INFO] DbMcusAds:125 - Set database path to: C:\Users\kunal\.stmcufinder\plugins\mcufinder//mcu/
2024-06-27 16:53:42,369 [WARN] DbFile:41 - Overriding database path with different value: C:\Users\kunal\.stmcufinder\plugins\mcufinder/ => C:\Users\kunal\.stmcufinder\plugins\mcufinder
2024-06-27 16:53:42,370 [WARN] DbFile:41 - Overriding database path with different value: C:\Users\kunal\.stmcufinder\plugins\mcufinder/ => C:\Users\kunal\.stmcufinder\plugins\mcufinder
2024-06-27 16:53:42,370 [INFO] CrossReferenceDbSqlite:203 - Set database path to: C:\Users\kunal\.stmcufinder\plugins\mcufinder//mcu/cs/
2024-06-27 16:53:42,391 [INFO] ApplicationProperties:184 - Using Application install path: C:\ST\STM32CubeIDE_1.13.1\STM32CubeIDE\plugins\com.st.stm32cube.common.mx_6.9.1.202307191849
2024-06-27 16:53:42,393 [INFO] PluginManage:196 - Search for loadable plugins [exclusion list=, ]
2024-06-27 16:53:42,395 [INFO] PluginManage:310 - Check plugin analytics
2024-06-27 16:53:42,566 [INFO] AnalyticsPlugin:253 - Accepted Software Licenses: 
2024-06-27 16:53:42,566 [INFO] AnalyticsPlugin:255 - Accepted CMSIS Pack Licenses: 
2024-06-27 16:53:42,566 [INFO] AnalyticsPlugin:257 - Accepted Firmware Licenses: FW.F4.1.27.0
2024-06-27 16:53:42,568 [INFO] PluginManage:359 - Loaded plugin analytics (category:tool,tabindex:-1)
2024-06-27 16:53:42,568 [INFO] PluginManage:310 - Check plugin cadmodel
2024-06-27 16:53:42,583 [INFO] CADModel:105 - Init CAD model plugin
2024-06-27 16:53:42,583 [INFO] PluginManage:359 - Loaded plugin cadmodel (category:power,tabindex:5)
2024-06-27 16:53:42,583 [INFO] PluginManage:310 - Check plugin clock
2024-06-27 16:53:42,605 [INFO] PluginManage:359 - Loaded plugin clock (category:base,tabindex:2)
2024-06-27 16:53:42,605 [INFO] PluginManage:310 - Check plugin ddr
2024-06-27 16:53:42,608 [INFO] PluginManage:359 - Loaded plugin ddr (category:tool,tabindex:6)
2024-06-27 16:53:42,608 [INFO] PluginManage:310 - Check plugin filemanager
2024-06-27 16:53:42,746 [INFO] PluginManage:359 - Loaded plugin filemanager (category:base,tabindex:10)
2024-06-27 16:53:42,747 [INFO] PluginManage:310 - Check plugin ipmanager
2024-06-27 16:53:42,754 [INFO] PluginManage:359 - Loaded plugin ipmanager (category:base,tabindex:5)
2024-06-27 16:53:42,755 [INFO] PluginManage:310 - Check plugin lpbam
2024-06-27 16:53:42,773 [INFO] PluginManage:359 - Loaded plugin lpbam (category:base,tabindex:0)
2024-06-27 16:53:42,773 [INFO] PluginManage:310 - Check plugin memorymap
2024-06-27 16:53:42,798 [INFO] PluginManage:359 - Loaded plugin memorymap (category:base,tabindex:4)
2024-06-27 16:53:42,798 [INFO] PluginManage:310 - Check plugin pinoutandconfiguration
2024-06-27 16:53:42,815 [INFO] PluginManage:359 - Loaded plugin pinoutandconfiguration (category:base,tabindex:1)
2024-06-27 16:53:42,815 [INFO] PluginManage:310 - Check plugin pinoutconfig
2024-06-27 16:53:42,914 [WARN] SupportedApi:132 - Cannot load RTOS API schema: s4s-elt-must-match.1: The content of 'definitions' must match (annotation?, (simpleType | complexType)?, (unique | key | keyref)*)). A problem was found starting at: attribute.
2024-06-27 16:53:43,051 [INFO] PluginManage:359 - Loaded plugin pinoutconfig (category:base,tabindex:0)
2024-06-27 16:53:43,051 [INFO] PluginManage:310 - Check plugin power
2024-06-27 16:53:43,072 [INFO] PluginManage:359 - Loaded plugin power (category:power,tabindex:4)
2024-06-27 16:53:43,073 [INFO] PluginManage:310 - Check plugin projectmanager
2024-06-27 16:53:43,086 [INFO] PluginManage:359 - Loaded plugin projectmanager (category:projectmanager,tabindex:3)
2024-06-27 16:53:43,087 [INFO] PluginManage:310 - Check plugin thirdparty
2024-06-27 16:53:43,352 [INFO] PluginManage:359 - Loaded plugin thirdparty (category:base,tabindex:-1)
2024-06-27 16:53:43,352 [INFO] PluginManage:310 - Check plugin tools
2024-06-27 16:53:43,352 [WARN] IntegrityCheckThread:84 - waiting for thirdparty lock release [integrity check]
2024-06-27 16:53:43,353 [INFO] IntegrityCheckThread:86 - entering critical section [integrity check]
2024-06-27 16:53:43,353 [INFO] ThirdPartyUpdaterWithRetryManager:70 - Updater plugin not ready yet. [1/15]
2024-06-27 16:53:43,386 [INFO] PluginManage:359 - Loaded plugin tools (category:base,tabindex:7)
2024-06-27 16:53:43,386 [INFO] PluginManage:310 - Check plugin tutovideos
2024-06-27 16:53:43,594 [INFO] PluginManage:359 - Loaded plugin tutovideos (category:base,tabindex:-1)
2024-06-27 16:53:43,594 [INFO] PluginManage:310 - Check plugin updater
2024-06-27 16:53:43,608 [INFO] PluginManage:359 - Loaded plugin updater (category:base,tabindex:12)
2024-06-27 16:53:43,608 [INFO] PluginManage:310 - Check plugin userauth
2024-06-27 16:53:43,614 [INFO] UserAuth:113 - Init User Auth plugin
2024-06-27 16:53:43,614 [INFO] PluginManage:359 - Loaded plugin userauth (category:base,tabindex:14)
2024-06-27 16:53:43,615 [INFO] PluginManage:283 - PluginManage : Loaded plugins [17]
2024-06-27 16:53:43,840 [INFO] PinOutPanel:1499 - setPackage(No Configuration,No Configuration)
2024-06-27 16:53:43,950 [INFO] CADModel:165 - CPN selected for project level
2024-06-27 16:53:43,950 [INFO] CADModel:114 - Register for checkConnection events
2024-06-27 16:53:43,976 [INFO] IPUIPlugin:80 - create IPUIPlugin
2024-06-27 16:53:43,977 [INFO] PluginManager:220 - loadIPPluginJar : add adc
2024-06-27 16:53:44,010 [INFO] IPUIPlugin:80 - create IPUIPlugin
2024-06-27 16:53:44,010 [INFO] PluginManager:220 - loadIPPluginJar : add aes
2024-06-27 16:53:44,047 [INFO] IPUIPlugin:80 - create IPUIPlugin
2024-06-27 16:53:44,047 [INFO] PluginManager:220 - loadIPPluginJar : add can
2024-06-27 16:53:44,070 [INFO] IPUIPlugin:80 - create IPUIPlugin
2024-06-27 16:53:44,070 [INFO] PluginManager:220 - loadIPPluginJar : add comp
2024-06-27 16:53:44,100 [INFO] IPUIPlugin:80 - create IPUIPlugin
2024-06-27 16:53:44,100 [INFO] PluginManager:220 - loadIPPluginJar : add cryp
2024-06-27 16:53:44,129 [INFO] IPUIPlugin:80 - create IPUIPlugin
2024-06-27 16:53:44,129 [INFO] PluginManager:220 - loadIPPluginJar : add dfsdm
2024-06-27 16:53:44,145 [INFO] IPUIPlugin:80 - create IPUIPlugin
2024-06-27 16:53:44,146 [INFO] PluginManager:220 - loadIPPluginJar : add dma
2024-06-27 16:53:44,186 [INFO] IPUIPlugin:80 - create IPUIPlugin
2024-06-27 16:53:44,187 [INFO] PluginManager:220 - loadIPPluginJar : add dma3
2024-06-27 16:53:44,205 [INFO] IPUIPlugin:80 - create IPUIPlugin
2024-06-27 16:53:44,205 [INFO] PluginManager:220 - loadIPPluginJar : add fatfs
2024-06-27 16:53:44,245 [INFO] IPUIPlugin:80 - create IPUIPlugin
2024-06-27 16:53:44,246 [INFO] PluginManager:220 - loadIPPluginJar : add fmc
2024-06-27 16:53:44,262 [INFO] IPUIPlugin:80 - create IPUIPlugin
2024-06-27 16:53:44,262 [INFO] PluginManager:220 - loadIPPluginJar : add freertos
2024-06-27 16:53:44,282 [INFO] IPUIPlugin:80 - create IPUIPlugin
2024-06-27 16:53:44,282 [INFO] PluginManager:220 - loadIPPluginJar : add genericplugin
2024-06-27 16:53:44,366 [INFO] IPUIPlugin:80 - create IPUIPlugin
2024-06-27 16:53:44,366 [INFO] PluginManager:220 - loadIPPluginJar : add gfxmmu
2024-06-27 16:53:44,478 [INFO] IPUIPlugin:80 - create IPUIPlugin
2024-06-27 16:53:44,479 [INFO] PluginManager:220 - loadIPPluginJar : add gic
2024-06-27 16:53:44,493 [INFO] IPUIPlugin:80 - create IPUIPlugin
2024-06-27 16:53:44,493 [INFO] PluginManager:220 - loadIPPluginJar : add gpio
2024-06-27 16:53:44,570 [INFO] IPUIPlugin:80 - create IPUIPlugin
2024-06-27 16:53:44,570 [INFO] PluginManager:220 - loadIPPluginJar : add gtzc
2024-06-27 16:53:44,599 [INFO] IPUIPlugin:80 - create IPUIPlugin
2024-06-27 16:53:44,599 [INFO] PluginManager:220 - loadIPPluginJar : add hash
2024-06-27 16:53:44,646 [INFO] IPUIPlugin:80 - create IPUIPlugin
2024-06-27 16:53:44,646 [INFO] PluginManager:220 - loadIPPluginJar : add i2c
2024-06-27 16:53:44,681 [INFO] IPUIPlugin:80 - create IPUIPlugin
2024-06-27 16:53:44,681 [INFO] PluginManager:220 - loadIPPluginJar : add i2s
2024-06-27 16:53:44,717 [INFO] IPUIPlugin:80 - create IPUIPlugin
2024-06-27 16:53:44,717 [INFO] PluginManager:220 - loadIPPluginJar : add i3c
2024-06-27 16:53:44,808 [INFO] IPUIPlugin:80 - create IPUIPlugin
2024-06-27 16:53:44,808 [INFO] PluginManager:220 - loadIPPluginJar : add ipddr
2024-06-27 16:53:44,888 [INFO] IPUIPlugin:80 - create IPUIPlugin
2024-06-27 16:53:44,888 [INFO] PluginManager:220 - loadIPPluginJar : add linkedlist
2024-06-27 16:53:44,922 [INFO] IPUIPlugin:80 - create IPUIPlugin
2024-06-27 16:53:44,922 [INFO] PluginManager:220 - loadIPPluginJar : add lorawan
2024-06-27 16:53:44,956 [INFO] IPUIPlugin:80 - create IPUIPlugin
2024-06-27 16:53:44,956 [INFO] PluginManager:220 - loadIPPluginJar : add ltdc
2024-06-27 16:53:44,972 [INFO] IPUIPlugin:80 - create IPUIPlugin
2024-06-27 16:53:44,972 [INFO] PluginManager:220 - loadIPPluginJar : add mdma
2024-06-27 16:53:44,984 [INFO] IPUIPlugin:80 - create IPUIPlugin
2024-06-27 16:53:44,984 [INFO] PluginManager:220 - loadIPPluginJar : add nvic
2024-06-27 16:53:45,018 [INFO] IPUIPlugin:80 - create IPUIPlugin
2024-06-27 16:53:45,018 [INFO] PluginManager:220 - loadIPPluginJar : add opamp
2024-06-27 16:53:45,071 [INFO] IPUIPlugin:80 - create IPUIPlugin
2024-06-27 16:53:45,072 [INFO] PluginManager:220 - loadIPPluginJar : add openamp
2024-06-27 16:53:45,109 [INFO] IPUIPlugin:80 - create IPUIPlugin
2024-06-27 16:53:45,109 [INFO] PluginManager:220 - loadIPPluginJar : add pdm2pcm
2024-06-27 16:53:45,123 [INFO] IPUIPlugin:80 - create IPUIPlugin
2024-06-27 16:53:45,125 [INFO] PluginManager:220 - loadIPPluginJar : add plateformsettings
2024-06-27 16:53:45,146 [INFO] IPUIPlugin:80 - create IPUIPlugin
2024-06-27 16:53:45,146 [INFO] PluginManager:220 - loadIPPluginJar : add quadspi
2024-06-27 16:53:45,159 [INFO] IPUIPlugin:80 - create IPUIPlugin
2024-06-27 16:53:45,159 [INFO] PluginManager:220 - loadIPPluginJar : add resmgrutility
2024-06-27 16:53:45,204 [INFO] IPUIPlugin:80 - create IPUIPlugin
2024-06-27 16:53:45,204 [INFO] PluginManager:220 - loadIPPluginJar : add sai
2024-06-27 16:53:45,241 [INFO] IPUIPlugin:80 - create IPUIPlugin
2024-06-27 16:53:45,241 [INFO] PluginManager:220 - loadIPPluginJar : add spi
2024-06-27 16:53:45,292 [INFO] IPUIPlugin:80 - create IPUIPlugin
2024-06-27 16:53:45,292 [INFO] PluginManager:220 - loadIPPluginJar : add stm32_wpan
2024-06-27 16:53:45,314 [INFO] IPUIPlugin:80 - create IPUIPlugin
2024-06-27 16:53:45,314 [INFO] PluginManager:220 - loadIPPluginJar : add tim
2024-06-27 16:53:45,361 [INFO] IPUIPlugin:80 - create IPUIPlugin
2024-06-27 16:53:45,361 [INFO] PluginManager:220 - loadIPPluginJar : add touchsensing
2024-06-27 16:53:45,382 [INFO] IPUIPlugin:80 - create IPUIPlugin
2024-06-27 16:53:45,382 [INFO] PluginManager:220 - loadIPPluginJar : add tracer_emb
2024-06-27 16:53:45,404 [INFO] IPUIPlugin:80 - create IPUIPlugin
2024-06-27 16:53:45,404 [INFO] PluginManager:220 - loadIPPluginJar : add ts
2024-06-27 16:53:45,424 [INFO] IPUIPlugin:80 - create IPUIPlugin
2024-06-27 16:53:45,424 [INFO] PluginManager:220 - loadIPPluginJar : add tsc
2024-06-27 16:53:45,446 [INFO] IPUIPlugin:80 - create IPUIPlugin
2024-06-27 16:53:45,446 [INFO] PluginManager:220 - loadIPPluginJar : add ucpd
2024-06-27 16:53:45,485 [INFO] IPUIPlugin:80 - create IPUIPlugin
2024-06-27 16:53:45,485 [INFO] PluginManager:220 - loadIPPluginJar : add usart
2024-06-27 16:53:45,525 [INFO] IPUIPlugin:80 - create IPUIPlugin
2024-06-27 16:53:45,525 [INFO] PluginManager:220 - loadIPPluginJar : add usbx
2024-06-27 16:53:45,643 [INFO] CADModel:165 - CPN selected for project level
2024-06-27 16:53:45,643 [INFO] CADModel:114 - Register for checkConnection events
2024-06-27 16:53:45,643 [FATAL] Updater:308 - Updater called before beeing initialized
2024-06-27 16:53:45,644 [ERROR] CADModel:125 - Updater not yet initialized, retry later 
2024-06-27 16:53:45,802 [INFO] CADModel:165 - CPN selected for project level
2024-06-27 16:53:45,802 [INFO] CADModel:114 - Register for checkConnection events
2024-06-27 16:53:45,802 [FATAL] Updater:308 - Updater called before beeing initialized
2024-06-27 16:53:45,802 [ERROR] CADModel:125 - Updater not yet initialized, retry later 
2024-06-27 16:53:45,805 [FATAL] Updater:308 - Updater called before beeing initialized
2024-06-27 16:53:45,904 [FATAL] Updater:308 - Updater called before beeing initialized
2024-06-27 16:53:45,916 [INFO] DbMcusAds:53 - JSON generation date=Thu May 16 14:52:00 IST 2024 (1715851320852)
2024-06-27 16:53:45,916 [FATAL] Updater:308 - Updater called before beeing initialized
2024-06-27 16:53:46,000 [WARN] DetailPanel:346 - Failed to get advertising image, set to default
2024-06-27 16:53:46,103 [FATAL] Updater:308 - Updater called before beeing initialized
2024-06-27 16:53:46,105 [FATAL] Updater:308 - Updater called before beeing initialized
2024-06-27 16:53:46,105 [FATAL] Updater:308 - Updater called before beeing initialized
2024-06-27 16:53:46,106 [WARN] DetailPanel:346 - Failed to get advertising image, set to default
2024-06-27 16:53:46,106 [FATAL] Updater:308 - Updater called before beeing initialized
2024-06-27 16:53:46,159 [ERROR] Updater:1120 - MainUpdater not yet initialized. External WinMGr cannot be set.
2024-06-27 16:53:46,170 [INFO] Updater:1056 - Updater Version found : 6.9.1
2024-06-27 16:53:46,186 [INFO] ApplicationProperties:184 - Using Application install path: C:\ST\STM32CubeIDE_1.13.1\STM32CubeIDE\plugins\com.st.stm32cube.common.mx_6.9.1.202307191849
2024-06-27 16:53:46,362 [INFO] ThirdPartyUpdaterWithRetryManager:70 - Updater plugin not ready yet. [2/15]
2024-06-27 16:53:47,119 [INFO] MainUpdater:2868 - connection check result : 10
2024-06-27 16:53:47,120 [INFO] MainUpdater:285 - Updater Check For Update Now.
2024-06-27 16:53:47,120 [INFO] MicroXplorer:498 - Change Database Version : DB.6.0.91
2024-06-27 16:53:47,154 [INFO] McuFinderGlobals:63 - Set McuFinder mode to 2 (CubeIDE integrated)
2024-06-27 16:53:47,155 [INFO] UserAuth:179 - activating auth plugin
2024-06-27 16:53:47,159 [INFO] UserAuth:393 - Internet connection configuration mode: 1
2024-06-27 16:53:47,195 [INFO] JxBrowserEngine:151 - Initiate JxBrowser Engine with user profile folder
2024-06-27 16:53:47,361 [INFO] CheckServerUpdateThread:120 - End of CheckServer Thread
2024-06-27 16:53:49,746 [WARN] PackLoader:240 - Cannot read IP mode file for STMicroelectronics.FP-SNS-MOTENVWB1.1.4.0
2024-06-27 16:53:49,771 [WARN] PackLoader:240 - Cannot read IP mode file for STMicroelectronics.X-CUBE-SMBUS.2.1.0
2024-06-27 16:53:49,788 [WARN] PackLoader:240 - Cannot read IP mode file for STMicroelectronics.X-CUBE-TOUCHGFX.4.23.0
2024-06-27 16:53:49,801 [WARN] PackLoader:240 - Cannot read IP mode file for STMicroelectronics.X-CUBE-TOUCHGFX.4.23.2
2024-06-27 16:53:49,847 [WARN] PackLoader:240 - Cannot read IP mode file for STMicroelectronics.X-CUBE-AZRTOS-F7.1.1.0
2024-06-27 16:53:49,869 [WARN] PackLoader:240 - Cannot read IP mode file for STMicroelectronics.FP-SNS-MOTENV1.4.3.2
2024-06-27 16:53:49,884 [WARN] PackLoader:240 - Cannot read IP mode file for STMicroelectronics.FP-SNS-FLIGHT1.5.0.2
2024-06-27 16:53:49,901 [WARN] PackLoader:240 - Cannot read IP mode file for STMicroelectronics.X-CUBE-DISPLAY.3.0.0
2024-06-27 16:53:49,923 [WARN] PackLoader:240 - Cannot read IP mode file for STMicroelectronics.X-CUBE-BLE1.7.0.0
2024-06-27 16:53:49,939 [WARN] PackLoader:240 - Cannot read IP mode file for emotas.I-CUBE-CANOPEN.1.3.0
2024-06-27 16:53:49,952 [WARN] PackLoader:240 - Cannot read IP mode file for STMicroelectronics.X-CUBE-TOUCHGFX.4.22.0
2024-06-27 16:53:49,961 [WARN] PackLoader:240 - Cannot read IP mode file for STMicroelectronics.X-CUBE-TOUCHGFX.4.22.1
2024-06-27 16:53:49,981 [WARN] PackLoader:240 - Cannot read IP mode file for STMicroelectronics.X-CUBE-BLEMGR.3.1.0
2024-06-27 16:53:49,998 [INFO] WebApp:157 - Instantiating new browser for Auth
2024-06-27 16:53:49,999 [WARN] PackLoader:240 - Cannot read IP mode file for STMicroelectronics.FP-SNS-SMARTAG2.1.2.0
2024-06-27 16:53:50,020 [INFO] LogOutputStream:77 - [STDOUT_REDIRECT] 1 : Invalid condition id : UX_CORESTACK_Condition cause : null
2024-06-27 16:53:50,020 [INFO] LogOutputStream:77 - [STDOUT_REDIRECT] 1 : Invalid condition id : UX_CORESTACK_Condition cause : null
2024-06-27 16:53:50,020 [INFO] LogOutputStream:77 - [STDOUT_REDIRECT] 1 : Invalid condition id : UX_CORESTACK_Condition cause : null
2024-06-27 16:53:50,020 [INFO] LogOutputStream:77 - [STDOUT_REDIRECT] 1 : Invalid condition id : UX_CORESTACK_Condition cause : null
2024-06-27 16:53:50,020 [INFO] LogOutputStream:77 - [STDOUT_REDIRECT] 1 : Invalid condition id : UX_CORESTACK_Condition cause : null
2024-06-27 16:53:50,020 [WARN] PackLoader:240 - Cannot read IP mode file for STMicroelectronics.X-CUBE-AZRTOS-WL.2.0.0
2024-06-27 16:53:50,049 [WARN] PackLoader:240 - Cannot read IP mode file for STMicroelectronics.FP-SNS-MOTENV1.5.0.0
2024-06-27 16:53:50,054 [WARN] PackLoader:240 - Cannot read IP mode file for wolfSSL.I-CUBE-wolfMQTT.1.19.0
2024-06-27 16:53:50,078 [WARN] PackLoader:240 - Cannot read IP mode file for WES.I-CUBE-Cesium.1.3.0
2024-06-27 16:53:50,089 [WARN] PackLoader:240 - Cannot read IP mode file for STMicroelectronics.X-CUBE-BLE2.3.3.0
2024-06-27 16:53:50,109 [WARN] PackLoader:240 - Cannot read IP mode file for STMicroelectronics.X-CUBE-TCPP.4.1.0
2024-06-27 16:53:50,122 [WARN] PackLoader:240 - Cannot read IP mode file for STMicroelectronics.X-CUBE-ALGOBUILD.1.3.0
2024-06-27 16:53:50,155 [WARN] PackLoader:240 - Cannot read IP mode file for STMicroelectronics.X-CUBE-AZRTOS-G0.1.1.0
2024-06-27 16:53:50,176 [WARN] PackLoader:240 - Cannot read IP mode file for STMicroelectronics.X-CUBE-SAFEA1.1.2.2
2024-06-27 16:53:50,191 [WARN] PackLoader:240 - Cannot read IP mode file for STMicroelectronics.X-CUBE-NFC4.3.0.0
2024-06-27 16:53:50,209 [WARN] PackLoader:240 - Cannot read IP mode file for STMicroelectronics.X-CUBE-BLEMGR.3.0.0
2024-06-27 16:53:50,220 [WARN] PackLoader:240 - Cannot read IP mode file for STMicroelectronics.FP-ATR-SIGFOX1.3.2.0
2024-06-27 16:53:50,240 [WARN] PackLoader:240 - Cannot read IP mode file for STMicroelectronics.X-CUBE-EEPRMA1.5.1.0
2024-06-27 16:53:50,293 [WARN] PackLoader:240 - Cannot read IP mode file for SEGGER.I-CUBE-embOS.1.3.1
2024-06-27 16:53:50,351 [WARN] PackLoader:240 - Cannot read IP mode file for STMicroelectronics.X-CUBE-ALGOBUILD.1.4.0
2024-06-27 16:53:50,368 [WARN] PackLoader:240 - Cannot read IP mode file for STMicroelectronics.X-CUBE-GNSS1.6.0.0
2024-06-27 16:53:50,398 [WARN] PackLoader:240 - Cannot read IP mode file for STMicroelectronics.X-CUBE-AZRTOS-F4.1.1.0
2024-06-27 16:53:50,413 [WARN] PackLoader:240 - Cannot read IP mode file for wolfSSL.I-CUBE-wolfSSL.5.6.3
2024-06-27 16:53:50,425 [WARN] PackLoader:240 - Cannot read IP mode file for STMicroelectronics.X-CUBE-FREERTOS.1.2.0
2024-06-27 16:53:50,458 [WARN] PackLoader:240 - Cannot read IP mode file for STMicroelectronics.X-CUBE-AZRTOS-L5.2.0.0
2024-06-27 16:53:50,514 [WARN] PackLoader:240 - Cannot read IP mode file for STMicroelectronics.X-CUBE-MEMS1.9.6.0
2024-06-27 16:53:50,658 [WARN] PackLoader:240 - Cannot read IP mode file for STMicroelectronics.X-CUBE-EEPRMA1.4.2.0
2024-06-27 16:53:50,675 [WARN] PackLoader:240 - Cannot read IP mode file for STMicroelectronics.X-CUBE-NFC6.3.1.0
2024-06-27 16:53:50,689 [WARN] PackLoader:240 - Cannot read IP mode file for ITTIA_DB.I-CUBE-ITTIADB.8.8.0
2024-06-27 16:53:50,705 [WARN] PackLoader:240 - Cannot read IP mode file for STMicroelectronics.X-CUBE-BLEMGR.2.0.0
2024-06-27 16:53:50,721 [WARN] PackLoader:240 - Cannot read IP mode file for STMicroelectronics.X-CUBE-AI.9.0.0
2024-06-27 16:53:50,752 [WARN] ConditionMgr:438 - getConditionDescription Invalid condition id : UX DEVICE CLASS RTOS Condition cause : null
2024-06-27 16:53:50,752 [WARN] ConditionMgr:438 - getConditionDescription Invalid condition id : UX DEVICE CLASS RTOS Condition cause : null
2024-06-27 16:53:50,755 [WARN] PackLoader:240 - Cannot read IP mode file for STMicroelectronics.X-CUBE-AZRTOS-H7.3.1.0
2024-06-27 16:53:50,757 [WARN] ConditionMgr:1039 - genDependencies : Invalid condition id : UX DEVICE CLASS RTOS Condition cause : null
2024-06-27 16:53:50,757 [WARN] ConditionMgr:1039 - genDependencies : Invalid condition id : UX DEVICE CLASS RTOS Condition cause : null
2024-06-27 16:53:50,758 [WARN] ConditionMgr:1039 - genDependencies : Invalid condition id : UX DEVICE CLASS RTOS Condition cause : null
2024-06-27 16:53:50,758 [WARN] ConditionMgr:1039 - genDependencies : Invalid condition id : UX DEVICE CLASS RTOS Condition cause : null
2024-06-27 16:53:50,758 [WARN] ConditionMgr:1039 - genDependencies : Invalid condition id : UX DEVICE CLASS RTOS Condition cause : null
2024-06-27 16:53:50,771 [INFO] WebApp:753 - Register for checkConnection events
2024-06-27 16:53:50,771 [INFO] WebApp:390 - Apply proxy settings
2024-06-27 16:53:50,771 [INFO] WebApp:475 - Chromium requires no authentication
2024-06-27 16:53:50,771 [WARN] PackLoader:240 - Cannot read IP mode file for STMicroelectronics.X-CUBE-NFC7.1.0.1
2024-06-27 16:53:50,785 [INFO] WebApp:418 - Direct internet connection detected
2024-06-27 16:53:50,788 [WARN] PackLoader:240 - Cannot read IP mode file for STMicroelectronics.X-CUBE-NFC6.3.0.0
2024-06-27 16:53:50,800 [WARN] PackLoader:240 - Cannot read IP mode file for STMicroelectronics.X-CUBE-EEPRMA1.4.1.0
2024-06-27 16:53:50,809 [WARN] PackLoader:240 - Cannot read IP mode file for STMicroelectronics.X-CUBE-AI.8.1.0
2024-06-27 16:53:50,838 [WARN] ConditionMgr:438 - getConditionDescription Invalid condition id : LAN8742 Phy interface Condition cause : null
2024-06-27 16:53:50,843 [WARN] PackLoader:240 - Cannot read IP mode file for STMicroelectronics.X-CUBE-AZRTOS-L4.2.0.0
2024-06-27 16:53:50,843 [WARN] ConditionMgr:1039 - genDependencies : Invalid condition id : LAN8742 Phy interface Condition cause : null
2024-06-27 16:53:50,843 [WARN] ConditionMgr:1039 - genDependencies : Invalid condition id : LAN8742 Phy interface Condition cause : null
2024-06-27 16:53:50,845 [WARN] ConditionMgr:1039 - genDependencies : Invalid condition id : LAN8742 Phy interface Condition cause : null
2024-06-27 16:53:50,856 [WARN] PackLoader:240 - Cannot read IP mode file for STMicroelectronics.X-CUBE-SFXS2LP1.4.0.0
2024-06-27 16:53:50,870 [WARN] PackLoader:240 - Cannot read IP mode file for STMicroelectronics.X-CUBE-ISPU.1.1.0
2024-06-27 16:53:50,895 [WARN] ConditionMgr:438 - getConditionDescription Invalid condition id : UX DEVICE CLASS RTOS Condition cause : null
2024-06-27 16:53:50,895 [WARN] ConditionMgr:438 - getConditionDescription Invalid condition id : UX DEVICE CLASS RTOS Condition cause : null
2024-06-27 16:53:50,895 [WARN] PackLoader:240 - Cannot read IP mode file for STMicroelectronics.X-CUBE-AZRTOS-WB.2.0.0
2024-06-27 16:53:50,895 [WARN] ConditionMgr:1039 - genDependencies : Invalid condition id : UX DEVICE CLASS RTOS Condition cause : null
2024-06-27 16:53:50,895 [WARN] ConditionMgr:1039 - genDependencies : Invalid condition id : UX DEVICE CLASS RTOS Condition cause : null
2024-06-27 16:53:50,895 [WARN] ConditionMgr:1039 - genDependencies : Invalid condition id : UX DEVICE CLASS RTOS Condition cause : null
2024-06-27 16:53:50,895 [WARN] ConditionMgr:1039 - genDependencies : Invalid condition id : UX DEVICE CLASS RTOS Condition cause : null
2024-06-27 16:53:50,895 [WARN] ConditionMgr:1039 - genDependencies : Invalid condition id : UX DEVICE CLASS RTOS Condition cause : null
2024-06-27 16:53:50,912 [WARN] PackLoader:240 - Cannot read IP mode file for STMicroelectronics.X-CUBE-FREERTOS.1.0.1
2024-06-27 16:53:50,930 [WARN] PackLoader:240 - Cannot read IP mode file for STMicroelectronics.X-CUBE-SUBG2.5.0.0
2024-06-27 16:53:50,946 [WARN] PackLoader:240 - Cannot read IP mode file for Cesanta.I-CUBE-Mongoose.7.13.0
2024-06-27 16:53:50,968 [WARN] PackLoader:240 - Cannot read IP mode file for STMicroelectronics.X-CUBE-TOF1.3.3.1
2024-06-27 16:53:51,000 [WARN] PackLoader:240 - Cannot read IP mode file for STMicroelectronics.X-CUBE-AZRTOS-G4.2.0.0
2024-06-27 16:53:51,018 [WARN] PackLoader:240 - Cannot read IP mode file for Infineon.AIROC-Wi-Fi-Bluetooth-STM32.1.5.1
2024-06-27 16:53:51,038 [WARN] PackLoader:240 - Cannot read IP mode file for STMicroelectronics.FP-SNS-MOTENVWB1.1.3.1
2024-06-27 16:53:51,050 [WARN] PackLoader:240 - Cannot read IP mode file for STMicroelectronics.X-CUBE-ISPU.2.0.0
2024-06-27 16:53:51,064 [WARN] PackLoader:240 - Cannot read IP mode file for STMicroelectronics.X-CUBE-ALS.1.0.2
2024-06-27 16:53:51,072 [INFO] WebApp:188 - Starting web application
2024-06-27 16:53:51,072 [INFO] WebApp:520 - Web application path used C:\ST\STM32CubeIDE_1.13.1\STM32CubeIDE\plugins\com.st.stm32cube.common.mx_6.9.1.202307191849\db\plugins\mcufinder\reactClient1\index.html
2024-06-27 16:53:51,102 [WARN] PackLoader:240 - Cannot read IP mode file for STMicroelectronics.X-CUBE-MEMS1.10.0.0
2024-06-27 16:53:51,208 [WARN] PackLoader:240 - Cannot read IP mode file for STMicroelectronics.X-CUBE-FREERTOS.1.1.0
2024-06-27 16:53:51,221 [WARN] PackLoader:240 - Cannot read IP mode file for STMicroelectronics.X-CUBE-TOUCHGFX.4.24.0
2024-06-27 16:53:51,235 [WARN] PackLoader:240 - Cannot read IP mode file for portGmbH.I-Cube-SoM-uGOAL.1.1.0
2024-06-27 16:53:51,248 [WARN] PackLoader:240 - Cannot read IP mode file for STMicroelectronics.X-CUBE-ALS.1.0.1
2024-06-27 16:53:51,277 [WARN] PackLoader:240 - Cannot read IP mode file for STMicroelectronics.X-CUBE-AZRTOS-H7RS.1.0.0
2024-06-27 16:53:51,290 [WARN] PackLoader:240 - Cannot read IP mode file for STMicroelectronics.FP-ATR-ASTRA1.2.0.0
2024-06-27 16:53:51,306 [WARN] PackLoader:240 - Cannot read IP mode file for STMicroelectronics.X-CUBE-TOF1.3.4.0
2024-06-27 16:53:51,339 [WARN] PackLoader:240 - Cannot read IP mode file for STMicroelectronics.X-CUBE-TOF1.3.4.1
2024-06-27 16:53:51,382 [WARN] PackLoader:240 - Cannot read IP mode file for STMicroelectronics.X-CUBE-AZRTOS-H7.3.2.0
2024-06-27 16:53:51,385 [INFO] ThirdParty:978 - Integrity check success = true
2024-06-27 16:53:51,385 [INFO] IntegrityCheckThread:100 - exiting critical section [integrity check]
2024-06-27 16:53:51,385 [INFO] IntegrityCheckThread:103 - End integrity checks thread
2024-06-27 16:54:12,540 [INFO] WebApp:330 - JxBrowser engine has been closed 
2024-06-27 16:54:12,681 [ERROR] LogOutputStream:75 - [STDERR_REDIRECT] SLF4J: Failed to load class "org.slf4j.impl.StaticLoggerBinder".
2024-06-27 16:54:12,681 [ERROR] LogOutputStream:75 - [STDERR_REDIRECT] SLF4J: Defaulting to no-operation (NOP) logger implementation
2024-06-27 16:54:12,681 [ERROR] LogOutputStream:75 - [STDERR_REDIRECT] SLF4J: See http://www.slf4j.org/codes.html#StaticLoggerBinder for further details.
